#
# There is insufficient memory for the Java Runtime Environment to continue.
# Native memory allocation (malloc) failed to allocate 509536 bytes for Chunk::new
# Possible reasons:
#   The system is out of physical RAM or swap space
#   The process is running with CompressedOops enabled, and the Java Heap may be blocking the growth of the native heap
# Possible solutions:
#   Reduce memory load on the system
#   Increase physical memory or swap space
#   Check if swap backing store is full
#   Decrease Java heap size (-Xmx/-Xms)
#   Decrease number of Java threads
#   Decrease Java thread stack sizes (-Xss)
#   Set larger code cache with -XX:ReservedCodeCacheSize=
#   JVM is running with Zero Based Compressed Oops mode in which the Java heap is
#     placed in the first 32GB address space. The Java Heap base address is the
#     maximum limit for the native heap growth. Please use -XX:HeapBaseMinAddress
#     to set the Java Heap base and to place the Java Heap above 32GB virtual address.
# This output file may be truncated or incomplete.
#
#  Out of Memory Error (allocation.cpp:389), pid=1276, tid=0x0000000000001c9c
#
# JRE version: Java(TM) SE Runtime Environment (8.0_231-b11) (build 1.8.0_231-b11)
# Java VM: Java HotSpot(TM) 64-Bit Server VM (25.231-b11 mixed mode windows-amd64 compressed oops)
# Failed to write core dump. Minidumps are not enabled by default on client versions of Windows
#

---------------  T H R E A D  ---------------

Current thread (0x0000000019866000):  JavaThread "C2 CompilerThread0" daemon [_thread_in_native, id=7324, stack(0x000000001aef0000,0x000000001aff0000)]

Stack: [0x000000001aef0000,0x000000001aff0000]
[error occurred during error reporting (printing stack bounds), id 0xc0000005]

Native frames: (J=compiled Java code, j=interpreted, Vv=VM code, C=native code)


Current CompileTask:
C2:  35021 3156       4       sun.java2d.pipe.BufferedContext::validate (575 bytes)


---------------  P R O C E S S  ---------------

Java Threads: ( => current thread )
  0x000000002468b000 JavaThread "Thread-4" [_thread_in_Java, id=6388, stack(0x00000000265b0000,0x00000000266b0000)]
  0x000000002468a000 JavaThread "Image Fetcher 1" daemon [_thread_blocked, id=2628, stack(0x00000000264b0000,0x00000000265b0000)]
  0x000000002468f800 JavaThread "Image Fetcher 3" daemon [_thread_blocked, id=2800, stack(0x00000000253e0000,0x00000000254e0000)]
  0x000000001be78000 JavaThread "Thread-3" [_thread_in_Java, id=3232, stack(0x0000000024110000,0x0000000024210000)]
  0x000000001b38c800 JavaThread "D3D Screen Updater" daemon [_thread_blocked, id=5796, stack(0x0000000023c00000,0x0000000023d00000)]
  0x000000001bb81000 JavaThread "TimerQueue" daemon [_thread_blocked, id=7624, stack(0x00000000221e0000,0x00000000222e0000)]
  0x000000001ba79800 JavaThread "Abandoned connection cleanup thread" daemon [_thread_blocked, id=11980, stack(0x0000000021ce0000,0x0000000021de0000)]
  0x00000000029fe800 JavaThread "DestroyJavaVM" [_thread_blocked, id=7904, stack(0x0000000002a00000,0x0000000002b00000)]
  0x000000001ba03000 JavaThread "AWT-EventQueue-0" [_thread_blocked, id=136, stack(0x000000001cb30000,0x000000001cc30000)]
  0x000000001b9df800 JavaThread "AWT-Windows" daemon [_thread_in_native, id=5596, stack(0x000000001c350000,0x000000001c450000)]
  0x000000001b9dc800 JavaThread "AWT-Shutdown" [_thread_blocked, id=5212, stack(0x000000001c250000,0x000000001c350000)]
  0x000000001b9da000 JavaThread "Java2D Disposer" daemon [_thread_blocked, id=5928, stack(0x000000001c150000,0x000000001c250000)]
  0x000000001b0f7800 JavaThread "Service Thread" daemon [_thread_blocked, id=6468, stack(0x000000001b5f0000,0x000000001b6f0000)]
  0x000000001b0f2000 JavaThread "C1 CompilerThread2" daemon [_thread_blocked, id=1952, stack(0x000000001b4f0000,0x000000001b5f0000)]
  0x00000000198b8800 JavaThread "C2 CompilerThread1" daemon [_thread_blocked, id=5972, stack(0x000000001aff0000,0x000000001b0f0000)]
=>0x0000000019866000 JavaThread "C2 CompilerThread0" daemon [_thread_in_native, id=7324, stack(0x000000001aef0000,0x000000001aff0000)]
  0x0000000019864800 JavaThread "Attach Listener" daemon [_thread_blocked, id=10880, stack(0x000000001adf0000,0x000000001aef0000)]
  0x0000000019863000 JavaThread "Signal Dispatcher" daemon [_thread_blocked, id=5168, stack(0x000000001acf0000,0x000000001adf0000)]
  0x0000000002bf5800 JavaThread "Finalizer" daemon [_thread_blocked, id=10784, stack(0x000000001aad0000,0x000000001abd0000)]
  0x0000000002bf2000 JavaThread "Reference Handler" daemon [_thread_blocked, id=2536, stack(0x000000001a9d0000,0x000000001aad0000)]

Other Threads:
  0x0000000019827800 VMThread [stack: 0x000000001a8d0000,0x000000001a9d0000] [id=8640]
  0x000000001b0f9800 WatcherThread [stack: 0x000000001b850000,0x000000001b950000] [id=12220]

VM state:not at safepoint (normal execution)

VM Mutex/Monitor currently owned by a thread: None

heap address: 0x0000000708c00000, size: 2932 MB, Compressed Oops mode: Zero based, Oop shift amount: 3
Narrow klass base: 0x0000000000000000, Narrow klass shift: 3
Compressed class space size: 1073741824 Address: 0x00000007c0000000

Heap:
 PSYoungGen      total 645120K, used 532468K [0x0000000782f00000, 0x00000007b4e80000, 0x00000007c0000000)
  eden space 638464K, 83% used [0x0000000782f00000,0x00000007a36d5388,0x00000007a9e80000)
  from space 6656K, 2% used [0x00000007aa480000,0x00000007aa4a8000,0x00000007aab00000)
  to   space 6144K, 0% used [0x00000007a9e80000,0x00000007a9e80000,0x00000007aa480000)
 ParOldGen       total 125952K, used 12762K [0x0000000708c00000, 0x0000000710700000, 0x0000000782f00000)
  object space 125952K, 10% used [0x0000000708c00000,0x0000000709876ac8,0x0000000710700000)
 Metaspace       used 20246K, capacity 20560K, committed 20864K, reserved 1067008K
  class space    used 2576K, capacity 2658K, committed 2688K, reserved 1048576K

Card table byte_map: [0x0000000011fc0000,0x0000000012580000] byte_map_base: 0x000000000e77a000

Marking Bits: (ParMarkBitMap*) 0x0000000063c66d90
 Begin Bits: [0x0000000012d60000, 0x0000000015b30000)
 End Bits:   [0x0000000015b30000, 0x0000000018900000)

Polling page: 0x0000000001230000

CodeCache: size=245760Kb used=9180Kb max_used=9180Kb free=236579Kb
 bounds [0x0000000002c00000, 0x0000000003510000, 0x0000000011c00000]
 total_blobs=3433 nmethods=2814 adapters=529
 compilation: enabled

Compilation events (10 events):
Event: 34.974 Thread 0x000000001b0f2000 3161       1       sun.java2d.SurfaceDataProxy$1::replaceData (2 bytes)
Event: 34.974 Thread 0x000000001b0f2000 nmethod 3161 0x00000000034fb190 code [0x00000000034fb2e0, 0x00000000034fb3f0]
Event: 34.984 Thread 0x000000001b0f2000 3163       3       sun.font.GlyphList::ensureCapacity (79 bytes)
Event: 34.985 Thread 0x000000001b0f2000 nmethod 3163 0x00000000034fb450 code [0x00000000034fb5c0, 0x00000000034fbad0]
Event: 34.985 Thread 0x000000001b0f2000 3164       3       sun.font.GlyphList::mapChars (47 bytes)
Event: 34.985 Thread 0x000000001b0f2000 nmethod 3164 0x00000000034fbbd0 code [0x00000000034fbd60, 0x00000000034fc1a8]
Event: 34.986 Thread 0x000000001b0f2000 3165       3       sun.font.GlyphList::dispose (45 bytes)
Event: 34.986 Thread 0x000000001b0f2000 nmethod 3165 0x00000000034fc310 code [0x00000000034fc480, 0x00000000034fc6f0]
Event: 34.986 Thread 0x000000001b0f2000 3162       3       javax.swing.plaf.synth.SynthGraphicsUtils::paintText (20 bytes)
Event: 34.987 Thread 0x000000001b0f2000 nmethod 3162 0x00000000034fc790 code [0x00000000034fc900, 0x00000000034fcaa8]

GC Heap History (10 events):
Event: 33.359 GC heap before
{Heap before GC invocations=24 (full 0):
 PSYoungGen      total 582656K, used 576692K [0x0000000782f00000, 0x00000007aab00000, 0x00000007c0000000)
  eden space 576000K, 100% used [0x0000000782f00000,0x00000007a6180000,0x00000007a6180000)
  from space 6656K, 10% used [0x00000007a6180000,0x00000007a622d340,0x00000007a6800000)
  to   space 6656K, 0% used [0x00000007aa480000,0x00000007aa480000,0x00000007aab00000)
 ParOldGen       total 125952K, used 12314K [0x0000000708c00000, 0x0000000710700000, 0x0000000782f00000)
  object space 125952K, 9% used [0x0000000708c00000,0x0000000709806a98,0x0000000710700000)
 Metaspace       used 20040K, capacity 20368K, committed 20608K, reserved 1067008K
  class space    used 2567K, capacity 2658K, committed 2688K, reserved 1048576K
Event: 33.362 GC heap after
Heap after GC invocations=24 (full 0):
 PSYoungGen      total 645120K, used 160K [0x0000000782f00000, 0x00000007b4e80000, 0x00000007c0000000)
  eden space 638464K, 0% used [0x0000000782f00000,0x0000000782f00000,0x00000007a9e80000)
  from space 6656K, 2% used [0x00000007aa480000,0x00000007aa4a8000,0x00000007aab00000)
  to   space 6144K, 0% used [0x00000007a9e80000,0x00000007a9e80000,0x00000007aa480000)
 ParOldGen       total 125952K, used 12650K [0x0000000708c00000, 0x0000000710700000, 0x0000000782f00000)
  object space 125952K, 10% used [0x0000000708c00000,0x000000070985aac8,0x0000000710700000)
 Metaspace       used 20040K, capacity 20368K, committed 20608K, reserved 1067008K
  class space    used 2567K, capacity 2658K, committed 2688K, reserved 1048576K
}
Event: 33.747 GC heap before
{Heap before GC invocations=25 (full 0):
 PSYoungGen      total 645120K, used 638624K [0x0000000782f00000, 0x00000007b4e80000, 0x00000007c0000000)
  eden space 638464K, 100% used [0x0000000782f00000,0x00000007a9e80000,0x00000007a9e80000)
  from space 6656K, 2% used [0x00000007aa480000,0x00000007aa4a8000,0x00000007aab00000)
  to   space 6144K, 0% used [0x00000007a9e80000,0x00000007a9e80000,0x00000007aa480000)
 ParOldGen       total 125952K, used 12650K [0x0000000708c00000, 0x0000000710700000, 0x0000000782f00000)
  object space 125952K, 10% used [0x0000000708c00000,0x000000070985aac8,0x0000000710700000)
 Metaspace       used 20092K, capacity 20368K, committed 20608K, reserved 1067008K
  class space    used 2567K, capacity 2658K, committed 2688K, reserved 1048576K
Event: 33.749 GC heap after
Heap after GC invocations=25 (full 0):
 PSYoungGen      total 644608K, used 160K [0x0000000782f00000, 0x00000007b4e80000, 0x00000007c0000000)
  eden space 638464K, 0% used [0x0000000782f00000,0x0000000782f00000,0x00000007a9e80000)
  from space 6144K, 2% used [0x00000007a9e80000,0x00000007a9ea8000,0x00000007aa480000)
  to   space 6656K, 0% used [0x00000007aa480000,0x00000007aa480000,0x00000007aab00000)
 ParOldGen       total 125952K, used 12690K [0x0000000708c00000, 0x0000000710700000, 0x0000000782f00000)
  object space 125952K, 10% used [0x0000000708c00000,0x0000000709864ac8,0x0000000710700000)
 Metaspace       used 20092K, capacity 20368K, committed 20608K, reserved 1067008K
  class space    used 2567K, capacity 2658K, committed 2688K, reserved 1048576K
}
Event: 34.063 GC heap before
{Heap before GC invocations=26 (full 0):
 PSYoungGen      total 644608K, used 638624K [0x0000000782f00000, 0x00000007b4e80000, 0x00000007c0000000)
  eden space 638464K, 100% used [0x0000000782f00000,0x00000007a9e80000,0x00000007a9e80000)
  from space 6144K, 2% used [0x00000007a9e80000,0x00000007a9ea8000,0x00000007aa480000)
  to   space 6656K, 0% used [0x00000007aa480000,0x00000007aa480000,0x00000007aab00000)
 ParOldGen       total 125952K, used 12690K [0x0000000708c00000, 0x0000000710700000, 0x0000000782f00000)
  object space 125952K, 10% used [0x0000000708c00000,0x0000000709864ac8,0x0000000710700000)
 Metaspace       used 20092K, capacity 20368K, committed 20608K, reserved 1067008K
  class space    used 2567K, capacity 2658K, committed 2688K, reserved 1048576K
Event: 34.065 GC heap after
Heap after GC invocations=26 (full 0):
 PSYoungGen      total 645120K, used 96K [0x0000000782f00000, 0x00000007b4e80000, 0x00000007c0000000)
  eden space 638464K, 0% used [0x0000000782f00000,0x0000000782f00000,0x00000007a9e80000)
  from space 6656K, 1% used [0x00000007aa480000,0x00000007aa498000,0x00000007aab00000)
  to   space 6144K, 0% used [0x00000007a9e80000,0x00000007a9e80000,0x00000007aa480000)
 ParOldGen       total 125952K, used 12730K [0x0000000708c00000, 0x0000000710700000, 0x0000000782f00000)
  object space 125952K, 10% used [0x0000000708c00000,0x000000070986eac8,0x0000000710700000)
 Metaspace       used 20092K, capacity 20368K, committed 20608K, reserved 1067008K
  class space    used 2567K, capacity 2658K, committed 2688K, reserved 1048576K
}
Event: 34.379 GC heap before
{Heap before GC invocations=27 (full 0):
 PSYoungGen      total 645120K, used 638560K [0x0000000782f00000, 0x00000007b4e80000, 0x00000007c0000000)
  eden space 638464K, 100% used [0x0000000782f00000,0x00000007a9e80000,0x00000007a9e80000)
  from space 6656K, 1% used [0x00000007aa480000,0x00000007aa498000,0x00000007aab00000)
  to   space 6144K, 0% used [0x00000007a9e80000,0x00000007a9e80000,0x00000007aa480000)
 ParOldGen       total 125952K, used 12730K [0x0000000708c00000, 0x0000000710700000, 0x0000000782f00000)
  object space 125952K, 10% used [0x0000000708c00000,0x000000070986eac8,0x0000000710700000)
 Metaspace       used 20176K, capacity 20496K, committed 20864K, reserved 1067008K
  class space    used 2576K, capacity 2658K, committed 2688K, reserved 1048576K
Event: 34.381 GC heap after
Heap after GC invocations=27 (full 0):
 PSYoungGen      total 644608K, used 160K [0x0000000782f00000, 0x00000007b4e80000, 0x00000007c0000000)
  eden space 638464K, 0% used [0x0000000782f00000,0x0000000782f00000,0x00000007a9e80000)
  from space 6144K, 2% used [0x00000007a9e80000,0x00000007a9ea8000,0x00000007aa480000)
  to   space 6656K, 0% used [0x00000007aa480000,0x00000007aa480000,0x00000007aab00000)
 ParOldGen       total 125952K, used 12730K [0x0000000708c00000, 0x0000000710700000, 0x0000000782f00000)
  object space 125952K, 10% used [0x0000000708c00000,0x000000070986eac8,0x0000000710700000)
 Metaspace       used 20176K, capacity 20496K, committed 20864K, reserved 1067008K
  class space    used 2576K, capacity 2658K, committed 2688K, reserved 1048576K
}
Event: 34.730 GC heap before
{Heap before GC invocations=28 (full 0):
 PSYoungGen      total 644608K, used 638624K [0x0000000782f00000, 0x00000007b4e80000, 0x00000007c0000000)
  eden space 638464K, 100% used [0x0000000782f00000,0x00000007a9e80000,0x00000007a9e80000)
  from space 6144K, 2% used [0x00000007a9e80000,0x00000007a9ea8000,0x00000007aa480000)
  to   space 6656K, 0% used [0x00000007aa480000,0x00000007aa480000,0x00000007aab00000)
 ParOldGen       total 125952K, used 12730K [0x0000000708c00000, 0x0000000710700000, 0x0000000782f00000)
  object space 125952K, 10% used [0x0000000708c00000,0x000000070986eac8,0x0000000710700000)
 Metaspace       used 20227K, capacity 20496K, committed 20864K, reserved 1067008K
  class space    used 2576K, capacity 2658K, committed 2688K, reserved 1048576K
Event: 34.738 GC heap after
Heap after GC invocations=28 (full 0):
 PSYoungGen      total 645120K, used 160K [0x0000000782f00000, 0x00000007b4e80000, 0x00000007c0000000)
  eden space 638464K, 0% used [0x0000000782f00000,0x0000000782f00000,0x00000007a9e80000)
  from space 6656K, 2% used [0x00000007aa480000,0x00000007aa4a8000,0x00000007aab00000)
  to   space 6144K, 0% used [0x00000007a9e80000,0x00000007a9e80000,0x00000007aa480000)
 ParOldGen       total 125952K, used 12762K [0x0000000708c00000, 0x0000000710700000, 0x0000000782f00000)
  object space 125952K, 10% used [0x0000000708c00000,0x0000000709876ac8,0x0000000710700000)
 Metaspace       used 20227K, capacity 20496K, committed 20864K, reserved 1067008K
  class space    used 2576K, capacity 2658K, committed 2688K, reserved 1048576K
}

Deoptimization events (10 events):
Event: 32.072 Thread 0x000000001ba03000 Uncommon trap: reason=bimorphic action=maybe_recompile pc=0x000000000327c09c method=java.util.Hashtable.put(Ljava/lang/Object;Ljava/lang/Object;)Ljava/lang/Object; @ 60
Event: 32.072 Thread 0x000000001ba03000 Uncommon trap: reason=bimorphic action=maybe_recompile pc=0x000000000327c09c method=java.util.Hashtable.put(Ljava/lang/Object;Ljava/lang/Object;)Ljava/lang/Object; @ 60
Event: 32.072 Thread 0x000000001ba03000 Uncommon trap: reason=bimorphic action=maybe_recompile pc=0x000000000327c09c method=java.util.Hashtable.put(Ljava/lang/Object;Ljava/lang/Object;)Ljava/lang/Object; @ 60
Event: 32.357 Thread 0x000000001ba03000 Uncommon trap: reason=null_check action=make_not_entrant pc=0x00000000031b3ba8 method=javax.swing.plaf.nimbus.NimbusDefaults$LazyStyle.matches(Ljava/awt/Component;I)Z @ 39
Event: 32.358 Thread 0x000000001ba03000 Uncommon trap: reason=unstable_if action=reinterpret pc=0x00000000033c7e7c method=javax.swing.RepaintManager.addDirtyRegion0(Ljava/awt/Container;IIII)V @ 7
Event: 32.644 Thread 0x000000001ba03000 Uncommon trap: reason=unstable_if action=reinterpret pc=0x00000000031dc3cc method=com.mysql.jdbc.util.ReadAheadInputStream.read()I @ 12
Event: 33.045 Thread 0x000000001ba03000 Uncommon trap: reason=unstable_if action=reinterpret pc=0x000000000332af9c method=java.security.AccessControlContext.combine([Ljava/security/ProtectionDomain;[Ljava/security/ProtectionDomain;)[Ljava/security/ProtectionDomain; @ 162
Event: 33.088 Thread 0x000000001ba03000 Uncommon trap: reason=predicate action=maybe_recompile pc=0x0000000002f57348 method=java.awt.LinearGradientPaintContext.fillRaster([IIIIIII)V @ 56
Event: 33.088 Thread 0x000000001ba03000 Uncommon trap: reason=unstable_if action=reinterpret pc=0x0000000002eb0684 method=java.awt.MultipleGradientPaintContext.indexIntoGradientsArrays(F)I @ 93
Event: 33.089 Thread 0x000000001ba03000 Uncommon trap: reason=unstable_if action=reinterpret pc=0x0000000002f54e7c method=java.awt.MultipleGradientPaintContext.indexIntoGradientsArrays(F)I @ 93

Classes redefined (0 events):
No events

Internal exceptions (10 events):
Event: 1.006 Thread 0x00000000029fe800 Exception <a 'java/lang/ClassNotFoundException': ToolBarSeparator> (0x00000007833f6c70) thrown at [C:\re\workspace\8-2-build-windows-amd64-cygwin\jdk8u231\13620\hotspot\src\share\vm\classfile\systemDictionary.cpp, line 210]
Event: 1.006 Thread 0x00000000029fe800 Exception <a 'java/lang/ClassNotFoundException': ToolTip> (0x00000007833f73b0) thrown at [C:\re\workspace\8-2-build-windows-amd64-cygwin\jdk8u231\13620\hotspot\src\share\vm\classfile\systemDictionary.cpp, line 210]
Event: 1.008 Thread 0x00000000029fe800 Exception <a 'java/lang/ClassNotFoundException': Tree> (0x00000007833f7fd0) thrown at [C:\re\workspace\8-2-build-windows-amd64-cygwin\jdk8u231\13620\hotspot\src\share\vm\classfile\systemDictionary.cpp, line 210]
Event: 1.009 Thread 0x00000000029fe800 Exception <a 'java/lang/ClassNotFoundException': Tree> (0x00000007833f8710) thrown at [C:\re\workspace\8-2-build-windows-amd64-cygwin\jdk8u231\13620\hotspot\src\share\vm\classfile\systemDictionary.cpp, line 210]
Event: 1.009 Thread 0x00000000029fe800 Exception <a 'java/lang/ClassNotFoundException': javax/swing/JTreeCell> (0x00000007833f8a90) thrown at [C:\re\workspace\8-2-build-windows-amd64-cygwin\jdk8u231\13620\hotspot\src\share\vm\classfile\systemDictionary.cpp, line 210]
Event: 1.009 Thread 0x00000000029fe800 Exception <a 'java/lang/ClassNotFoundException': TreeCell> (0x00000007833f8f18) thrown at [C:\re\workspace\8-2-build-windows-amd64-cygwin\jdk8u231\13620\hotspot\src\share\vm\classfile\systemDictionary.cpp, line 210]
Event: 1.010 Thread 0x00000000029fe800 Exception <a 'java/lang/ClassNotFoundException': RootPane> (0x00000007833f9978) thrown at [C:\re\workspace\8-2-build-windows-amd64-cygwin\jdk8u231\13620\hotspot\src\share\vm\classfile\systemDictionary.cpp, line 210]
Event: 11.924 Thread 0x000000001bbdf800 Implicit null exception at 0x0000000002fe54b5 to 0x0000000002fe555d
Event: 30.494 Thread 0x000000002468f800 Implicit null exception at 0x000000000336c3a9 to 0x000000000336ca69
Event: 32.357 Thread 0x000000001ba03000 Implicit null exception at 0x00000000031b0340 to 0x00000000031b3b91

Events (10 events):
Event: 34.332 loading class sun/awt/geom/AreaOp$IntOp done
Event: 34.379 Executing VM operation: ParallelGCFailedAllocation
Event: 34.381 Executing VM operation: ParallelGCFailedAllocation done
Event: 34.398 Thread 0x000000001b0f2000 flushing nmethod 0x0000000003298f50
Event: 34.398 Thread 0x000000001b0f2000 flushing nmethod 0x0000000003299590
Event: 34.406 Thread 0x000000001b0f2000 flushing nmethod 0x0000000003303fd0
Event: 34.406 Thread 0x000000001b0f2000 flushing nmethod 0x00000000033176d0
Event: 34.410 Thread 0x000000001b0f2000 flushing nmethod 0x000000000338fc50
Event: 34.730 Executing VM operation: ParallelGCFailedAllocation
Event: 34.738 Executing VM operation: ParallelGCFailedAllocation done


Dynamic libraries:
0x00007ff73e680000 - 0x00007ff73e6b7000 	C:\Program Files\Java\jdk1.8.0_231\jre\bin\java.exe
0x00007ff8b6560000 - 0x00007ff8b674d000 	C:\Windows\SYSTEM32\ntdll.dll
0x00007ff8b4040000 - 0x00007ff8b40f3000 	C:\Windows\System32\KERNEL32.DLL
0x00007ff8b27e0000 - 0x00007ff8b2a73000 	C:\Windows\System32\KERNELBASE.dll
0x00007ff8b4580000 - 0x00007ff8b4623000 	C:\Windows\System32\ADVAPI32.dll
0x00007ff8b3e00000 - 0x00007ff8b3e9e000 	C:\Windows\System32\msvcrt.dll
0x00007ff8b3d40000 - 0x00007ff8b3dde000 	C:\Windows\System32\sechost.dll
0x00007ff8b3ea0000 - 0x00007ff8b3fc2000 	C:\Windows\System32\RPCRT4.dll
0x00007ff8b3780000 - 0x00007ff8b3917000 	C:\Windows\System32\USER32.dll
0x00007ff8b2a80000 - 0x00007ff8b2aa0000 	C:\Windows\System32\win32u.dll
0x00007ff8b61a0000 - 0x00007ff8b61c9000 	C:\Windows\System32\GDI32.dll
0x00007ff8b2ba0000 - 0x00007ff8b2d39000 	C:\Windows\System32\gdi32full.dll
0x00007ff8b2740000 - 0x00007ff8b27e0000 	C:\Windows\System32\msvcp_win.dll
0x00007ff8b2620000 - 0x00007ff8b271a000 	C:\Windows\System32\ucrtbase.dll
0x00007ff8a7080000 - 0x00007ff8a72f9000 	C:\Windows\WinSxS\amd64_microsoft.windows.common-controls_6595b64144ccf1df_6.0.17763.864_none_05b3441807210760\COMCTL32.dll
0x00007ff8b61d0000 - 0x00007ff8b64fc000 	C:\Windows\System32\combase.dll
0x00007ff8b2b20000 - 0x00007ff8b2b9e000 	C:\Windows\System32\bcryptPrimitives.dll
0x00007ff8b6500000 - 0x00007ff8b652e000 	C:\Windows\System32\IMM32.DLL
0x0000000063360000 - 0x0000000063432000 	C:\Program Files\Java\jdk1.8.0_231\jre\bin\msvcr100.dll
0x0000000063440000 - 0x0000000063ce6000 	C:\Program Files\Java\jdk1.8.0_231\jre\bin\server\jvm.dll
0x00007ff8b3de0000 - 0x00007ff8b3de8000 	C:\Windows\System32\PSAPI.DLL
0x00007ff8b01c0000 - 0x00007ff8b01c9000 	C:\Windows\SYSTEM32\WSOCK32.dll
0x00007ff8b3fd0000 - 0x00007ff8b403d000 	C:\Windows\System32\WS2_32.dll
0x00007ff8aff80000 - 0x00007ff8affa4000 	C:\Windows\SYSTEM32\WINMM.dll
0x00007ff8ac940000 - 0x00007ff8ac94a000 	C:\Windows\SYSTEM32\VERSION.dll
0x00007ff8af990000 - 0x00007ff8af9bd000 	C:\Windows\SYSTEM32\winmmbase.dll
0x00007ff8b2aa0000 - 0x00007ff8b2aea000 	C:\Windows\System32\cfgmgr32.dll
0x00007ff8aee20000 - 0x00007ff8aee2f000 	C:\Program Files\Java\jdk1.8.0_231\jre\bin\verify.dll
0x00007ff8ae620000 - 0x00007ff8ae649000 	C:\Program Files\Java\jdk1.8.0_231\jre\bin\java.dll
0x00007ff8aee00000 - 0x00007ff8aee16000 	C:\Program Files\Java\jdk1.8.0_231\jre\bin\zip.dll
0x00007ff8b4c20000 - 0x00007ff8b6114000 	C:\Windows\System32\SHELL32.dll
0x00007ff8b4630000 - 0x00007ff8b46d8000 	C:\Windows\System32\shcore.dll
0x00007ff8b3030000 - 0x00007ff8b377d000 	C:\Windows\System32\windows.storage.dll
0x00007ff8b2590000 - 0x00007ff8b25b4000 	C:\Windows\System32\profapi.dll
0x00007ff8b25c0000 - 0x00007ff8b261d000 	C:\Windows\System32\powrprof.dll
0x00007ff8b4b60000 - 0x00007ff8b4bb2000 	C:\Windows\System32\shlwapi.dll
0x00007ff8b2550000 - 0x00007ff8b2561000 	C:\Windows\System32\kernel.appcore.dll
0x00007ff8b2720000 - 0x00007ff8b2737000 	C:\Windows\System32\cryptsp.dll
0x00007ff898c20000 - 0x00007ff898dba000 	C:\Program Files\Java\jdk1.8.0_231\jre\bin\awt.dll
0x00007ff8b3b60000 - 0x00007ff8b3c24000 	C:\Windows\System32\OLEAUT32.dll
0x00007ff8b0800000 - 0x00007ff8b088c000 	C:\Windows\SYSTEM32\apphelp.dll
0x00007ff8b0b00000 - 0x00007ff8b0b9c000 	C:\Windows\system32\uxtheme.dll
0x00007ff8b4260000 - 0x00007ff8b43cc000 	C:\Windows\System32\MSCTF.dll
0x00007ff8b0f30000 - 0x00007ff8b0f5e000 	C:\Windows\system32\dwmapi.dll
0x00007ff8b2da0000 - 0x00007ff8b2f7b000 	C:\Windows\System32\CRYPT32.dll
0x00007ff8b2570000 - 0x00007ff8b2582000 	C:\Windows\System32\MSASN1.dll
0x00007ff8b4100000 - 0x00007ff8b4255000 	C:\Windows\System32\ole32.dll
0x00007ff8a9890000 - 0x00007ff8a98d9000 	C:\Program Files\Java\jdk1.8.0_231\jre\bin\fontmanager.dll
0x00007ff898af0000 - 0x00007ff898c17000 	C:\Windows\system32\opengl32.dll
0x00007ff8a9a00000 - 0x00007ff8a9a2c000 	C:\Windows\SYSTEM32\GLU32.dll
0x00007ff882360000 - 0x00007ff8824fe000 	C:\Windows\system32\d3d9.dll
0x00007ff8ac950000 - 0x00007ff8acab4000 	C:\Windows\SYSTEM32\aticfx64.dll
0x00007ff892840000 - 0x00007ff892861000 	C:\Windows\SYSTEM32\atiu9p64.dll
0x00007ff87a6a0000 - 0x00007ff87aef9000 	C:\Windows\SYSTEM32\atiumd64.dll
0x0000000064340000 - 0x0000000064bc8000 	C:\Windows\SYSTEM32\atiumd6a.dll
0x00007ff8ad120000 - 0x00007ff8ad13a000 	C:\Program Files\Java\jdk1.8.0_231\jre\bin\net.dll
0x00007ff8b1d60000 - 0x00007ff8b1dc7000 	C:\Windows\system32\mswsock.dll
0x00007ff8b1ac0000 - 0x00007ff8b1b86000 	C:\Windows\SYSTEM32\DNSAPI.dll
0x00007ff8b3df0000 - 0x00007ff8b3df8000 	C:\Windows\System32\NSI.dll
0x00007ff8b1a80000 - 0x00007ff8b1abd000 	C:\Windows\SYSTEM32\IPHLPAPI.DLL
0x00007ff8a59d0000 - 0x00007ff8a59da000 	C:\Windows\System32\rasadhlp.dll
0x00007ff8a6ab0000 - 0x00007ff8a6b29000 	C:\Windows\System32\fwpuclnt.dll
0x00007ff8b2af0000 - 0x00007ff8b2b16000 	C:\Windows\System32\bcrypt.dll
0x00007ff8a97d0000 - 0x00007ff8a9801000 	C:\Program Files\Java\jdk1.8.0_231\jre\bin\jpeg.dll
0x00007ff8a9a30000 - 0x00007ff8a9a42000 	C:\Program Files\Java\jdk1.8.0_231\jre\bin\nio.dll
0x00007ff8a9840000 - 0x00007ff8a9882000 	C:\Program Files\Java\jdk1.8.0_231\jre\bin\t2k.dll
0x00007ff8a93e0000 - 0x00007ff8a9475000 	C:\Windows\System32\TextInputFramework.dll
0x00007ff8b05c0000 - 0x00007ff8b06a2000 	C:\Windows\System32\CoreMessaging.dll
0x00007ff8ad860000 - 0x00007ff8adb82000 	C:\Windows\System32\CoreUIComponents.dll
0x00007ff8b15c0000 - 0x00007ff8b15f1000 	C:\Windows\SYSTEM32\ntmarta.dll
0x00007ff8ae400000 - 0x00007ff8ae553000 	C:\Windows\SYSTEM32\wintypes.dll
0x00007ff8ad170000 - 0x00007ff8ad19a000 	C:\Program Files\Java\jdk1.8.0_231\jre\bin\dcpr.dll
0x00007ff8b3ab0000 - 0x00007ff8b3b52000 	C:\Windows\System32\clbcatq.dll
0x00007ff8ad1a0000 - 0x00007ff8ad358000 	C:\Windows\SYSTEM32\WindowsCodecs.dll
0x00007ff8948d0000 - 0x00007ff894926000 	C:\Windows\system32\dataexchange.dll
0x00007ff8affb0000 - 0x00007ff8b0173000 	C:\Windows\system32\dcomp.dll
0x00007ff8af2b0000 - 0x00007ff8af52e000 	C:\Windows\system32\d3d11.dll
0x00007ff8b1280000 - 0x00007ff8b1342000 	C:\Windows\system32\dxgi.dll
0x00007ff8b0bf0000 - 0x00007ff8b0dfd000 	C:\Windows\system32\twinapi.appcore.dll
0x00007ff8b0e00000 - 0x00007ff8b0e28000 	C:\Windows\system32\RMCLIENT.dll

VM Arguments:
jvm_args: -Dfile.encoding=UTF-8 
java_command: si.Cargainiciodelsistema
java_class_path (initial): C:\Program Files\NetBeans 8.2\java\modules\ext\AbsoluteLayout.jar;C:\Users\Alexis\Documents\NetBeansProjects\DATAMAXREPOSITORY\Proyecto-DATAMAX-version2.0\libraries\AutoCompleter.jar;C:\Users\Alexis\Documents\NetBeansProjects\DATAMAXREPOSITORY\Proyecto-DATAMAX-version2.0\libraries\jcalendar-1.3.3.jar;C:\Users\Alexis\Documents\NetBeansProjects\DATAMAXREPOSITORY\Proyecto-DATAMAX-version2.0\libraries\swingx-all-1.6.4.jar;C:\Users\Alexis\Documents\NetBeansProjects\DATAMAXREPOSITORY\Proyecto-DATAMAX-version2.0\libraries\commons-collections-3.2.1.jar;C:\Users\Alexis\Documents\NetBeansProjects\DATAMAXREPOSITORY\Proyecto-DATAMAX-version2.0\libraries\AbsoluteLayout.jar;C:\Users\Alexis\Documents\NetBeansProjects\DATAMAXREPOSITORY\Proyecto-DATAMAX-version2.0\libraries\commons-digester-2.1.jar;C:\Users\Alexis\Documents\NetBeansProjects\DATAMAXREPOSITORY\Proyecto-DATAMAX-version2.0\libraries\commons-logging-1.3.jar;C:\Users\Alexis\Documents\NetBeansProjects\DATAMAXREPOSITORY\Proyecto-DATAMAX-version2.0\libraries\groovy-2.4.6.jar;C:\Users\Alexis\Documents\NetBeansProjects\DATAMAXREPOSITORY\Proyecto-DATAMAX-version2.0\libraries\itextpdf-5.5.4.jar;C:\Users\Alexis\Documents\NetBeansProjects\DATAMAXREPOSITORY\Proyecto-DATAMAX-version2.0\libraries\itext-pdfa-5.5.4.jar;C:\Users\Alexis\Documents\NetBeansProjects\DATAMAXREPOSITORY\Proyecto-DATAMAX-version2.0\libraries\jasperreports-6.0.0.jar;C:\Program Files\NetBeans 8.2\ide\modules\ext\mysql-connector-java-5.1.23-bin.jar;C:\Users\Alexis\Documents\NetBeansProjects\DATAMAXREPOSITORY\Proyecto-DATAMAX-version2.0\libraries\mysql-connector-java-5.1.46-bin.jar;C:\Users\Alexis\Downloads\RSTableMetro.jar;C:\Users\Alexis\Documents\NetBeansProjects\DATAMAXREPOSITORY\Proyecto-DATAMAX-version2.0\build\classes
Launcher Type: SUN_STANDARD

Environment Variables:
PATH=C:\Program Files (x86)\Common Files\Oracle\Java\javapath;C:\app\Alexis\product\11.2.0\dbhome_1\bin;C:\Windows\system32;C:\Windows;C:\Windows\System32\Wbem;C:\Windows\System32\WindowsPowerShell\v1.0\;C:\Windows\System32\OpenSSH\;C:\Program Files\MySQL\MySQL Utilities 1.6\;C:\Users\Alexis\AppData\Local\Microsoft\WindowsApps;
USERNAME=Alexis
OS=Windows_NT
PROCESSOR_IDENTIFIER=AMD64 Family 21 Model 96 Stepping 1, AuthenticAMD



---------------  S Y S T E M  ---------------

OS: Windows 10.0 , 64 bit Build 17763 (10.0.17763.475)

CPU:total 4 (initial active 4) (4 cores per cpu, 1 threads per core) family 21 model 96 stepping 1, cmov, cx8, fxsr, mmx, sse, sse2, sse3, ssse3, sse4.1, sse4.2, popcnt, avx, avx2, aes, clmul, mmxext, 3dnowpref, lzcnt, sse4a, tsc, tscinvbit, tscinv, bmi1

Memory: 4k page, physical 12005560k(2197332k free), swap 49754296k(4428k free)

vm_info: Java HotSpot(TM) 64-Bit Server VM (25.231-b11) for windows-amd64 JRE (1.8.0_231-b11), built on Oct  5 2019 03:11:30 by "java_re" with MS VC++ 10.0 (VS2010)

time: Sat Nov 30 01:43:50 2019
timezone: Hora estándar central (México)
elapsed time: 35 seconds (0d 0h 0m 35s)

