#
# There is insufficient memory for the Java Runtime Environment to continue.
# Native memory allocation (malloc) failed to allocate 699136 bytes for Chunk::new
# Possible reasons:
#   The system is out of physical RAM or swap space
#   The process is running with CompressedOops enabled, and the Java Heap may be blocking the growth of the native heap
# Possible solutions:
#   Reduce memory load on the system
#   Increase physical memory or swap space
#   Check if swap backing store is full
#   Decrease Java heap size (-Xmx/-Xms)
#   Decrease number of Java threads
#   Decrease Java thread stack sizes (-Xss)
#   Set larger code cache with -XX:ReservedCodeCacheSize=
#   JVM is running with Zero Based Compressed Oops mode in which the Java heap is
#     placed in the first 32GB address space. The Java Heap base address is the
#     maximum limit for the native heap growth. Please use -XX:HeapBaseMinAddress
#     to set the Java Heap base and to place the Java Heap above 32GB virtual address.
# This output file may be truncated or incomplete.
#
#  Out of Memory Error (allocation.cpp:389), pid=12176, tid=0x0000000000002bcc
#
# JRE version: Java(TM) SE Runtime Environment (8.0_231-b11) (build 1.8.0_231-b11)
# Java VM: Java HotSpot(TM) 64-Bit Server VM (25.231-b11 mixed mode windows-amd64 compressed oops)
# Failed to write core dump. Minidumps are not enabled by default on client versions of Windows
#

---------------  T H R E A D  ---------------

Current thread (0x0000000019200000):  JavaThread "C2 CompilerThread0" daemon [_thread_in_native, id=11212, stack(0x000000001a870000,0x000000001a970000)]

Stack: [0x000000001a870000,0x000000001a970000]
[error occurred during error reporting (printing stack bounds), id 0xc0000005]

Native frames: (J=compiled Java code, j=interpreted, Vv=VM code, C=native code)


Current CompileTask:
C2:   3054  516       4       com.sun.tools.javac.file.ZipFileIndex$ZipDirectory::readEntry (587 bytes)


---------------  P R O C E S S  ---------------

Java Threads: ( => current thread )
  0x000000001925d000 JavaThread "Service Thread" daemon [_thread_blocked, id=11840, stack(0x000000001af70000,0x000000001b070000)]
  0x000000001aa78800 JavaThread "C1 CompilerThread2" daemon [_thread_blocked, id=3896, stack(0x000000001ae70000,0x000000001af70000)]
  0x0000000019205000 JavaThread "C2 CompilerThread1" daemon [_thread_in_native, id=10436, stack(0x000000001a970000,0x000000001aa70000)]
=>0x0000000019200000 JavaThread "C2 CompilerThread0" daemon [_thread_in_native, id=11212, stack(0x000000001a870000,0x000000001a970000)]
  0x00000000191fe800 JavaThread "Attach Listener" daemon [_thread_blocked, id=11988, stack(0x000000001a770000,0x000000001a870000)]
  0x00000000191fd800 JavaThread "Signal Dispatcher" daemon [_thread_blocked, id=11632, stack(0x000000001a670000,0x000000001a770000)]
  0x0000000002599000 JavaThread "Finalizer" daemon [_thread_blocked, id=11884, stack(0x000000001a450000,0x000000001a550000)]
  0x0000000002596800 JavaThread "Reference Handler" daemon [_thread_blocked, id=7272, stack(0x000000001a350000,0x000000001a450000)]
  0x00000000024a4800 JavaThread "main" [_thread_in_Java, id=10400, stack(0x0000000002370000,0x0000000002470000)]

Other Threads:
  0x00000000191c7800 VMThread [stack: 0x000000001a250000,0x000000001a350000] [id=9416]
  0x000000001aa7b000 WatcherThread [stack: 0x000000001b1d0000,0x000000001b2d0000] [id=10872]

VM state:not at safepoint (normal execution)

VM Mutex/Monitor currently owned by a thread: None

heap address: 0x0000000708c00000, size: 2932 MB, Compressed Oops mode: Zero based, Oop shift amount: 3
Narrow klass base: 0x0000000000000000, Narrow klass shift: 3
Compressed class space size: 1073741824 Address: 0x00000007c0000000

Heap:
 PSYoungGen      total 12288K, used 7018K [0x0000000782f00000, 0x0000000784000000, 0x00000007c0000000)
  eden space 9216K, 42% used [0x0000000782f00000,0x00000007832dc688,0x0000000783800000)
  from space 3072K, 99% used [0x0000000783d00000,0x0000000783ffe418,0x0000000784000000)
  to   space 4096K, 0% used [0x0000000783800000,0x0000000783800000,0x0000000783c00000)
 ParOldGen       total 10240K, used 5836K [0x0000000708c00000, 0x0000000709600000, 0x0000000782f00000)
  object space 10240K, 56% used [0x0000000708c00000,0x00000007091b3280,0x0000000709600000)
 Metaspace       used 7444K, capacity 8308K, committed 8448K, reserved 1056768K
  class space    used 894K, capacity 944K, committed 1024K, reserved 1048576K

Card table byte_map: [0x0000000011960000,0x0000000011f20000] byte_map_base: 0x000000000e11a000

Marking Bits: (ParMarkBitMap*) 0x000000005bc16d90
 Begin Bits: [0x0000000012700000, 0x00000000154d0000)
 End Bits:   [0x00000000154d0000, 0x00000000182a0000)

Polling page: 0x0000000000660000

CodeCache: size=245760Kb used=2762Kb max_used=2762Kb free=242997Kb
 bounds [0x00000000025a0000, 0x0000000002860000, 0x00000000115a0000]
 total_blobs=859 nmethods=572 adapters=201
 compilation: enabled

Compilation events (10 events):
Event: 3.050 Thread 0x000000001aa78800  571       1       com.sun.tools.javac.file.ZipFileIndex::access$800 (5 bytes)
Event: 3.050 Thread 0x000000001aa78800 nmethod 571 0x0000000002851310 code [0x0000000002851460, 0x0000000002851550]
Event: 3.050 Thread 0x000000001aa78800  572       3       com.sun.tools.javac.util.List::isEmpty (13 bytes)
Event: 3.051 Thread 0x000000001aa78800 nmethod 572 0x00000000028515d0 code [0x0000000002851720, 0x00000000028518d0]
Event: 3.051 Thread 0x000000001aa78800  573       3       com.sun.tools.javac.util.List::setTail (7 bytes)
Event: 3.051 Thread 0x000000001aa78800 nmethod 573 0x0000000002851950 code [0x0000000002851aa0, 0x0000000002851c10]
Event: 3.051 Thread 0x000000001aa78800  574       1       java.util.ArrayList::access$000 (5 bytes)
Event: 3.051 Thread 0x000000001aa78800 nmethod 574 0x0000000002851c90 code [0x0000000002851de0, 0x0000000002851ed0]
Event: 3.051 Thread 0x000000001aa78800  575       1       com.sun.tools.javac.util.List::setTail (7 bytes)
Event: 3.051 Thread 0x000000001aa78800 nmethod 575 0x0000000002851f50 code [0x00000000028520a0, 0x00000000028521d0]

GC Heap History (10 events):
Event: 1.895 GC heap before
{Heap before GC invocations=5 (full 0):
 PSYoungGen      total 3584K, used 3568K [0x0000000782f00000, 0x0000000783300000, 0x00000007c0000000)
  eden space 3072K, 100% used [0x0000000782f00000,0x0000000783200000,0x0000000783200000)
  from space 512K, 96% used [0x0000000783280000,0x00000007832fc020,0x0000000783300000)
  to   space 512K, 0% used [0x0000000783200000,0x0000000783200000,0x0000000783280000)
 ParOldGen       total 5632K, used 655K [0x0000000708c00000, 0x0000000709180000, 0x0000000782f00000)
  object space 5632K, 11% used [0x0000000708c00000,0x0000000708ca3ec8,0x0000000709180000)
 Metaspace       used 6058K, capacity 7276K, committed 7552K, reserved 1056768K
  class space    used 760K, capacity 808K, committed 896K, reserved 1048576K
Event: 1.898 GC heap after
Heap after GC invocations=5 (full 0):
 PSYoungGen      total 3584K, used 496K [0x0000000782f00000, 0x0000000783700000, 0x00000007c0000000)
  eden space 3072K, 0% used [0x0000000782f00000,0x0000000782f00000,0x0000000783200000)
  from space 512K, 96% used [0x0000000783200000,0x000000078327c020,0x0000000783280000)
  to   space 1024K, 0% used [0x0000000783600000,0x0000000783600000,0x0000000783700000)
 ParOldGen       total 5632K, used 943K [0x0000000708c00000, 0x0000000709180000, 0x0000000782f00000)
  object space 5632K, 16% used [0x0000000708c00000,0x0000000708cebec8,0x0000000709180000)
 Metaspace       used 6058K, capacity 7276K, committed 7552K, reserved 1056768K
  class space    used 760K, capacity 808K, committed 896K, reserved 1048576K
}
Event: 2.195 GC heap before
{Heap before GC invocations=6 (full 0):
 PSYoungGen      total 3584K, used 3550K [0x0000000782f00000, 0x0000000783700000, 0x00000007c0000000)
  eden space 3072K, 99% used [0x0000000782f00000,0x00000007831fb980,0x0000000783200000)
  from space 512K, 96% used [0x0000000783200000,0x000000078327c020,0x0000000783280000)
  to   space 1024K, 0% used [0x0000000783600000,0x0000000783600000,0x0000000783700000)
 ParOldGen       total 5632K, used 943K [0x0000000708c00000, 0x0000000709180000, 0x0000000782f00000)
  object space 5632K, 16% used [0x0000000708c00000,0x0000000708cebec8,0x0000000709180000)
 Metaspace       used 6842K, capacity 7860K, committed 8064K, reserved 1056768K
  class space    used 848K, capacity 880K, committed 896K, reserved 1048576K
Event: 2.200 GC heap after
Heap after GC invocations=6 (full 0):
 PSYoungGen      total 6656K, used 944K [0x0000000782f00000, 0x0000000783800000, 0x00000007c0000000)
  eden space 5632K, 0% used [0x0000000782f00000,0x0000000782f00000,0x0000000783480000)
  from space 1024K, 92% used [0x0000000783600000,0x00000007836ec020,0x0000000783700000)
  to   space 1536K, 0% used [0x0000000783480000,0x0000000783480000,0x0000000783600000)
 ParOldGen       total 5632K, used 943K [0x0000000708c00000, 0x0000000709180000, 0x0000000782f00000)
  object space 5632K, 16% used [0x0000000708c00000,0x0000000708cebec8,0x0000000709180000)
 Metaspace       used 6842K, capacity 7860K, committed 8064K, reserved 1056768K
  class space    used 848K, capacity 880K, committed 896K, reserved 1048576K
}
Event: 2.538 GC heap before
{Heap before GC invocations=7 (full 0):
 PSYoungGen      total 6656K, used 6576K [0x0000000782f00000, 0x0000000783800000, 0x00000007c0000000)
  eden space 5632K, 100% used [0x0000000782f00000,0x0000000783480000,0x0000000783480000)
  from space 1024K, 92% used [0x0000000783600000,0x00000007836ec020,0x0000000783700000)
  to   space 1536K, 0% used [0x0000000783480000,0x0000000783480000,0x0000000783600000)
 ParOldGen       total 5632K, used 943K [0x0000000708c00000, 0x0000000709180000, 0x0000000782f00000)
  object space 5632K, 16% used [0x0000000708c00000,0x0000000708cebec8,0x0000000709180000)
 Metaspace       used 7361K, capacity 8244K, committed 8448K, reserved 1056768K
  class space    used 889K, capacity 944K, committed 1024K, reserved 1048576K
Event: 2.552 GC heap after
Heap after GC invocations=7 (full 0):
 PSYoungGen      total 7168K, used 1530K [0x0000000782f00000, 0x0000000784000000, 0x00000007c0000000)
  eden space 5632K, 0% used [0x0000000782f00000,0x0000000782f00000,0x0000000783480000)
  from space 1536K, 99% used [0x0000000783480000,0x00000007835feaf0,0x0000000783600000)
  to   space 3072K, 0% used [0x0000000783d00000,0x0000000783d00000,0x0000000784000000)
 ParOldGen       total 5632K, used 4063K [0x0000000708c00000, 0x0000000709180000, 0x0000000782f00000)
  object space 5632K, 72% used [0x0000000708c00000,0x0000000708ff7c28,0x0000000709180000)
 Metaspace       used 7361K, capacity 8244K, committed 8448K, reserved 1056768K
  class space    used 889K, capacity 944K, committed 1024K, reserved 1048576K
}
Event: 2.553 GC heap before
{Heap before GC invocations=8 (full 1):
 PSYoungGen      total 7168K, used 1530K [0x0000000782f00000, 0x0000000784000000, 0x00000007c0000000)
  eden space 5632K, 0% used [0x0000000782f00000,0x0000000782f00000,0x0000000783480000)
  from space 1536K, 99% used [0x0000000783480000,0x00000007835feaf0,0x0000000783600000)
  to   space 3072K, 0% used [0x0000000783d00000,0x0000000783d00000,0x0000000784000000)
 ParOldGen       total 5632K, used 4063K [0x0000000708c00000, 0x0000000709180000, 0x0000000782f00000)
  object space 5632K, 72% used [0x0000000708c00000,0x0000000708ff7c28,0x0000000709180000)
 Metaspace       used 7361K, capacity 8244K, committed 8448K, reserved 1056768K
  class space    used 889K, capacity 944K, committed 1024K, reserved 1048576K
Event: 2.598 GC heap after
Heap after GC invocations=8 (full 1):
 PSYoungGen      total 7168K, used 0K [0x0000000782f00000, 0x0000000784000000, 0x00000007c0000000)
  eden space 5632K, 0% used [0x0000000782f00000,0x0000000782f00000,0x0000000783480000)
  from space 1536K, 0% used [0x0000000783480000,0x0000000783480000,0x0000000783600000)
  to   space 3072K, 0% used [0x0000000783d00000,0x0000000783d00000,0x0000000784000000)
 ParOldGen       total 10240K, used 5396K [0x0000000708c00000, 0x0000000709600000, 0x0000000782f00000)
  object space 10240K, 52% used [0x0000000708c00000,0x0000000709145280,0x0000000709600000)
 Metaspace       used 7361K, capacity 8244K, committed 8448K, reserved 1056768K
  class space    used 889K, capacity 944K, committed 1024K, reserved 1048576K
}
Event: 2.945 GC heap before
{Heap before GC invocations=9 (full 1):
 PSYoungGen      total 7168K, used 5632K [0x0000000782f00000, 0x0000000784000000, 0x00000007c0000000)
  eden space 5632K, 100% used [0x0000000782f00000,0x0000000783480000,0x0000000783480000)
  from space 1536K, 0% used [0x0000000783480000,0x0000000783480000,0x0000000783600000)
  to   space 3072K, 0% used [0x0000000783d00000,0x0000000783d00000,0x0000000784000000)
 ParOldGen       total 10240K, used 5396K [0x0000000708c00000, 0x0000000709600000, 0x0000000782f00000)
  object space 10240K, 52% used [0x0000000708c00000,0x0000000709145280,0x0000000709600000)
 Metaspace       used 7383K, capacity 8244K, committed 8448K, reserved 1056768K
  class space    used 889K, capacity 944K, committed 1024K, reserved 1048576K
Event: 2.962 GC heap after
Heap after GC invocations=9 (full 1):
 PSYoungGen      total 12288K, used 3065K [0x0000000782f00000, 0x0000000784000000, 0x00000007c0000000)
  eden space 9216K, 0% used [0x0000000782f00000,0x0000000782f00000,0x0000000783800000)
  from space 3072K, 99% used [0x0000000783d00000,0x0000000783ffe418,0x0000000784000000)
  to   space 4096K, 0% used [0x0000000783800000,0x0000000783800000,0x0000000783c00000)
 ParOldGen       total 10240K, used 5836K [0x0000000708c00000, 0x0000000709600000, 0x0000000782f00000)
  object space 10240K, 56% used [0x0000000708c00000,0x00000007091b3280,0x0000000709600000)
 Metaspace       used 7383K, capacity 8244K, committed 8448K, reserved 1056768K
  class space    used 889K, capacity 944K, committed 1024K, reserved 1048576K
}

Deoptimization events (5 events):
Event: 2.127 Thread 0x00000000024a4800 Uncommon trap: reason=unstable_if action=reinterpret pc=0x0000000002718cdc method=java.lang.String.replace(CC)Ljava/lang/String; @ 26
Event: 2.184 Thread 0x00000000024a4800 Uncommon trap: reason=unstable_if action=reinterpret pc=0x000000000276c150 method=java.lang.String.<init>([CII)V @ 18
Event: 2.184 Thread 0x00000000024a4800 Uncommon trap: reason=unstable_if action=reinterpret pc=0x00000000026db09c method=java.lang.String.startsWith(Ljava/lang/String;I)Z @ 25
Event: 2.185 Thread 0x00000000024a4800 Uncommon trap: reason=unloaded action=reinterpret pc=0x000000000275b3c0 method=sun.misc.URLClassPath$JarLoader.getResource(Ljava/lang/String;Z)Lsun/misc/Resource; @ 67
Event: 2.191 Thread 0x00000000024a4800 Uncommon trap: reason=class_check action=maybe_recompile pc=0x000000000273f988 method=sun.misc.URLClassPath.getLoader(I)Lsun/misc/URLClassPath$Loader; @ 94

Classes redefined (0 events):
No events

Internal exceptions (10 events):
Event: 0.830 Thread 0x00000000024a4800 Exception <a 'java/security/PrivilegedActionException'> (0x0000000782f0b1f0) thrown at [C:\re\workspace\8-2-build-windows-amd64-cygwin\jdk8u231\13620\hotspot\src\share\vm\prims\jvm.cpp, line 1502]
Event: 0.830 Thread 0x00000000024a4800 Exception <a 'java/security/PrivilegedActionException'> (0x0000000782f0b5e8) thrown at [C:\re\workspace\8-2-build-windows-amd64-cygwin\jdk8u231\13620\hotspot\src\share\vm\prims\jvm.cpp, line 1502]
Event: 2.169 Thread 0x00000000024a4800 Exception <a 'java/security/PrivilegedActionException'> (0x00000007831bf3f0) thrown at [C:\re\workspace\8-2-build-windows-amd64-cygwin\jdk8u231\13620\hotspot\src\share\vm\prims\jvm.cpp, line 1502]
Event: 2.169 Thread 0x00000000024a4800 Exception <a 'java/security/PrivilegedActionException'> (0x00000007831bf600) thrown at [C:\re\workspace\8-2-build-windows-amd64-cygwin\jdk8u231\13620\hotspot\src\share\vm\prims\jvm.cpp, line 1502]
Event: 2.169 Thread 0x00000000024a4800 Exception <a 'java/security/PrivilegedActionException'> (0x00000007831c0d60) thrown at [C:\re\workspace\8-2-build-windows-amd64-cygwin\jdk8u231\13620\hotspot\src\share\vm\prims\jvm.cpp, line 1502]
Event: 2.170 Thread 0x00000000024a4800 Exception <a 'java/security/PrivilegedActionException'> (0x00000007831c0f70) thrown at [C:\re\workspace\8-2-build-windows-amd64-cygwin\jdk8u231\13620\hotspot\src\share\vm\prims\jvm.cpp, line 1502]
Event: 2.622 Thread 0x00000000024a4800 Exception <a 'java/io/FileNotFoundException'> (0x0000000782fb7720) thrown at [C:\re\workspace\8-2-build-windows-amd64-cygwin\jdk8u231\13620\hotspot\src\share\vm\prims\jni.cpp, line 710]
Event: 2.628 Thread 0x00000000024a4800 Exception <a 'java/io/FileNotFoundException'> (0x0000000782fecbc8) thrown at [C:\re\workspace\8-2-build-windows-amd64-cygwin\jdk8u231\13620\hotspot\src\share\vm\prims\jni.cpp, line 710]
Event: 2.938 Thread 0x00000000024a4800 Exception <a 'java/io/FileNotFoundException'> (0x00000007833e9020) thrown at [C:\re\workspace\8-2-build-windows-amd64-cygwin\jdk8u231\13620\hotspot\src\share\vm\prims\jni.cpp, line 710]
Event: 2.939 Thread 0x00000000024a4800 Exception <a 'java/io/FileNotFoundException'> (0x00000007833ea2d0) thrown at [C:\re\workspace\8-2-build-windows-amd64-cygwin\jdk8u231\13620\hotspot\src\share\vm\prims\jni.cpp, line 710]

Events (10 events):
Event: 2.987 loading class com/sun/tools/javac/jvm/ClassReader$25
Event: 2.987 loading class com/sun/tools/javac/jvm/ClassReader$25 done
Event: 2.988 loading class com/sun/tools/javac/code/TargetType
Event: 2.988 loading class com/sun/tools/javac/code/TargetType done
Event: 2.990 loading class javax/lang/model/SourceVersion
Event: 2.991 loading class javax/lang/model/SourceVersion done
Event: 3.047 loading class com/sun/tools/javac/comp/AttrContext
Event: 3.047 loading class com/sun/tools/javac/comp/AttrContext done
Event: 3.048 loading class com/sun/tools/javac/code/Scope$ImportScope$1
Event: 3.048 loading class com/sun/tools/javac/code/Scope$ImportScope$1 done


Dynamic libraries:
0x00007ff7153c0000 - 0x00007ff7153c7000 	C:\Program Files\Java\jdk1.8.0_231\bin\javac.exe
0x00007ff8980c0000 - 0x00007ff8982ad000 	C:\Windows\SYSTEM32\ntdll.dll
0x00007ff8976a0000 - 0x00007ff897753000 	C:\Windows\System32\KERNEL32.DLL
0x00007ff895040000 - 0x00007ff8952d3000 	C:\Windows\SYSTEM32\VERSION.dll
0x00007ff88ba50000 - 0x00007ff88ba7f000 	C:\Program Files\Java\jdk1.8.0_231\bin\jli.dll
0x00007ff897f10000 - 0x00007ff897fb3000 	C:\Windows\System32\ADVAPI32.dll
0x00007ff897ff0000 - 0x00007ff89808e000 	C:\Windows\System32\msvcrt.dll
0x00007ff897760000 - 0x00007ff8977fe000 	C:\Windows\System32\sechost.dll
0x00007ff897800000 - 0x00007ff897922000 	C:\Windows\System32\RPCRT4.dll
0x00007ff897500000 - 0x00007ff897697000 	C:\Windows\System32\USER32.dll
0x00007ff8943c0000 - 0x00007ff8943e0000 	C:\Windows\System32\win32u.dll
0x00007ff897240000 - 0x00007ff897269000 	C:\Windows\System32\cfgmgr32.dll
0x00007ff894680000 - 0x00007ff894819000 	C:\Windows\SYSTEM32\WSOCK32.dll
0x00007ff894430000 - 0x00007ff8944d0000 	C:\Windows\System32\WS2_32.dll
0x00007ff894580000 - 0x00007ff89467a000 	C:\Program Files\Java\jdk1.8.0_231\jre\bin\verify.dll
0x00007ff8869a0000 - 0x00007ff886c19000 	C:\Program Files\Java\jdk1.8.0_231\jre\bin\java.dll
0x00007ff897aa0000 - 0x00007ff897dcc000 	C:\Windows\System32\combase.dll
0x00007ff894840000 - 0x00007ff8948be000 	C:\Windows\System32\bcryptPrimitives.dll
0x000000005a2f0000 - 0x000000005a3c2000 	C:\Windows\System32\KERNEL32.DLL
0x00007ff897fc0000 - 0x00007ff897fee000 	C:\Windows\System32\msvcrt.dll
0x000000005b310000 - 0x000000005b3e2000 	C:\Windows\System32\USER32.dll
0x000000005b3f0000 - 0x000000005bc96000 	C:\Windows\System32\GDI32.dll
0x00007ff8957c0000 - 0x00007ff8957c8000 	C:\Windows\System32\PSAPI.DLL
0x00007ff8912b0000 - 0x00007ff8912d4000 	C:\Windows\SYSTEM32\WINMM.dll
0x00007ff88dab0000 - 0x00007ff88daba000 	C:\Windows\SYSTEM32\VERSION.dll
0x00007ff8910b0000 - 0x00007ff8910dd000 	C:\Program Files\Java\jdk1.8.0_231\jre\bin\server\jvm.dll
0x00007ff8943e0000 - 0x00007ff89442a000 	C:\Windows\SYSTEM32\WINMM.dll
0x00007ff893840000 - 0x00007ff893849000 	C:\Windows\SYSTEM32\WSOCK32.dll
0x00007ff897dd0000 - 0x00007ff897e3d000 	C:\Windows\System32\cfgmgr32.dll
0x00007ff893830000 - 0x00007ff89383f000 	C:\Program Files\Java\jdk1.8.0_231\jre\bin\verify.dll
0x00007ff892a80000 - 0x00007ff892aa9000 	C:\Program Files\Java\jdk1.8.0_231\jre\bin\java.dll
0x00007ff893810000 - 0x00007ff893826000 	C:\Program Files\Java\jdk1.8.0_231\jre\bin\zip.dll
0x00007ff895980000 - 0x00007ff896e74000 	C:\Windows\System32\ADVAPI32.dll
0x00007ff8970e0000 - 0x00007ff897188000 	C:\Windows\System32\USER32.dll
0x00007ff8948f0000 - 0x00007ff89503d000 	C:\Windows\System32\gdi32full.dll
0x00007ff894150000 - 0x00007ff894174000 	C:\Windows\WinSxS\amd64_microsoft.windows.common-controls_6595b64144ccf1df_6.0.17763.802_none_05b1445c0722d2cc\COMCTL32.dll
0x00007ff8940d0000 - 0x00007ff89412d000 	C:\Windows\System32\bcryptPrimitives.dll
0x00007ff895920000 - 0x00007ff895972000 	C:\Program Files\Java\jdk1.8.0_231\jre\bin\msvcr100.dll
0x00007ff894130000 - 0x00007ff894141000 	C:\Windows\System32\PSAPI.DLL
0x00007ff894820000 - 0x00007ff894837000 	C:\Windows\SYSTEM32\VERSION.dll

VM Arguments:
jvm_args: -Dapplication.home=C:\Program Files\Java\jdk1.8.0_231 -Xms8m 
java_command: com.sun.tools.javac.Main -d C:\Users\Alexis\Documents\NetBeansProjects\DATAMAXREPOSITORY\Proyecto-DATAMAX-version2.0\build\classes -classpath C:\Users\Alexis\Documents\NetBeansProjects\DATAMAXREPOSITORY\Proyecto-DATAMAX-version2.0\build\classes;C:\Program Files\NetBeans 8.2\java\modules\ext\AbsoluteLayout.jar;C:\Users\Alexis\Documents\NetBeansProjects\DATAMAXREPOSITORY\Proyecto-DATAMAX-version2.0\libraries\AutoCompleter.jar;C:\Users\Alexis\Documents\NetBeansProjects\DATAMAXREPOSITORY\Proyecto-DATAMAX-version2.0\libraries\jcalendar-1.3.3.jar;C:\Users\Alexis\Documents\NetBeansProjects\DATAMAXREPOSITORY\Proyecto-DATAMAX-version2.0\libraries\swingx-all-1.6.4.jar;C:\Users\Alexis\Documents\NetBeansProjects\DATAMAXREPOSITORY\Proyecto-DATAMAX-version2.0\libraries\commons-collections-3.2.1.jar;C:\Users\Alexis\Documents\NetBeansProjects\DATAMAXREPOSITORY\Proyecto-DATAMAX-version2.0\libraries\AbsoluteLayout.jar;C:\Users\Alexis\Documents\NetBeansProjects\DATAMAXREPOSITORY\Proyecto-DATAMAX-version2.0\libraries\commons-digester-2.1.jar;C:\Users\Alexis\Documents\NetBeansProjects\DATAMAXREPOSITORY\Proyecto-DATAMAX-version2.0\libraries\commons-logging-1.3.jar;C:\Users\Alexis\Documents\NetBeansProjects\DATAMAXREPOSITORY\Proyecto-DATAMAX-version2.0\libraries\groovy-2.4.6.jar;C:\Users\Alexis\Documents\NetBeansProjects\DATAMAXREPOSITORY\Proyecto-DATAMAX-version2.0\libraries\itextpdf-5.5.4.jar;C:\Users\Alexis\Documents\NetBeansProjects\DATAMAXREPOSITORY\Proyecto-DATAMAX-version2.0\libraries\itext-pdfa-5.5.4.jar;C:\Users\Alexis\Documents\NetBeansProjects\DATAMAXREPOSITORY\Proyecto-DATAMAX-version2.0\libraries\jasperreports-6.0.0.jar;C:\Program Files\NetBeans 8.2\ide\modules\ext\mysql-connector-java-5.1.23-bin.jar;C:\Users\Alexis\Documents\NetBeansProjects\DATAMAXREPOSITORY\Proyecto-DATAMAX-version2.0\libraries\mysql-connector-java-5.1.46-bin.jar;C:\Users\Alexis\Downloads\RSTableMetro.jar -sourcepath C:\Users\Alexis\Documents\NetBeansProjects\DATAMAXREPOSITORY\Proyecto-DATA
java_class_path (initial): C:\Program Files\Java\jdk1.8.0_231/lib/tools.jar;C:\Program Files\Java\jdk1.8.0_231/classes
Launcher Type: SUN_STANDARD

Environment Variables:
PATH=C:\app\Alexis\product\11.2.0\dbhome_1\bin;C:\Windows\system32;C:\Windows;C:\Windows\System32\Wbem;C:\Windows\System32\WindowsPowerShell\v1.0\;C:\Windows\System32\OpenSSH\;C:\Program Files\MySQL\MySQL Utilities 1.6\;C:\Users\Alexis\AppData\Local\Microsoft\WindowsApps;
USERNAME=Alexis
OS=Windows_NT
PROCESSOR_IDENTIFIER=AMD64 Family 21 Model 96 Stepping 1, AuthenticAMD



---------------  S Y S T E M  ---------------

OS: Windows 10.0 , 64 bit Build 17763 (10.0.17763.475)

CPU:total 4 (initial active 4) (4 cores per cpu, 1 threads per core) family 21 model 96 stepping 1, cmov, cx8, fxsr, mmx, sse, sse2, sse3, ssse3, sse4.1, sse4.2, popcnt, avx, avx2, aes, clmul, mmxext, 3dnowpref, lzcnt, sse4a, tsc, tscinvbit, tscinv, bmi1

Memory: 4k page, physical 12005560k(1984912k free), swap 49754296k(5756k free)

vm_info: Java HotSpot(TM) 64-Bit Server VM (25.231-b11) for windows-amd64 JRE (1.8.0_231-b11), built on Oct  5 2019 03:11:30 by "java_re" with MS VC++ 10.0 (VS2010)

time: Fri Nov 08 23:27:09 2019
timezone: Hora estándar central (México)
elapsed time: 3 seconds (0d 0h 0m 3s)

