#
# There is insufficient memory for the Java Runtime Environment to continue.
# Native memory allocation (malloc) failed to allocate 94032 bytes for Chunk::new
# Possible reasons:
#   The system is out of physical RAM or swap space
#   The process is running with CompressedOops enabled, and the Java Heap may be blocking the growth of the native heap
# Possible solutions:
#   Reduce memory load on the system
#   Increase physical memory or swap space
#   Check if swap backing store is full
#   Decrease Java heap size (-Xmx/-Xms)
#   Decrease number of Java threads
#   Decrease Java thread stack sizes (-Xss)
#   Set larger code cache with -XX:ReservedCodeCacheSize=
#   JVM is running with Zero Based Compressed Oops mode in which the Java heap is
#     placed in the first 32GB address space. The Java Heap base address is the
#     maximum limit for the native heap growth. Please use -XX:HeapBaseMinAddress
#     to set the Java Heap base and to place the Java Heap above 32GB virtual address.
# This output file may be truncated or incomplete.
#
#  Out of Memory Error (allocation.cpp:389), pid=7964, tid=0x00000000000009b8
#
# JRE version: Java(TM) SE Runtime Environment (8.0_231-b11) (build 1.8.0_231-b11)
# Java VM: Java HotSpot(TM) 64-Bit Server VM (25.231-b11 mixed mode windows-amd64 compressed oops)
# Failed to write core dump. Minidumps are not enabled by default on client versions of Windows
#

---------------  T H R E A D  ---------------

Current thread (0x0000000019f38800):  JavaThread "C2 CompilerThread0" daemon [_thread_in_native, id=2488, stack(0x000000001b590000,0x000000001b690000)]

Stack: [0x000000001b590000,0x000000001b690000]
[error occurred during error reporting (printing stack bounds), id 0xc0000005]

Native frames: (J=compiled Java code, j=interpreted, Vv=VM code, C=native code)


Current CompileTask:
C2:  66597 3733   !   4       sun.font.FontDesignMetrics::getMetrics (265 bytes)


---------------  P R O C E S S  ---------------

Java Threads: ( => current thread )
  0x00000000245ee800 JavaThread "Thread-3" [_thread_in_Java, id=10228, stack(0x0000000026710000,0x0000000026810000)]
  0x000000001c28a800 JavaThread "D3D Screen Updater" daemon [_thread_blocked, id=12124, stack(0x0000000025130000,0x0000000025230000)]
  0x000000001c2b8800 JavaThread "TimerQueue" daemon [_thread_blocked, id=12208, stack(0x0000000022860000,0x0000000022960000)]
  0x000000001c135000 JavaThread "Abandoned connection cleanup thread" daemon [_thread_blocked, id=10952, stack(0x0000000022360000,0x0000000022460000)]
  0x000000000302e800 JavaThread "DestroyJavaVM" [_thread_blocked, id=9576, stack(0x0000000003070000,0x0000000003170000)]
  0x000000001c0bd800 JavaThread "AWT-EventQueue-0" [_thread_in_native, id=12816, stack(0x000000001d0c0000,0x000000001d1c0000)]
  0x000000001c05e000 JavaThread "AWT-Windows" daemon [_thread_in_native, id=3012, stack(0x000000001c9f0000,0x000000001caf0000)]
  0x000000001c05b000 JavaThread "AWT-Shutdown" [_thread_blocked, id=12832, stack(0x000000001c8f0000,0x000000001c9f0000)]
  0x000000001c058800 JavaThread "Java2D Disposer" daemon [_thread_blocked, id=12840, stack(0x000000001c7f0000,0x000000001c8f0000)]
  0x000000001b7f1800 JavaThread "Service Thread" daemon [_thread_blocked, id=7904, stack(0x000000001bc90000,0x000000001bd90000)]
  0x000000001b7a8800 JavaThread "C1 CompilerThread2" daemon [_thread_blocked, id=12784, stack(0x000000001bb90000,0x000000001bc90000)]
  0x0000000019f3c800 JavaThread "C2 CompilerThread1" daemon [_thread_blocked, id=11060, stack(0x000000001b690000,0x000000001b790000)]
=>0x0000000019f38800 JavaThread "C2 CompilerThread0" daemon [_thread_in_native, id=2488, stack(0x000000001b590000,0x000000001b690000)]
  0x0000000019f36800 JavaThread "Attach Listener" daemon [_thread_blocked, id=7768, stack(0x000000001b490000,0x000000001b590000)]
  0x0000000019f35000 JavaThread "Signal Dispatcher" daemon [_thread_blocked, id=11104, stack(0x000000001b390000,0x000000001b490000)]
  0x000000000326b800 JavaThread "Finalizer" daemon [_thread_blocked, id=9632, stack(0x000000001b170000,0x000000001b270000)]
  0x0000000019f1b800 JavaThread "Reference Handler" daemon [_thread_blocked, id=3736, stack(0x000000001b070000,0x000000001b170000)]

Other Threads:
  0x0000000019ed7800 VMThread [stack: 0x000000001af70000,0x000000001b070000] [id=3336]
  0x000000001b7bc800 WatcherThread [stack: 0x000000001bef0000,0x000000001bff0000] [id=1268]

VM state:not at safepoint (normal execution)

VM Mutex/Monitor currently owned by a thread: None

heap address: 0x0000000708c00000, size: 2932 MB, Compressed Oops mode: Zero based, Oop shift amount: 3
Narrow klass base: 0x0000000000000000, Narrow klass shift: 3
Compressed class space size: 1073741824 Address: 0x00000007c0000000

Heap:
 PSYoungGen      total 602624K, used 410937K [0x0000000782f00000, 0x00000007ab200000, 0x00000007c0000000)
  eden space 602112K, 68% used [0x0000000782f00000,0x000000079c02e588,0x00000007a7b00000)
  from space 512K, 25% used [0x00000007a7b80000,0x00000007a7ba0000,0x00000007a7c00000)
  to   space 512K, 0% used [0x00000007a7b00000,0x00000007a7b00000,0x00000007a7b80000)
 ParOldGen       total 125952K, used 11275K [0x0000000708c00000, 0x0000000710700000, 0x0000000782f00000)
  object space 125952K, 8% used [0x0000000708c00000,0x0000000709702ed0,0x0000000710700000)
 Metaspace       used 20717K, capacity 21014K, committed 21296K, reserved 1069056K
  class space    used 2572K, capacity 2661K, committed 2688K, reserved 1048576K

Card table byte_map: [0x0000000012630000,0x0000000012bf0000] byte_map_base: 0x000000000edea000

Marking Bits: (ParMarkBitMap*) 0x0000000059526d90
 Begin Bits: [0x00000000133d0000, 0x00000000161a0000)
 End Bits:   [0x00000000161a0000, 0x0000000018f70000)

Polling page: 0x0000000001970000

CodeCache: size=245760Kb used=11354Kb max_used=11354Kb free=234405Kb
 bounds [0x0000000003270000, 0x0000000003da0000, 0x0000000012270000]
 total_blobs=4026 nmethods=3407 adapters=529
 compilation: enabled

Compilation events (10 events):
Event: 66.352 Thread 0x0000000019f3c800 3730       4       sun.java2d.d3d.D3DSurfaceData::validatePipe (414 bytes)
Event: 66.354 Thread 0x000000001b7a8800 nmethod 3729 0x0000000003d8e350 code [0x0000000003d8e600, 0x0000000003d8f9a8]
Event: 66.354 Thread 0x000000001b7a8800 3731       3       java.util.Locale::getInstance (22 bytes)
Event: 66.355 Thread 0x000000001b7a8800 nmethod 3731 0x0000000003d80190 code [0x0000000003d80320, 0x0000000003d806f8]
Event: 66.355 Thread 0x000000001b7a8800 3732       3       java.util.Locale$LocaleKey::<init> (7 bytes)
Event: 66.355 Thread 0x000000001b7a8800 nmethod 3732 0x0000000003d7fe10 code [0x0000000003d7ff80, 0x0000000003d80108]
Event: 66.364 Thread 0x0000000019f3c800 nmethod 3730 0x0000000003d90390 code [0x0000000003d90520, 0x0000000003d90a38]
Event: 66.367 Thread 0x0000000019f38800 3733   !   4       sun.font.FontDesignMetrics::getMetrics (265 bytes)
Event: 66.374 Thread 0x0000000019f3c800 3734   !   4       sun.dc.pr.Rasterizer::appendLine (46 bytes)
Event: 66.376 Thread 0x0000000019f3c800 nmethod 3734 0x0000000003d8c750 code [0x0000000003d8c8a0, 0x0000000003d8c9a8]

GC Heap History (10 events):
Event: 64.318 GC heap before
{Heap before GC invocations=62 (full 0):
 PSYoungGen      total 416768K, used 415840K [0x0000000782f00000, 0x00000007a7c80000, 0x00000007c0000000)
  eden space 415744K, 100% used [0x0000000782f00000,0x000000079c500000,0x000000079c500000)
  from space 1024K, 9% used [0x00000007a7a80000,0x00000007a7a98000,0x00000007a7b80000)
  to   space 1024K, 0% used [0x00000007a7b80000,0x00000007a7b80000,0x00000007a7c80000)
 ParOldGen       total 125952K, used 11203K [0x0000000708c00000, 0x0000000710700000, 0x0000000782f00000)
  object space 125952K, 8% used [0x0000000708c00000,0x00000007096f0ed0,0x0000000710700000)
 Metaspace       used 20693K, capacity 20982K, committed 21296K, reserved 1069056K
  class space    used 2571K, capacity 2629K, committed 2688K, reserved 1048576K
Event: 64.319 GC heap after
Heap after GC invocations=62 (full 0):
 PSYoungGen      total 397824K, used 96K [0x0000000782f00000, 0x00000007a7c00000, 0x00000007c0000000)
  eden space 397312K, 0% used [0x0000000782f00000,0x0000000782f00000,0x000000079b300000)
  from space 512K, 18% used [0x00000007a7b80000,0x00000007a7b98000,0x00000007a7c00000)
  to   space 1024K, 0% used [0x00000007a7a00000,0x00000007a7a00000,0x00000007a7b00000)
 ParOldGen       total 125952K, used 11203K [0x0000000708c00000, 0x0000000710700000, 0x0000000782f00000)
  object space 125952K, 8% used [0x0000000708c00000,0x00000007096f0ed0,0x0000000710700000)
 Metaspace       used 20693K, capacity 20982K, committed 21296K, reserved 1069056K
  class space    used 2571K, capacity 2629K, committed 2688K, reserved 1048576K
}
Event: 64.710 GC heap before
{Heap before GC invocations=63 (full 0):
 PSYoungGen      total 397824K, used 397408K [0x0000000782f00000, 0x00000007a7c00000, 0x00000007c0000000)
  eden space 397312K, 100% used [0x0000000782f00000,0x000000079b300000,0x000000079b300000)
  from space 512K, 18% used [0x00000007a7b80000,0x00000007a7b98000,0x00000007a7c00000)
  to   space 1024K, 0% used [0x00000007a7a00000,0x00000007a7a00000,0x00000007a7b00000)
 ParOldGen       total 125952K, used 11203K [0x0000000708c00000, 0x0000000710700000, 0x0000000782f00000)
  object space 125952K, 8% used [0x0000000708c00000,0x00000007096f0ed0,0x0000000710700000)
 Metaspace       used 20693K, capacity 20982K, committed 21296K, reserved 1069056K
  class space    used 2571K, capacity 2629K, committed 2688K, reserved 1048576K
Event: 64.712 GC heap after
Heap after GC invocations=63 (full 0):
 PSYoungGen      total 380928K, used 128K [0x0000000782f00000, 0x00000007a7c00000, 0x00000007c0000000)
  eden space 379904K, 0% used [0x0000000782f00000,0x0000000782f00000,0x000000079a200000)
  from space 1024K, 12% used [0x00000007a7a00000,0x00000007a7a20000,0x00000007a7b00000)
  to   space 512K, 0% used [0x00000007a7b80000,0x00000007a7b80000,0x00000007a7c00000)
 ParOldGen       total 125952K, used 11219K [0x0000000708c00000, 0x0000000710700000, 0x0000000782f00000)
  object space 125952K, 8% used [0x0000000708c00000,0x00000007096f4ed0,0x0000000710700000)
 Metaspace       used 20693K, capacity 20982K, committed 21296K, reserved 1069056K
  class space    used 2571K, capacity 2629K, committed 2688K, reserved 1048576K
}
Event: 65.124 GC heap before
{Heap before GC invocations=64 (full 0):
 PSYoungGen      total 380928K, used 380032K [0x0000000782f00000, 0x00000007a7c00000, 0x00000007c0000000)
  eden space 379904K, 100% used [0x0000000782f00000,0x000000079a200000,0x000000079a200000)
  from space 1024K, 12% used [0x00000007a7a00000,0x00000007a7a20000,0x00000007a7b00000)
  to   space 512K, 0% used [0x00000007a7b80000,0x00000007a7b80000,0x00000007a7c00000)
 ParOldGen       total 125952K, used 11219K [0x0000000708c00000, 0x0000000710700000, 0x0000000782f00000)
  object space 125952K, 8% used [0x0000000708c00000,0x00000007096f4ed0,0x0000000710700000)
 Metaspace       used 20701K, capacity 21014K, committed 21296K, reserved 1069056K
  class space    used 2572K, capacity 2661K, committed 2688K, reserved 1048576K
Event: 65.136 GC heap after
Heap after GC invocations=64 (full 0):
 PSYoungGen      total 456704K, used 160K [0x0000000782f00000, 0x00000007a7c00000, 0x00000007c0000000)
  eden space 456192K, 0% used [0x0000000782f00000,0x0000000782f00000,0x000000079ec80000)
  from space 512K, 31% used [0x00000007a7b80000,0x00000007a7ba8000,0x00000007a7c00000)
  to   space 512K, 0% used [0x00000007a7b00000,0x00000007a7b00000,0x00000007a7b80000)
 ParOldGen       total 125952K, used 11227K [0x0000000708c00000, 0x0000000710700000, 0x0000000782f00000)
  object space 125952K, 8% used [0x0000000708c00000,0x00000007096f6ed0,0x0000000710700000)
 Metaspace       used 20701K, capacity 21014K, committed 21296K, reserved 1069056K
  class space    used 2572K, capacity 2661K, committed 2688K, reserved 1048576K
}
Event: 65.621 GC heap before
{Heap before GC invocations=65 (full 0):
 PSYoungGen      total 456704K, used 456352K [0x0000000782f00000, 0x00000007a7c00000, 0x00000007c0000000)
  eden space 456192K, 100% used [0x0000000782f00000,0x000000079ec80000,0x000000079ec80000)
  from space 512K, 31% used [0x00000007a7b80000,0x00000007a7ba8000,0x00000007a7c00000)
  to   space 512K, 0% used [0x00000007a7b00000,0x00000007a7b00000,0x00000007a7b80000)
 ParOldGen       total 125952K, used 11227K [0x0000000708c00000, 0x0000000710700000, 0x0000000782f00000)
  object space 125952K, 8% used [0x0000000708c00000,0x00000007096f6ed0,0x0000000710700000)
 Metaspace       used 20706K, capacity 21014K, committed 21296K, reserved 1069056K
  class space    used 2572K, capacity 2661K, committed 2688K, reserved 1048576K
Event: 65.643 GC heap after
Heap after GC invocations=65 (full 0):
 PSYoungGen      total 548352K, used 160K [0x0000000782f00000, 0x00000007a7c00000, 0x00000007c0000000)
  eden space 547840K, 0% used [0x0000000782f00000,0x0000000782f00000,0x00000007a4600000)
  from space 512K, 31% used [0x00000007a7b00000,0x00000007a7b28000,0x00000007a7b80000)
  to   space 512K, 0% used [0x00000007a7b80000,0x00000007a7b80000,0x00000007a7c00000)
 ParOldGen       total 125952K, used 11259K [0x0000000708c00000, 0x0000000710700000, 0x0000000782f00000)
  object space 125952K, 8% used [0x0000000708c00000,0x00000007096feed0,0x0000000710700000)
 Metaspace       used 20706K, capacity 21014K, committed 21296K, reserved 1069056K
  class space    used 2572K, capacity 2661K, committed 2688K, reserved 1048576K
}
Event: 66.224 GC heap before
{Heap before GC invocations=66 (full 0):
 PSYoungGen      total 548352K, used 548000K [0x0000000782f00000, 0x00000007a7c00000, 0x00000007c0000000)
  eden space 547840K, 100% used [0x0000000782f00000,0x00000007a4600000,0x00000007a4600000)
  from space 512K, 31% used [0x00000007a7b00000,0x00000007a7b28000,0x00000007a7b80000)
  to   space 512K, 0% used [0x00000007a7b80000,0x00000007a7b80000,0x00000007a7c00000)
 ParOldGen       total 125952K, used 11259K [0x0000000708c00000, 0x0000000710700000, 0x0000000782f00000)
  object space 125952K, 8% used [0x0000000708c00000,0x00000007096feed0,0x0000000710700000)
 Metaspace       used 20712K, capacity 21014K, committed 21296K, reserved 1069056K
  class space    used 2572K, capacity 2661K, committed 2688K, reserved 1048576K
Event: 66.227 GC heap after
Heap after GC invocations=66 (full 0):
 PSYoungGen      total 602624K, used 128K [0x0000000782f00000, 0x00000007ab200000, 0x00000007c0000000)
  eden space 602112K, 0% used [0x0000000782f00000,0x0000000782f00000,0x00000007a7b00000)
  from space 512K, 25% used [0x00000007a7b80000,0x00000007a7ba0000,0x00000007a7c00000)
  to   space 512K, 0% used [0x00000007a7b00000,0x00000007a7b00000,0x00000007a7b80000)
 ParOldGen       total 125952K, used 11275K [0x0000000708c00000, 0x0000000710700000, 0x0000000782f00000)
  object space 125952K, 8% used [0x0000000708c00000,0x0000000709702ed0,0x0000000710700000)
 Metaspace       used 20712K, capacity 21014K, committed 21296K, reserved 1069056K
  class space    used 2572K, capacity 2661K, committed 2688K, reserved 1048576K
}

Deoptimization events (10 events):
Event: 37.337 Thread 0x000000001c0bd800 Uncommon trap: reason=class_check action=maybe_recompile pc=0x0000000003a714dc method=java.awt.Font.equals(Ljava/lang/Object;)Z @ 12
Event: 37.337 Thread 0x000000001c0bd800 Uncommon trap: reason=class_check action=maybe_recompile pc=0x0000000003a714dc method=java.awt.Font.equals(Ljava/lang/Object;)Z @ 12
Event: 37.337 Thread 0x000000001c0bd800 Uncommon trap: reason=bimorphic action=maybe_recompile pc=0x0000000003abdd50 method=javax.swing.JLabel.setText(Ljava/lang/String;)V @ 99
Event: 37.342 Thread 0x000000001c0bd800 Uncommon trap: reason=class_check action=maybe_recompile pc=0x0000000003a714dc method=java.awt.Font.equals(Ljava/lang/Object;)Z @ 12
Event: 37.342 Thread 0x000000001c0bd800 Uncommon trap: reason=class_check action=maybe_recompile pc=0x0000000003a714dc method=java.awt.Font.equals(Ljava/lang/Object;)Z @ 12
Event: 37.342 Thread 0x000000001c0bd800 Uncommon trap: reason=bimorphic action=maybe_recompile pc=0x0000000003abdd50 method=javax.swing.JLabel.setText(Ljava/lang/String;)V @ 99
Event: 37.343 Thread 0x000000001c0bd800 Uncommon trap: reason=bimorphic action=maybe_recompile pc=0x0000000003abdd50 method=javax.swing.JLabel.setText(Ljava/lang/String;)V @ 99
Event: 37.716 Thread 0x000000001c0bd800 Uncommon trap: reason=unstable_if action=reinterpret pc=0x0000000003b07530 method=sun.font.CMap$CMapFormat4.getGlyph(I)C @ 181
Event: 42.477 Thread 0x000000001c0bd800 Uncommon trap: reason=unstable_if action=reinterpret pc=0x0000000003ad0930 method=javax.swing.SwingUtilities.findDisplayedMnemonicIndex(Ljava/lang/String;I)I @ 1
Event: 42.493 Thread 0x000000001c0bd800 Uncommon trap: reason=bimorphic action=maybe_recompile pc=0x000000000388cec4 method=java.util.Hashtable.put(Ljava/lang/Object;Ljava/lang/Object;)Ljava/lang/Object; @ 60

Classes redefined (0 events):
No events

Internal exceptions (10 events):
Event: 0.902 Thread 0x000000000302e800 Exception <a 'java/lang/ClassNotFoundException': ToolTip> (0x00000007833f7660) thrown at [C:\re\workspace\8-2-build-windows-amd64-cygwin\jdk8u231\13620\hotspot\src\share\vm\classfile\systemDictionary.cpp, line 210]
Event: 0.904 Thread 0x000000000302e800 Exception <a 'java/lang/ClassNotFoundException': Tree> (0x00000007833f8280) thrown at [C:\re\workspace\8-2-build-windows-amd64-cygwin\jdk8u231\13620\hotspot\src\share\vm\classfile\systemDictionary.cpp, line 210]
Event: 0.905 Thread 0x000000000302e800 Exception <a 'java/lang/ClassNotFoundException': Tree> (0x00000007833f89c0) thrown at [C:\re\workspace\8-2-build-windows-amd64-cygwin\jdk8u231\13620\hotspot\src\share\vm\classfile\systemDictionary.cpp, line 210]
Event: 0.905 Thread 0x000000000302e800 Exception <a 'java/lang/ClassNotFoundException': javax/swing/JTreeCell> (0x00000007833f8d40) thrown at [C:\re\workspace\8-2-build-windows-amd64-cygwin\jdk8u231\13620\hotspot\src\share\vm\classfile\systemDictionary.cpp, line 210]
Event: 0.905 Thread 0x000000000302e800 Exception <a 'java/lang/ClassNotFoundException': TreeCell> (0x00000007833f91c8) thrown at [C:\re\workspace\8-2-build-windows-amd64-cygwin\jdk8u231\13620\hotspot\src\share\vm\classfile\systemDictionary.cpp, line 210]
Event: 0.906 Thread 0x000000000302e800 Exception <a 'java/lang/ClassNotFoundException': RootPane> (0x00000007833f9c28) thrown at [C:\re\workspace\8-2-build-windows-amd64-cygwin\jdk8u231\13620\hotspot\src\share\vm\classfile\systemDictionary.cpp, line 210]
Event: 12.319 Thread 0x000000001c28a800 Implicit null exception at 0x000000000365db75 to 0x000000000365dc1d
Event: 34.460 Thread 0x000000001c0bd800 Implicit null exception at 0x000000000380359a to 0x00000000038038ad
Event: 35.218 Thread 0x000000001c0bd800 Implicit null exception at 0x000000000395e6f9 to 0x0000000003961ed5
Event: 42.477 Thread 0x000000001c0bd800 Implicit null exception at 0x0000000003ad0371 to 0x0000000003ad0905

Events (10 events):
Event: 65.032 loading class java/awt/image/BufferedImageOp
Event: 65.032 loading class java/awt/image/BufferedImageOp done
Event: 65.124 Executing VM operation: ParallelGCFailedAllocation
Event: 65.136 Executing VM operation: ParallelGCFailedAllocation done
Event: 65.141 Thread 0x000000001b7a8800 flushing nmethod 0x00000000039f1090
Event: 65.249 Thread 0x000000001b7a8800 flushing nmethod 0x0000000003af1650
Event: 65.621 Executing VM operation: ParallelGCFailedAllocation
Event: 65.643 Executing VM operation: ParallelGCFailedAllocation done
Event: 66.224 Executing VM operation: ParallelGCFailedAllocation
Event: 66.227 Executing VM operation: ParallelGCFailedAllocation done


Dynamic libraries:
0x00007ff68dcd0000 - 0x00007ff68dd07000 	C:\Program Files\Java\jdk1.8.0_231\jre\bin\java.exe
0x00007ffc5bfb0000 - 0x00007ffc5c19d000 	C:\Windows\SYSTEM32\ntdll.dll
0x00007ffc59330000 - 0x00007ffc593e3000 	C:\Windows\System32\KERNEL32.DLL
0x00007ffc58c60000 - 0x00007ffc58ef3000 	C:\Windows\System32\KERNELBASE.dll
0x00007ffc591d0000 - 0x00007ffc59273000 	C:\Windows\System32\ADVAPI32.dll
0x00007ffc5a1a0000 - 0x00007ffc5a23e000 	C:\Windows\System32\msvcrt.dll
0x00007ffc5a240000 - 0x00007ffc5a2de000 	C:\Windows\System32\sechost.dll
0x00007ffc5bc20000 - 0x00007ffc5bd42000 	C:\Windows\System32\RPCRT4.dll
0x00007ffc5b9f0000 - 0x00007ffc5bb87000 	C:\Windows\System32\USER32.dll
0x00007ffc58f20000 - 0x00007ffc58f40000 	C:\Windows\System32\win32u.dll
0x00007ffc5a2e0000 - 0x00007ffc5a309000 	C:\Windows\System32\GDI32.dll
0x00007ffc588c0000 - 0x00007ffc58a59000 	C:\Windows\System32\gdi32full.dll
0x00007ffc58070000 - 0x00007ffc58110000 	C:\Windows\System32\msvcp_win.dll
0x00007ffc58b60000 - 0x00007ffc58c5a000 	C:\Windows\System32\ucrtbase.dll
0x00007ffc4bd10000 - 0x00007ffc4bf89000 	C:\Windows\WinSxS\amd64_microsoft.windows.common-controls_6595b64144ccf1df_6.0.17763.864_none_05b3441807210760\COMCTL32.dll
0x00007ffc59d00000 - 0x00007ffc5a02c000 	C:\Windows\System32\combase.dll
0x00007ffc58f70000 - 0x00007ffc58fee000 	C:\Windows\System32\bcryptPrimitives.dll
0x00007ffc59a90000 - 0x00007ffc59abe000 	C:\Windows\System32\IMM32.DLL
0x0000000058c20000 - 0x0000000058cf2000 	C:\Program Files\Java\jdk1.8.0_231\jre\bin\msvcr100.dll
0x0000000058d00000 - 0x00000000595a6000 	C:\Program Files\Java\jdk1.8.0_231\jre\bin\server\jvm.dll
0x00007ffc5bd50000 - 0x00007ffc5bd58000 	C:\Windows\System32\PSAPI.DLL
0x00007ffc54d30000 - 0x00007ffc54d54000 	C:\Windows\SYSTEM32\WINMM.dll
0x00007ffc4ce40000 - 0x00007ffc4ce49000 	C:\Windows\SYSTEM32\WSOCK32.dll
0x00007ffc5bde0000 - 0x00007ffc5be4d000 	C:\Windows\System32\WS2_32.dll
0x00007ffc53960000 - 0x00007ffc5396a000 	C:\Windows\SYSTEM32\VERSION.dll
0x00007ffc54d00000 - 0x00007ffc54d2d000 	C:\Windows\SYSTEM32\winmmbase.dll
0x00007ffc58a60000 - 0x00007ffc58aaa000 	C:\Windows\System32\cfgmgr32.dll
0x00007ffc498f0000 - 0x00007ffc498ff000 	C:\Program Files\Java\jdk1.8.0_231\jre\bin\verify.dll
0x00007ffc435e0000 - 0x00007ffc43609000 	C:\Program Files\Java\jdk1.8.0_231\jre\bin\java.dll
0x00007ffc43680000 - 0x00007ffc43696000 	C:\Program Files\Java\jdk1.8.0_231\jre\bin\zip.dll
0x00007ffc5a310000 - 0x00007ffc5b804000 	C:\Windows\System32\SHELL32.dll
0x00007ffc59ac0000 - 0x00007ffc59b68000 	C:\Windows\System32\shcore.dll
0x00007ffc58170000 - 0x00007ffc588bd000 	C:\Windows\System32\windows.storage.dll
0x00007ffc57fa0000 - 0x00007ffc57fc4000 	C:\Windows\System32\profapi.dll
0x00007ffc58010000 - 0x00007ffc5806d000 	C:\Windows\System32\powrprof.dll
0x00007ffc59400000 - 0x00007ffc59452000 	C:\Windows\System32\shlwapi.dll
0x00007ffc57ff0000 - 0x00007ffc58001000 	C:\Windows\System32\kernel.appcore.dll
0x00007ffc58f00000 - 0x00007ffc58f17000 	C:\Windows\System32\cryptsp.dll
0x00007ffc21bb0000 - 0x00007ffc21d4a000 	C:\Program Files\Java\jdk1.8.0_231\jre\bin\awt.dll
0x00007ffc5be50000 - 0x00007ffc5bf14000 	C:\Windows\System32\OLEAUT32.dll
0x00007ffc56210000 - 0x00007ffc5629c000 	C:\Windows\SYSTEM32\apphelp.dll
0x00007ffc563c0000 - 0x00007ffc5645c000 	C:\Windows\system32\uxtheme.dll
0x00007ffc5a030000 - 0x00007ffc5a19c000 	C:\Windows\System32\MSCTF.dll
0x00007ffc56640000 - 0x00007ffc5666e000 	C:\Windows\system32\dwmapi.dll
0x00007ffc58ff0000 - 0x00007ffc591cb000 	C:\Windows\System32\CRYPT32.dll
0x00007ffc57fd0000 - 0x00007ffc57fe2000 	C:\Windows\System32\MSASN1.dll
0x00007ffc5b810000 - 0x00007ffc5b965000 	C:\Windows\System32\ole32.dll
0x00007ffc30040000 - 0x00007ffc30089000 	C:\Program Files\Java\jdk1.8.0_231\jre\bin\fontmanager.dll
0x00007ffc21a80000 - 0x00007ffc21ba7000 	C:\Windows\system32\opengl32.dll
0x00007ffc304b0000 - 0x00007ffc304dc000 	C:\Windows\SYSTEM32\GLU32.dll
0x00007ffc22e50000 - 0x00007ffc22fee000 	C:\Windows\system32\d3d9.dll
0x00007ffc53970000 - 0x00007ffc53ad4000 	C:\Windows\SYSTEM32\aticfx64.dll
0x00007ffc22e20000 - 0x00007ffc22e41000 	C:\Windows\SYSTEM32\atiu9p64.dll
0x00007ffc225c0000 - 0x00007ffc22e19000 	C:\Windows\SYSTEM32\atiumd64.dll
0x0000000058390000 - 0x0000000058c18000 	C:\Windows\SYSTEM32\atiumd6a.dll
0x00007ffc3f460000 - 0x00007ffc3f47a000 	C:\Program Files\Java\jdk1.8.0_231\jre\bin\net.dll
0x00007ffc577b0000 - 0x00007ffc57817000 	C:\Windows\system32\mswsock.dll
0x00007ffc57510000 - 0x00007ffc575d6000 	C:\Windows\SYSTEM32\DNSAPI.dll
0x00007ffc5bb90000 - 0x00007ffc5bb98000 	C:\Windows\System32\NSI.dll
0x00007ffc574d0000 - 0x00007ffc5750d000 	C:\Windows\SYSTEM32\IPHLPAPI.DLL
0x00007ffc49510000 - 0x00007ffc4951a000 	C:\Windows\System32\rasadhlp.dll
0x00007ffc4b9d0000 - 0x00007ffc4ba49000 	C:\Windows\System32\fwpuclnt.dll
0x00007ffc58f40000 - 0x00007ffc58f66000 	C:\Windows\System32\bcrypt.dll
0x00007ffc3de90000 - 0x00007ffc3dec1000 	C:\Program Files\Java\jdk1.8.0_231\jre\bin\jpeg.dll
0x00007ffc3d0f0000 - 0x00007ffc3d102000 	C:\Program Files\Java\jdk1.8.0_231\jre\bin\nio.dll
0x00007ffc2fc70000 - 0x00007ffc2fcb2000 	C:\Program Files\Java\jdk1.8.0_231\jre\bin\t2k.dll
0x00007ffc4e890000 - 0x00007ffc4e925000 	C:\Windows\System32\TextInputFramework.dll
0x00007ffc55ca0000 - 0x00007ffc55d82000 	C:\Windows\System32\CoreMessaging.dll
0x00007ffc54100000 - 0x00007ffc54422000 	C:\Windows\System32\CoreUIComponents.dll
0x00007ffc57010000 - 0x00007ffc57041000 	C:\Windows\SYSTEM32\ntmarta.dll
0x00007ffc53fa0000 - 0x00007ffc540f3000 	C:\Windows\SYSTEM32\wintypes.dll
0x00007ffc3f4f0000 - 0x00007ffc3f51a000 	C:\Program Files\Java\jdk1.8.0_231\jre\bin\dcpr.dll
0x00007ffc59280000 - 0x00007ffc59322000 	C:\Windows\System32\clbcatq.dll
0x00007ffc53dd0000 - 0x00007ffc53f88000 	C:\Windows\SYSTEM32\WindowsCodecs.dll
0x00007ffc52210000 - 0x00007ffc52266000 	C:\Windows\system32\dataexchange.dll
0x00007ffc55850000 - 0x00007ffc55ace000 	C:\Windows\system32\d3d11.dll
0x00007ffc55ad0000 - 0x00007ffc55c93000 	C:\Windows\system32\dcomp.dll
0x00007ffc56da0000 - 0x00007ffc56e62000 	C:\Windows\system32\dxgi.dll
0x00007ffc56750000 - 0x00007ffc5695d000 	C:\Windows\system32\twinapi.appcore.dll
0x00007ffc56720000 - 0x00007ffc56748000 	C:\Windows\system32\RMCLIENT.dll

VM Arguments:
jvm_args: -Dfile.encoding=UTF-8 
java_command: si.Cargainiciodelsistema
java_class_path (initial): C:\Program Files\NetBeans 8.2\java\modules\ext\AbsoluteLayout.jar;C:\Users\Alexis\Documents\NetBeansProjects\DATAMAXREPOSITORY\Proyecto-DATAMAX-version2.0\libraries\AutoCompleter.jar;C:\Users\Alexis\Documents\NetBeansProjects\DATAMAXREPOSITORY\Proyecto-DATAMAX-version2.0\libraries\jcalendar-1.3.3.jar;C:\Users\Alexis\Documents\NetBeansProjects\DATAMAXREPOSITORY\Proyecto-DATAMAX-version2.0\libraries\swingx-all-1.6.4.jar;C:\Users\Alexis\Documents\NetBeansProjects\DATAMAXREPOSITORY\Proyecto-DATAMAX-version2.0\libraries\commons-collections-3.2.1.jar;C:\Users\Alexis\Documents\NetBeansProjects\DATAMAXREPOSITORY\Proyecto-DATAMAX-version2.0\libraries\AbsoluteLayout.jar;C:\Users\Alexis\Documents\NetBeansProjects\DATAMAXREPOSITORY\Proyecto-DATAMAX-version2.0\libraries\commons-digester-2.1.jar;C:\Users\Alexis\Documents\NetBeansProjects\DATAMAXREPOSITORY\Proyecto-DATAMAX-version2.0\libraries\commons-logging-1.3.jar;C:\Users\Alexis\Documents\NetBeansProjects\DATAMAXREPOSITORY\Proyecto-DATAMAX-version2.0\libraries\groovy-2.4.6.jar;C:\Users\Alexis\Documents\NetBeansProjects\DATAMAXREPOSITORY\Proyecto-DATAMAX-version2.0\libraries\itextpdf-5.5.4.jar;C:\Users\Alexis\Documents\NetBeansProjects\DATAMAXREPOSITORY\Proyecto-DATAMAX-version2.0\libraries\itext-pdfa-5.5.4.jar;C:\Users\Alexis\Documents\NetBeansProjects\DATAMAXREPOSITORY\Proyecto-DATAMAX-version2.0\libraries\jasperreports-6.0.0.jar;C:\Program Files\NetBeans 8.2\ide\modules\ext\mysql-connector-java-5.1.23-bin.jar;C:\Users\Alexis\Documents\NetBeansProjects\DATAMAXREPOSITORY\Proyecto-DATAMAX-version2.0\libraries\mysql-connector-java-5.1.46-bin.jar;C:\Users\Alexis\Downloads\RSTableMetro.jar;C:\Users\Alexis\Documents\NetBeansProjects\DATAMAXREPOSITORY\Proyecto-DATAMAX-version2.0\build\classes
Launcher Type: SUN_STANDARD

Environment Variables:
PATH=C:\Program Files (x86)\Common Files\Oracle\Java\javapath;C:\app\Alexis\product\11.2.0\dbhome_1\bin;C:\Windows\system32;C:\Windows;C:\Windows\System32\Wbem;C:\Windows\System32\WindowsPowerShell\v1.0\;C:\Windows\System32\OpenSSH\;C:\Program Files\MySQL\MySQL Utilities 1.6\;C:\Users\Alexis\AppData\Local\Microsoft\WindowsApps;
USERNAME=Alexis
OS=Windows_NT
PROCESSOR_IDENTIFIER=AMD64 Family 21 Model 96 Stepping 1, AuthenticAMD



---------------  S Y S T E M  ---------------

OS: Windows 10.0 , 64 bit Build 17763 (10.0.17763.475)

CPU:total 4 (initial active 4) (4 cores per cpu, 1 threads per core) family 21 model 96 stepping 1, cmov, cx8, fxsr, mmx, sse, sse2, sse3, ssse3, sse4.1, sse4.2, popcnt, avx, avx2, aes, clmul, mmxext, 3dnowpref, lzcnt, sse4a, tsc, tscinvbit, tscinv, bmi1

Memory: 4k page, physical 12005560k(1359520k free), swap 49754296k(2092k free)

vm_info: Java HotSpot(TM) 64-Bit Server VM (25.231-b11) for windows-amd64 JRE (1.8.0_231-b11), built on Oct  5 2019 03:11:30 by "java_re" with MS VC++ 10.0 (VS2010)

time: Tue Nov 19 00:55:50 2019
timezone: Hora estándar central (México)
elapsed time: 66 seconds (0d 0h 1m 6s)

