#
# There is insufficient memory for the Java Runtime Environment to continue.
# Native memory allocation (malloc) failed to allocate 288592 bytes for Chunk::new
# Possible reasons:
#   The system is out of physical RAM or swap space
#   The process is running with CompressedOops enabled, and the Java Heap may be blocking the growth of the native heap
# Possible solutions:
#   Reduce memory load on the system
#   Increase physical memory or swap space
#   Check if swap backing store is full
#   Decrease Java heap size (-Xmx/-Xms)
#   Decrease number of Java threads
#   Decrease Java thread stack sizes (-Xss)
#   Set larger code cache with -XX:ReservedCodeCacheSize=
#   JVM is running with Zero Based Compressed Oops mode in which the Java heap is
#     placed in the first 32GB address space. The Java Heap base address is the
#     maximum limit for the native heap growth. Please use -XX:HeapBaseMinAddress
#     to set the Java Heap base and to place the Java Heap above 32GB virtual address.
# This output file may be truncated or incomplete.
#
#  Out of Memory Error (allocation.cpp:389), pid=3096, tid=0x0000000000001ddc
#
# JRE version: Java(TM) SE Runtime Environment (8.0_231-b11) (build 1.8.0_231-b11)
# Java VM: Java HotSpot(TM) 64-Bit Server VM (25.231-b11 mixed mode windows-amd64 compressed oops)
# Failed to write core dump. Minidumps are not enabled by default on client versions of Windows
#

---------------  T H R E A D  ---------------

Current thread (0x0000000019026000):  JavaThread "C2 CompilerThread0" daemon [_thread_in_native, id=7644, stack(0x000000001a6a0000,0x000000001a7a0000)]

Stack: [0x000000001a6a0000,0x000000001a7a0000]
[error occurred during error reporting (printing stack bounds), id 0xc0000005]

Native frames: (J=compiled Java code, j=interpreted, Vv=VM code, C=native code)


Current CompileTask:
C2:  30895 2900       4       javax.swing.JLabel::setText (107 bytes)


---------------  P R O C E S S  ---------------

Java Threads: ( => current thread )
  0x0000000023dd1000 JavaThread "Thread-3" [_thread_in_Java, id=5736, stack(0x0000000025b00000,0x0000000025c00000)]
  0x000000001b4ec800 JavaThread "D3D Screen Updater" daemon [_thread_blocked, id=9672, stack(0x0000000024030000,0x0000000024130000)]
  0x000000001b2c9000 JavaThread "TimerQueue" daemon [_thread_blocked, id=9020, stack(0x00000000218d0000,0x00000000219d0000)]
  0x000000001b244000 JavaThread "Abandoned connection cleanup thread" daemon [_thread_blocked, id=7772, stack(0x00000000213d0000,0x00000000214d0000)]
  0x00000000021be800 JavaThread "DestroyJavaVM" [_thread_blocked, id=7488, stack(0x00000000021c0000,0x00000000022c0000)]
  0x000000001b20a800 JavaThread "AWT-EventQueue-0" [_thread_in_native, id=7240, stack(0x000000001c140000,0x000000001c240000)]
  0x000000001b1af800 JavaThread "AWT-Windows" daemon [_thread_in_native, id=3212, stack(0x000000001bb00000,0x000000001bc00000)]
  0x000000001b1a9800 JavaThread "AWT-Shutdown" [_thread_blocked, id=9496, stack(0x000000001ba00000,0x000000001bb00000)]
  0x000000001b1a9000 JavaThread "Java2D Disposer" daemon [_thread_blocked, id=1288, stack(0x000000001b900000,0x000000001ba00000)]
  0x000000001a7a7800 JavaThread "Service Thread" daemon [_thread_blocked, id=7368, stack(0x000000001ada0000,0x000000001aea0000)]
  0x000000001a7a2800 JavaThread "C1 CompilerThread2" daemon [_thread_blocked, id=2052, stack(0x000000001aca0000,0x000000001ada0000)]
  0x000000001907d000 JavaThread "C2 CompilerThread1" daemon [_thread_blocked, id=10476, stack(0x000000001aba0000,0x000000001aca0000)]
=>0x0000000019026000 JavaThread "C2 CompilerThread0" daemon [_thread_in_native, id=7644, stack(0x000000001a6a0000,0x000000001a7a0000)]
  0x0000000019024800 JavaThread "Attach Listener" daemon [_thread_blocked, id=10304, stack(0x000000001a5a0000,0x000000001a6a0000)]
  0x0000000019023000 JavaThread "Signal Dispatcher" daemon [_thread_blocked, id=9620, stack(0x000000001a4a0000,0x000000001a5a0000)]
  0x00000000023b5800 JavaThread "Finalizer" daemon [_thread_blocked, id=10428, stack(0x000000001a280000,0x000000001a380000)]
  0x00000000023b2000 JavaThread "Reference Handler" daemon [_thread_blocked, id=6428, stack(0x000000001a180000,0x000000001a280000)]

Other Threads:
  0x0000000018fe7800 VMThread [stack: 0x000000001a080000,0x000000001a180000] [id=10856]
  0x000000001a7a9800 WatcherThread [stack: 0x000000001b000000,0x000000001b100000] [id=10460]

VM state:not at safepoint (normal execution)

VM Mutex/Monitor currently owned by a thread: None

heap address: 0x0000000708c00000, size: 2932 MB, Compressed Oops mode: Zero based, Oop shift amount: 3
Narrow klass base: 0x0000000000000000, Narrow klass shift: 3
Compressed class space size: 1073741824 Address: 0x00000007c0000000

Heap:
 PSYoungGen      total 975360K, used 931942K [0x0000000782f00000, 0x00000007bf400000, 0x00000007c0000000)
  eden space 962560K, 96% used [0x0000000782f00000,0x00000007bbd09848,0x00000007bdb00000)
  from space 12800K, 0% used [0x00000007bdb00000,0x00000007bdb10000,0x00000007be780000)
  to   space 12800K, 0% used [0x00000007be780000,0x00000007be780000,0x00000007bf400000)
 ParOldGen       total 125952K, used 9602K [0x0000000708c00000, 0x0000000710700000, 0x0000000782f00000)
  object space 125952K, 7% used [0x0000000708c00000,0x0000000709560848,0x0000000710700000)
 Metaspace       used 19955K, capacity 20274K, committed 20608K, reserved 1067008K
  class space    used 2540K, capacity 2629K, committed 2688K, reserved 1048576K

Card table byte_map: [0x0000000011780000,0x0000000011d40000] byte_map_base: 0x000000000df3a000

Marking Bits: (ParMarkBitMap*) 0x000000005afc6d90
 Begin Bits: [0x0000000012520000, 0x00000000152f0000)
 End Bits:   [0x00000000152f0000, 0x00000000180c0000)

Polling page: 0x0000000000880000

CodeCache: size=245760Kb used=8668Kb max_used=8684Kb free=237091Kb
 bounds [0x00000000023c0000, 0x0000000002c50000, 0x00000000113c0000]
 total_blobs=3299 nmethods=2681 adapters=528
 compilation: enabled

Compilation events (10 events):
Event: 30.776 Thread 0x000000001a7a2800 nmethod 2901 0x0000000002c40350 code [0x0000000002c40540, 0x0000000002c40eb8]
Event: 30.776 Thread 0x000000001a7a2800 2902       3       javax.swing.JLabel::checkHorizontalKey (37 bytes)
Event: 30.777 Thread 0x000000001a7a2800 nmethod 2902 0x0000000002c3e610 code [0x0000000002c3e780, 0x0000000002c3eaa8]
Event: 30.807 Thread 0x000000001907d000 nmethod 2903 0x0000000002c446d0 code [0x0000000002c44880, 0x0000000002c45088]
Event: 30.808 Thread 0x000000001907d000 2904       4       javax.swing.SwingUtilities::findDisplayedMnemonicIndex (69 bytes)
Event: 30.818 Thread 0x000000001907d000 nmethod 2904 0x0000000002502d10 code [0x0000000002502e60, 0x00000000025031d8]
Event: 30.823 Thread 0x000000001a7a2800 2906       3       jdk.internal.org.objectweb.asm.MethodWriter::visitMethodInsn (220 bytes)
Event: 30.825 Thread 0x000000001a7a2800 nmethod 2906 0x0000000002c43ad0 code [0x0000000002c43cc0, 0x0000000002c44368]
Event: 30.825 Thread 0x000000001a7a2800 2907       3       jdk.internal.org.objectweb.asm.ClassWriter::newMethodItem (91 bytes)
Event: 30.826 Thread 0x000000001a7a2800 nmethod 2907 0x0000000002c42dd0 code [0x0000000002c42fc0, 0x0000000002c43658]

GC Heap History (10 events):
Event: 26.200 GC heap before
{Heap before GC invocations=11 (full 0):
 PSYoungGen      total 613888K, used 601696K [0x0000000782f00000, 0x00000007a9400000, 0x00000007c0000000)
  eden space 601600K, 100% used [0x0000000782f00000,0x00000007a7a80000,0x00000007a7a80000)
  from space 12288K, 0% used [0x00000007a8700000,0x00000007a8718000,0x00000007a9300000)
  to   space 12800K, 0% used [0x00000007a7a80000,0x00000007a7a80000,0x00000007a8700000)
 ParOldGen       total 125952K, used 9546K [0x0000000708c00000, 0x0000000710700000, 0x0000000782f00000)
  object space 125952K, 7% used [0x0000000708c00000,0x0000000709552848,0x0000000710700000)
 Metaspace       used 19752K, capacity 20044K, committed 20352K, reserved 1067008K
  class space    used 2514K, capacity 2594K, committed 2688K, reserved 1048576K
Event: 26.208 GC heap after
Heap after GC invocations=11 (full 0):
 PSYoungGen      total 614400K, used 96K [0x0000000782f00000, 0x00000007bf400000, 0x00000007c0000000)
  eden space 601600K, 0% used [0x0000000782f00000,0x0000000782f00000,0x00000007a7a80000)
  from space 12800K, 0% used [0x00000007a7a80000,0x00000007a7a98000,0x00000007a8700000)
  to   space 12800K, 0% used [0x00000007be780000,0x00000007be780000,0x00000007bf400000)
 ParOldGen       total 125952K, used 9562K [0x0000000708c00000, 0x0000000710700000, 0x0000000782f00000)
  object space 125952K, 7% used [0x0000000708c00000,0x0000000709556848,0x0000000710700000)
 Metaspace       used 19752K, capacity 20044K, committed 20352K, reserved 1067008K
  class space    used 2514K, capacity 2594K, committed 2688K, reserved 1048576K
}
Event: 26.750 GC heap before
{Heap before GC invocations=12 (full 0):
 PSYoungGen      total 614400K, used 601696K [0x0000000782f00000, 0x00000007bf400000, 0x00000007c0000000)
  eden space 601600K, 100% used [0x0000000782f00000,0x00000007a7a80000,0x00000007a7a80000)
  from space 12800K, 0% used [0x00000007a7a80000,0x00000007a7a98000,0x00000007a8700000)
  to   space 12800K, 0% used [0x00000007be780000,0x00000007be780000,0x00000007bf400000)
 ParOldGen       total 125952K, used 9562K [0x0000000708c00000, 0x0000000710700000, 0x0000000782f00000)
  object space 125952K, 7% used [0x0000000708c00000,0x0000000709556848,0x0000000710700000)
 Metaspace       used 19757K, capacity 20044K, committed 20352K, reserved 1067008K
  class space    used 2514K, capacity 2594K, committed 2688K, reserved 1048576K
Event: 26.783 GC heap after
Heap after GC invocations=12 (full 0):
 PSYoungGen      total 975360K, used 96K [0x0000000782f00000, 0x00000007bf400000, 0x00000007c0000000)
  eden space 962560K, 0% used [0x0000000782f00000,0x0000000782f00000,0x00000007bdb00000)
  from space 12800K, 0% used [0x00000007be780000,0x00000007be798000,0x00000007bf400000)
  to   space 12800K, 0% used [0x00000007bdb00000,0x00000007bdb00000,0x00000007be780000)
 ParOldGen       total 125952K, used 9578K [0x0000000708c00000, 0x0000000710700000, 0x0000000782f00000)
  object space 125952K, 7% used [0x0000000708c00000,0x000000070955a848,0x0000000710700000)
 Metaspace       used 19757K, capacity 20044K, committed 20352K, reserved 1067008K
  class space    used 2514K, capacity 2594K, committed 2688K, reserved 1048576K
}
Event: 28.029 GC heap before
{Heap before GC invocations=13 (full 0):
 PSYoungGen      total 975360K, used 962656K [0x0000000782f00000, 0x00000007bf400000, 0x00000007c0000000)
  eden space 962560K, 100% used [0x0000000782f00000,0x00000007bdb00000,0x00000007bdb00000)
  from space 12800K, 0% used [0x00000007be780000,0x00000007be798000,0x00000007bf400000)
  to   space 12800K, 0% used [0x00000007bdb00000,0x00000007bdb00000,0x00000007be780000)
 ParOldGen       total 125952K, used 9578K [0x0000000708c00000, 0x0000000710700000, 0x0000000782f00000)
  object space 125952K, 7% used [0x0000000708c00000,0x000000070955a848,0x0000000710700000)
 Metaspace       used 19760K, capacity 20044K, committed 20352K, reserved 1067008K
  class space    used 2514K, capacity 2594K, committed 2688K, reserved 1048576K
Event: 28.144 GC heap after
Heap after GC invocations=13 (full 0):
 PSYoungGen      total 975360K, used 64K [0x0000000782f00000, 0x00000007bf400000, 0x00000007c0000000)
  eden space 962560K, 0% used [0x0000000782f00000,0x0000000782f00000,0x00000007bdb00000)
  from space 12800K, 0% used [0x00000007bdb00000,0x00000007bdb10000,0x00000007be780000)
  to   space 12800K, 0% used [0x00000007be780000,0x00000007be780000,0x00000007bf400000)
 ParOldGen       total 125952K, used 9586K [0x0000000708c00000, 0x0000000710700000, 0x0000000782f00000)
  object space 125952K, 7% used [0x0000000708c00000,0x000000070955c848,0x0000000710700000)
 Metaspace       used 19760K, capacity 20044K, committed 20352K, reserved 1067008K
  class space    used 2514K, capacity 2594K, committed 2688K, reserved 1048576K
}
Event: 29.020 GC heap before
{Heap before GC invocations=14 (full 0):
 PSYoungGen      total 975360K, used 962624K [0x0000000782f00000, 0x00000007bf400000, 0x00000007c0000000)
  eden space 962560K, 100% used [0x0000000782f00000,0x00000007bdb00000,0x00000007bdb00000)
  from space 12800K, 0% used [0x00000007bdb00000,0x00000007bdb10000,0x00000007be780000)
  to   space 12800K, 0% used [0x00000007be780000,0x00000007be780000,0x00000007bf400000)
 ParOldGen       total 125952K, used 9586K [0x0000000708c00000, 0x0000000710700000, 0x0000000782f00000)
  object space 125952K, 7% used [0x0000000708c00000,0x000000070955c848,0x0000000710700000)
 Metaspace       used 19762K, capacity 20044K, committed 20352K, reserved 1067008K
  class space    used 2514K, capacity 2594K, committed 2688K, reserved 1048576K
Event: 29.030 GC heap after
Heap after GC invocations=14 (full 0):
 PSYoungGen      total 975360K, used 64K [0x0000000782f00000, 0x00000007bf400000, 0x00000007c0000000)
  eden space 962560K, 0% used [0x0000000782f00000,0x0000000782f00000,0x00000007bdb00000)
  from space 12800K, 0% used [0x00000007be780000,0x00000007be790000,0x00000007bf400000)
  to   space 12800K, 0% used [0x00000007bdb00000,0x00000007bdb00000,0x00000007be780000)
 ParOldGen       total 125952K, used 9594K [0x0000000708c00000, 0x0000000710700000, 0x0000000782f00000)
  object space 125952K, 7% used [0x0000000708c00000,0x000000070955e848,0x0000000710700000)
 Metaspace       used 19762K, capacity 20044K, committed 20352K, reserved 1067008K
  class space    used 2514K, capacity 2594K, committed 2688K, reserved 1048576K
}
Event: 29.921 GC heap before
{Heap before GC invocations=15 (full 0):
 PSYoungGen      total 975360K, used 962624K [0x0000000782f00000, 0x00000007bf400000, 0x00000007c0000000)
  eden space 962560K, 100% used [0x0000000782f00000,0x00000007bdb00000,0x00000007bdb00000)
  from space 12800K, 0% used [0x00000007be780000,0x00000007be790000,0x00000007bf400000)
  to   space 12800K, 0% used [0x00000007bdb00000,0x00000007bdb00000,0x00000007be780000)
 ParOldGen       total 125952K, used 9594K [0x0000000708c00000, 0x0000000710700000, 0x0000000782f00000)
  object space 125952K, 7% used [0x0000000708c00000,0x000000070955e848,0x0000000710700000)
 Metaspace       used 19765K, capacity 20044K, committed 20352K, reserved 1067008K
  class space    used 2514K, capacity 2594K, committed 2688K, reserved 1048576K
Event: 29.938 GC heap after
Heap after GC invocations=15 (full 0):
 PSYoungGen      total 975360K, used 64K [0x0000000782f00000, 0x00000007bf400000, 0x00000007c0000000)
  eden space 962560K, 0% used [0x0000000782f00000,0x0000000782f00000,0x00000007bdb00000)
  from space 12800K, 0% used [0x00000007bdb00000,0x00000007bdb10000,0x00000007be780000)
  to   space 12800K, 0% used [0x00000007be780000,0x00000007be780000,0x00000007bf400000)
 ParOldGen       total 125952K, used 9602K [0x0000000708c00000, 0x0000000710700000, 0x0000000782f00000)
  object space 125952K, 7% used [0x0000000708c00000,0x0000000709560848,0x0000000710700000)
 Metaspace       used 19765K, capacity 20044K, committed 20352K, reserved 1067008K
  class space    used 2514K, capacity 2594K, committed 2688K, reserved 1048576K
}

Deoptimization events (10 events):
Event: 21.910 Thread 0x000000001b20a800 Uncommon trap: reason=class_check action=maybe_recompile pc=0x000000000293ceb8 method=javax.swing.UIDefaults.getFromHashtable(Ljava/lang/Object;)Ljava/lang/Object; @ 92
Event: 22.215 Thread 0x000000001b20a800 Uncommon trap: reason=unstable_if action=reinterpret pc=0x0000000002a49b10 method=javax.swing.RepaintManager.addDirtyRegion0(Ljava/awt/Container;IIII)V @ 7
Event: 22.215 Thread 0x000000001b20a800 Uncommon trap: reason=unstable_if action=reinterpret pc=0x0000000002a36edc method=javax.swing.RepaintManager.addDirtyRegion0(Ljava/awt/Container;IIII)V @ 7
Event: 23.137 Thread 0x0000000023dd1000 Uncommon trap: reason=unstable_if action=reinterpret pc=0x0000000002a870f4 method=javax.swing.JComponent.revalidate()V @ 12
Event: 23.244 Thread 0x000000001b20a800 Uncommon trap: reason=predicate action=maybe_recompile pc=0x000000000272ffc0 method=java.awt.LinearGradientPaintContext.fillRaster([IIIIIII)V @ 56
Event: 23.244 Thread 0x000000001b20a800 Uncommon trap: reason=unstable_if action=reinterpret pc=0x000000000268ba04 method=java.awt.MultipleGradientPaintContext.indexIntoGradientsArrays(F)I @ 93
Event: 23.244 Thread 0x000000001b20a800 Uncommon trap: reason=unstable_if action=reinterpret pc=0x000000000272dec4 method=java.awt.MultipleGradientPaintContext.indexIntoGradientsArrays(F)I @ 93
Event: 24.042 Thread 0x000000001b20a800 Uncommon trap: reason=unstable_if action=reinterpret pc=0x0000000002958f7c method=java.lang.ref.SoftReference.get()Ljava/lang/Object; @ 17
Event: 30.768 Thread 0x000000001b20a800 Uncommon trap: reason=unstable_if action=reinterpret pc=0x0000000002b9b66c method=javax.swing.SwingUtilities.findDisplayedMnemonicIndex(Ljava/lang/String;I)I @ 1
Event: 30.775 Thread 0x000000001b20a800 Uncommon trap: reason=unstable_if action=reinterpret pc=0x0000000002b7173c method=javax.swing.SwingUtilities.findDisplayedMnemonicIndex(Ljava/lang/String;I)I @ 1

Classes redefined (0 events):
No events

Internal exceptions (10 events):
Event: 0.776 Thread 0x00000000021be800 Exception <a 'java/lang/ClassNotFoundException': Tree> (0x00000007833f7fd0) thrown at [C:\re\workspace\8-2-build-windows-amd64-cygwin\jdk8u231\13620\hotspot\src\share\vm\classfile\systemDictionary.cpp, line 210]
Event: 0.776 Thread 0x00000000021be800 Exception <a 'java/lang/ClassNotFoundException': Tree> (0x00000007833f8710) thrown at [C:\re\workspace\8-2-build-windows-amd64-cygwin\jdk8u231\13620\hotspot\src\share\vm\classfile\systemDictionary.cpp, line 210]
Event: 0.776 Thread 0x00000000021be800 Exception <a 'java/lang/ClassNotFoundException': javax/swing/JTreeCell> (0x00000007833f8a90) thrown at [C:\re\workspace\8-2-build-windows-amd64-cygwin\jdk8u231\13620\hotspot\src\share\vm\classfile\systemDictionary.cpp, line 210]
Event: 0.776 Thread 0x00000000021be800 Exception <a 'java/lang/ClassNotFoundException': TreeCell> (0x00000007833f8f18) thrown at [C:\re\workspace\8-2-build-windows-amd64-cygwin\jdk8u231\13620\hotspot\src\share\vm\classfile\systemDictionary.cpp, line 210]
Event: 0.777 Thread 0x00000000021be800 Exception <a 'java/lang/ClassNotFoundException': RootPane> (0x00000007833f9978) thrown at [C:\re\workspace\8-2-build-windows-amd64-cygwin\jdk8u231\13620\hotspot\src\share\vm\classfile\systemDictionary.cpp, line 210]
Event: 13.584 Thread 0x000000001b4ec800 Implicit null exception at 0x00000000027b1775 to 0x00000000027b181d
Event: 19.465 Thread 0x000000001b20a800 Implicit null exception at 0x00000000026f321a to 0x00000000026f352d
Event: 20.370 Thread 0x000000001b20a800 Implicit null exception at 0x000000000265a1c0 to 0x000000000265da15
Event: 30.768 Thread 0x000000001b20a800 Implicit null exception at 0x0000000002b97d79 to 0x0000000002b9b645
Event: 30.775 Thread 0x000000001b20a800 Implicit null exception at 0x0000000002b713ec to 0x0000000002b71729

Events (10 events):
Event: 30.823 loading class sun/awt/AWTAccessor$SystemColorAccessor done
Event: 30.826 Thread 0x000000001a7a2800 flushing nmethod 0x000000000262df10
Event: 30.832 Executing VM operation: RevokeBias
Event: 30.832 Executing VM operation: RevokeBias done
Event: 30.834 Executing VM operation: RevokeBias
Event: 30.835 Executing VM operation: RevokeBias done
Event: 30.839 loading class javax/swing/plaf/basic/BasicOptionPaneUI$Actions
Event: 30.840 loading class javax/swing/plaf/basic/BasicOptionPaneUI$Actions done
Event: 30.840 loading class javax/swing/SizeRequirements
Event: 30.841 loading class javax/swing/SizeRequirements done


Dynamic libraries:
0x00007ff6dfcb0000 - 0x00007ff6dfce7000 	C:\Program Files\Java\jdk1.8.0_231\jre\bin\java.exe
0x00007ff8cd6a0000 - 0x00007ff8cd88d000 	C:\Windows\SYSTEM32\ntdll.dll
0x00007ff8cb600000 - 0x00007ff8cb6b3000 	C:\Windows\System32\KERNEL32.DLL
0x00007ff8ca580000 - 0x00007ff8ca813000 	C:\Windows\System32\KERNELBASE.dll
0x00007ff8cd2f0000 - 0x00007ff8cd393000 	C:\Windows\System32\ADVAPI32.dll
0x00007ff8ca8c0000 - 0x00007ff8ca95e000 	C:\Windows\System32\msvcrt.dll
0x00007ff8cd420000 - 0x00007ff8cd4be000 	C:\Windows\System32\sechost.dll
0x00007ff8cb340000 - 0x00007ff8cb462000 	C:\Windows\System32\RPCRT4.dll
0x00007ff8cd4d0000 - 0x00007ff8cd667000 	C:\Windows\System32\USER32.dll
0x00007ff8ca8a0000 - 0x00007ff8ca8c0000 	C:\Windows\System32\win32u.dll
0x00007ff8cb0f0000 - 0x00007ff8cb119000 	C:\Windows\System32\GDI32.dll
0x00007ff8c9c90000 - 0x00007ff8c9e29000 	C:\Windows\System32\gdi32full.dll
0x00007ff8c9960000 - 0x00007ff8c9a00000 	C:\Windows\System32\msvcp_win.dll
0x00007ff8c97b0000 - 0x00007ff8c98aa000 	C:\Windows\System32\ucrtbase.dll
0x00007ff8be1a0000 - 0x00007ff8be419000 	C:\Windows\WinSxS\amd64_microsoft.windows.common-controls_6595b64144ccf1df_6.0.17763.864_none_05b3441807210760\COMCTL32.dll
0x00007ff8cb6c0000 - 0x00007ff8cb9ec000 	C:\Windows\System32\combase.dll
0x00007ff8c9a00000 - 0x00007ff8c9a7e000 	C:\Windows\System32\bcryptPrimitives.dll
0x00007ff8cb470000 - 0x00007ff8cb49e000 	C:\Windows\System32\IMM32.DLL
0x000000005a6c0000 - 0x000000005a792000 	C:\Program Files\Java\jdk1.8.0_231\jre\bin\msvcr100.dll
0x000000005a7a0000 - 0x000000005b046000 	C:\Program Files\Java\jdk1.8.0_231\jre\bin\server\jvm.dll
0x00007ff8cbaa0000 - 0x00007ff8cbaa8000 	C:\Windows\System32\PSAPI.DLL
0x00007ff8ac0a0000 - 0x00007ff8ac0a9000 	C:\Windows\SYSTEM32\WSOCK32.dll
0x00007ff8ca960000 - 0x00007ff8ca9cd000 	C:\Windows\System32\WS2_32.dll
0x00007ff8c7290000 - 0x00007ff8c72b4000 	C:\Windows\SYSTEM32\WINMM.dll
0x00007ff8c44b0000 - 0x00007ff8c44ba000 	C:\Windows\SYSTEM32\VERSION.dll
0x00007ff8c6ad0000 - 0x00007ff8c6afd000 	C:\Windows\SYSTEM32\WINMMBASE.dll
0x00007ff8c9760000 - 0x00007ff8c97aa000 	C:\Windows\System32\cfgmgr32.dll
0x00007ff8ac090000 - 0x00007ff8ac09f000 	C:\Program Files\Java\jdk1.8.0_231\jre\bin\verify.dll
0x00007ff88e080000 - 0x00007ff88e0a9000 	C:\Program Files\Java\jdk1.8.0_231\jre\bin\java.dll
0x00007ff88e060000 - 0x00007ff88e076000 	C:\Program Files\Java\jdk1.8.0_231\jre\bin\zip.dll
0x00007ff8cbab0000 - 0x00007ff8ccfa4000 	C:\Windows\System32\SHELL32.dll
0x00007ff8cb9f0000 - 0x00007ff8cba98000 	C:\Windows\System32\shcore.dll
0x00007ff8c9e30000 - 0x00007ff8ca57d000 	C:\Windows\System32\windows.storage.dll
0x00007ff8c9690000 - 0x00007ff8c96b4000 	C:\Windows\System32\profapi.dll
0x00007ff8c96c0000 - 0x00007ff8c971d000 	C:\Windows\System32\powrprof.dll
0x00007ff8cd1e0000 - 0x00007ff8cd232000 	C:\Windows\System32\shlwapi.dll
0x00007ff8c9720000 - 0x00007ff8c9731000 	C:\Windows\System32\kernel.appcore.dll
0x00007ff8ca820000 - 0x00007ff8ca837000 	C:\Windows\System32\cryptsp.dll
0x00007ff88d7c0000 - 0x00007ff88d95a000 	C:\Program Files\Java\jdk1.8.0_231\jre\bin\awt.dll
0x00007ff8cae50000 - 0x00007ff8caf14000 	C:\Windows\System32\OLEAUT32.dll
0x00007ff8c7900000 - 0x00007ff8c798c000 	C:\Windows\SYSTEM32\apphelp.dll
0x00007ff8c7ab0000 - 0x00007ff8c7b4c000 	C:\Windows\system32\uxtheme.dll
0x00007ff8caf80000 - 0x00007ff8cb0ec000 	C:\Windows\System32\MSCTF.dll
0x00007ff8c7d30000 - 0x00007ff8c7d5e000 	C:\Windows\system32\dwmapi.dll
0x00007ff8c9a80000 - 0x00007ff8c9c5b000 	C:\Windows\System32\CRYPT32.dll
0x00007ff8c9740000 - 0x00007ff8c9752000 	C:\Windows\System32\MSASN1.dll
0x00007ff8cb4a0000 - 0x00007ff8cb5f5000 	C:\Windows\System32\ole32.dll
0x00007ff88df60000 - 0x00007ff88dfa9000 	C:\Program Files\Java\jdk1.8.0_231\jre\bin\fontmanager.dll
0x00007ff88d420000 - 0x00007ff88d547000 	C:\Windows\system32\opengl32.dll
0x00007ff88dfb0000 - 0x00007ff88dfdc000 	C:\Windows\SYSTEM32\GLU32.dll
0x00007ff893ac0000 - 0x00007ff893c5e000 	C:\Windows\system32\d3d9.dll
0x00007ff8c44c0000 - 0x00007ff8c4624000 	C:\Windows\SYSTEM32\aticfx64.dll
0x00007ff894d30000 - 0x00007ff894d51000 	C:\Windows\SYSTEM32\atiu9p64.dll
0x00007ff892710000 - 0x00007ff892f69000 	C:\Windows\SYSTEM32\atiumd64.dll
0x000000005ba10000 - 0x000000005c298000 	C:\Windows\SYSTEM32\atiumd6a.dll
0x00007ff88e040000 - 0x00007ff88e05a000 	C:\Program Files\Java\jdk1.8.0_231\jre\bin\net.dll
0x00007ff8c8ea0000 - 0x00007ff8c8f07000 	C:\Windows\system32\mswsock.dll
0x00007ff8c8c10000 - 0x00007ff8c8cd6000 	C:\Windows\SYSTEM32\DNSAPI.dll
0x00007ff8cd4c0000 - 0x00007ff8cd4c8000 	C:\Windows\System32\NSI.dll
0x00007ff8c8bc0000 - 0x00007ff8c8bfd000 	C:\Windows\SYSTEM32\IPHLPAPI.DLL
0x00007ff8bcae0000 - 0x00007ff8bcaea000 	C:\Windows\System32\rasadhlp.dll
0x00007ff8bcf00000 - 0x00007ff8bcf79000 	C:\Windows\System32\fwpuclnt.dll
0x00007ff8c9c60000 - 0x00007ff8c9c86000 	C:\Windows\System32\bcrypt.dll
0x00007ff8c2cb0000 - 0x00007ff8c2ce1000 	C:\Program Files\Java\jdk1.8.0_231\jre\bin\jpeg.dll
0x00007ff88e020000 - 0x00007ff88e032000 	C:\Program Files\Java\jdk1.8.0_231\jre\bin\nio.dll
0x00007ff88d3d0000 - 0x00007ff88d412000 	C:\Program Files\Java\jdk1.8.0_231\jre\bin\t2k.dll
0x00007ff8bfc50000 - 0x00007ff8bfce5000 	C:\Windows\System32\TextInputFramework.dll
0x00007ff8c4be0000 - 0x00007ff8c4f02000 	C:\Windows\System32\CoreUIComponents.dll
0x00007ff8c7480000 - 0x00007ff8c7562000 	C:\Windows\System32\CoreMessaging.dll
0x00007ff8c5510000 - 0x00007ff8c5663000 	C:\Windows\SYSTEM32\wintypes.dll
0x00007ff8c8700000 - 0x00007ff8c8731000 	C:\Windows\SYSTEM32\ntmarta.dll
0x00007ff8c4b70000 - 0x00007ff8c4b9a000 	C:\Program Files\Java\jdk1.8.0_231\jre\bin\dcpr.dll
0x00007ff8cd240000 - 0x00007ff8cd2e2000 	C:\Windows\System32\clbcatq.dll
0x00007ff8c47c0000 - 0x00007ff8c4978000 	C:\Windows\SYSTEM32\WindowsCodecs.dll
0x00007ff8a89a0000 - 0x00007ff8a89f6000 	C:\Windows\system32\dataexchange.dll
0x00007ff8c6850000 - 0x00007ff8c6ace000 	C:\Windows\system32\d3d11.dll
0x00007ff8c70c0000 - 0x00007ff8c7283000 	C:\Windows\system32\dcomp.dll
0x00007ff8c83c0000 - 0x00007ff8c8482000 	C:\Windows\system32\dxgi.dll
0x00007ff8c7e10000 - 0x00007ff8c801d000 	C:\Windows\system32\twinapi.appcore.dll
0x00007ff8c8020000 - 0x00007ff8c8048000 	C:\Windows\system32\RMCLIENT.dll

VM Arguments:
jvm_args: -Dfile.encoding=UTF-8 
java_command: si.Cargainiciodelsistema
java_class_path (initial): C:\Program Files\NetBeans 8.2\java\modules\ext\AbsoluteLayout.jar;C:\Users\Alexis\Documents\NetBeansProjects\DATAMAXREPOSITORY\Proyecto-DATAMAX-version2.0\libraries\AutoCompleter.jar;C:\Users\Alexis\Documents\NetBeansProjects\DATAMAXREPOSITORY\Proyecto-DATAMAX-version2.0\libraries\jcalendar-1.3.3.jar;C:\Users\Alexis\Documents\NetBeansProjects\DATAMAXREPOSITORY\Proyecto-DATAMAX-version2.0\libraries\swingx-all-1.6.4.jar;C:\Users\Alexis\Documents\NetBeansProjects\DATAMAXREPOSITORY\Proyecto-DATAMAX-version2.0\libraries\commons-collections-3.2.1.jar;C:\Users\Alexis\Documents\NetBeansProjects\DATAMAXREPOSITORY\Proyecto-DATAMAX-version2.0\libraries\AbsoluteLayout.jar;C:\Users\Alexis\Documents\NetBeansProjects\DATAMAXREPOSITORY\Proyecto-DATAMAX-version2.0\libraries\commons-digester-2.1.jar;C:\Users\Alexis\Documents\NetBeansProjects\DATAMAXREPOSITORY\Proyecto-DATAMAX-version2.0\libraries\commons-logging-1.3.jar;C:\Users\Alexis\Documents\NetBeansProjects\DATAMAXREPOSITORY\Proyecto-DATAMAX-version2.0\libraries\groovy-2.4.6.jar;C:\Users\Alexis\Documents\NetBeansProjects\DATAMAXREPOSITORY\Proyecto-DATAMAX-version2.0\libraries\itextpdf-5.5.4.jar;C:\Users\Alexis\Documents\NetBeansProjects\DATAMAXREPOSITORY\Proyecto-DATAMAX-version2.0\libraries\itext-pdfa-5.5.4.jar;C:\Users\Alexis\Documents\NetBeansProjects\DATAMAXREPOSITORY\Proyecto-DATAMAX-version2.0\libraries\jasperreports-6.0.0.jar;C:\Program Files\NetBeans 8.2\ide\modules\ext\mysql-connector-java-5.1.23-bin.jar;C:\Users\Alexis\Documents\NetBeansProjects\DATAMAXREPOSITORY\Proyecto-DATAMAX-version2.0\libraries\mysql-connector-java-5.1.46-bin.jar;C:\Users\Alexis\Downloads\RSTableMetro.jar;C:\Users\Alexis\Documents\NetBeansProjects\DATAMAXREPOSITORY\Proyecto-DATAMAX-version2.0\build\classes
Launcher Type: SUN_STANDARD

Environment Variables:
PATH=C:\Program Files (x86)\Common Files\Oracle\Java\javapath;C:\app\Alexis\product\11.2.0\dbhome_1\bin;C:\Windows\system32;C:\Windows;C:\Windows\System32\Wbem;C:\Windows\System32\WindowsPowerShell\v1.0\;C:\Windows\System32\OpenSSH\;C:\Program Files\MySQL\MySQL Utilities 1.6\;C:\Users\Alexis\AppData\Local\Microsoft\WindowsApps;
USERNAME=Alexis
OS=Windows_NT
PROCESSOR_IDENTIFIER=AMD64 Family 21 Model 96 Stepping 1, AuthenticAMD



---------------  S Y S T E M  ---------------

OS: Windows 10.0 , 64 bit Build 17763 (10.0.17763.475)

CPU:total 4 (initial active 4) (4 cores per cpu, 1 threads per core) family 21 model 96 stepping 1, cmov, cx8, fxsr, mmx, sse, sse2, sse3, ssse3, sse4.1, sse4.2, popcnt, avx, avx2, aes, clmul, mmxext, 3dnowpref, lzcnt, sse4a, tsc, tscinvbit, tscinv, bmi1

Memory: 4k page, physical 12005560k(713348k free), swap 49754296k(4688k free)

vm_info: Java HotSpot(TM) 64-Bit Server VM (25.231-b11) for windows-amd64 JRE (1.8.0_231-b11), built on Oct  5 2019 03:11:30 by "java_re" with MS VC++ 10.0 (VS2010)

time: Sun Nov 24 11:01:25 2019
timezone: Hora estándar central (México)
elapsed time: 30 seconds (0d 0h 0m 30s)

