#
# There is insufficient memory for the Java Runtime Environment to continue.
# Native memory allocation (malloc) failed to allocate 32744 bytes for ChunkPool::allocate
# Possible reasons:
#   The system is out of physical RAM or swap space
#   The process is running with CompressedOops enabled, and the Java Heap may be blocking the growth of the native heap
# Possible solutions:
#   Reduce memory load on the system
#   Increase physical memory or swap space
#   Check if swap backing store is full
#   Decrease Java heap size (-Xmx/-Xms)
#   Decrease number of Java threads
  0x0000000019a47800 VMThread [stack: 0x000000001aaf0000,0x000000001abf0000] [id=10704]
  0x000000001b45d800 WatcherThread [stack: 0x000000001ba70000,0x000000001bb70000] [id=11472]

VM state:not at safepoint (normal execution)

VM Mutex/Monitor currently owned by a thread: None

heap address: 0x0000000708c00000, size: 2932 MB, Compressed Oops mode: Zero based, Oop shift amount: 3
Narrow klass base: 0x0000000000000000, Narrow klass shift: 3
Compressed class space size: 1073741824 Address: 0x00000007c0000000

Heap:
 PSYoungGen      total 125952K, used 107367K [0x0000000782f00000, 0x000000078ae00000, 0x00000007c0000000)
  eden space 121856K, 88% used [0x0000000782f00000,0x00000007897c9c28,0x000000078a600000)
  from space 4096K, 1% used [0x000000078aa00000,0x000000078aa10000,0x000000078ae00000)
  to   space 4096K, 0% used [0x000000078a600000,0x000000078a600000,0x000000078aa00000)
 ParOldGen       total 125952K, used 9229K [0x0000000708c00000, 0x0000000710700000, 0x0000000782f00000)
  object space 125952K, 7% used [0x0000000708c00000,0x0000000709503738,0x0000000710700000)
 Metaspace       used 19583K, capacity 19806K, committed 20096K, reserved 1067008K
  class space    used 2482K, capacity 2563K, committed 2688K, reserved 1048576K

Card table byte_map: [0x00000000121e0000,0x00000000127a0000] byte_map_base: 0x000000000e99a000

Marking Bits: (ParMarkBitMap*) 0x0000000059846d90
 Begin Bits: [0x0000000012f80000, 0x0000000015d50000)
 End Bits:   [0x0000000015d50000, 0x0000000018b20000)

Polling page: 0x0000000000bf0000

CodeCache: size=245760Kb used=7496Kb max_used=7496Kb free=238263Kb
 bounds [0x0000000002e20000, 0x0000000003580000, 0x0000000011e20000]
 total_blobs=2987 nmethods=2367 adapters=531
 compilation: enabled

Compilation events (10 events):
Event: 23.120 Thread 0x0000000019ab6000 nmethod 2555 0x0000000003447d90 code [0x0000000003447ee0, 0x0000000003448090]
Event: 28.525 Thread 0x0000000019ab6000 2556       3       java.awt.Container$MouseEventTargetFilter::accept (66 bytes)
Event: 28.526 Thread 0x0000000019ab6000 nmethod 2556 0x0000000003447810 code [0x0000000003447980, 0x0000000003447cd0]
Event: 28.526 Thread 0x0000000019ab6000 2557       3       sun.awt.windows.WToolkit::targetToPeer (5 bytes)
Event: 28.527 Thread 0x0000000019ab6000 nmethod 2557 0x0000000003446d10 code [0x0000000003446ee0, 0x0000000003447598]
Event: 28.528 Thread 0x0000000019ab6000 2558       3       sun.awt.SunToolkit::targetToPeer (20 bytes)
Event: 28.529 Thread 0x0000000019ab6000 nmethod 2558 0x0000000003446310 code [0x00000000034464c0, 0x0000000003446b18]
Event: 28.535 Thread 0x0000000019ab6000 2559       3       java.util.HashSet::remove (20 bytes)
Event: 28.536 Thread 0x0000000019ab6000 nmethod 2559 0x0000000003445e50 code [0x0000000003445fc0, 0x0000000003446248]
Event: 28.544 Thread 0x0000000019ab6000 2560       3       sun.awt.SunToolkit::postEvent (157 bytes)

GC Heap History (10 events):
Event: 27.946 GC heap before
{Heap before GC invocations=70 (full 0):
 PSYoungGen      total 125952K, used 121920K [0x0000000782f00000, 0x000000078ae00000, 0x00000007c0000000)
  eden space 121856K, 100% used [0x0000000782f00000,0x000000078a600000,0x000000078a600000)
  from space 4096K, 1% used [0x000000078a600000,0x000000078a610000,0x000000078aa00000)
  to   space 4096K, 0% used [0x000000078aa00000,0x000000078aa00000,0x000000078ae00000)
 ParOldGen       total 125952K, used 9229K [0x0000000708c00000, 0x0000000710700000, 0x0000000782f00000)
  object space 125952K, 7% used [0x0000000708c00000,0x0000000709503738,0x0000000710700000)
 Metaspace       used 19580K, capacity 19806K, committed 20096K, reserved 1067008K
  class space    used 2482K, capacity 2563K, committed 2688K, reserved 1048576K
Event: 27.948 GC heap after
Heap after GC invocations=70 (full 0):
 PSYoungGen      total 125952K, used 96K [0x0000000782f00000, 0x000000078ae00000, 0x00000007c0000000)
  eden space 121856K, 0% used [0x0000000782f00000,0x0000000782f00000,0x000000078a600000)
  from space 4096K, 2% used [0x000000078aa00000,0x000000078aa18000,0x000000078ae00000)
  to   space 4096K, 0% used [0x000000078a600000,0x000000078a600000,0x000000078aa00000)
 ParOldGen       total 125952K, used 9229K [0x0000000708c00000, 0x0000000710700000, 0x0000000782f00000)
  object space 125952K, 7% used [0x0000000708c00000,0x0000000709503738,0x0000000710700000)
 Metaspace       used 19580K, capacity 19806K, committed 20096K, reserved 1067008K
  class space    used 2482K, capacity 2563K, committed 2688K, reserved 1048576K
}
Event: 28.075 GC heap before
{Heap before GC invocations=71 (full 0):
 PSYoungGen      total 125952K, used 121952K [0x0000000782f00000, 0x000000078ae00000, 0x00000007c0000000)
  eden space 121856K, 100% used [0x0000000782f00000,0x000000078a600000,0x000000078a600000)
  from space 4096K, 2% used [0x000000078aa00000,0x000000078aa18000,0x000000078ae00000)
  to   space 4096K, 0% used [0x000000078a600000,0x000000078a600000,0x000000078aa00000)
 ParOldGen       total 125952K, used 9229K [0x0000000708c00000, 0x0000000710700000, 0x0000000782f00000)
  object space 125952K, 7% used [0x0000000708c00000,0x0000000709503738,0x0000000710700000)
 Metaspace       used 19580K, capacity 19806K, committed 20096K, reserved 1067008K
  class space    used 2482K, capacity 2563K, committed 2688K, reserved 1048576K
Event: 28.077 GC heap after
Heap after GC invocations=71 (full 0):
 PSYoungGen      total 125952K, used 64K [0x0000000782f00000, 0x000000078ae00000, 0x00000007c0000000)
  eden space 121856K, 0% used [0x0000000782f00000,0x0000000782f00000,0x000000078a600000)
  from space 4096K, 1% used [0x000000078a600000,0x000000078a610000,0x000000078aa00000)
  to   space 4096K, 0% used [0x000000078aa00000,0x000000078aa00000,0x000000078ae00000)
 ParOldGen       total 125952K, used 9229K [0x0000000708c00000, 0x0000000710700000, 0x0000000782f00000)
  object space 125952K, 7% used [0x0000000708c00000,0x0000000709503738,0x0000000710700000)
 Metaspace       used 19580K, capacity 19806K, committed 20096K, reserved 1067008K
  class space    used 2482K, capacity 2563K, committed 2688K, reserved 1048576K
}
Event: 28.217 GC heap before
{Heap before GC invocations=72 (full 0):
 PSYoungGen      total 125952K, used 121920K [0x0000000782f00000, 0x000000078ae00000, 0x00000007c0000000)
  eden space 121856K, 100% used [0x0000000782f00000,0x000000078a600000,0x000000078a600000)
  from space 4096K, 1% used [0x000000078a600000,0x000000078a610000,0x000000078aa00000)
  to   space 4096K, 0% used [0x000000078aa00000,0x000000078aa00000,0x000000078ae00000)
 ParOldGen       total 125952K, used 9229K [0x0000000708c00000, 0x0000000710700000, 0x0000000782f00000)
  object space 125952K, 7% used [0x0000000708c00000,0x0000000709503738,0x0000000710700000)
 Metaspace       used 19580K, capacity 19806K, committed 20096K, reserved 1067008K
  class space    used 2482K, capacity 2563K, committed 2688K, reserved 1048576K
Event: 28.220 GC heap after
Heap after GC invocations=72 (full 0):
 PSYoungGen      total 125952K, used 32K [0x0000000782f00000, 0x000000078ae00000, 0x00000007c0000000)
  eden space 121856K, 0% used [0x0000000782f00000,0x0000000782f00000,0x000000078a600000)
  from space 4096K, 0% used [0x000000078aa00000,0x000000078aa08000,0x000000078ae00000)
  to   space 4096K, 0% used [0x000000078a600000,0x000000078a600000,0x000000078aa00000)
 ParOldGen       total 125952K, used 9229K [0x0000000708c00000, 0x0000000710700000, 0x0000000782f00000)
  object space 125952K, 7% used [0x0000000708c00000,0x0000000709503738,0x0000000710700000)
 Metaspace       used 19580K, capacity 19806K, committed 20096K, reserved 1067008K
  class space    used 2482K, capacity 2563K, committed 2688K, reserved 1048576K
}
Event: 28.360 GC heap before
{Heap before GC invocations=73 (full 0):
 PSYoungGen      total 125952K, used 121888K [0x0000000782f00000, 0x000000078ae00000, 0x00000007c0000000)
  eden space 121856K, 100% used [0x0000000782f00000,0x000000078a600000,0x000000078a600000)
  from space 4096K, 0% used [0x000000078aa00000,0x000000078aa08000,0x000000078ae00000)
  to   space 4096K, 0% used [0x000000078a600000,0x000000078a600000,0x000000078aa00000)
 ParOldGen       total 125952K, used 9229K [0x0000000708c00000, 0x0000000710700000, 0x0000000782f00000)
  object space 125952K, 7% used [0x0000000708c00000,0x0000000709503738,0x0000000710700000)
 Metaspace       used 19580K, capacity 19806K, committed 20096K, reserved 1067008K
  class space    used 2482K, capacity 2563K, committed 2688K, reserved 1048576K
Event: 28.362 GC heap after
Heap after GC invocations=73 (full 0):
 PSYoungGen      total 125952K, used 64K [0x0000000782f00000, 0x000000078ae00000, 0x00000007c0000000)
  eden space 121856K, 0% used [0x0000000782f00000,0x0000000782f00000,0x000000078a600000)
  from space 4096K, 1% used [0x000000078a600000,0x000000078a610000,0x000000078aa00000)
  to   space 4096K, 0% used [0x000000078aa00000,0x000000078aa00000,0x000000078ae00000)
 ParOldGen       total 125952K, used 9229K [0x0000000708c00000, 0x0000000710700000, 0x0000000782f00000)
  object space 125952K, 7% used [0x0000000708c00000,0x0000000709503738,0x0000000710700000)
 Metaspace       used 19580K, capacity 19806K, committed 20096K, reserved 1067008K
  class space    used 2482K, capacity 2563K, committed 2688K, reserved 1048576K
}
Event: 28.497 GC heap before
{Heap before GC invocations=74 (full 0):
 PSYoungGen      total 125952K, used 121920K [0x0000000782f00000, 0x000000078ae00000, 0x00000007c0000000)
  eden space 121856K, 100% used [0x0000000782f00000,0x000000078a600000,0x000000078a600000)
  from space 4096K, 1% used [0x000000078a600000,0x000000078a610000,0x000000078aa00000)
  to   space 4096K, 0% used [0x000000078aa00000,0x000000078aa00000,0x000000078ae00000)
 ParOldGen       total 125952K, used 9229K [0x0000000708c00000, 0x0000000710700000, 0x0000000782f00000)
  object space 125952K, 7% used [0x0000000708c00000,0x0000000709503738,0x0000000710700000)
 Metaspace       used 19580K, capacity 19806K, committed 20096K, reserved 1067008K
  class space    used 2482K, capacity 2563K, committed 2688K, reserved 1048576K
Event: 28.499 GC heap after
Heap after GC invocations=74 (full 0):
 PSYoungGen      total 125952K, used 64K [0x0000000782f00000, 0x000000078ae00000, 0x00000007c0000000)
  eden space 121856K, 0% used [0x0000000782f00000,0x0000000782f00000,0x000000078a600000)
  from space 4096K, 1% used [0x000000078aa00000,0x000000078aa10000,0x000000078ae00000)
  to   space 4096K, 0% used [0x000000078a600000,0x000000078a600000,0x000000078aa00000)
 ParOldGen       total 125952K, used 9229K [0x0000000708c00000, 0x0000000710700000, 0x0000000782f00000)
  object space 125952K, 7% used [0x0000000708c00000,0x0000000709503738,0x0000000710700000)
 Metaspace       used 19580K, capacity 19806K, committed 20096K, reserved 1067008K
  class space    used 2482K, capacity 2563K, committed 2688K, reserved 1048576K
}

Deoptimization events (10 events):
Event: 18.087 Thread 0x000000001bc47000 Uncommon trap: reason=bimorphic action=maybe_recompile pc=0x00000000033a9b04 method=java.util.Hashtable.put(Ljava/lang/Object;Ljava/lang/Object;)Ljava/lang/Object; @ 60
Event: 18.087 Thread 0x000000001bc47000 Uncommon trap: reason=bimorphic action=maybe_recompile pc=0x00000000033a9b04 method=java.util.Hashtable.put(Ljava/lang/Object;Ljava/lang/Object;)Ljava/lang/Object; @ 60
Event: 18.087 Thread 0x000000001bc47000 Uncommon trap: reason=bimorphic action=maybe_recompile pc=0x00000000033a9b04 method=java.util.Hashtable.put(Ljava/lang/Object;Ljava/lang/Object;)Ljava/lang/Object; @ 60
Event: 18.423 Thread 0x000000001bc47000 Uncommon trap: reason=null_check action=make_not_entrant pc=0x0000000003446c58 method=javax.swing.plaf.nimbus.NimbusDefaults$LazyStyle.matches(Ljava/awt/Component;I)Z @ 39
Event: 18.424 Thread 0x000000001bc47000 Uncommon trap: reason=unstable_if action=reinterpret pc=0x00000000033f3870 method=javax.swing.RepaintManager.addDirtyRegion0(Ljava/awt/Container;IIII)V @ 7
Event: 18.759 Thread 0x000000001bc47000 Uncommon trap: reason=unstable_if action=reinterpret pc=0x0000000003339c5c method=java.lang.ref.SoftReference.get()Ljava/lang/Object; @ 17
Event: 19.429 Thread 0x000000001bc47000 Uncommon trap: reason=unstable_if action=reinterpret pc=0x000000000333fa40 method=java.lang.ref.SoftReference.get()Ljava/lang/Object; @ 17
Event: 19.480 Thread 0x000000001bc47000 Uncommon trap: reason=predicate action=maybe_recompile pc=0x00000000030c0a40 method=java.awt.LinearGradientPaintContext.fillRaster([IIIIIII)V @ 56
Event: 19.480 Thread 0x000000001bc47000 Uncommon trap: reason=unstable_if action=reinterpret pc=0x00000000030376c4 method=java.awt.MultipleGradientPaintContext.indexIntoGradientsArrays(F)I @ 93
Event: 19.480 Thread 0x000000001bc47000 Uncommon trap: reason=unstable_if action=reinterpret pc=0x00000000030be3c4 method=java.awt.MultipleGradientPaintContext.indexIntoGradientsArrays(F)I @ 93

Classes redefined (0 events):
No events

Internal exceptions (10 events):
Event: 0.711 Thread 0x0000000002c9e000 Exception <a 'java/lang/ClassNotFoundException': javax/swing/JToolBarSeparator> (0x00000007833cd1c8) thrown at [C:\re\workspace\8-2-build-windows-amd64-cygwin\jdk8u231\13620\hotspot\src\share\vm\classfile\systemDictionary.cpp, line 210]
Event: 0.711 Thread 0x0000000002c9e000 Exception <a 'java/lang/ClassNotFoundException': ToolBarSeparator> (0x00000007833cd660) thrown at [C:\re\workspace\8-2-build-windows-amd64-cygwin\jdk8u231\13620\hotspot\src\share\vm\classfile\systemDictionary.cpp, line 210]
Event: 0.711 Thread 0x0000000002c9e000 Exception <a 'java/lang/ClassNotFoundException': ToolTip> (0x00000007833cdda0) thrown at [C:\re\workspace\8-2-build-windows-amd64-cygwin\jdk8u231\13620\hotspot\src\share\vm\classfile\systemDictionary.cpp, line 210]
Event: 0.714 Thread 0x0000000002c9e000 Exception <a 'java/lang/ClassNotFoundException': Tree> (0x00000007833ce9c0) thrown at [C:\re\workspace\8-2-build-windows-amd64-cygwin\jdk8u231\13620\hotspot\src\share\vm\classfile\systemDictionary.cpp, line 210]
Event: 0.714 Thread 0x0000000002c9e000 Exception <a 'java/lang/ClassNotFoundException': Tree> (0x00000007833cf100) thrown at [C:\re\workspace\8-2-build-windows-amd64-cygwin\jdk8u231\13620\hotspot\src\share\vm\classfile\systemDictionary.cpp, line 210]
Event: 0.714 Thread 0x0000000002c9e000 Exception <a 'java/lang/ClassNotFoundException': javax/swing/JTreeCell> (0x00000007833cf480) thrown at [C:\re\workspace\8-2-build-windows-amd64-cygwin\jdk8u231\13620\hotspot\src\share\vm\classfile\systemDictionary.cpp, line 210]
Event: 0.714 Thread 0x0000000002c9e000 Exception <a 'java/lang/ClassNotFoundException': TreeCell> (0x00000007833cf908) thrown at [C:\re\workspace\8-2-build-windows-amd64-cygwin\jdk8u231\13620\hotspot\src\share\vm\classfile\systemDictionary.cpp, line 210]
Event: 0.715 Thread 0x0000000002c9e000 Exception <a 'java/lang/ClassNotFoundException': RootPane> (0x00000007833d0368) thrown at [C:\re\workspace\8-2-build-windows-amd64-cygwin\jdk8u231\13620\hotspot\src\share\vm\classfile\systemDictionary.cpp, line 210]
Event: 11.257 Thread 0x000000001bd18000 Implicit null exception at 0x0000000003154bf5 to 0x0000000003154c9d
Event: 18.423 Thread 0x000000001bc47000 Implicit null exception at 0x00000000034433c1 to 0x0000000003446c3d

Events (10 events):
Event: 27.946 Executing VM operation: ParallelGCFailedAllocation
Event: 27.948 Executing VM operation: ParallelGCFailedAllocation done
Event: 28.075 Executing VM operation: ParallelGCFailedAllocation
Event: 28.077 Executing VM operation: ParallelGCFailedAllocation done
Event: 28.217 Executing VM operation: ParallelGCFailedAllocation
Event: 28.220 Executing VM operation: ParallelGCFailedAllocation done
Event: 28.360 Executing VM operation: ParallelGCFailedAllocation
Event: 28.362 Executing VM operation: ParallelGCFailedAllocation done
Event: 28.497 Executing VM operation: ParallelGCFailedAllocation
Event: 28.499 Executing VM operation: ParallelGCFailedAllocation done


Dynamic libraries:
0x00007ff69d800000 - 0x00007ff69d837000 	C:\Program Files\Java\jdk1.8.0_231\jre\bin\java.exe
0x00007ffb02ce0000 - 0x00007ffb02ecd000 	C:\Windows\SYSTEM32\ntdll.dll
0x00007ffb02150000 - 0x00007ffb02203000 	C:\Windows\System32\KERNEL32.DLL
0x00007ffaff360000 - 0x00007ffaff5f3000 	C:\Windows\System32\KERNELBASE.dll
0x00007ffb003a0000 - 0x00007ffb00443000 	C:\Windows\System32\ADVAPI32.dll
0x00007ffb00990000 - 0x00007ffb00a2e000 	C:\Windows\System32\msvcrt.dll
0x00007ffb00790000 - 0x00007ffb0082e000 	C:\Windows\System32\sechost.dll
0x00007ffb02870000 - 0x00007ffb02992000 	C:\Windows\System32\RPCRT4.dll
0x00007ffb02620000 - 0x00007ffb027b7000 	C:\Windows\System32\USER32.dll
0x00007ffaffe20000 - 0x00007ffaffe40000 	C:\Windows\System32\win32u.dll
0x00007ffb025f0000 - 0x00007ffb02619000 	C:\Windows\System32\GDI32.dll
0x00007ffafeee0000 - 0x00007ffaff079000 	C:\Windows\System32\gdi32full.dll
0x00007ffaffe40000 - 0x00007ffaffee0000 	C:\Windows\System32\msvcp_win.dll
0x00007ffaff260000 - 0x00007ffaff35a000 	C:\Windows\System32\ucrtbase.dll
0x00007ffaf4b40000 - 0x00007ffaf4db9000 	C:\Windows\WinSxS\amd64_microsoft.windows.common-controls_6595b64144ccf1df_6.0.17763.864_none_05b3441807210760\COMCTL32.dll
0x00007ffb00460000 - 0x00007ffb0078c000 	C:\Windows\System32\combase.dll
0x00007ffaffd50000 - 0x00007ffaffdce000 	C:\Windows\System32\bcryptPrimitives.dll
0x00007ffb029a0000 - 0x00007ffb029ce000 	C:\Windows\System32\IMM32.DLL
0x0000000058f40000 - 0x0000000059012000 	C:\Program Files\Java\jdk1.8.0_231\jre\bin\msvcr100.dll
0x0000000059020000 - 0x00000000598c6000 	C:\Program Files\Java\jdk1.8.0_231\jre\bin\server\jvm.dll
0x00007ffb00450000 - 0x00007ffb00458000 	C:\Windows\System32\PSAPI.DLL
0x00007ffad0270000 - 0x00007ffad0279000 	C:\Windows\SYSTEM32\WSOCK32.dll
0x00007ffafc700000 - 0x00007ffafc724000 	C:\Windows\SYSTEM32\WINMM.dll
0x00007ffb02210000 - 0x00007ffb0227d000 	C:\Windows\System32\WS2_32.dll
0x00007ffaf9b00000 - 0x00007ffaf9b0a000 	C:\Windows\SYSTEM32\VERSION.dll
0x00007ffafc110000 - 0x00007ffafc13d000 	C:\Windows\SYSTEM32\winmmbase.dll
0x00007ffaffdd0000 - 0x00007ffaffe1a000 	C:\Windows\System32\cfgmgr32.dll
0x00007ffaca990000 - 0x00007ffaca99f000 	C:\Program Files\Java\jdk1.8.0_231\jre\bin\verify.dll
0x00007ffabeb40000 - 0x00007ffabeb69000 	C:\Program Files\Java\jdk1.8.0_231\jre\bin\java.dll
0x00007ffac88e0000 - 0x00007ffac88f6000 	C:\Program Files\Java\jdk1.8.0_231\jre\bin\zip.dll
0x00007ffb00a30000 - 0x00007ffb01f24000 	C:\Windows\System32\SHELL32.dll
0x00007ffb027c0000 - 0x00007ffb02868000 	C:\Windows\System32\shcore.dll
0x00007ffaff600000 - 0x00007ffaffd4d000 	C:\Windows\System32\windows.storage.dll
0x00007ffafed50000 - 0x00007ffafed74000 	C:\Windows\System32\profapi.dll
0x00007ffafecf0000 - 0x00007ffafed4d000 	C:\Windows\System32\powrprof.dll
0x00007ffb029d0000 - 0x00007ffb02a22000 	C:\Windows\System32\shlwapi.dll
0x00007ffafed80000 - 0x00007ffafed91000 	C:\Windows\System32\kernel.appcore.dll
0x00007ffaffee0000 - 0x00007ffaffef7000 	C:\Windows\System32\cryptsp.dll
0x00007ffabe610000 - 0x00007ffabe7aa000 	C:\Program Files\Java\jdk1.8.0_231\jre\bin\awt.dll
0x00007ffb02a30000 - 0x00007ffb02af4000 	C:\Windows\System32\OLEAUT32.dll
0x00007ffafcf50000 - 0x00007ffafcfdc000 	C:\Windows\SYSTEM32\apphelp.dll
0x00007ffafd0f0000 - 0x00007ffafd18c000 	C:\Windows\system32\uxtheme.dll
0x00007ffb02480000 - 0x00007ffb025ec000 	C:\Windows\System32\MSCTF.dll
0x00007ffafd370000 - 0x00007ffafd39e000 	C:\Windows\system32\dwmapi.dll
0x00007ffaff080000 - 0x00007ffaff25b000 	C:\Windows\System32\CRYPT32.dll
0x00007ffafecd0000 - 0x00007ffafece2000 	C:\Windows\System32\MSASN1.dll
0x00007ffb00830000 - 0x00007ffb00985000 	C:\Windows\System32\ole32.dll
0x00007ffad7760000 - 0x00007ffad77a9000 	C:\Program Files\Java\jdk1.8.0_231\jre\bin\fontmanager.dll
0x00007ffabe4e0000 - 0x00007ffabe607000 	C:\Windows\system32\opengl32.dll
0x00007ffabe4b0000 - 0x00007ffabe4dc000 	C:\Windows\SYSTEM32\GLU32.dll
0x00007ffac7690000 - 0x00007ffac782e000 	C:\Windows\system32\d3d9.dll
0x00007ffaf9b10000 - 0x00007ffaf9c74000 	C:\Windows\SYSTEM32\aticfx64.dll
0x00007ffaed060000 - 0x00007ffaed081000 	C:\Windows\SYSTEM32\atiu9p64.dll
0x00007ffac6ce0000 - 0x00007ffac7539000 	C:\Windows\SYSTEM32\atiumd64.dll
0x0000000059a30000 - 0x000000005a2b8000 	C:\Windows\SYSTEM32\atiumd6a.dll
0x00007ffadd1f0000 - 0x00007ffadd221000 	C:\Program Files\Java\jdk1.8.0_231\jre\bin\jpeg.dll
0x00007ffac7540000 - 0x00007ffac755a000 	C:\Program Files\Java\jdk1.8.0_231\jre\bin\net.dll
0x00007ffafe4e0000 - 0x00007ffafe547000 	C:\Windows\system32\mswsock.dll
0x00007ffabe990000 - 0x00007ffabe9a2000 	C:\Program Files\Java\jdk1.8.0_231\jre\bin\nio.dll
0x00007ffad7710000 - 0x00007ffad7752000 	C:\Program Files\Java\jdk1.8.0_231\jre\bin\t2k.dll
0x00007ffaf4ea0000 - 0x00007ffaf4f35000 	C:\Windows\System32\TextInputFramework.dll
0x00007ffafc9d0000 - 0x00007ffafcab2000 	C:\Windows\System32\CoreMessaging.dll
0x00007ffafa370000 - 0x00007ffafa692000 	C:\Windows\System32\CoreUIComponents.dll
0x00007ffafdd40000 - 0x00007ffafdd71000 	C:\Windows\SYSTEM32\ntmarta.dll
0x00007ffafaae0000 - 0x00007ffafac33000 	C:\Windows\SYSTEM32\wintypes.dll
0x00007ffad98d0000 - 0x00007ffad98fa000 	C:\Program Files\Java\jdk1.8.0_231\jre\bin\dcpr.dll
0x00007ffafe240000 - 0x00007ffafe306000 	C:\Windows\SYSTEM32\DNSAPI.dll
0x00007ffb020e0000 - 0x00007ffb020e8000 	C:\Windows\System32\NSI.dll
0x00007ffafe200000 - 0x00007ffafe23d000 	C:\Windows\SYSTEM32\IPHLPAPI.DLL
0x00007ffaf2e60000 - 0x00007ffaf2e6a000 	C:\Windows\System32\rasadhlp.dll
0x00007ffaf14f0000 - 0x00007ffaf1569000 	C:\Windows\System32\fwpuclnt.dll
0x00007ffafeeb0000 - 0x00007ffafeed6000 	C:\Windows\System32\bcrypt.dll
0x00007ffb02300000 - 0x00007ffb023a2000 	C:\Windows\System32\clbcatq.dll
0x00007ffafa0a0000 - 0x00007ffafa258000 	C:\Windows\SYSTEM32\WindowsCodecs.dll
0x00007ffadc210000 - 0x00007ffadc266000 	C:\Windows\system32\dataexchange.dll
0x00007ffafbe90000 - 0x00007ffafc10e000 	C:\Windows\system32\d3d11.dll
0x00007ffafc800000 - 0x00007ffafc9c3000 	C:\Windows\system32\dcomp.dll
0x00007ffafda00000 - 0x00007ffafdac2000 	C:\Windows\system32\dxgi.dll
0x00007ffafd450000 - 0x00007ffafd65d000 	C:\Windows\system32\twinapi.appcore.dll
0x00007ffafd660000 - 0x00007ffafd688000 	C:\Windows\system32\RMCLIENT.dll

VM Arguments:
jvm_args: -Dfile.encoding=UTF-8 
java_command: si.Cargainiciodelsistema
java_class_path (initial): C:\Users\Alexis\Documents\NetBeansProjects\DATAMAXREPOSITORY\Proyecto-DATAMAX-version2.0\libraries\jcalendar-1.3.3.jar;C:\Users\Alexis\Documents\NetBeansProjects\DATAMAXREPOSITORY\Proyecto-DATAMAX-version2.0\libraries\swingx-all-1.6.4.jar;C:\Users\Alexis\Documents\NetBeansProjects\DATAMAXREPOSITORY\Proyecto-DATAMAX-version2.0\libraries\commons-collections-3.2.1.jar;C:\Users\Alexis\Documents\NetBeansProjects\DATAMAXREPOSITORY\Proyecto-DATAMAX-version2.0\libraries\AbsoluteLayout.jar;C:\Users\Alexis\Documents\NetBeansProjects\DATAMAXREPOSITORY\Proyecto-DATAMAX-version2.0\libraries\commons-digester-2.1.jar;C:\Users\Alexis\Documents\NetBeansProjects\DATAMAXREPOSITORY\Proyecto-DATAMAX-version2.0\libraries\commons-logging-1.3.jar;C:\Users\Alexis\Documents\NetBeansProjects\DATAMAXREPOSITORY\Proyecto-DATAMAX-version2.0\libraries\groovy-2.4.6.jar;C:\Users\Alexis\Documents\NetBeansProjects\DATAMAXREPOSITORY\Proyecto-DATAMAX-version2.0\libraries\mysql-connector-java-5.1.46-bin.jar;C:\Users\Alexis\Downloads\RSTableMetro.jar;C:\Users\Alexis\Documents\NetBeansProjects\DATAMAXREPOSITORY\Proyecto-DATAMAX-version2.0\build\classes
Launcher Type: SUN_STANDARD

Environment Variables:
PATH=C:\Program Files (x86)\Common Files\Oracle\Java\javapath;C:\app\Alexis\product\11.2.0\dbhome_1\bin;C:\Windows\system32;C:\Windows;C:\Windows\System32\Wbem;C:\Windows\System32\WindowsPowerShell\v1.0\;C:\Windows\System32\OpenSSH\;C:\Program Files\MySQL\MySQL Utilities 1.6\;C:\Users\Alexis\AppData\Local\Microsoft\WindowsApps;
USERNAME=Alexis
OS=Windows_NT
PROCESSOR_IDENTIFIER=AMD64 Family 21 Model 96 Stepping 1, AuthenticAMD



---------------  S Y S T E M  ---------------

OS: Windows 10.0 , 64 bit Build 17763 (10.0.17763.475)

CPU:total 4 (initial active 4) (4 cores per cpu, 1 threads per core) family 21 model 96 stepping 1, cmov, cx8, fxsr, mmx, sse, sse2, sse3, ssse3, sse4.1, sse4.2, popcnt, avx, avx2, aes, clmul, mmxext, 3dnowpref, lzcnt, sse4a, tsc, tscinvbit, tscinv, bmi1

Memory: 4k page, physical 12005560k(871340k free), swap 49754296k(0k free)

vm_info: Java HotSpot(TM) 64-Bit Server VM (25.231-b11) for windows-amd64 JRE (1.8.0_231-b11), built on Oct  5 2019 03:11:30 by "java_re" with MS VC++ 10.0 (VS2010)

time: Fri Dec 06 05:16:56 2019
timezone: Hora estándar central (México)
elapsed time: 28 seconds (0d 0h 0m 28s)

