#
# There is insufficient memory for the Java Runtime Environment to continue.
# Native memory allocation (malloc) failed to allocate 447936 bytes for Chunk::new
# Possible reasons:
#   The system is out of physical RAM or swap space
#   The process is running with CompressedOops enabled, and the Java Heap may be blocking the growth of the native heap
# Possible solutions:
#   Reduce memory load on the system
#   Increase physical memory or swap space
#   Check if swap backing store is full
#   Decrease Java heap size (-Xmx/-Xms)
#   Decrease number of Java threads
#   Decrease Java thread stack sizes (-Xss)
#   Set larger code cache with -XX:ReservedCodeCacheSize=
#   JVM is running with Zero Based Compressed Oops mode in which the Java heap is
#     placed in the first 32GB address space. The Java Heap base address is the
#     maximum limit for the native heap growth. Please use -XX:HeapBaseMinAddress
#     to set the Java Heap base and to place the Java Heap above 32GB virtual address.
# This output file may be truncated or incomplete.
#
#  Out of Memory Error (allocation.cpp:389), pid=9592, tid=0x00000000000004c0
#
# JRE version: Java(TM) SE Runtime Environment (8.0_231-b11) (build 1.8.0_231-b11)
# Java VM: Java HotSpot(TM) 64-Bit Server VM (25.231-b11 mixed mode windows-amd64 compressed oops)
# Failed to write core dump. Minidumps are not enabled by default on client versions of Windows
#

---------------  T H R E A D  ---------------

Current thread (0x0000000019de6000):  JavaThread "C2 CompilerThread0" daemon [_thread_in_native, id=1216, stack(0x000000001b470000,0x000000001b570000)]

Stack: [0x000000001b470000,0x000000001b570000]
[error occurred during error reporting (printing stack bounds), id 0xc0000005]

Native frames: (J=compiled Java code, j=interpreted, Vv=VM code, C=native code)


Current CompileTask:
C2:  35945 3057       4       sun.java2d.pipe.BufferedContext::validate (575 bytes)


---------------  P R O C E S S  ---------------

Java Threads: ( => current thread )
  0x00000000255fd000 JavaThread "Thread-4" [_thread_in_Java, id=9892, stack(0x00000000267c0000,0x00000000268c0000)]
  0x00000000255fa000 JavaThread "Thread-3" [_thread_in_Java, id=9584, stack(0x00000000266c0000,0x00000000267c0000)]
  0x000000001c2bf800 JavaThread "D3D Screen Updater" daemon [_thread_blocked, id=9240, stack(0x00000000250e0000,0x00000000251e0000)]
  0x000000001c15a800 JavaThread "TimerQueue" daemon [_thread_blocked, id=11696, stack(0x00000000225c0000,0x00000000226c0000)]
  0x000000001bf26800 JavaThread "Abandoned connection cleanup thread" daemon [_thread_blocked, id=11408, stack(0x00000000220c0000,0x00000000221c0000)]
  0x0000000002f2e800 JavaThread "DestroyJavaVM" [_thread_blocked, id=10548, stack(0x0000000002f80000,0x0000000003080000)]
  0x000000001bb63800 JavaThread "AWT-EventQueue-0" [_thread_blocked, id=9372, stack(0x000000001cec0000,0x000000001cfc0000)]
  0x000000001bb37800 JavaThread "AWT-Windows" daemon [_thread_in_native, id=10304, stack(0x000000001c8d0000,0x000000001c9d0000)]
  0x000000001bb4d000 JavaThread "AWT-Shutdown" [_thread_blocked, id=12004, stack(0x000000001c7d0000,0x000000001c8d0000)]
  0x000000001bb4a000 JavaThread "Java2D Disposer" daemon [_thread_blocked, id=7376, stack(0x000000001c6d0000,0x000000001c7d0000)]
  0x000000001b7a5000 JavaThread "Service Thread" daemon [_thread_blocked, id=3496, stack(0x000000001bb70000,0x000000001bc70000)]
  0x0000000019dee800 JavaThread "C1 CompilerThread2" daemon [_thread_blocked, id=2860, stack(0x000000001b670000,0x000000001b770000)]
  0x0000000019dea800 JavaThread "C2 CompilerThread1" daemon [_thread_in_native, id=11908, stack(0x000000001b570000,0x000000001b670000)]
=>0x0000000019de6000 JavaThread "C2 CompilerThread0" daemon [_thread_in_native, id=1216, stack(0x000000001b470000,0x000000001b570000)]
  0x0000000019de4800 JavaThread "Attach Listener" daemon [_thread_blocked, id=7184, stack(0x000000001b370000,0x000000001b470000)]
  0x0000000019de3000 JavaThread "Signal Dispatcher" daemon [_thread_blocked, id=11088, stack(0x000000001b270000,0x000000001b370000)]
  0x000000000317b000 JavaThread "Finalizer" daemon [_thread_blocked, id=2652, stack(0x000000001b050000,0x000000001b150000)]
  0x0000000003172000 JavaThread "Reference Handler" daemon [_thread_blocked, id=10756, stack(0x000000001af50000,0x000000001b050000)]

Other Threads:
  0x0000000019da7800 VMThread [stack: 0x000000001ae50000,0x000000001af50000] [id=7524]
  0x000000001b7a6800 WatcherThread [stack: 0x000000001bdd0000,0x000000001bed0000] [id=10888]

VM state:not at safepoint (normal execution)

VM Mutex/Monitor currently owned by a thread: None

heap address: 0x0000000708c00000, size: 2932 MB, Compressed Oops mode: Zero based, Oop shift amount: 3
Narrow klass base: 0x0000000000000000, Narrow klass shift: 3
Compressed class space size: 1073741824 Address: 0x00000007c0000000

Heap:
 PSYoungGen      total 352256K, used 297951K [0x0000000782f00000, 0x000000079a980000, 0x00000007c0000000)
  eden space 351744K, 84% used [0x0000000782f00000,0x00000007951dfce8,0x0000000798680000)
  from space 512K, 18% used [0x000000079a900000,0x000000079a918000,0x000000079a980000)
  to   space 2048K, 0% used [0x000000079a580000,0x000000079a580000,0x000000079a780000)
 ParOldGen       total 125952K, used 10023K [0x0000000708c00000, 0x0000000710700000, 0x0000000782f00000)
  object space 125952K, 7% used [0x0000000708c00000,0x00000007095c9db8,0x0000000710700000)
 Metaspace       used 19939K, capacity 20234K, committed 20608K, reserved 1067008K
  class space    used 2510K, capacity 2593K, committed 2688K, reserved 1048576K

Card table byte_map: [0x0000000012540000,0x0000000012b00000] byte_map_base: 0x000000000ecfa000

Marking Bits: (ParMarkBitMap*) 0x0000000076756d90
 Begin Bits: [0x00000000132e0000, 0x00000000160b0000)
 End Bits:   [0x00000000160b0000, 0x0000000018e80000)

Polling page: 0x0000000001240000

CodeCache: size=245760Kb used=9200Kb max_used=9200Kb free=236559Kb
 bounds [0x0000000003180000, 0x0000000003a90000, 0x0000000012180000]
 total_blobs=3396 nmethods=2780 adapters=528
 compilation: enabled

Compilation events (10 events):
Event: 35.808 Thread 0x0000000019dee800 nmethod 3063 0x00000000034f9b10 code [0x00000000034f9c80, 0x00000000034fa050]
Event: 35.808 Thread 0x0000000019dee800 3064       3       sun.swing.SwingUtilities2::drawTextAntialiased (17 bytes)
Event: 35.808 Thread 0x0000000019dee800 nmethod 3064 0x00000000034f9590 code [0x00000000034f9700, 0x00000000034f9a28]
Event: 35.808 Thread 0x0000000019dee800 3065       3       sun.java2d.SunGraphics2D::getFontInfo (34 bytes)
Event: 35.808 Thread 0x0000000019dee800 nmethod 3065 0x00000000034f90d0 code [0x00000000034f9240, 0x00000000034f94e8]
Event: 35.808 Thread 0x0000000019dee800 3061   !   3       sun.java2d.SunGraphics2D::drawString (132 bytes)
Event: 35.810 Thread 0x0000000019dee800 nmethod 3061 0x0000000003736e10 code [0x0000000003737040, 0x0000000003737f68]
Event: 35.810 Thread 0x0000000019dee800 3062       3       javax.swing.plaf.synth.SynthGraphicsUtils::paintText (413 bytes)
Event: 35.814 Thread 0x0000000019dee800 nmethod 3062 0x0000000003789d90 code [0x000000000378a100, 0x000000000378bf98]
Event: 35.893 Thread 0x0000000019dee800 3066       3       sun.java2d.SunGraphics2D::constrain (216 bytes)

GC Heap History (10 events):
Event: 34.621 GC heap before
{Heap before GC invocations=42 (full 0):
 PSYoungGen      total 316928K, used 314464K [0x0000000782f00000, 0x000000079ad00000, 0x00000007c0000000)
  eden space 314368K, 100% used [0x0000000782f00000,0x0000000796200000,0x0000000796200000)
  from space 2560K, 3% used [0x000000079a800000,0x000000079a818000,0x000000079aa80000)
  to   space 2560K, 0% used [0x000000079aa80000,0x000000079aa80000,0x000000079ad00000)
 ParOldGen       total 125952K, used 9775K [0x0000000708c00000, 0x0000000710700000, 0x0000000782f00000)
  object space 125952K, 7% used [0x0000000708c00000,0x000000070958bd98,0x0000000710700000)
 Metaspace       used 19710K, capacity 20036K, committed 20352K, reserved 1067008K
  class space    used 2493K, capacity 2592K, committed 2688K, reserved 1048576K
Event: 34.623 GC heap after
Heap after GC invocations=42 (full 0):
 PSYoungGen      total 301568K, used 64K [0x0000000782f00000, 0x000000079ab00000, 0x00000007c0000000)
  eden space 301056K, 0% used [0x0000000782f00000,0x0000000782f00000,0x0000000795500000)
  from space 512K, 12% used [0x000000079aa80000,0x000000079aa90000,0x000000079ab00000)
  to   space 2560K, 0% used [0x000000079a600000,0x000000079a600000,0x000000079a880000)
 ParOldGen       total 125952K, used 9791K [0x0000000708c00000, 0x0000000710700000, 0x0000000782f00000)
  object space 125952K, 7% used [0x0000000708c00000,0x000000070958fd98,0x0000000710700000)
 Metaspace       used 19710K, capacity 20036K, committed 20352K, reserved 1067008K
  class space    used 2493K, capacity 2592K, committed 2688K, reserved 1048576K
}
Event: 34.898 GC heap before
{Heap before GC invocations=43 (full 0):
 PSYoungGen      total 301568K, used 301120K [0x0000000782f00000, 0x000000079ab00000, 0x00000007c0000000)
  eden space 301056K, 100% used [0x0000000782f00000,0x0000000795500000,0x0000000795500000)
  from space 512K, 12% used [0x000000079aa80000,0x000000079aa90000,0x000000079ab00000)
  to   space 2560K, 0% used [0x000000079a600000,0x000000079a600000,0x000000079a880000)
 ParOldGen       total 125952K, used 9791K [0x0000000708c00000, 0x0000000710700000, 0x0000000782f00000)
  object space 125952K, 7% used [0x0000000708c00000,0x000000070958fd98,0x0000000710700000)
 Metaspace       used 19813K, capacity 20100K, committed 20352K, reserved 1067008K
  class space    used 2503K, capacity 2592K, committed 2688K, reserved 1048576K
Event: 34.900 GC heap after
Heap after GC invocations=43 (full 0):
 PSYoungGen      total 290816K, used 160K [0x0000000782f00000, 0x000000079ab00000, 0x00000007c0000000)
  eden space 288256K, 0% used [0x0000000782f00000,0x0000000782f00000,0x0000000794880000)
  from space 2560K, 6% used [0x000000079a600000,0x000000079a628000,0x000000079a880000)
  to   space 2048K, 0% used [0x000000079a900000,0x000000079a900000,0x000000079ab00000)
 ParOldGen       total 125952K, used 9807K [0x0000000708c00000, 0x0000000710700000, 0x0000000782f00000)
  object space 125952K, 7% used [0x0000000708c00000,0x0000000709593d98,0x0000000710700000)
 Metaspace       used 19813K, capacity 20100K, committed 20352K, reserved 1067008K
  class space    used 2503K, capacity 2592K, committed 2688K, reserved 1048576K
}
Event: 35.258 GC heap before
{Heap before GC invocations=44 (full 0):
 PSYoungGen      total 290816K, used 288416K [0x0000000782f00000, 0x000000079ab00000, 0x00000007c0000000)
  eden space 288256K, 100% used [0x0000000782f00000,0x0000000794880000,0x0000000794880000)
  from space 2560K, 6% used [0x000000079a600000,0x000000079a628000,0x000000079a880000)
  to   space 2048K, 0% used [0x000000079a900000,0x000000079a900000,0x000000079ab00000)
 ParOldGen       total 125952K, used 9807K [0x0000000708c00000, 0x0000000710700000, 0x0000000782f00000)
  object space 125952K, 7% used [0x0000000708c00000,0x0000000709593d98,0x0000000710700000)
 Metaspace       used 19890K, capacity 20170K, committed 20608K, reserved 1067008K
  class space    used 2510K, capacity 2593K, committed 2688K, reserved 1048576K
Event: 35.265 GC heap after
Heap after GC invocations=44 (full 0):
 PSYoungGen      total 352256K, used 256K [0x0000000782f00000, 0x000000079a980000, 0x00000007c0000000)
  eden space 351744K, 0% used [0x0000000782f00000,0x0000000782f00000,0x0000000798680000)
  from space 512K, 50% used [0x000000079a900000,0x000000079a940020,0x000000079a980000)
  to   space 2048K, 0% used [0x000000079a580000,0x000000079a580000,0x000000079a780000)
 ParOldGen       total 125952K, used 9831K [0x0000000708c00000, 0x0000000710700000, 0x0000000782f00000)
  object space 125952K, 7% used [0x0000000708c00000,0x0000000709599d98,0x0000000710700000)
 Metaspace       used 19890K, capacity 20170K, committed 20608K, reserved 1067008K
  class space    used 2510K, capacity 2593K, committed 2688K, reserved 1048576K
}
Event: 35.514 GC heap before
{Heap before GC invocations=45 (full 0):
 PSYoungGen      total 352256K, used 352000K [0x0000000782f00000, 0x000000079a980000, 0x00000007c0000000)
  eden space 351744K, 100% used [0x0000000782f00000,0x0000000798680000,0x0000000798680000)
  from space 512K, 50% used [0x000000079a900000,0x000000079a940020,0x000000079a980000)
  to   space 2048K, 0% used [0x000000079a580000,0x000000079a580000,0x000000079a780000)
 ParOldGen       total 125952K, used 9831K [0x0000000708c00000, 0x0000000710700000, 0x0000000782f00000)
  object space 125952K, 7% used [0x0000000708c00000,0x0000000709599d98,0x0000000710700000)
 Metaspace       used 19897K, capacity 20234K, committed 20608K, reserved 1067008K
  class space    used 2510K, capacity 2593K, committed 2688K, reserved 1048576K
Event: 35.543 GC heap after
Heap after GC invocations=45 (full 0):
 PSYoungGen      total 353792K, used 96K [0x0000000782f00000, 0x000000079a980000, 0x00000007c0000000)
  eden space 351744K, 0% used [0x0000000782f00000,0x0000000782f00000,0x0000000798680000)
  from space 2048K, 4% used [0x000000079a580000,0x000000079a598000,0x000000079a780000)
  to   space 512K, 0% used [0x000000079a900000,0x000000079a900000,0x000000079a980000)
 ParOldGen       total 125952K, used 10007K [0x0000000708c00000, 0x0000000710700000, 0x0000000782f00000)
  object space 125952K, 7% used [0x0000000708c00000,0x00000007095c5db8,0x0000000710700000)
 Metaspace       used 19897K, capacity 20234K, committed 20608K, reserved 1067008K
  class space    used 2510K, capacity 2593K, committed 2688K, reserved 1048576K
}
Event: 35.727 GC heap before
{Heap before GC invocations=46 (full 0):
 PSYoungGen      total 353792K, used 351840K [0x0000000782f00000, 0x000000079a980000, 0x00000007c0000000)
  eden space 351744K, 100% used [0x0000000782f00000,0x0000000798680000,0x0000000798680000)
  from space 2048K, 4% used [0x000000079a580000,0x000000079a598000,0x000000079a780000)
  to   space 512K, 0% used [0x000000079a900000,0x000000079a900000,0x000000079a980000)
 ParOldGen       total 125952K, used 10007K [0x0000000708c00000, 0x0000000710700000, 0x0000000782f00000)
  object space 125952K, 7% used [0x0000000708c00000,0x00000007095c5db8,0x0000000710700000)
 Metaspace       used 19907K, capacity 20234K, committed 20608K, reserved 1067008K
  class space    used 2510K, capacity 2593K, committed 2688K, reserved 1048576K
Event: 35.742 GC heap after
Heap after GC invocations=46 (full 0):
 PSYoungGen      total 352256K, used 96K [0x0000000782f00000, 0x000000079a980000, 0x00000007c0000000)
  eden space 351744K, 0% used [0x0000000782f00000,0x0000000782f00000,0x0000000798680000)
  from space 512K, 18% used [0x000000079a900000,0x000000079a918000,0x000000079a980000)
  to   space 2048K, 0% used [0x000000079a580000,0x000000079a580000,0x000000079a780000)
 ParOldGen       total 125952K, used 10023K [0x0000000708c00000, 0x0000000710700000, 0x0000000782f00000)
  object space 125952K, 7% used [0x0000000708c00000,0x00000007095c9db8,0x0000000710700000)
 Metaspace       used 19907K, capacity 20234K, committed 20608K, reserved 1067008K
  class space    used 2510K, capacity 2593K, committed 2688K, reserved 1048576K
}

Deoptimization events (10 events):
Event: 22.639 Thread 0x000000001bb63800 Uncommon trap: reason=predicate action=maybe_recompile pc=0x00000000034fb448 method=java.awt.LinearGradientPaintContext.fillRaster([IIIIIII)V @ 56
Event: 22.639 Thread 0x000000001bb63800 Uncommon trap: reason=unstable_if action=reinterpret pc=0x0000000003451c84 method=java.awt.MultipleGradientPaintContext.indexIntoGradientsArrays(F)I @ 93
Event: 22.639 Thread 0x000000001bb63800 Uncommon trap: reason=unstable_if action=reinterpret pc=0x00000000034f9844 method=java.awt.MultipleGradientPaintContext.indexIntoGradientsArrays(F)I @ 93
Event: 35.092 Thread 0x000000001bb63800 Uncommon trap: reason=unstable_if action=reinterpret pc=0x0000000003413b28 method=javax.swing.plaf.nimbus.DerivedColor.equals(Ljava/lang/Object;)Z @ 45
Event: 35.331 Thread 0x000000001bb63800 Uncommon trap: reason=bimorphic action=maybe_recompile pc=0x0000000003976b20 method=javax.swing.JLabel.setText(Ljava/lang/String;)V @ 99
Event: 35.331 Thread 0x000000001bb63800 Uncommon trap: reason=unstable_if action=reinterpret pc=0x00000000039b99d0 method=java.awt.Font.equals(Ljava/lang/Object;)Z @ 35
Event: 35.367 Thread 0x000000001bb63800 Uncommon trap: reason=bimorphic action=maybe_recompile pc=0x0000000003976b20 method=javax.swing.JLabel.setText(Ljava/lang/String;)V @ 99
Event: 35.370 Thread 0x000000001bb63800 Uncommon trap: reason=bimorphic action=maybe_recompile pc=0x0000000003976b20 method=javax.swing.JLabel.setText(Ljava/lang/String;)V @ 99
Event: 35.376 Thread 0x000000001bb63800 Uncommon trap: reason=bimorphic action=maybe_recompile pc=0x0000000003976b20 method=javax.swing.JLabel.setText(Ljava/lang/String;)V @ 99
Event: 35.684 Thread 0x000000001bb63800 Uncommon trap: reason=unstable_if action=reinterpret pc=0x00000000037725a4 method=sun.font.CMap$CMapFormat4.getGlyph(I)C @ 181

Classes redefined (0 events):
No events

Internal exceptions (10 events):
Event: 0.947 Thread 0x0000000002f2e800 Exception <a 'java/lang/ClassNotFoundException': ToolBarSeparator> (0x00000007833f7248) thrown at [C:\re\workspace\8-2-build-windows-amd64-cygwin\jdk8u231\13620\hotspot\src\share\vm\classfile\systemDictionary.cpp, line 210]
Event: 0.948 Thread 0x0000000002f2e800 Exception <a 'java/lang/ClassNotFoundException': ToolTip> (0x00000007833f7988) thrown at [C:\re\workspace\8-2-build-windows-amd64-cygwin\jdk8u231\13620\hotspot\src\share\vm\classfile\systemDictionary.cpp, line 210]
Event: 0.950 Thread 0x0000000002f2e800 Exception <a 'java/lang/ClassNotFoundException': Tree> (0x00000007833f85a8) thrown at [C:\re\workspace\8-2-build-windows-amd64-cygwin\jdk8u231\13620\hotspot\src\share\vm\classfile\systemDictionary.cpp, line 210]
Event: 0.950 Thread 0x0000000002f2e800 Exception <a 'java/lang/ClassNotFoundException': Tree> (0x00000007833f8ce8) thrown at [C:\re\workspace\8-2-build-windows-amd64-cygwin\jdk8u231\13620\hotspot\src\share\vm\classfile\systemDictionary.cpp, line 210]
Event: 0.950 Thread 0x0000000002f2e800 Exception <a 'java/lang/ClassNotFoundException': javax/swing/JTreeCell> (0x00000007833f9068) thrown at [C:\re\workspace\8-2-build-windows-amd64-cygwin\jdk8u231\13620\hotspot\src\share\vm\classfile\systemDictionary.cpp, line 210]
Event: 0.950 Thread 0x0000000002f2e800 Exception <a 'java/lang/ClassNotFoundException': TreeCell> (0x00000007833f94f0) thrown at [C:\re\workspace\8-2-build-windows-amd64-cygwin\jdk8u231\13620\hotspot\src\share\vm\classfile\systemDictionary.cpp, line 210]
Event: 0.951 Thread 0x0000000002f2e800 Exception <a 'java/lang/ClassNotFoundException': RootPane> (0x00000007833f9f50) thrown at [C:\re\workspace\8-2-build-windows-amd64-cygwin\jdk8u231\13620\hotspot\src\share\vm\classfile\systemDictionary.cpp, line 210]
Event: 12.566 Thread 0x000000001c2bf800 Implicit null exception at 0x000000000357bcf5 to 0x000000000357bd9d
Event: 19.035 Thread 0x000000001bb63800 Implicit null exception at 0x00000000034b455a to 0x00000000034b486d
Event: 19.855 Thread 0x000000001bb63800 Implicit null exception at 0x0000000003811e80 to 0x00000000038156e1

Events (10 events):
Event: 35.638 Thread 0x0000000019dee800 flushing nmethod 0x0000000003949790
Event: 35.651 Executing VM operation: BulkRevokeBias
Event: 35.656 Executing VM operation: BulkRevokeBias done
Event: 35.684 Thread 0x000000001bb63800 Uncommon trap: trap_request=0xffffff65 fr.pc=0x00000000037725a4
Event: 35.684 Thread 0x000000001bb63800 DEOPT PACKING pc=0x00000000037725a4 sp=0x000000001cfbb7d0
Event: 35.684 Thread 0x000000001bb63800 DEOPT UNPACKING pc=0x00000000031c583b sp=0x000000001cfbb740 mode 2
Event: 35.727 Executing VM operation: ParallelGCFailedAllocation
Event: 35.742 Executing VM operation: ParallelGCFailedAllocation done
Event: 35.746 Executing VM operation: RevokeBias
Event: 35.747 Executing VM operation: RevokeBias done


Dynamic libraries:
0x00007ff765d40000 - 0x00007ff765d77000 	C:\Program Files\Java\jdk1.8.0_231\jre\bin\java.exe
0x00007ffb93150000 - 0x00007ffb9333d000 	C:\Windows\SYSTEM32\ntdll.dll
0x00007ffb906d0000 - 0x00007ffb90783000 	C:\Windows\System32\KERNEL32.DLL
0x00007ffb8fc70000 - 0x00007ffb8ff03000 	C:\Windows\System32\KERNELBASE.dll
0x00007ffb92fc0000 - 0x00007ffb93063000 	C:\Windows\System32\ADVAPI32.dll
0x00007ffb93070000 - 0x00007ffb9310e000 	C:\Windows\System32\msvcrt.dll
0x00007ffb908e0000 - 0x00007ffb9097e000 	C:\Windows\System32\sechost.dll
0x00007ffb91820000 - 0x00007ffb91942000 	C:\Windows\System32\RPCRT4.dll
0x00007ffb90a90000 - 0x00007ffb90c27000 	C:\Windows\System32\USER32.dll
0x00007ffb90000000 - 0x00007ffb90020000 	C:\Windows\System32\win32u.dll
0x00007ffb913e0000 - 0x00007ffb91409000 	C:\Windows\System32\GDI32.dll
0x00007ffb901d0000 - 0x00007ffb90369000 	C:\Windows\System32\gdi32full.dll
0x00007ffb8ff40000 - 0x00007ffb8ffe0000 	C:\Windows\System32\msvcp_win.dll
0x00007ffb900d0000 - 0x00007ffb901ca000 	C:\Windows\System32\ucrtbase.dll
0x00007ffb81f90000 - 0x00007ffb82209000 	C:\Windows\WinSxS\amd64_microsoft.windows.common-controls_6595b64144ccf1df_6.0.17763.864_none_05b3441807210760\COMCTL32.dll
0x00007ffb90c30000 - 0x00007ffb90f5c000 	C:\Windows\System32\combase.dll
0x00007ffb8f210000 - 0x00007ffb8f28e000 	C:\Windows\System32\bcryptPrimitives.dll
0x00007ffb914c0000 - 0x00007ffb914ee000 	C:\Windows\System32\IMM32.DLL
0x0000000075e50000 - 0x0000000075f22000 	C:\Program Files\Java\jdk1.8.0_231\jre\bin\msvcr100.dll
0x0000000075f30000 - 0x00000000767d6000 	C:\Program Files\Java\jdk1.8.0_231\jre\bin\server\jvm.dll
0x00007ffb92e50000 - 0x00007ffb92e58000 	C:\Windows\System32\PSAPI.DLL
0x00007ffb8cfa0000 - 0x00007ffb8cfc4000 	C:\Windows\SYSTEM32\WINMM.dll
0x00007ffb8b560000 - 0x00007ffb8b569000 	C:\Windows\SYSTEM32\WSOCK32.dll
0x00007ffb8a280000 - 0x00007ffb8a28a000 	C:\Windows\SYSTEM32\VERSION.dll
0x00007ffb90790000 - 0x00007ffb907fd000 	C:\Windows\System32\WS2_32.dll
0x00007ffb8cf70000 - 0x00007ffb8cf9d000 	C:\Windows\SYSTEM32\WINMMBASE.dll
0x00007ffb90020000 - 0x00007ffb9006a000 	C:\Windows\System32\cfgmgr32.dll
0x00007ffb8b550000 - 0x00007ffb8b55f000 	C:\Program Files\Java\jdk1.8.0_231\jre\bin\verify.dll
0x00007ffb859b0000 - 0x00007ffb859d9000 	C:\Program Files\Java\jdk1.8.0_231\jre\bin\java.dll
0x00007ffb7b140000 - 0x00007ffb7b156000 	C:\Program Files\Java\jdk1.8.0_231\jre\bin\zip.dll
0x00007ffb91950000 - 0x00007ffb92e44000 	C:\Windows\System32\SHELL32.dll
0x00007ffb91410000 - 0x00007ffb914b8000 	C:\Windows\System32\shcore.dll
0x00007ffb8f520000 - 0x00007ffb8fc6d000 	C:\Windows\System32\windows.storage.dll
0x00007ffb8f1c0000 - 0x00007ffb8f1e4000 	C:\Windows\System32\profapi.dll
0x00007ffb8f160000 - 0x00007ffb8f1bd000 	C:\Windows\System32\powrprof.dll
0x00007ffb914f0000 - 0x00007ffb91542000 	C:\Windows\System32\shlwapi.dll
0x00007ffb8f1f0000 - 0x00007ffb8f201000 	C:\Windows\System32\kernel.appcore.dll
0x00007ffb8ffe0000 - 0x00007ffb8fff7000 	C:\Windows\System32\cryptsp.dll
0x00007ffb50b00000 - 0x00007ffb50c9a000 	C:\Program Files\Java\jdk1.8.0_231\jre\bin\awt.dll
0x00007ffb92e60000 - 0x00007ffb92f24000 	C:\Windows\System32\OLEAUT32.dll
0x00007ffb8d4b0000 - 0x00007ffb8d53c000 	C:\Windows\SYSTEM32\apphelp.dll
0x00007ffb8d710000 - 0x00007ffb8d7ac000 	C:\Windows\system32\uxtheme.dll
0x00007ffb91550000 - 0x00007ffb916bc000 	C:\Windows\System32\MSCTF.dll
0x00007ffb8d7e0000 - 0x00007ffb8d80e000 	C:\Windows\system32\dwmapi.dll
0x00007ffb8f340000 - 0x00007ffb8f51b000 	C:\Windows\System32\CRYPT32.dll
0x00007ffb8f140000 - 0x00007ffb8f152000 	C:\Windows\System32\MSASN1.dll
0x00007ffb916c0000 - 0x00007ffb91815000 	C:\Windows\System32\ole32.dll
0x00007ffb64740000 - 0x00007ffb64789000 	C:\Program Files\Java\jdk1.8.0_231\jre\bin\fontmanager.dll
0x00007ffb65370000 - 0x00007ffb65497000 	C:\Windows\system32\opengl32.dll
0x00007ffb65340000 - 0x00007ffb6536c000 	C:\Windows\SYSTEM32\GLU32.dll
0x00007ffb59d40000 - 0x00007ffb59ede000 	C:\Windows\system32\d3d9.dll
0x00007ffb8a290000 - 0x00007ffb8a3f4000 	C:\Windows\SYSTEM32\aticfx64.dll
0x00007ffb59d10000 - 0x00007ffb59d31000 	C:\Windows\SYSTEM32\atiu9p64.dll
0x00007ffb594b0000 - 0x00007ffb59d09000 	C:\Windows\SYSTEM32\atiumd64.dll
0x00000000771b0000 - 0x0000000077a38000 	C:\Windows\SYSTEM32\atiumd6a.dll
0x00007ffb75a60000 - 0x00007ffb75a7a000 	C:\Program Files\Java\jdk1.8.0_231\jre\bin\net.dll
0x00007ffb8e950000 - 0x00007ffb8e9b7000 	C:\Windows\system32\mswsock.dll
0x00007ffb8e6b0000 - 0x00007ffb8e776000 	C:\Windows\SYSTEM32\DNSAPI.dll
0x00007ffb92f30000 - 0x00007ffb92f38000 	C:\Windows\System32\NSI.dll
0x00007ffb8e670000 - 0x00007ffb8e6ad000 	C:\Windows\SYSTEM32\IPHLPAPI.DLL
0x00007ffb83eb0000 - 0x00007ffb83eba000 	C:\Windows\System32\rasadhlp.dll
0x00007ffb81310000 - 0x00007ffb81389000 	C:\Windows\System32\fwpuclnt.dll
0x00007ffb8ff10000 - 0x00007ffb8ff36000 	C:\Windows\System32\bcrypt.dll
0x00007ffb80b10000 - 0x00007ffb80b41000 	C:\Program Files\Java\jdk1.8.0_231\jre\bin\jpeg.dll
0x00007ffb65710000 - 0x00007ffb65722000 	C:\Program Files\Java\jdk1.8.0_231\jre\bin\nio.dll
0x00007ffb644f0000 - 0x00007ffb64532000 	C:\Program Files\Java\jdk1.8.0_231\jre\bin\t2k.dll
0x00007ffb85ff0000 - 0x00007ffb86085000 	C:\Windows\System32\TextInputFramework.dll
0x00007ffb8afd0000 - 0x00007ffb8b2f2000 	C:\Windows\System32\CoreUIComponents.dll
0x00007ffb8d270000 - 0x00007ffb8d352000 	C:\Windows\System32\CoreMessaging.dll
0x00007ffb8e1b0000 - 0x00007ffb8e1e1000 	C:\Windows\SYSTEM32\ntmarta.dll
0x00007ffb8ae70000 - 0x00007ffb8afc3000 	C:\Windows\SYSTEM32\wintypes.dll
0x00007ffb64e10000 - 0x00007ffb64e3a000 	C:\Program Files\Java\jdk1.8.0_231\jre\bin\dcpr.dll
0x00007ffb909e0000 - 0x00007ffb90a82000 	C:\Windows\System32\clbcatq.dll
0x00007ffb8ac20000 - 0x00007ffb8add8000 	C:\Windows\SYSTEM32\WindowsCodecs.dll
0x00007ffb8a870000 - 0x00007ffb8a8c6000 	C:\Windows\system32\dataexchange.dll
0x00007ffb8c280000 - 0x00007ffb8c4fe000 	C:\Windows\system32\d3d11.dll
0x00007ffb8d0a0000 - 0x00007ffb8d263000 	C:\Windows\system32\dcomp.dll
0x00007ffb8de70000 - 0x00007ffb8df32000 	C:\Windows\system32\dxgi.dll
0x00007ffb8d8c0000 - 0x00007ffb8dacd000 	C:\Windows\system32\twinapi.appcore.dll
0x00007ffb8dad0000 - 0x00007ffb8daf8000 	C:\Windows\system32\RMCLIENT.dll

VM Arguments:
jvm_args: -Dfile.encoding=UTF-8 
java_command: si.Cargainiciodelsistema
java_class_path (initial): C:\Program Files\NetBeans 8.2\java\modules\ext\AbsoluteLayout.jar;C:\Users\Alexis\Documents\NetBeansProjects\DATAMAXREPOSITORY\Proyecto-DATAMAX-version2.0\libraries\AutoCompleter.jar;C:\Users\Alexis\Documents\NetBeansProjects\DATAMAXREPOSITORY\Proyecto-DATAMAX-version2.0\libraries\jcalendar-1.3.3.jar;C:\Users\Alexis\Documents\NetBeansProjects\DATAMAXREPOSITORY\Proyecto-DATAMAX-version2.0\libraries\swingx-all-1.6.4.jar;C:\Users\Alexis\Documents\NetBeansProjects\DATAMAXREPOSITORY\Proyecto-DATAMAX-version2.0\libraries\commons-collections-3.2.1.jar;C:\Users\Alexis\Documents\NetBeansProjects\DATAMAXREPOSITORY\Proyecto-DATAMAX-version2.0\libraries\AbsoluteLayout.jar;C:\Users\Alexis\Documents\NetBeansProjects\DATAMAXREPOSITORY\Proyecto-DATAMAX-version2.0\libraries\commons-digester-2.1.jar;C:\Users\Alexis\Documents\NetBeansProjects\DATAMAXREPOSITORY\Proyecto-DATAMAX-version2.0\libraries\commons-logging-1.3.jar;C:\Users\Alexis\Documents\NetBeansProjects\DATAMAXREPOSITORY\Proyecto-DATAMAX-version2.0\libraries\groovy-2.4.6.jar;C:\Users\Alexis\Documents\NetBeansProjects\DATAMAXREPOSITORY\Proyecto-DATAMAX-version2.0\libraries\itextpdf-5.5.4.jar;C:\Users\Alexis\Documents\NetBeansProjects\DATAMAXREPOSITORY\Proyecto-DATAMAX-version2.0\libraries\itext-pdfa-5.5.4.jar;C:\Users\Alexis\Documents\NetBeansProjects\DATAMAXREPOSITORY\Proyecto-DATAMAX-version2.0\libraries\jasperreports-6.0.0.jar;C:\Program Files\NetBeans 8.2\ide\modules\ext\mysql-connector-java-5.1.23-bin.jar;C:\Users\Alexis\Documents\NetBeansProjects\DATAMAXREPOSITORY\Proyecto-DATAMAX-version2.0\libraries\mysql-connector-java-5.1.46-bin.jar;C:\Users\Alexis\Downloads\RSTableMetro.jar;C:\Users\Alexis\Documents\NetBeansProjects\DATAMAXREPOSITORY\Proyecto-DATAMAX-version2.0\build\classes
Launcher Type: SUN_STANDARD

Environment Variables:
PATH=C:\Program Files (x86)\Common Files\Oracle\Java\javapath;C:\app\Alexis\product\11.2.0\dbhome_1\bin;C:\Windows\system32;C:\Windows;C:\Windows\System32\Wbem;C:\Windows\System32\WindowsPowerShell\v1.0\;C:\Windows\System32\OpenSSH\;C:\Program Files\MySQL\MySQL Utilities 1.6\;C:\Users\Alexis\AppData\Local\Microsoft\WindowsApps;
USERNAME=Alexis
OS=Windows_NT
PROCESSOR_IDENTIFIER=AMD64 Family 21 Model 96 Stepping 1, AuthenticAMD



---------------  S Y S T E M  ---------------

OS: Windows 10.0 , 64 bit Build 17763 (10.0.17763.475)

CPU:total 4 (initial active 4) (4 cores per cpu, 1 threads per core) family 21 model 96 stepping 1, cmov, cx8, fxsr, mmx, sse, sse2, sse3, ssse3, sse4.1, sse4.2, popcnt, avx, avx2, aes, clmul, mmxext, 3dnowpref, lzcnt, sse4a, tsc, tscinvbit, tscinv, bmi1

Memory: 4k page, physical 12005560k(1786280k free), swap 49754296k(5244k free)

vm_info: Java HotSpot(TM) 64-Bit Server VM (25.231-b11) for windows-amd64 JRE (1.8.0_231-b11), built on Oct  5 2019 03:11:30 by "java_re" with MS VC++ 10.0 (VS2010)

time: Sat Nov 23 03:33:24 2019
timezone: Hora estándar central (México)
elapsed time: 35 seconds (0d 0h 0m 35s)

