#
# There is insufficient memory for the Java Runtime Environment to continue.
# Native memory allocation (malloc) failed to allocate 32744 bytes for ChunkPool::allocate
# Possible reasons:
#   The system is out of physical RAM or swap space
#   The process is running with CompressedOops enabled, and the Java Heap may be blocking the growth of the native heap
# Possible solutions:
#   Reduce memory load on the system
#   Increase physical memory or swap space
#   Check if swap backing store is full
#   Decrease Java heap size (-Xmx/-Xms)
#   Decrease number of Java threads
#   Decrease Java thread stack sizes (-Xss)
#   Set larger code cache with -XX:ReservedCodeCacheSize=
#   JVM is running with Zero Based Compressed Oops mode in which the Java heap is
#     placed in the first 32GB address space. The Java Heap base address is the
#     maximum limit for the native heap growth. Please use -XX:HeapBaseMinAddress
#     to set the Java Heap base and to place the Java Heap above 32GB virtual address.
# This output file may be truncated or incomplete.
#
#  Out of Memory Error (allocation.cpp:272), pid=8732, tid=0x000000000000159c
#
# JRE version: Java(TM) SE Runtime Environment (8.0_231-b11) (build 1.8.0_231-b11)
# Java VM: Java HotSpot(TM) 64-Bit Server VM (25.231-b11 mixed mode windows-amd64 compressed oops)
# Failed to write core dump. Minidumps are not enabled by default on client versions of Windows
#

---------------  T H R E A D  ---------------

Current thread (0x000000001a0dd800):  JavaThread "C1 CompilerThread2" daemon [_thread_in_native, id=5532, stack(0x000000001b950000,0x000000001ba50000)]

Stack: [0x000000001b950000,0x000000001ba50000]
[error occurred during error reporting (printing stack bounds), id 0xc0000005]

Native frames: (J=compiled Java code, j=interpreted, Vv=VM code, C=native code)


Current CompileTask:
C1:   2324  402       3       com.sun.tools.javac.parser.JavacParser::term3 (2502 bytes)


---------------  P R O C E S S  ---------------

Java Threads: ( => current thread )
  0x000000001a12e000 JavaThread "Service Thread" daemon [_thread_blocked, id=10520, stack(0x000000001be50000,0x000000001bf50000)]
=>0x000000001a0dd800 JavaThread "C1 CompilerThread2" daemon [_thread_in_native, id=5532, stack(0x000000001b950000,0x000000001ba50000)]
  0x000000001a0d5800 JavaThread "C2 CompilerThread1" daemon [_thread_in_native, id=10580, stack(0x000000001b850000,0x000000001b950000)]
  0x000000001a0cf800 JavaThread "C2 CompilerThread0" daemon [_thread_in_native, id=5952, stack(0x000000001b750000,0x000000001b850000)]
  0x000000001a0cd800 JavaThread "Attach Listener" daemon [_thread_blocked, id=11488, stack(0x000000001b650000,0x000000001b750000)]
  0x000000001a0cc000 JavaThread "Signal Dispatcher" daemon [_thread_blocked, id=6640, stack(0x000000001b550000,0x000000001b650000)]
  0x000000000339d800 JavaThread "Finalizer" daemon [_thread_blocked, id=12116, stack(0x000000001b330000,0x000000001b430000)]
  0x0000000003394000 JavaThread "Reference Handler" daemon [_thread_blocked, id=2732, stack(0x000000001b230000,0x000000001b330000)]
  0x00000000032a4000 JavaThread "main" [_thread_in_native, id=9332, stack(0x0000000003190000,0x0000000003290000)]

Other Threads:
  0x000000001a098000 VMThread [stack: 0x000000001b130000,0x000000001b230000] [id=10780]
  0x000000001ba7d000 WatcherThread [stack: 0x000000001c0b0000,0x000000001c1b0000] [id=9048]

VM state:not at safepoint (normal execution)

VM Mutex/Monitor currently owned by a thread: None

OutOfMemory and StackOverflow Exception counts:
OutOfMemoryError java_heap_errors=1

heap address: 0x0000000708c00000, size: 2932 MB, Compressed Oops mode: Zero based, Oop shift amount: 3
Narrow klass base: 0x0000000000000000, Narrow klass shift: 3
Compressed class space size: 1073741824 Address: 0x00000007c0000000

Heap:
 PSYoungGen      total 6656K, used 2554K [0x0000000782f00000, 0x0000000783800000, 0x00000007c0000000)
  eden space 5632K, 28% used [0x0000000782f00000,0x0000000783092830,0x0000000783480000)
  from space 1024K, 92% used [0x0000000783600000,0x00000007836ec020,0x0000000783700000)
  to   space 1536K, 0% used [0x0000000783480000,0x0000000783480000,0x0000000783600000)
 ParOldGen       total 5632K, used 1004K [0x0000000708c00000, 0x0000000709180000, 0x0000000782f00000)
  object space 5632K, 17% used [0x0000000708c00000,0x0000000708cfb0c0,0x0000000709180000)
 Metaspace       used 7279K, capacity 8244K, committed 8448K, reserved 1056768K
  class space    used 889K, capacity 944K, committed 1024K, reserved 1048576K

Card table byte_map: [0x0000000012830000,0x0000000012df0000] byte_map_base: 0x000000000efea000

Marking Bits: (ParMarkBitMap*) 0x000000005bc16d90
 Begin Bits: [0x00000000135d0000, 0x00000000163a0000)
 End Bits:   [0x00000000163a0000, 0x0000000019170000)

Polling page: 0x00000000014f0000

CodeCache: size=245760Kb used=2121Kb max_used=2133Kb free=243638Kb
 bounds [0x0000000003470000, 0x00000000036e0000, 0x0000000012470000]
 total_blobs=682 nmethods=397 adapters=199
 compilation: enabled

Compilation events (10 events):
Event: 2.208 Thread 0x000000001a0dd800 nmethod 387 0x0000000003680890 code [0x0000000003680a00, 0x0000000003680ca8]
Event: 2.208 Thread 0x000000001a0dd800  388       3       com.sun.tools.javac.util.Names::fromChars (11 bytes)
Event: 2.208 Thread 0x000000001a0dd800 nmethod 388 0x0000000003680dd0 code [0x0000000003680f40, 0x0000000003681168]
Event: 2.208 Thread 0x000000001a0dd800  389       3       com.sun.tools.javac.parser.Tokens::lookupKind (27 bytes)
Event: 2.208 Thread 0x000000001a0dd800 nmethod 389 0x0000000003681250 code [0x00000000036813e0, 0x0000000003681758]
Event: 2.208 Thread 0x000000001a0dd800  397       3       com.sun.tools.javac.parser.Tokens$NamedToken::checkKind (43 bytes)
Event: 2.208 Thread 0x000000001a0d5800  401       4       com.sun.tools.javac.parser.UnicodeReader::putChar (41 bytes)
Event: 2.209 Thread 0x000000001a0dd800 nmethod 397 0x0000000003681890 code [0x0000000003681a80, 0x00000000036824b8]
Event: 2.209 Thread 0x000000001a0dd800  402       3       com.sun.tools.javac.parser.JavacParser::term3 (2502 bytes)
Event: 2.215 Thread 0x000000001a0d5800 nmethod 401 0x00000000036858d0 code [0x0000000003685a40, 0x0000000003685db8]

GC Heap History (10 events):
Event: 0.925 GC heap before
{Heap before GC invocations=2 (full 0):
 PSYoungGen      total 2048K, used 2048K [0x0000000782f00000, 0x0000000783180000, 0x00000007c0000000)
  eden space 1536K, 100% used [0x0000000782f00000,0x0000000783080000,0x0000000783080000)
  from space 512K, 100% used [0x0000000783080000,0x0000000783100000,0x0000000783100000)
  to   space 512K, 0% used [0x0000000783100000,0x0000000783100000,0x0000000783180000)
 ParOldGen       total 5632K, used 24K [0x0000000708c00000, 0x0000000709180000, 0x0000000782f00000)
  object space 5632K, 0% used [0x0000000708c00000,0x0000000708c06000,0x0000000709180000)
 Metaspace       used 3992K, capacity 5388K, committed 5760K, reserved 1056768K
  class space    used 472K, capacity 520K, committed 640K, reserved 1048576K
Event: 0.929 GC heap after
Heap after GC invocations=2 (full 0):
 PSYoungGen      total 2048K, used 480K [0x0000000782f00000, 0x0000000783300000, 0x00000007c0000000)
  eden space 1536K, 0% used [0x0000000782f00000,0x0000000782f00000,0x0000000783080000)
  from space 512K, 93% used [0x0000000783100000,0x0000000783178020,0x0000000783180000)
  to   space 512K, 0% used [0x0000000783080000,0x0000000783080000,0x0000000783100000)
 ParOldGen       total 5632K, used 96K [0x0000000708c00000, 0x0000000709180000, 0x0000000782f00000)
  object space 5632K, 1% used [0x0000000708c00000,0x0000000708c18000,0x0000000709180000)
 Metaspace       used 3992K, capacity 5388K, committed 5760K, reserved 1056768K
  class space    used 472K, capacity 520K, committed 640K, reserved 1048576K
}
Event: 1.088 GC heap before
{Heap before GC invocations=3 (full 0):
 PSYoungGen      total 2048K, used 2016K [0x0000000782f00000, 0x0000000783300000, 0x00000007c0000000)
  eden space 1536K, 100% used [0x0000000782f00000,0x0000000783080000,0x0000000783080000)
  from space 512K, 93% used [0x0000000783100000,0x0000000783178020,0x0000000783180000)
  to   space 512K, 0% used [0x0000000783080000,0x0000000783080000,0x0000000783100000)
 ParOldGen       total 5632K, used 96K [0x0000000708c00000, 0x0000000709180000, 0x0000000782f00000)
  object space 5632K, 1% used [0x0000000708c00000,0x0000000708c18000,0x0000000709180000)
 Metaspace       used 4478K, capacity 5772K, committed 6016K, reserved 1056768K
  class space    used 548K, capacity 584K, committed 640K, reserved 1048576K
Event: 1.100 GC heap after
Heap after GC invocations=3 (full 0):
 PSYoungGen      total 2048K, used 480K [0x0000000782f00000, 0x0000000783300000, 0x00000007c0000000)
  eden space 1536K, 0% used [0x0000000782f00000,0x0000000782f00000,0x0000000783080000)
  from space 512K, 93% used [0x0000000783080000,0x00000007830f8010,0x0000000783100000)
  to   space 512K, 0% used [0x0000000783280000,0x0000000783280000,0x0000000783300000)
 ParOldGen       total 5632K, used 487K [0x0000000708c00000, 0x0000000709180000, 0x0000000782f00000)
  object space 5632K, 8% used [0x0000000708c00000,0x0000000708c79fb0,0x0000000709180000)
 Metaspace       used 4478K, capacity 5772K, committed 6016K, reserved 1056768K
  class space    used 548K, capacity 584K, committed 640K, reserved 1048576K
}
Event: 1.229 GC heap before
{Heap before GC invocations=4 (full 0):
 PSYoungGen      total 2048K, used 1982K [0x0000000782f00000, 0x0000000783300000, 0x00000007c0000000)
  eden space 1536K, 97% used [0x0000000782f00000,0x0000000783077870,0x0000000783080000)
  from space 512K, 93% used [0x0000000783080000,0x00000007830f8010,0x0000000783100000)
  to   space 512K, 0% used [0x0000000783280000,0x0000000783280000,0x0000000783300000)
 ParOldGen       total 5632K, used 487K [0x0000000708c00000, 0x0000000709180000, 0x0000000782f00000)
  object space 5632K, 8% used [0x0000000708c00000,0x0000000708c79fb0,0x0000000709180000)
 Metaspace       used 4957K, capacity 6220K, committed 6400K, reserved 1056768K
  class space    used 608K, capacity 648K, committed 768K, reserved 1048576K
Event: 1.238 GC heap after
Heap after GC invocations=4 (full 0):
 PSYoungGen      total 3584K, used 496K [0x0000000782f00000, 0x0000000783300000, 0x00000007c0000000)
  eden space 3072K, 0% used [0x0000000782f00000,0x0000000782f00000,0x0000000783200000)
  from space 512K, 96% used [0x0000000783280000,0x00000007832fc020,0x0000000783300000)
  to   space 512K, 0% used [0x0000000783200000,0x0000000783200000,0x0000000783280000)
 ParOldGen       total 5632K, used 590K [0x0000000708c00000, 0x0000000709180000, 0x0000000782f00000)
  object space 5632K, 10% used [0x0000000708c00000,0x0000000708c93bc0,0x0000000709180000)
 Metaspace       used 4957K, capacity 6220K, committed 6400K, reserved 1056768K
  class space    used 608K, capacity 648K, committed 768K, reserved 1048576K
}
Event: 1.717 GC heap before
{Heap before GC invocations=5 (full 0):
 PSYoungGen      total 3584K, used 3568K [0x0000000782f00000, 0x0000000783300000, 0x00000007c0000000)
  eden space 3072K, 100% used [0x0000000782f00000,0x0000000783200000,0x0000000783200000)
  from space 512K, 96% used [0x0000000783280000,0x00000007832fc020,0x0000000783300000)
  to   space 512K, 0% used [0x0000000783200000,0x0000000783200000,0x0000000783280000)
 ParOldGen       total 5632K, used 590K [0x0000000708c00000, 0x0000000709180000, 0x0000000782f00000)
  object space 5632K, 10% used [0x0000000708c00000,0x0000000708c93bc0,0x0000000709180000)
 Metaspace       used 6058K, capacity 7276K, committed 7552K, reserved 1056768K
  class space    used 760K, capacity 808K, committed 896K, reserved 1048576K
Event: 1.721 GC heap after
Heap after GC invocations=5 (full 0):
 PSYoungGen      total 3584K, used 480K [0x0000000782f00000, 0x0000000783700000, 0x00000007c0000000)
  eden space 3072K, 0% used [0x0000000782f00000,0x0000000782f00000,0x0000000783200000)
  from space 512K, 93% used [0x0000000783200000,0x0000000783278030,0x0000000783280000)
  to   space 1024K, 0% used [0x0000000783600000,0x0000000783600000,0x0000000783700000)
 ParOldGen       total 5632K, used 996K [0x0000000708c00000, 0x0000000709180000, 0x0000000782f00000)
  object space 5632K, 17% used [0x0000000708c00000,0x0000000708cf90c0,0x0000000709180000)
 Metaspace       used 6058K, capacity 7276K, committed 7552K, reserved 1056768K
  class space    used 760K, capacity 808K, committed 896K, reserved 1048576K
}
Event: 2.044 GC heap before
{Heap before GC invocations=6 (full 0):
 PSYoungGen      total 3584K, used 3534K [0x0000000782f00000, 0x0000000783700000, 0x00000007c0000000)
  eden space 3072K, 99% used [0x0000000782f00000,0x00000007831fba38,0x0000000783200000)
  from space 512K, 93% used [0x0000000783200000,0x0000000783278030,0x0000000783280000)
  to   space 1024K, 0% used [0x0000000783600000,0x0000000783600000,0x0000000783700000)
 ParOldGen       total 5632K, used 996K [0x0000000708c00000, 0x0000000709180000, 0x0000000782f00000)
  object space 5632K, 17% used [0x0000000708c00000,0x0000000708cf90c0,0x0000000709180000)
 Metaspace       used 6838K, capacity 7860K, committed 8064K, reserved 1056768K
  class space    used 848K, capacity 880K, committed 896K, reserved 1048576K
Event: 2.051 GC heap after
Heap after GC invocations=6 (full 0):
 PSYoungGen      total 6656K, used 944K [0x0000000782f00000, 0x0000000783800000, 0x00000007c0000000)
  eden space 5632K, 0% used [0x0000000782f00000,0x0000000782f00000,0x0000000783480000)
  from space 1024K, 92% used [0x0000000783600000,0x00000007836ec020,0x0000000783700000)
  to   space 1536K, 0% used [0x0000000783480000,0x0000000783480000,0x0000000783600000)
 ParOldGen       total 5632K, used 1004K [0x0000000708c00000, 0x0000000709180000, 0x0000000782f00000)
  object space 5632K, 17% used [0x0000000708c00000,0x0000000708cfb0c0,0x0000000709180000)
 Metaspace       used 6838K, capacity 7860K, committed 8064K, reserved 1056768K
  class space    used 848K, capacity 880K, committed 896K, reserved 1048576K
}

Deoptimization events (5 events):
Event: 1.986 Thread 0x00000000032a4000 Uncommon trap: reason=unstable_if action=reinterpret pc=0x00000000035e89dc method=java.lang.String.replace(CC)Ljava/lang/String; @ 26
Event: 2.032 Thread 0x00000000032a4000 Uncommon trap: reason=unstable_if action=reinterpret pc=0x0000000003637390 method=java.lang.String.<init>([CII)V @ 18
Event: 2.032 Thread 0x00000000032a4000 Uncommon trap: reason=unstable_if action=reinterpret pc=0x00000000035ab75c method=java.lang.String.startsWith(Ljava/lang/String;I)Z @ 25
Event: 2.033 Thread 0x00000000032a4000 Uncommon trap: reason=unloaded action=reinterpret pc=0x0000000003627c84 method=sun.misc.URLClassPath$JarLoader.getResource(Ljava/lang/String;Z)Lsun/misc/Resource; @ 67
Event: 2.039 Thread 0x00000000032a4000 Uncommon trap: reason=class_check action=maybe_recompile pc=0x000000000360cae4 method=sun.misc.URLClassPath.getLoader(I)Lsun/misc/URLClassPath$Loader; @ 94

Classes redefined (0 events):
No events

Internal exceptions (10 events):
Event: 0.689 Thread 0x00000000032a4000 Exception <a 'java/security/PrivilegedActionException'> (0x000000078306d2a8) thrown at [C:\re\workspace\8-2-build-windows-amd64-cygwin\jdk8u231\13620\hotspot\src\share\vm\prims\jvm.cpp, line 1502]
Event: 0.689 Thread 0x00000000032a4000 Exception <a 'java/security/PrivilegedActionException'> (0x000000078306d6a0) thrown at [C:\re\workspace\8-2-build-windows-amd64-cygwin\jdk8u231\13620\hotspot\src\share\vm\prims\jvm.cpp, line 1502]
Event: 0.695 Thread 0x00000000032a4000 Exception <a 'java/security/PrivilegedActionException'> (0x0000000783071798) thrown at [C:\re\workspace\8-2-build-windows-amd64-cygwin\jdk8u231\13620\hotspot\src\share\vm\prims\jvm.cpp, line 1502]
Event: 0.695 Thread 0x00000000032a4000 Exception <a 'java/security/PrivilegedActionException'> (0x0000000783071b90) thrown at [C:\re\workspace\8-2-build-windows-amd64-cygwin\jdk8u231\13620\hotspot\src\share\vm\prims\jvm.cpp, line 1502]
Event: 0.714 Thread 0x00000000032a4000 Exception <a 'java/security/PrivilegedActionException'> (0x0000000782f0b1f0) thrown at [C:\re\workspace\8-2-build-windows-amd64-cygwin\jdk8u231\13620\hotspot\src\share\vm\prims\jvm.cpp, line 1502]
Event: 0.714 Thread 0x00000000032a4000 Exception <a 'java/security/PrivilegedActionException'> (0x0000000782f0b5e8) thrown at [C:\re\workspace\8-2-build-windows-amd64-cygwin\jdk8u231\13620\hotspot\src\share\vm\prims\jvm.cpp, line 1502]
Event: 2.017 Thread 0x00000000032a4000 Exception <a 'java/security/PrivilegedActionException'> (0x00000007831bf368) thrown at [C:\re\workspace\8-2-build-windows-amd64-cygwin\jdk8u231\13620\hotspot\src\share\vm\prims\jvm.cpp, line 1502]
Event: 2.018 Thread 0x00000000032a4000 Exception <a 'java/security/PrivilegedActionException'> (0x00000007831bf578) thrown at [C:\re\workspace\8-2-build-windows-amd64-cygwin\jdk8u231\13620\hotspot\src\share\vm\prims\jvm.cpp, line 1502]
Event: 2.018 Thread 0x00000000032a4000 Exception <a 'java/security/PrivilegedActionException'> (0x00000007831c0cd8) thrown at [C:\re\workspace\8-2-build-windows-amd64-cygwin\jdk8u231\13620\hotspot\src\share\vm\prims\jvm.cpp, line 1502]
Event: 2.018 Thread 0x00000000032a4000 Exception <a 'java/security/PrivilegedActionException'> (0x00000007831c0ee8) thrown at [C:\re\workspace\8-2-build-windows-amd64-cygwin\jdk8u231\13620\hotspot\src\share\vm\prims\jvm.cpp, line 1502]

Events (10 events):
Event: 2.138 loading class com/sun/tools/javac/parser/JavacParser$2
Event: 2.138 loading class com/sun/tools/javac/parser/JavacParser$2 done
Event: 2.142 loading class com/sun/tools/javac/parser/JavacParser$ParensResult
Event: 2.142 loading class com/sun/tools/javac/parser/JavacParser$ParensResult done
Event: 2.150 loading class com/sun/tools/javac/tree/TreeInfo$2
Event: 2.150 loading class com/sun/tools/javac/tree/TreeInfo$2 done
Event: 2.183 loading class com/sun/tools/javac/tree/JCTree$1
Event: 2.183 loading class com/sun/tools/javac/tree/JCTree$1 done
Event: 2.185 loading class com/sun/tools/javac/code/BoundKind
Event: 2.185 loading class com/sun/tools/javac/code/BoundKind done


Dynamic libraries:
0x00007ff7153c0000 - 0x00007ff7153c7000 	C:\Program Files\Java\jdk1.8.0_231\bin\javac.exe
0x00007ff8980c0000 - 0x00007ff8982ad000 	C:\Windows\SYSTEM32\ntdll.dll
0x00007ff8976a0000 - 0x00007ff897753000 	C:\Windows\System32\KERNEL32.DLL
0x00007ff895040000 - 0x00007ff8952d3000 	C:\Windows\System32\KERNELBASE.dll
0x00007ff88fa80000 - 0x00007ff88faaf000 	C:\Program Files\Java\jdk1.8.0_231\bin\jli.dll
0x00000000580b0000 - 0x0000000058182000 	C:\Program Files\Java\jdk1.8.0_231\bin\MSVCR100.dll
0x00007ff897f10000 - 0x00007ff897fb3000 	C:\Windows\System32\ADVAPI32.dll
0x00007ff897ff0000 - 0x00007ff89808e000 	C:\Windows\System32\msvcrt.dll
0x00007ff897760000 - 0x00007ff8977fe000 	C:\Windows\System32\sechost.dll
0x00007ff897800000 - 0x00007ff897922000 	C:\Windows\System32\RPCRT4.dll
0x00007ff897500000 - 0x00007ff897697000 	C:\Windows\System32\USER32.dll
0x00007ff8869a0000 - 0x00007ff886c19000 	C:\Windows\WinSxS\amd64_microsoft.windows.common-controls_6595b64144ccf1df_6.0.17763.802_none_05b1445c0722d2cc\COMCTL32.dll
0x00007ff8943c0000 - 0x00007ff8943e0000 	C:\Windows\System32\win32u.dll
0x00007ff897aa0000 - 0x00007ff897dcc000 	C:\Windows\System32\combase.dll
0x00007ff897240000 - 0x00007ff897269000 	C:\Windows\System32\GDI32.dll
0x00007ff894580000 - 0x00007ff89467a000 	C:\Windows\System32\ucrtbase.dll
0x00007ff894680000 - 0x00007ff894819000 	C:\Windows\System32\gdi32full.dll
0x00007ff894840000 - 0x00007ff8948be000 	C:\Windows\System32\bcryptPrimitives.dll
0x00007ff894430000 - 0x00007ff8944d0000 	C:\Windows\System32\msvcp_win.dll
0x00007ff897fc0000 - 0x00007ff897fee000 	C:\Windows\System32\IMM32.DLL
0x000000005b310000 - 0x000000005b3e2000 	C:\Program Files\Java\jdk1.8.0_231\jre\bin\msvcr100.dll
0x000000005b3f0000 - 0x000000005bc96000 	C:\Program Files\Java\jdk1.8.0_231\jre\bin\server\jvm.dll
0x00007ff8957c0000 - 0x00007ff8957c8000 	C:\Windows\System32\PSAPI.DLL
0x00007ff886cd0000 - 0x00007ff886cd9000 	C:\Windows\SYSTEM32\WSOCK32.dll
0x00007ff8912b0000 - 0x00007ff8912d4000 	C:\Windows\SYSTEM32\WINMM.dll
0x00007ff897dd0000 - 0x00007ff897e3d000 	C:\Windows\System32\WS2_32.dll
0x00007ff8910b0000 - 0x00007ff8910dd000 	C:\Windows\SYSTEM32\winmmbase.dll
0x00007ff88dab0000 - 0x00007ff88daba000 	C:\Windows\SYSTEM32\VERSION.dll
0x00007ff8943e0000 - 0x00007ff89442a000 	C:\Windows\System32\cfgmgr32.dll
0x00007ff886c80000 - 0x00007ff886c8f000 	C:\Program Files\Java\jdk1.8.0_231\jre\bin\verify.dll
0x00007ff869c70000 - 0x00007ff869c99000 	C:\Program Files\Java\jdk1.8.0_231\jre\bin\java.dll
0x00007ff869e50000 - 0x00007ff869e66000 	C:\Program Files\Java\jdk1.8.0_231\jre\bin\zip.dll
0x00007ff895980000 - 0x00007ff896e74000 	C:\Windows\System32\SHELL32.dll
0x00007ff8970e0000 - 0x00007ff897188000 	C:\Windows\System32\shcore.dll
0x00007ff8948f0000 - 0x00007ff89503d000 	C:\Windows\System32\windows.storage.dll
0x00007ff894150000 - 0x00007ff894174000 	C:\Windows\System32\profapi.dll
0x00007ff8940d0000 - 0x00007ff89412d000 	C:\Windows\System32\powrprof.dll
0x00007ff895920000 - 0x00007ff895972000 	C:\Windows\System32\shlwapi.dll
0x00007ff894130000 - 0x00007ff894141000 	C:\Windows\System32\kernel.appcore.dll
0x00007ff894820000 - 0x00007ff894837000 	C:\Windows\System32\cryptsp.dll

VM Arguments:
jvm_args: -Dapplication.home=C:\Program Files\Java\jdk1.8.0_231 -Xms8m 
java_command: com.sun.tools.javac.Main -d C:\Users\Alexis\Documents\NetBeansProjects\DATAMAXREPOSITORY\Proyecto-DATAMAX-version2.0\build\classes -classpath C:\Users\Alexis\Documents\NetBeansProjects\DATAMAXREPOSITORY\Proyecto-DATAMAX-version2.0\build\classes;C:\Program Files\NetBeans 8.2\java\modules\ext\AbsoluteLayout.jar;C:\Users\Alexis\Documents\NetBeansProjects\DATAMAXREPOSITORY\Proyecto-DATAMAX-version2.0\libraries\AutoCompleter.jar;C:\Users\Alexis\Documents\NetBeansProjects\DATAMAXREPOSITORY\Proyecto-DATAMAX-version2.0\libraries\jcalendar-1.3.3.jar;C:\Users\Alexis\Documents\NetBeansProjects\DATAMAXREPOSITORY\Proyecto-DATAMAX-version2.0\libraries\swingx-all-1.6.4.jar;C:\Users\Alexis\Documents\NetBeansProjects\DATAMAXREPOSITORY\Proyecto-DATAMAX-version2.0\libraries\commons-collections-3.2.1.jar;C:\Users\Alexis\Documents\NetBeansProjects\DATAMAXREPOSITORY\Proyecto-DATAMAX-version2.0\libraries\AbsoluteLayout.jar;C:\Users\Alexis\Documents\NetBeansProjects\DATAMAXREPOSITORY\Proyecto-DATAMAX-version2.0\libraries\commons-digester-2.1.jar;C:\Users\Alexis\Documents\NetBeansProjects\DATAMAXREPOSITORY\Proyecto-DATAMAX-version2.0\libraries\commons-logging-1.3.jar;C:\Users\Alexis\Documents\NetBeansProjects\DATAMAXREPOSITORY\Proyecto-DATAMAX-version2.0\libraries\groovy-2.4.6.jar;C:\Users\Alexis\Documents\NetBeansProjects\DATAMAXREPOSITORY\Proyecto-DATAMAX-version2.0\libraries\itextpdf-5.5.4.jar;C:\Users\Alexis\Documents\NetBeansProjects\DATAMAXREPOSITORY\Proyecto-DATAMAX-version2.0\libraries\itext-pdfa-5.5.4.jar;C:\Users\Alexis\Documents\NetBeansProjects\DATAMAXREPOSITORY\Proyecto-DATAMAX-version2.0\libraries\jasperreports-6.0.0.jar;C:\Program Files\NetBeans 8.2\ide\modules\ext\mysql-connector-java-5.1.23-bin.jar;C:\Users\Alexis\Documents\NetBeansProjects\DATAMAXREPOSITORY\Proyecto-DATAMAX-version2.0\libraries\mysql-connector-java-5.1.46-bin.jar;C:\Users\Alexis\Downloads\RSTableMetro.jar -sourcepath C:\Users\Alexis\Documents\NetBeansProjects\DATAMAXREPOSITORY\Proyecto-DATA
java_class_path (initial): C:\Program Files\Java\jdk1.8.0_231/lib/tools.jar;C:\Program Files\Java\jdk1.8.0_231/classes
Launcher Type: SUN_STANDARD

Environment Variables:
PATH=C:\app\Alexis\product\11.2.0\dbhome_1\bin;C:\Windows\system32;C:\Windows;C:\Windows\System32\Wbem;C:\Windows\System32\WindowsPowerShell\v1.0\;C:\Windows\System32\OpenSSH\;C:\Program Files\MySQL\MySQL Utilities 1.6\;C:\Users\Alexis\AppData\Local\Microsoft\WindowsApps;
USERNAME=Alexis
OS=Windows_NT
PROCESSOR_IDENTIFIER=AMD64 Family 21 Model 96 Stepping 1, AuthenticAMD



---------------  S Y S T E M  ---------------

OS: Windows 10.0 , 64 bit Build 17763 (10.0.17763.475)

CPU:total 4 (initial active 4) (4 cores per cpu, 1 threads per core) family 21 model 96 stepping 1, cmov, cx8, fxsr, mmx, sse, sse2, sse3, ssse3, sse4.1, sse4.2, popcnt, avx, avx2, aes, clmul, mmxext, 3dnowpref, lzcnt, sse4a, tsc, tscinvbit, tscinv, bmi1

Memory: 4k page, physical 12005560k(2053588k free), swap 49754296k(868k free)

vm_info: Java HotSpot(TM) 64-Bit Server VM (25.231-b11) for windows-amd64 JRE (1.8.0_231-b11), built on Oct  5 2019 03:11:30 by "java_re" with MS VC++ 10.0 (VS2010)

time: Fri Nov 08 23:22:31 2019
timezone: Hora estándar central (México)
elapsed time: 2 seconds (0d 0h 0m 2s)

