#
# There is insufficient memory for the Java Runtime Environment to continue.
# Native memory allocation (malloc) failed to allocate 131088 bytes for Chunk::new
# Possible reasons:
#   The system is out of physical RAM or swap space
#   The process is running with CompressedOops enabled, and the Java Heap may be blocking the growth of the native heap
# Possible solutions:
#   Reduce memory load on the system
#   Increase physical memory or swap space
#   Check if swap backing store is full
#   Decrease Java heap size (-Xmx/-Xms)
#   Decrease number of Java threads
#   Decrease Java thread stack sizes (-Xss)
#   Set larger code cache with -XX:ReservedCodeCacheSize=
#   JVM is running with Zero Based Compressed Oops mode in which the Java heap is
#     placed in the first 32GB address space. The Java Heap base address is the
#     maximum limit for the native heap growth. Please use -XX:HeapBaseMinAddress
#     to set the Java Heap base and to place the Java Heap above 32GB virtual address.
# This output file may be truncated or incomplete.
#
#  Out of Memory Error (allocation.cpp:389), pid=1520, tid=0x0000000000002cc0
#
# JRE version: Java(TM) SE Runtime Environment (8.0_231-b11) (build 1.8.0_231-b11)
# Java VM: Java HotSpot(TM) 64-Bit Server VM (25.231-b11 mixed mode windows-amd64 compressed oops)
# Failed to write core dump. Minidumps are not enabled by default on client versions of Windows
#

---------------  T H R E A D  ---------------

Current thread (0x0000000019831800):  JavaThread "C2 CompilerThread1" daemon [_thread_in_native, id=11456, stack(0x000000001afa0000,0x000000001b0a0000)]

Stack: [0x000000001afa0000,0x000000001b0a0000]
[error occurred during error reporting (printing stack bounds), id 0xc0000005]

Native frames: (J=compiled Java code, j=interpreted, Vv=VM code, C=native code)


Current CompileTask:
C2:  43064 3211 %     4       si.menu_principal::run @ 4 (76 bytes)


---------------  P R O C E S S  ---------------

Java Threads: ( => current thread )
  0x000000001b375800 JavaThread "Thread-3" [_thread_in_Java, id=10764, stack(0x0000000026060000,0x0000000026160000)]
  0x000000001bd38800 JavaThread "D3D Screen Updater" daemon [_thread_blocked, id=10388, stack(0x0000000024a80000,0x0000000024b80000)]
  0x000000001bb6d000 JavaThread "TimerQueue" daemon [_thread_blocked, id=1372, stack(0x00000000221b0000,0x00000000222b0000)]
  0x000000001ba23800 JavaThread "Abandoned connection cleanup thread" daemon [_thread_blocked, id=7504, stack(0x0000000021cb0000,0x0000000021db0000)]
  0x00000000028ee800 JavaThread "DestroyJavaVM" [_thread_blocked, id=7724, stack(0x00000000029c0000,0x0000000002ac0000)]
  0x000000001b9b1000 JavaThread "AWT-EventQueue-0" [_thread_blocked, id=9852, stack(0x000000001c9e0000,0x000000001cae0000)]
  0x000000001b98d800 JavaThread "AWT-Windows" daemon [_thread_in_native, id=4948, stack(0x000000001c300000,0x000000001c400000)]
  0x000000001b98b000 JavaThread "AWT-Shutdown" [_thread_blocked, id=10312, stack(0x000000001c200000,0x000000001c300000)]
  0x000000001b988000 JavaThread "Java2D Disposer" daemon [_thread_blocked, id=3828, stack(0x000000001c100000,0x000000001c200000)]
  0x000000001987b000 JavaThread "Service Thread" daemon [_thread_blocked, id=11348, stack(0x000000001b5a0000,0x000000001b6a0000)]
  0x0000000019838000 JavaThread "C1 CompilerThread2" daemon [_thread_blocked, id=356, stack(0x000000001b0a0000,0x000000001b1a0000)]
=>0x0000000019831800 JavaThread "C2 CompilerThread1" daemon [_thread_in_native, id=11456, stack(0x000000001afa0000,0x000000001b0a0000)]
  0x0000000019829800 JavaThread "C2 CompilerThread0" daemon [_thread_in_native, id=3976, stack(0x000000001aea0000,0x000000001afa0000)]
  0x0000000019827800 JavaThread "Attach Listener" daemon [_thread_blocked, id=7044, stack(0x000000001ada0000,0x000000001aea0000)]
  0x0000000019826800 JavaThread "Signal Dispatcher" daemon [_thread_blocked, id=5612, stack(0x000000001aca0000,0x000000001ada0000)]
  0x0000000002bbd000 JavaThread "Finalizer" daemon [_thread_blocked, id=6156, stack(0x000000001aa80000,0x000000001ab80000)]
  0x0000000002bb4000 JavaThread "Reference Handler" daemon [_thread_blocked, id=12080, stack(0x000000001a980000,0x000000001aa80000)]

Other Threads:
  0x00000000197e7800 VMThread [stack: 0x000000001a880000,0x000000001a980000] [id=10000]
  0x000000001987b800 WatcherThread [stack: 0x000000001b800000,0x000000001b900000] [id=11488]

VM state:not at safepoint (normal execution)

VM Mutex/Monitor currently owned by a thread: None

heap address: 0x0000000708c00000, size: 2932 MB, Compressed Oops mode: Zero based, Oop shift amount: 3
Narrow klass base: 0x0000000000000000, Narrow klass shift: 3
Compressed class space size: 1073741824 Address: 0x00000007c0000000

Heap:
 PSYoungGen      total 460800K, used 395907K [0x0000000782f00000, 0x000000079f600000, 0x00000007c0000000)
  eden space 460288K, 85% used [0x0000000782f00000,0x000000079b190e90,0x000000079f080000)
  from space 512K, 12% used [0x000000079f080000,0x000000079f090000,0x000000079f100000)
  to   space 512K, 0% used [0x000000079f580000,0x000000079f580000,0x000000079f600000)
 ParOldGen       total 125952K, used 10894K [0x0000000708c00000, 0x0000000710700000, 0x0000000782f00000)
  object space 125952K, 8% used [0x0000000708c00000,0x00000007096a3870,0x0000000710700000)
 Metaspace       used 20182K, capacity 20426K, committed 20864K, reserved 1067008K
  class space    used 2533K, capacity 2595K, committed 2688K, reserved 1048576K

Card table byte_map: [0x0000000011f80000,0x0000000012540000] byte_map_base: 0x000000000e73a000

Marking Bits: (ParMarkBitMap*) 0x0000000057a06d90
 Begin Bits: [0x0000000012d20000, 0x0000000015af0000)
 End Bits:   [0x0000000015af0000, 0x00000000188c0000)

Polling page: 0x0000000002800000

CodeCache: size=245760Kb used=9390Kb max_used=9403Kb free=236369Kb
 bounds [0x0000000002bc0000, 0x0000000003500000, 0x0000000011bc0000]
 total_blobs=3545 nmethods=2925 adapters=530
 compilation: enabled

Compilation events (10 events):
Event: 42.873 Thread 0x0000000019838000 3204       1       javax.swing.plaf.synth.SynthTabbedPaneUI::access$1800 (5 bytes)
Event: 42.873 Thread 0x0000000019838000 nmethod 3204 0x00000000034dded0 code [0x00000000034de020, 0x00000000034de110]
Event: 42.878 Thread 0x0000000019829800 nmethod 3206 0x00000000034f4490 code [0x00000000034f4620, 0x00000000034f48e8]
Event: 42.878 Thread 0x0000000019829800 3207       4       java.util.Date::getTime (5 bytes)
Event: 42.879 Thread 0x0000000019829800 nmethod 3207 0x0000000003288bd0 code [0x0000000003288d00, 0x0000000003288d78]
Event: 42.879 Thread 0x0000000019829800 3208       4       java.util.GregorianCalendar::<init> (19 bytes)
Event: 42.884 Thread 0x0000000019829800 nmethod 3208 0x00000000034f3c50 code [0x00000000034f3de0, 0x00000000034f4298]
Event: 42.884 Thread 0x0000000019829800 3210       4       si.menu_principal::hora (223 bytes)
Event: 42.885 Thread 0x0000000019831800 nmethod 3199 0x00000000034f8850 code [0x00000000034f89e0, 0x00000000034f8f58]
Event: 42.942 Thread 0x0000000019831800 3211 %     4       si.menu_principal::run @ 4 (76 bytes)

GC Heap History (10 events):
Event: 41.086 GC heap before
{Heap before GC invocations=81 (full 0):
 PSYoungGen      total 269312K, used 268896K [0x0000000782f00000, 0x000000079f180000, 0x00000007c0000000)
  eden space 268800K, 100% used [0x0000000782f00000,0x0000000793580000,0x0000000793580000)
  from space 512K, 18% used [0x000000079f100000,0x000000079f118000,0x000000079f180000)
  to   space 512K, 0% used [0x000000079f080000,0x000000079f080000,0x000000079f100000)
 ParOldGen       total 125952K, used 10862K [0x0000000708c00000, 0x0000000710700000, 0x0000000782f00000)
  object space 125952K, 8% used [0x0000000708c00000,0x000000070969b870,0x0000000710700000)
 Metaspace       used 20182K, capacity 20426K, committed 20864K, reserved 1067008K
  class space    used 2533K, capacity 2595K, committed 2688K, reserved 1048576K
Event: 41.102 GC heap after
Heap after GC invocations=81 (full 0):
 PSYoungGen      total 323072K, used 96K [0x0000000782f00000, 0x000000079f180000, 0x00000007c0000000)
  eden space 322560K, 0% used [0x0000000782f00000,0x0000000782f00000,0x0000000796a00000)
  from space 512K, 18% used [0x000000079f080000,0x000000079f098000,0x000000079f100000)
  to   space 512K, 0% used [0x000000079f100000,0x000000079f100000,0x000000079f180000)
 ParOldGen       total 125952K, used 10862K [0x0000000708c00000, 0x0000000710700000, 0x0000000782f00000)
  object space 125952K, 8% used [0x0000000708c00000,0x000000070969b870,0x0000000710700000)
 Metaspace       used 20182K, capacity 20426K, committed 20864K, reserved 1067008K
  class space    used 2533K, capacity 2595K, committed 2688K, reserved 1048576K
}
Event: 41.418 GC heap before
{Heap before GC invocations=82 (full 0):
 PSYoungGen      total 323072K, used 322656K [0x0000000782f00000, 0x000000079f180000, 0x00000007c0000000)
  eden space 322560K, 100% used [0x0000000782f00000,0x0000000796a00000,0x0000000796a00000)
  from space 512K, 18% used [0x000000079f080000,0x000000079f098000,0x000000079f100000)
  to   space 512K, 0% used [0x000000079f100000,0x000000079f100000,0x000000079f180000)
 ParOldGen       total 125952K, used 10862K [0x0000000708c00000, 0x0000000710700000, 0x0000000782f00000)
  object space 125952K, 8% used [0x0000000708c00000,0x000000070969b870,0x0000000710700000)
 Metaspace       used 20182K, capacity 20426K, committed 20864K, reserved 1067008K
  class space    used 2533K, capacity 2595K, committed 2688K, reserved 1048576K
Event: 41.420 GC heap after
Heap after GC invocations=82 (full 0):
 PSYoungGen      total 387584K, used 64K [0x0000000782f00000, 0x000000079f180000, 0x00000007c0000000)
  eden space 387072K, 0% used [0x0000000782f00000,0x0000000782f00000,0x000000079a900000)
  from space 512K, 12% used [0x000000079f100000,0x000000079f110000,0x000000079f180000)
  to   space 512K, 0% used [0x000000079f080000,0x000000079f080000,0x000000079f100000)
 ParOldGen       total 125952K, used 10870K [0x0000000708c00000, 0x0000000710700000, 0x0000000782f00000)
  object space 125952K, 8% used [0x0000000708c00000,0x000000070969d870,0x0000000710700000)
 Metaspace       used 20182K, capacity 20426K, committed 20864K, reserved 1067008K
  class space    used 2533K, capacity 2595K, committed 2688K, reserved 1048576K
}
Event: 41.781 GC heap before
{Heap before GC invocations=83 (full 0):
 PSYoungGen      total 387584K, used 387136K [0x0000000782f00000, 0x000000079f180000, 0x00000007c0000000)
  eden space 387072K, 100% used [0x0000000782f00000,0x000000079a900000,0x000000079a900000)
  from space 512K, 12% used [0x000000079f100000,0x000000079f110000,0x000000079f180000)
  to   space 512K, 0% used [0x000000079f080000,0x000000079f080000,0x000000079f100000)
 ParOldGen       total 125952K, used 10870K [0x0000000708c00000, 0x0000000710700000, 0x0000000782f00000)
  object space 125952K, 8% used [0x0000000708c00000,0x000000070969d870,0x0000000710700000)
 Metaspace       used 20182K, capacity 20426K, committed 20864K, reserved 1067008K
  class space    used 2533K, capacity 2595K, committed 2688K, reserved 1048576K
Event: 41.783 GC heap after
Heap after GC invocations=83 (full 0):
 PSYoungGen      total 460800K, used 128K [0x0000000782f00000, 0x000000079f600000, 0x00000007c0000000)
  eden space 460288K, 0% used [0x0000000782f00000,0x0000000782f00000,0x000000079f080000)
  from space 512K, 25% used [0x000000079f080000,0x000000079f0a0000,0x000000079f100000)
  to   space 512K, 0% used [0x000000079f580000,0x000000079f580000,0x000000079f600000)
 ParOldGen       total 125952K, used 10870K [0x0000000708c00000, 0x0000000710700000, 0x0000000782f00000)
  object space 125952K, 8% used [0x0000000708c00000,0x000000070969d870,0x0000000710700000)
 Metaspace       used 20182K, capacity 20426K, committed 20864K, reserved 1067008K
  class space    used 2533K, capacity 2595K, committed 2688K, reserved 1048576K
}
Event: 42.254 GC heap before
{Heap before GC invocations=84 (full 0):
 PSYoungGen      total 460800K, used 460416K [0x0000000782f00000, 0x000000079f600000, 0x00000007c0000000)
  eden space 460288K, 100% used [0x0000000782f00000,0x000000079f080000,0x000000079f080000)
  from space 512K, 25% used [0x000000079f080000,0x000000079f0a0000,0x000000079f100000)
  to   space 512K, 0% used [0x000000079f580000,0x000000079f580000,0x000000079f600000)
 ParOldGen       total 125952K, used 10870K [0x0000000708c00000, 0x0000000710700000, 0x0000000782f00000)
  object space 125952K, 8% used [0x0000000708c00000,0x000000070969d870,0x0000000710700000)
 Metaspace       used 20182K, capacity 20426K, committed 20864K, reserved 1067008K
  class space    used 2533K, capacity 2595K, committed 2688K, reserved 1048576K
Event: 42.256 GC heap after
Heap after GC invocations=84 (full 0):
 PSYoungGen      total 460800K, used 96K [0x0000000782f00000, 0x000000079f600000, 0x00000007c0000000)
  eden space 460288K, 0% used [0x0000000782f00000,0x0000000782f00000,0x000000079f080000)
  from space 512K, 18% used [0x000000079f580000,0x000000079f598000,0x000000079f600000)
  to   space 512K, 0% used [0x000000079f080000,0x000000079f080000,0x000000079f100000)
 ParOldGen       total 125952K, used 10870K [0x0000000708c00000, 0x0000000710700000, 0x0000000782f00000)
  object space 125952K, 8% used [0x0000000708c00000,0x000000070969d870,0x0000000710700000)
 Metaspace       used 20182K, capacity 20426K, committed 20864K, reserved 1067008K
  class space    used 2533K, capacity 2595K, committed 2688K, reserved 1048576K
}
Event: 42.647 GC heap before
{Heap before GC invocations=85 (full 0):
 PSYoungGen      total 460800K, used 460384K [0x0000000782f00000, 0x000000079f600000, 0x00000007c0000000)
  eden space 460288K, 100% used [0x0000000782f00000,0x000000079f080000,0x000000079f080000)
  from space 512K, 18% used [0x000000079f580000,0x000000079f598000,0x000000079f600000)
  to   space 512K, 0% used [0x000000079f080000,0x000000079f080000,0x000000079f100000)
 ParOldGen       total 125952K, used 10870K [0x0000000708c00000, 0x0000000710700000, 0x0000000782f00000)
  object space 125952K, 8% used [0x0000000708c00000,0x000000070969d870,0x0000000710700000)
 Metaspace       used 20182K, capacity 20426K, committed 20864K, reserved 1067008K
  class space    used 2533K, capacity 2595K, committed 2688K, reserved 1048576K
Event: 42.649 GC heap after
Heap after GC invocations=85 (full 0):
 PSYoungGen      total 460800K, used 64K [0x0000000782f00000, 0x000000079f600000, 0x00000007c0000000)
  eden space 460288K, 0% used [0x0000000782f00000,0x0000000782f00000,0x000000079f080000)
  from space 512K, 12% used [0x000000079f080000,0x000000079f090000,0x000000079f100000)
  to   space 512K, 0% used [0x000000079f580000,0x000000079f580000,0x000000079f600000)
 ParOldGen       total 125952K, used 10894K [0x0000000708c00000, 0x0000000710700000, 0x0000000782f00000)
  object space 125952K, 8% used [0x0000000708c00000,0x00000007096a3870,0x0000000710700000)
 Metaspace       used 20182K, capacity 20426K, committed 20864K, reserved 1067008K
  class space    used 2533K, capacity 2595K, committed 2688K, reserved 1048576K
}

Deoptimization events (10 events):
Event: 20.639 Thread 0x000000001b9b1000 Uncommon trap: reason=unstable_if action=reinterpret pc=0x0000000003289914 method=javax.swing.RepaintManager.addDirtyRegion0(Ljava/awt/Container;IIII)V @ 7
Event: 20.639 Thread 0x000000001b9b1000 Uncommon trap: reason=unstable_if action=reinterpret pc=0x0000000003290124 method=javax.swing.RepaintManager.addDirtyRegion0(Ljava/awt/Container;IIII)V @ 7
Event: 20.990 Thread 0x000000001b9b1000 Uncommon trap: reason=unstable_if action=reinterpret pc=0x000000000332d34c method=com.mysql.jdbc.util.ReadAheadInputStream.read()I @ 12
Event: 21.110 Thread 0x000000001b375800 Uncommon trap: reason=unstable_if action=reinterpret pc=0x00000000032b2a18 method=javax.swing.JComponent.revalidate()V @ 12
Event: 21.196 Thread 0x000000001b9b1000 Uncommon trap: reason=unstable_if action=reinterpret pc=0x0000000002ff1f04 method=java.lang.ref.SoftReference.get()Ljava/lang/Object; @ 17
Event: 21.244 Thread 0x000000001b9b1000 Uncommon trap: reason=unstable_if action=reinterpret pc=0x000000000314b5fc method=java.lang.ref.SoftReference.get()Ljava/lang/Object; @ 17
Event: 35.721 Thread 0x000000001b9b1000 Uncommon trap: reason=unstable_if action=reinterpret pc=0x0000000002ffda64 method=sun.font.CMap$CMapFormat4.getGlyph(I)C @ 181
Event: 36.797 Thread 0x000000001b9b1000 Uncommon trap: reason=class_check action=maybe_recompile pc=0x00000000034545c0 method=sun.java2d.SurfaceData.getTransparency()I @ 4
Event: 42.865 Thread 0x000000001b375800 Uncommon trap: reason=unstable_if action=reinterpret pc=0x000000000341a720 method=si.menu_principal.hora()V @ 164
Event: 42.865 Thread 0x000000001b375800 Uncommon trap: reason=unstable_if action=reinterpret pc=0x00000000033bd84c method=si.menu_principal.hora()V @ 164

Classes redefined (0 events):
No events

Internal exceptions (10 events):
Event: 1.044 Thread 0x00000000028ee800 Exception <a 'java/lang/ClassNotFoundException': ToolBarSeparator> (0x00000007833f7048) thrown at [C:\re\workspace\8-2-build-windows-amd64-cygwin\jdk8u231\13620\hotspot\src\share\vm\classfile\systemDictionary.cpp, line 210]
Event: 1.044 Thread 0x00000000028ee800 Exception <a 'java/lang/ClassNotFoundException': ToolTip> (0x00000007833f7788) thrown at [C:\re\workspace\8-2-build-windows-amd64-cygwin\jdk8u231\13620\hotspot\src\share\vm\classfile\systemDictionary.cpp, line 210]
Event: 1.046 Thread 0x00000000028ee800 Exception <a 'java/lang/ClassNotFoundException': Tree> (0x00000007833f83a8) thrown at [C:\re\workspace\8-2-build-windows-amd64-cygwin\jdk8u231\13620\hotspot\src\share\vm\classfile\systemDictionary.cpp, line 210]
Event: 1.046 Thread 0x00000000028ee800 Exception <a 'java/lang/ClassNotFoundException': Tree> (0x00000007833f8ae8) thrown at [C:\re\workspace\8-2-build-windows-amd64-cygwin\jdk8u231\13620\hotspot\src\share\vm\classfile\systemDictionary.cpp, line 210]
Event: 1.046 Thread 0x00000000028ee800 Exception <a 'java/lang/ClassNotFoundException': javax/swing/JTreeCell> (0x00000007833f8e68) thrown at [C:\re\workspace\8-2-build-windows-amd64-cygwin\jdk8u231\13620\hotspot\src\share\vm\classfile\systemDictionary.cpp, line 210]
Event: 1.046 Thread 0x00000000028ee800 Exception <a 'java/lang/ClassNotFoundException': TreeCell> (0x00000007833f92f0) thrown at [C:\re\workspace\8-2-build-windows-amd64-cygwin\jdk8u231\13620\hotspot\src\share\vm\classfile\systemDictionary.cpp, line 210]
Event: 1.050 Thread 0x00000000028ee800 Exception <a 'java/lang/ClassNotFoundException': RootPane> (0x00000007833f9d50) thrown at [C:\re\workspace\8-2-build-windows-amd64-cygwin\jdk8u231\13620\hotspot\src\share\vm\classfile\systemDictionary.cpp, line 210]
Event: 12.480 Thread 0x000000001bd38800 Implicit null exception at 0x0000000002fa3775 to 0x0000000002fa381d
Event: 17.839 Thread 0x000000001b9b1000 Implicit null exception at 0x0000000003102d9a to 0x00000000031030ad
Event: 18.501 Thread 0x000000001b9b1000 Implicit null exception at 0x0000000003211c80 to 0x00000000032154d1

Events (10 events):
Event: 42.253 Executing VM operation: ParallelGCFailedAllocation
Event: 42.256 Executing VM operation: ParallelGCFailedAllocation done
Event: 42.647 Executing VM operation: ParallelGCFailedAllocation
Event: 42.649 Executing VM operation: ParallelGCFailedAllocation done
Event: 42.864 Thread 0x000000001b375800 Uncommon trap: trap_request=0xffffff65 fr.pc=0x000000000341a720
Event: 42.865 Thread 0x000000001b375800 DEOPT PACKING pc=0x000000000341a720 sp=0x000000002615f3a0
Event: 42.865 Thread 0x000000001b375800 DEOPT UNPACKING pc=0x0000000002c0583b sp=0x000000002615f388 mode 2
Event: 42.865 Thread 0x000000001b375800 Uncommon trap: trap_request=0xffffff65 fr.pc=0x00000000033bd84c
Event: 42.865 Thread 0x000000001b375800 DEOPT PACKING pc=0x00000000033bd84c sp=0x000000002615f370
Event: 42.865 Thread 0x000000001b375800 DEOPT UNPACKING pc=0x0000000002c0583b sp=0x000000002615f378 mode 2


Dynamic libraries:
0x00007ff6b58c0000 - 0x00007ff6b58f7000 	C:\Program Files\Java\jdk1.8.0_231\jre\bin\java.exe
0x00007ffb03830000 - 0x00007ffb03a1d000 	C:\Windows\SYSTEM32\ntdll.dll
0x00007ffb01110000 - 0x00007ffb011c3000 	C:\Windows\System32\KERNEL32.DLL
0x00007ffaffe10000 - 0x00007ffb000a3000 	C:\Windows\System32\KERNELBASE.dll
0x00007ffb015a0000 - 0x00007ffb01643000 	C:\Windows\System32\ADVAPI32.dll
0x00007ffb01450000 - 0x00007ffb014ee000 	C:\Windows\System32\msvcrt.dll
0x00007ffb00b70000 - 0x00007ffb00c0e000 	C:\Windows\System32\sechost.dll
0x00007ffb01810000 - 0x00007ffb01932000 	C:\Windows\System32\RPCRT4.dll
0x00007ffb012b0000 - 0x00007ffb01447000 	C:\Windows\System32\USER32.dll
0x00007ffaffdf0000 - 0x00007ffaffe10000 	C:\Windows\System32\win32u.dll
0x00007ffb037d0000 - 0x00007ffb037f9000 	C:\Windows\System32\GDI32.dll
0x00007ffaffbc0000 - 0x00007ffaffd59000 	C:\Windows\System32\gdi32full.dll
0x00007ffb009b0000 - 0x00007ffb00a50000 	C:\Windows\System32\msvcp_win.dll
0x00007ffb00160000 - 0x00007ffb0025a000 	C:\Windows\System32\ucrtbase.dll
0x00007ffaf3af0000 - 0x00007ffaf3d69000 	C:\Windows\WinSxS\amd64_microsoft.windows.common-controls_6595b64144ccf1df_6.0.17763.802_none_05b1445c0722d2cc\COMCTL32.dll
0x00007ffb03000000 - 0x00007ffb0332c000 	C:\Windows\System32\combase.dll
0x00007ffaffb40000 - 0x00007ffaffbbe000 	C:\Windows\System32\bcryptPrimitives.dll
0x00007ffb03410000 - 0x00007ffb0343e000 	C:\Windows\System32\IMM32.DLL
0x0000000057df0000 - 0x0000000057ec2000 	C:\Program Files\Java\jdk1.8.0_231\jre\bin\msvcr100.dll
0x00000000571e0000 - 0x0000000057a86000 	C:\Program Files\Java\jdk1.8.0_231\jre\bin\server\jvm.dll
0x00007ffb01800000 - 0x00007ffb01808000 	C:\Windows\System32\PSAPI.DLL
0x00007ffaf4a70000 - 0x00007ffaf4a79000 	C:\Windows\SYSTEM32\WSOCK32.dll
0x00007ffb00b00000 - 0x00007ffb00b6d000 	C:\Windows\System32\WS2_32.dll
0x00007ffafa340000 - 0x00007ffafa34a000 	C:\Windows\SYSTEM32\VERSION.dll
0x00007ffafd990000 - 0x00007ffafd9b4000 	C:\Windows\SYSTEM32\WINMM.dll
0x00007ffafd960000 - 0x00007ffafd98d000 	C:\Windows\SYSTEM32\winmmbase.dll
0x00007ffaffaf0000 - 0x00007ffaffb3a000 	C:\Windows\System32\cfgmgr32.dll
0x00007ffaf3f70000 - 0x00007ffaf3f7f000 	C:\Program Files\Java\jdk1.8.0_231\jre\bin\verify.dll
0x00007ffaec250000 - 0x00007ffaec279000 	C:\Program Files\Java\jdk1.8.0_231\jre\bin\java.dll
0x00007ffaf1690000 - 0x00007ffaf16a6000 	C:\Program Files\Java\jdk1.8.0_231\jre\bin\zip.dll
0x00007ffb01940000 - 0x00007ffb02e34000 	C:\Windows\System32\SHELL32.dll
0x00007ffb014f0000 - 0x00007ffb01598000 	C:\Windows\System32\shcore.dll
0x00007ffb00260000 - 0x00007ffb009ad000 	C:\Windows\System32\windows.storage.dll
0x00007ffaff8c0000 - 0x00007ffaff8e4000 	C:\Windows\System32\profapi.dll
0x00007ffaff820000 - 0x00007ffaff87d000 	C:\Windows\System32\powrprof.dll
0x00007ffb02e40000 - 0x00007ffb02e92000 	C:\Windows\System32\shlwapi.dll
0x00007ffaff880000 - 0x00007ffaff891000 	C:\Windows\System32\kernel.appcore.dll
0x00007ffaffad0000 - 0x00007ffaffae7000 	C:\Windows\System32\cryptsp.dll
0x00007ffaca530000 - 0x00007ffaca6ca000 	C:\Program Files\Java\jdk1.8.0_231\jre\bin\awt.dll
0x00007ffb03440000 - 0x00007ffb03504000 	C:\Windows\System32\OLEAUT32.dll
0x00007ffafda90000 - 0x00007ffafdb1c000 	C:\Windows\SYSTEM32\apphelp.dll
0x00007ffafdc40000 - 0x00007ffafdcdc000 	C:\Windows\system32\uxtheme.dll
0x00007ffb03660000 - 0x00007ffb037cb000 	C:\Windows\System32\MSCTF.dll
0x00007ffafdec0000 - 0x00007ffafdeee000 	C:\Windows\system32\dwmapi.dll
0x00007ffaff8f0000 - 0x00007ffaffacb000 	C:\Windows\System32\CRYPT32.dll
0x00007ffaff8a0000 - 0x00007ffaff8b2000 	C:\Windows\System32\MSASN1.dll
0x00007ffb02ea0000 - 0x00007ffb02ff5000 	C:\Windows\System32\ole32.dll
0x00007ffad07a0000 - 0x00007ffad07e9000 	C:\Program Files\Java\jdk1.8.0_231\jre\bin\fontmanager.dll
0x00007ffacc0e0000 - 0x00007ffacc207000 	C:\Windows\system32\opengl32.dll
0x00007ffae2580000 - 0x00007ffae25ac000 	C:\Windows\SYSTEM32\GLU32.dll
0x00007ffae68a0000 - 0x00007ffae6a3e000 	C:\Windows\system32\d3d9.dll
0x00007ffafa350000 - 0x00007ffafa4b4000 	C:\Windows\SYSTEM32\aticfx64.dll
0x00007ffaedbc0000 - 0x00007ffaedbe1000 	C:\Windows\SYSTEM32\atiu9p64.dll
0x00007ffacb560000 - 0x00007ffacbdb9000 	C:\Windows\SYSTEM32\atiumd64.dll
0x0000000058530000 - 0x0000000058db8000 	C:\Windows\SYSTEM32\atiumd6a.dll
0x00007ffaeacc0000 - 0x00007ffaeacda000 	C:\Program Files\Java\jdk1.8.0_231\jre\bin\net.dll
0x00007ffaff030000 - 0x00007ffaff097000 	C:\Windows\system32\mswsock.dll
0x00007ffafed90000 - 0x00007ffafee56000 	C:\Windows\SYSTEM32\DNSAPI.dll
0x00007ffb03650000 - 0x00007ffb03658000 	C:\Windows\System32\NSI.dll
0x00007ffafed50000 - 0x00007ffafed8d000 	C:\Windows\SYSTEM32\IPHLPAPI.DLL
0x00007ffaf2b10000 - 0x00007ffaf2b1a000 	C:\Windows\System32\rasadhlp.dll
0x00007ffaf3390000 - 0x00007ffaf3409000 	C:\Windows\System32\fwpuclnt.dll
0x00007ffaffdc0000 - 0x00007ffaffde6000 	C:\Windows\System32\bcrypt.dll
0x00007ffaf4a80000 - 0x00007ffaf4ab1000 	C:\Program Files\Java\jdk1.8.0_231\jre\bin\jpeg.dll
0x00007ffaeab50000 - 0x00007ffaeab62000 	C:\Program Files\Java\jdk1.8.0_231\jre\bin\nio.dll
0x00007fface6c0000 - 0x00007fface702000 	C:\Program Files\Java\jdk1.8.0_231\jre\bin\t2k.dll
0x00007ffaf4c10000 - 0x00007ffaf4ca5000 	C:\Windows\System32\TextInputFramework.dll
0x00007ffafd3f0000 - 0x00007ffafd4d2000 	C:\Windows\System32\CoreMessaging.dll
0x00007ffafa6d0000 - 0x00007ffafa9f2000 	C:\Windows\System32\CoreUIComponents.dll
0x00007ffafe890000 - 0x00007ffafe8c1000 	C:\Windows\SYSTEM32\ntmarta.dll
0x00007ffafb4e0000 - 0x00007ffafb633000 	C:\Windows\SYSTEM32\wintypes.dll
0x00007ffaec290000 - 0x00007ffaec2ba000 	C:\Program Files\Java\jdk1.8.0_231\jre\bin\dcpr.dll
0x00007ffb00a50000 - 0x00007ffb00af2000 	C:\Windows\System32\clbcatq.dll
0x00007ffafa510000 - 0x00007ffafa6c8000 	C:\Windows\SYSTEM32\WindowsCodecs.dll
0x00007ffaeb260000 - 0x00007ffaeb2b6000 	C:\Windows\system32\dataexchange.dll
0x00007ffafd220000 - 0x00007ffafd3e3000 	C:\Windows\system32\dcomp.dll
0x00007ffafc890000 - 0x00007ffafcb0e000 	C:\Windows\system32\d3d11.dll
0x00007ffafe550000 - 0x00007ffafe612000 	C:\Windows\system32\dxgi.dll
0x00007ffafdfa0000 - 0x00007ffafe1ad000 	C:\Windows\system32\twinapi.appcore.dll
0x00007ffafe1d0000 - 0x00007ffafe1f8000 	C:\Windows\system32\RMCLIENT.dll

VM Arguments:
jvm_args: -Dfile.encoding=UTF-8 
java_command: si.Cargainiciodelsistema
java_class_path (initial): C:\Program Files\NetBeans 8.2\java\modules\ext\AbsoluteLayout.jar;C:\Users\Alexis\Documents\NetBeansProjects\DATAMAXREPOSITORY\Proyecto-DATAMAX-version2.0\libraries\AutoCompleter.jar;C:\Users\Alexis\Documents\NetBeansProjects\DATAMAXREPOSITORY\Proyecto-DATAMAX-version2.0\libraries\jcalendar-1.3.3.jar;C:\Users\Alexis\Documents\NetBeansProjects\DATAMAXREPOSITORY\Proyecto-DATAMAX-version2.0\libraries\swingx-all-1.6.4.jar;C:\Users\Alexis\Documents\NetBeansProjects\DATAMAXREPOSITORY\Proyecto-DATAMAX-version2.0\libraries\commons-collections-3.2.1.jar;C:\Users\Alexis\Documents\NetBeansProjects\DATAMAXREPOSITORY\Proyecto-DATAMAX-version2.0\libraries\AbsoluteLayout.jar;C:\Users\Alexis\Documents\NetBeansProjects\DATAMAXREPOSITORY\Proyecto-DATAMAX-version2.0\libraries\commons-digester-2.1.jar;C:\Users\Alexis\Documents\NetBeansProjects\DATAMAXREPOSITORY\Proyecto-DATAMAX-version2.0\libraries\commons-logging-1.3.jar;C:\Users\Alexis\Documents\NetBeansProjects\DATAMAXREPOSITORY\Proyecto-DATAMAX-version2.0\libraries\groovy-2.4.6.jar;C:\Users\Alexis\Documents\NetBeansProjects\DATAMAXREPOSITORY\Proyecto-DATAMAX-version2.0\libraries\itextpdf-5.5.4.jar;C:\Users\Alexis\Documents\NetBeansProjects\DATAMAXREPOSITORY\Proyecto-DATAMAX-version2.0\libraries\itext-pdfa-5.5.4.jar;C:\Users\Alexis\Documents\NetBeansProjects\DATAMAXREPOSITORY\Proyecto-DATAMAX-version2.0\libraries\jasperreports-6.0.0.jar;C:\Program Files\NetBeans 8.2\ide\modules\ext\mysql-connector-java-5.1.23-bin.jar;C:\Users\Alexis\Documents\NetBeansProjects\DATAMAXREPOSITORY\Proyecto-DATAMAX-version2.0\libraries\mysql-connector-java-5.1.46-bin.jar;C:\Users\Alexis\Downloads\RSTableMetro.jar;C:\Users\Alexis\Documents\NetBeansProjects\DATAMAXREPOSITORY\Proyecto-DATAMAX-version2.0\build\classes
Launcher Type: SUN_STANDARD

Environment Variables:
PATH=C:\Program Files (x86)\Common Files\Oracle\Java\javapath;C:\app\Alexis\product\11.2.0\dbhome_1\bin;C:\Windows\system32;C:\Windows;C:\Windows\System32\Wbem;C:\Windows\System32\WindowsPowerShell\v1.0\;C:\Windows\System32\OpenSSH\;C:\Program Files\MySQL\MySQL Utilities 1.6\;C:\Users\Alexis\AppData\Local\Microsoft\WindowsApps;
USERNAME=Alexis
OS=Windows_NT
PROCESSOR_IDENTIFIER=AMD64 Family 21 Model 96 Stepping 1, AuthenticAMD



---------------  S Y S T E M  ---------------

OS: Windows 10.0 , 64 bit Build 17763 (10.0.17763.475)

CPU:total 4 (initial active 4) (4 cores per cpu, 1 threads per core) family 21 model 96 stepping 1, cmov, cx8, fxsr, mmx, sse, sse2, sse3, ssse3, sse4.1, sse4.2, popcnt, avx, avx2, aes, clmul, mmxext, 3dnowpref, lzcnt, sse4a, tsc, tscinvbit, tscinv, bmi1

Memory: 4k page, physical 12005560k(872512k free), swap 49754296k(4204k free)

vm_info: Java HotSpot(TM) 64-Bit Server VM (25.231-b11) for windows-amd64 JRE (1.8.0_231-b11), built on Oct  5 2019 03:11:30 by "java_re" with MS VC++ 10.0 (VS2010)

time: Mon Nov 04 18:45:00 2019
timezone: Hora estándar central (México)
elapsed time: 43 seconds (0d 0h 0m 43s)

