#
# There is insufficient memory for the Java Runtime Environment to continue.
# Native memory allocation (malloc) failed to allocate 1048576 bytes for AllocateHeap
# Possible reasons:
#   The system is out of physical RAM or swap space
#   The process is running with CompressedOops enabled, and the Java Heap may be blocking the growth of the native heap
# Possible solutions:
#   Reduce memory load on the system
#   Increase physical memory or swap space
#   Check if swap backing store is full
#   Decrease Java heap size (-Xmx/-Xms)
#   Decrease number of Java threads
#   Decrease Java thread stack sizes (-Xss)
#   Set larger code cache with -XX:ReservedCodeCacheSize=
#   JVM is running with Zero Based Compressed Oops mode in which the Java heap is
#     placed in the first 32GB address space. The Java Heap base address is the
#     maximum limit for the native heap growth. Please use -XX:HeapBaseMinAddress
#     to set the Java Heap base and to place the Java Heap above 32GB virtual address.
# This output file may be truncated or incomplete.
#
#  Out of Memory Error (memory/allocation.inline.hpp:61), pid=8596, tid=0x00000000000031b0
#
# JRE version:  (8.0_231-b11) (build )
# Java VM: Java HotSpot(TM) 64-Bit Server VM (25.231-b11 mixed mode windows-amd64 compressed oops)
# Failed to write core dump. Minidumps are not enabled by default on client versions of Windows
#

---------------  T H R E A D  ---------------

Current thread (0x000000000317e800):  JavaThread "Unknown thread" [_thread_in_vm, id=12720, stack(0x0000000003180000,0x0000000003280000)]

Stack: [0x0000000003180000,0x0000000003280000]
[error occurred during error reporting (printing stack bounds), id 0xc0000005]

Native frames: (J=compiled Java code, j=interpreted, Vv=VM code, C=native code)


---------------  P R O C E S S  ---------------

Java Threads: ( => current thread )

Other Threads:

=>0x000000000317e800 (exited) JavaThread "Unknown thread" [_thread_in_vm, id=12720, stack(0x0000000003180000,0x0000000003280000)]

VM state:not at safepoint (normal execution)

VM Mutex/Monitor currently owned by a thread: None

heap address: 0x0000000708c00000, size: 2932 MB, Compressed Oops mode: Zero based, Oop shift amount: 3
Narrow klass base: 0x0000000000000000, Narrow klass shift: 3
Compressed class space size: 1073741824 Address: 0x00000007c0000000

Heap:
 PSYoungGen      total 54784K, used 942K [0x0000000782f00000, 0x0000000786c00000, 0x00000007c0000000)
  eden space 47104K, 2% used [0x0000000782f00000,0x0000000782feb860,0x0000000785d00000)
  from space 7680K, 0% used [0x0000000786480000,0x0000000786480000,0x0000000786c00000)
  to   space 7680K, 0% used [0x0000000785d00000,0x0000000785d00000,0x0000000786480000)
 ParOldGen       total 125952K, used 0K [0x0000000708c00000, 0x0000000710700000, 0x0000000782f00000)
  object space 125952K, 0% used [0x0000000708c00000,0x0000000708c00000,0x0000000710700000)
 Metaspace       used 776K, capacity 4480K, committed 4480K, reserved 1056768K
  class space    used 76K, capacity 384K, committed 384K, reserved 1048576K

Card table byte_map: [0x0000000012740000,0x0000000012d00000] byte_map_base: 0x000000000eefa000

Marking Bits: (ParMarkBitMap*) 0x0000000057b66d90
 Begin Bits: [0x00000000134e0000, 0x00000000162b0000)
 End Bits:   [0x00000000162b0000, 0x0000000019080000)

Polling page: 0x0000000001350000

CodeCache: size=245760Kb used=327Kb max_used=327Kb free=245432Kb
 bounds [0x0000000003380000, 0x00000000035f0000, 0x0000000012380000]
 total_blobs=57 nmethods=0 adapters=38
 compilation: enabled

Compilation events (0 events):
No events

GC Heap History (0 events):
No events

Deoptimization events (0 events):
No events

Classes redefined (0 events):
No events

Internal exceptions (0 events):
No events

Events (10 events):
Event: 0.076 loading class java/lang/Short
Event: 0.077 loading class java/lang/Short done
Event: 0.077 loading class java/lang/Integer
Event: 0.077 loading class java/lang/Integer done
Event: 0.077 loading class java/lang/Long
Event: 0.077 loading class java/lang/Long done
Event: 0.079 loading class java/lang/NullPointerException
Event: 0.079 loading class java/lang/NullPointerException done
Event: 0.079 loading class java/lang/ArithmeticException
Event: 0.079 loading class java/lang/ArithmeticException done


Dynamic libraries:
0x00007ff6b58c0000 - 0x00007ff6b58f7000 	C:\Program Files\Java\jdk1.8.0_231\jre\bin\java.exe
0x00007ffb03830000 - 0x00007ffb03a1d000 	C:\Windows\SYSTEM32\ntdll.dll
0x00007ffb01110000 - 0x00007ffb011c3000 	C:\Windows\System32\KERNEL32.DLL
0x00007ffaffe10000 - 0x00007ffb000a3000 	C:\Windows\System32\KERNELBASE.dll
0x00007ffb015a0000 - 0x00007ffb01643000 	C:\Windows\System32\ADVAPI32.dll
0x00007ffb01450000 - 0x00007ffb014ee000 	C:\Windows\System32\msvcrt.dll
0x00007ffb00b70000 - 0x00007ffb00c0e000 	C:\Windows\System32\sechost.dll
0x00007ffb01810000 - 0x00007ffb01932000 	C:\Windows\System32\RPCRT4.dll
0x00007ffb012b0000 - 0x00007ffb01447000 	C:\Windows\System32\USER32.dll
0x00007ffaffdf0000 - 0x00007ffaffe10000 	C:\Windows\System32\win32u.dll
0x00007ffb037d0000 - 0x00007ffb037f9000 	C:\Windows\System32\GDI32.dll
0x00007ffaffbc0000 - 0x00007ffaffd59000 	C:\Windows\System32\gdi32full.dll
0x00007ffb009b0000 - 0x00007ffb00a50000 	C:\Windows\System32\msvcp_win.dll
0x00007ffb00160000 - 0x00007ffb0025a000 	C:\Windows\System32\ucrtbase.dll
0x00007ffaf3af0000 - 0x00007ffaf3d69000 	C:\Windows\WinSxS\amd64_microsoft.windows.common-controls_6595b64144ccf1df_6.0.17763.802_none_05b1445c0722d2cc\COMCTL32.dll
0x00007ffb03000000 - 0x00007ffb0332c000 	C:\Windows\System32\combase.dll
0x00007ffaffb40000 - 0x00007ffaffbbe000 	C:\Windows\System32\bcryptPrimitives.dll
0x00007ffb03410000 - 0x00007ffb0343e000 	C:\Windows\System32\IMM32.DLL
0x0000000058b80000 - 0x0000000058c52000 	C:\Program Files\Java\jdk1.8.0_231\jre\bin\msvcr100.dll
0x0000000057340000 - 0x0000000057be6000 	C:\Program Files\Java\jdk1.8.0_231\jre\bin\server\jvm.dll
0x00007ffb01800000 - 0x00007ffb01808000 	C:\Windows\System32\PSAPI.DLL
0x00007ffafd990000 - 0x00007ffafd9b4000 	C:\Windows\SYSTEM32\WINMM.dll
0x00007ffafd9d0000 - 0x00007ffafd9d9000 	C:\Windows\SYSTEM32\WSOCK32.dll
0x00007ffb00b00000 - 0x00007ffb00b6d000 	C:\Windows\System32\WS2_32.dll
0x00007ffafd960000 - 0x00007ffafd98d000 	C:\Windows\SYSTEM32\WINMMBASE.dll
0x00007ffaffaf0000 - 0x00007ffaffb3a000 	C:\Windows\System32\cfgmgr32.dll
0x00007ffafa340000 - 0x00007ffafa34a000 	C:\Windows\SYSTEM32\VERSION.dll
0x00007ffafd9c0000 - 0x00007ffafd9cf000 	C:\Program Files\Java\jdk1.8.0_231\jre\bin\verify.dll
0x00007ffaf4a90000 - 0x00007ffaf4ab9000 	C:\Program Files\Java\jdk1.8.0_231\jre\bin\java.dll
0x00007ffaf7b60000 - 0x00007ffaf7b76000 	C:\Program Files\Java\jdk1.8.0_231\jre\bin\zip.dll

VM Arguments:
jvm_args: -Dfile.encoding=UTF-8 
java_command: si.Cargainiciodelsistema
java_class_path (initial): C:\Program Files\NetBeans 8.2\java\modules\ext\AbsoluteLayout.jar;C:\Users\Alexis\Documents\NetBeansProjects\DATAMAXREPOSITORY\Proyecto-DATAMAX-version2.0\libraries\AutoCompleter.jar;C:\Users\Alexis\Documents\NetBeansProjects\DATAMAXREPOSITORY\Proyecto-DATAMAX-version2.0\libraries\jcalendar-1.3.3.jar;C:\Users\Alexis\Documents\NetBeansProjects\DATAMAXREPOSITORY\Proyecto-DATAMAX-version2.0\libraries\swingx-all-1.6.4.jar;C:\Users\Alexis\Documents\NetBeansProjects\DATAMAXREPOSITORY\Proyecto-DATAMAX-version2.0\libraries\commons-collections-3.2.1.jar;C:\Users\Alexis\Documents\NetBeansProjects\DATAMAXREPOSITORY\Proyecto-DATAMAX-version2.0\libraries\AbsoluteLayout.jar;C:\Users\Alexis\Documents\NetBeansProjects\DATAMAXREPOSITORY\Proyecto-DATAMAX-version2.0\libraries\commons-digester-2.1.jar;C:\Users\Alexis\Documents\NetBeansProjects\DATAMAXREPOSITORY\Proyecto-DATAMAX-version2.0\libraries\commons-logging-1.3.jar;C:\Users\Alexis\Documents\NetBeansProjects\DATAMAXREPOSITORY\Proyecto-DATAMAX-version2.0\libraries\groovy-2.4.6.jar;C:\Users\Alexis\Documents\NetBeansProjects\DATAMAXREPOSITORY\Proyecto-DATAMAX-version2.0\libraries\itextpdf-5.5.4.jar;C:\Users\Alexis\Documents\NetBeansProjects\DATAMAXREPOSITORY\Proyecto-DATAMAX-version2.0\libraries\itext-pdfa-5.5.4.jar;C:\Users\Alexis\Documents\NetBeansProjects\DATAMAXREPOSITORY\Proyecto-DATAMAX-version2.0\libraries\jasperreports-6.0.0.jar;C:\Program Files\NetBeans 8.2\ide\modules\ext\mysql-connector-java-5.1.23-bin.jar;C:\Users\Alexis\Documents\NetBeansProjects\DATAMAXREPOSITORY\Proyecto-DATAMAX-version2.0\libraries\mysql-connector-java-5.1.46-bin.jar;C:\Users\Alexis\Downloads\RSTableMetro.jar;C:\Users\Alexis\Documents\NetBeansProjects\DATAMAXREPOSITORY\Proyecto-DATAMAX-version2.0\build\classes
Launcher Type: SUN_STANDARD

Environment Variables:
PATH=C:\Program Files (x86)\Common Files\Oracle\Java\javapath;C:\app\Alexis\product\11.2.0\dbhome_1\bin;C:\Windows\system32;C:\Windows;C:\Windows\System32\Wbem;C:\Windows\System32\WindowsPowerShell\v1.0\;C:\Windows\System32\OpenSSH\;C:\Program Files\MySQL\MySQL Utilities 1.6\;C:\Users\Alexis\AppData\Local\Microsoft\WindowsApps;
USERNAME=Alexis
OS=Windows_NT
PROCESSOR_IDENTIFIER=AMD64 Family 21 Model 96 Stepping 1, AuthenticAMD



---------------  S Y S T E M  ---------------

OS: Windows 10.0 , 64 bit Build 17763 (10.0.17763.475)

CPU:total 4 (initial active 4) (4 cores per cpu, 1 threads per core) family 21 model 96 stepping 1, cmov, cx8, fxsr, mmx, sse, sse2, sse3, ssse3, sse4.1, sse4.2, popcnt, avx, avx2, aes, clmul, mmxext, 3dnowpref, lzcnt, sse4a, tsc, tscinvbit, tscinv, bmi1

Memory: 4k page, physical 12005560k(2476172k free), swap 49754296k(6028k free)

vm_info: Java HotSpot(TM) 64-Bit Server VM (25.231-b11) for windows-amd64 JRE (1.8.0_231-b11), built on Oct  5 2019 03:11:30 by "java_re" with MS VC++ 10.0 (VS2010)

time: Mon Nov 04 19:00:53 2019
timezone: Hora estándar central (México)
elapsed time: 0 seconds (0d 0h 0m 0s)

