#
# There is insufficient memory for the Java Runtime Environment to continue.
# Native memory allocation (malloc) failed to allocate 209776 bytes for Chunk::new
# Possible reasons:
#   The system is out of physical RAM or swap space
#   The process is running with CompressedOops enabled, and the Java Heap may be blocking the growth of the native heap
# Possible solutions:
#   Reduce memory load on the system
#   Increase physical memory or swap space
#   Check if swap backing store is full
#   Decrease Java heap size (-Xmx/-Xms)
#   Decrease number of Java threads
#   Decrease Java thread stack sizes (-Xss)
#   Set larger code cache with -XX:ReservedCodeCacheSize=
#   JVM is running with Zero Based Compressed Oops mode in which the Java heap is
#     placed in the first 32GB address space. The Java Heap base address is the
#     maximum limit for the native heap growth. Please use -XX:HeapBaseMinAddress
#     to set the Java Heap base and to place the Java Heap above 32GB virtual address.
# This output file may be truncated or incomplete.
#
#  Out of Memory Error (allocation.cpp:389), pid=6224, tid=0x0000000000002308
#
# JRE version: Java(TM) SE Runtime Environment (8.0_231-b11) (build 1.8.0_231-b11)
# Java VM: Java HotSpot(TM) 64-Bit Server VM (25.231-b11 mixed mode windows-amd64 compressed oops)
# Failed to write core dump. Minidumps are not enabled by default on client versions of Windows
#

---------------  T H R E A D  ---------------

Current thread (0x0000000018ff5000):  JavaThread "C2 CompilerThread1" daemon [_thread_in_native, id=8968, stack(0x000000001a780000,0x000000001a880000)]

Stack: [0x000000001a780000,0x000000001a880000]
[error occurred during error reporting (printing stack bounds), id 0xc0000005]

Native frames: (J=compiled Java code, j=interpreted, Vv=VM code, C=native code)


Current CompileTask:
C2:   1478  264   !   4       sun.misc.URLClassPath$JarLoader::getResource (85 bytes)


---------------  P R O C E S S  ---------------

Java Threads: ( => current thread )
  0x000000001a8af800 JavaThread "Service Thread" daemon [_thread_blocked, id=8340, stack(0x000000001ad80000,0x000000001ae80000)]
  0x000000001a888800 JavaThread "C1 CompilerThread2" daemon [_thread_blocked, id=4600, stack(0x000000001ac80000,0x000000001ad80000)]
=>0x0000000018ff5000 JavaThread "C2 CompilerThread1" daemon [_thread_in_native, id=8968, stack(0x000000001a780000,0x000000001a880000)]
  0x0000000018ffb800 JavaThread "C2 CompilerThread0" daemon [_thread_in_native, id=10024, stack(0x000000001a680000,0x000000001a780000)]
  0x0000000018ff9800 JavaThread "Attach Listener" daemon [_thread_blocked, id=2412, stack(0x000000001a580000,0x000000001a680000)]
  0x0000000018ff8000 JavaThread "Signal Dispatcher" daemon [_thread_blocked, id=1196, stack(0x000000001a480000,0x000000001a580000)]
  0x0000000018fd9800 JavaThread "Finalizer" daemon [_thread_blocked, id=7456, stack(0x000000001a260000,0x000000001a360000)]
  0x0000000002384000 JavaThread "Reference Handler" daemon [_thread_blocked, id=10872, stack(0x000000001a160000,0x000000001a260000)]
  0x0000000002294000 JavaThread "main" [_thread_in_Java, id=3268, stack(0x0000000002190000,0x0000000002290000)]

Other Threads:
  0x0000000018fb8000 VMThread [stack: 0x000000001a060000,0x000000001a160000] [id=964]
  0x000000001a8b0800 WatcherThread [stack: 0x000000001afe0000,0x000000001b0e0000] [id=8672]

VM state:not at safepoint (normal execution)

VM Mutex/Monitor currently owned by a thread: None

heap address: 0x0000000708c00000, size: 2932 MB, Compressed Oops mode: Zero based, Oop shift amount: 3
Narrow klass base: 0x0000000000000000, Narrow klass shift: 3
Compressed class space size: 1073741824 Address: 0x00000007c0000000

Heap:
 PSYoungGen      total 3584K, used 1910K [0x0000000782f00000, 0x0000000783300000, 0x00000007c0000000)
  eden space 3072K, 45% used [0x0000000782f00000,0x000000078305dc68,0x0000000783200000)
  from space 512K, 99% used [0x0000000783200000,0x000000078327fc20,0x0000000783280000)
  to   space 512K, 0% used [0x0000000783280000,0x0000000783280000,0x0000000783300000)
 ParOldGen       total 5632K, used 563K [0x0000000708c00000, 0x0000000709180000, 0x0000000782f00000)
  object space 5632K, 10% used [0x0000000708c00000,0x0000000708c8cff0,0x0000000709180000)
 Metaspace       used 5464K, capacity 6732K, committed 6912K, reserved 1056768K
  class space    used 689K, capacity 712K, committed 768K, reserved 1048576K

Card table byte_map: [0x0000000011750000,0x0000000011d10000] byte_map_base: 0x000000000df0a000

Marking Bits: (ParMarkBitMap*) 0x000000006b106d90
 Begin Bits: [0x00000000124f0000, 0x00000000152c0000)
 End Bits:   [0x00000000152c0000, 0x0000000018090000)

Polling page: 0x00000000005d0000

CodeCache: size=245760Kb used=1697Kb max_used=1709Kb free=244062Kb
 bounds [0x0000000002390000, 0x0000000002600000, 0x0000000011390000]
 total_blobs=525 nmethods=264 adapters=175
 compilation: enabled

Compilation events (10 events):
Event: 1.346 Thread 0x000000001a888800 nmethod 258 0x0000000002535c50 code [0x0000000002536040, 0x0000000002538788]
Event: 1.346 Thread 0x000000001a888800  260       3       java.net.URLStreamHandler::equals (45 bytes)
Event: 1.347 Thread 0x000000001a888800 nmethod 260 0x00000000025283d0 code [0x0000000002528560, 0x0000000002528a78]
Event: 1.353 Thread 0x0000000018ffb800  261       4       sun.nio.cs.UTF_8$Encoder::encode (359 bytes)
Event: 1.354 Thread 0x000000001a888800  262       3       java.util.jar.Manifest::getTrustedAttributes (57 bytes)
Event: 1.356 Thread 0x000000001a888800 nmethod 262 0x000000000252d0d0 code [0x000000000252d2e0, 0x000000000252deb8]
Event: 1.357 Thread 0x0000000018ff5000  263       4       java.lang.CharacterDataLatin1::toLowerCase (39 bytes)
Event: 1.359 Thread 0x0000000018ff5000 nmethod 263 0x0000000002528110 code [0x0000000002528240, 0x0000000002528318]
Event: 1.362 Thread 0x0000000018ffb800 nmethod 261 0x0000000002527c50 code [0x0000000002527da0, 0x0000000002527fd8]
Event: 1.370 Thread 0x0000000018ff5000  264   !   4       sun.misc.URLClassPath$JarLoader::getResource (85 bytes)

GC Heap History (6 events):
Event: 0.578 GC heap before
{Heap before GC invocations=1 (full 0):
 PSYoungGen      total 2048K, used 1517K [0x0000000782f00000, 0x0000000783180000, 0x00000007c0000000)
  eden space 1536K, 98% used [0x0000000782f00000,0x000000078307b5f8,0x0000000783080000)
  from space 512K, 0% used [0x0000000783100000,0x0000000783100000,0x0000000783180000)
  to   space 512K, 0% used [0x0000000783080000,0x0000000783080000,0x0000000783100000)
 ParOldGen       total 5632K, used 0K [0x0000000708c00000, 0x0000000709180000, 0x0000000782f00000)
  object space 5632K, 0% used [0x0000000708c00000,0x0000000708c00000,0x0000000709180000)
 Metaspace       used 3240K, capacity 4812K, committed 5120K, reserved 1056768K
  class space    used 375K, capacity 456K, committed 512K, reserved 1048576K
Event: 0.584 GC heap after
Heap after GC invocations=1 (full 0):
 PSYoungGen      total 2048K, used 496K [0x0000000782f00000, 0x0000000783300000, 0x00000007c0000000)
  eden space 1536K, 0% used [0x0000000782f00000,0x0000000782f00000,0x0000000783080000)
  from space 512K, 96% used [0x0000000783080000,0x00000007830fc010,0x0000000783100000)
  to   space 512K, 0% used [0x0000000783280000,0x0000000783280000,0x0000000783300000)
 ParOldGen       total 5632K, used 16K [0x0000000708c00000, 0x0000000709180000, 0x0000000782f00000)
  object space 5632K, 0% used [0x0000000708c00000,0x0000000708c04000,0x0000000709180000)
 Metaspace       used 3240K, capacity 4812K, committed 5120K, reserved 1056768K
  class space    used 375K, capacity 456K, committed 512K, reserved 1048576K
}
Event: 0.937 GC heap before
{Heap before GC invocations=2 (full 0):
 PSYoungGen      total 2048K, used 2032K [0x0000000782f00000, 0x0000000783300000, 0x00000007c0000000)
  eden space 1536K, 100% used [0x0000000782f00000,0x0000000783080000,0x0000000783080000)
  from space 512K, 96% used [0x0000000783080000,0x00000007830fc010,0x0000000783100000)
  to   space 512K, 0% used [0x0000000783280000,0x0000000783280000,0x0000000783300000)
 ParOldGen       total 5632K, used 16K [0x0000000708c00000, 0x0000000709180000, 0x0000000782f00000)
  object space 5632K, 0% used [0x0000000708c00000,0x0000000708c04000,0x0000000709180000)
 Metaspace       used 4002K, capacity 5388K, committed 5760K, reserved 1056768K
  class space    used 472K, capacity 520K, committed 640K, reserved 1048576K
Event: 0.944 GC heap after
Heap after GC invocations=2 (full 0):
 PSYoungGen      total 3584K, used 480K [0x0000000782f00000, 0x0000000783300000, 0x00000007c0000000)
  eden space 3072K, 0% used [0x0000000782f00000,0x0000000782f00000,0x0000000783200000)
  from space 512K, 93% used [0x0000000783280000,0x00000007832f8020,0x0000000783300000)
  to   space 512K, 0% used [0x0000000783200000,0x0000000783200000,0x0000000783280000)
 ParOldGen       total 5632K, used 80K [0x0000000708c00000, 0x0000000709180000, 0x0000000782f00000)
  object space 5632K, 1% used [0x0000000708c00000,0x0000000708c14020,0x0000000709180000)
 Metaspace       used 4002K, capacity 5388K, committed 5760K, reserved 1056768K
  class space    used 472K, capacity 520K, committed 640K, reserved 1048576K
}
Event: 1.225 GC heap before
{Heap before GC invocations=3 (full 0):
 PSYoungGen      total 3584K, used 3528K [0x0000000782f00000, 0x0000000783300000, 0x00000007c0000000)
  eden space 3072K, 99% used [0x0000000782f00000,0x00000007831fa098,0x0000000783200000)
  from space 512K, 93% used [0x0000000783280000,0x00000007832f8020,0x0000000783300000)
  to   space 512K, 0% used [0x0000000783200000,0x0000000783200000,0x0000000783280000)
 ParOldGen       total 5632K, used 80K [0x0000000708c00000, 0x0000000709180000, 0x0000000782f00000)
  object space 5632K, 1% used [0x0000000708c00000,0x0000000708c14020,0x0000000709180000)
 Metaspace       used 4936K, capacity 6220K, committed 6400K, reserved 1056768K
  class space    used 608K, capacity 648K, committed 768K, reserved 1048576K
Event: 1.230 GC heap after
Heap after GC invocations=3 (full 0):
 PSYoungGen      total 3584K, used 511K [0x0000000782f00000, 0x0000000783300000, 0x00000007c0000000)
  eden space 3072K, 0% used [0x0000000782f00000,0x0000000782f00000,0x0000000783200000)
  from space 512K, 99% used [0x0000000783200000,0x000000078327fc20,0x0000000783280000)
  to   space 512K, 0% used [0x0000000783280000,0x0000000783280000,0x0000000783300000)
 ParOldGen       total 5632K, used 563K [0x0000000708c00000, 0x0000000709180000, 0x0000000782f00000)
  object space 5632K, 10% used [0x0000000708c00000,0x0000000708c8cff0,0x0000000709180000)
 Metaspace       used 4936K, capacity 6220K, committed 6400K, reserved 1056768K
  class space    used 608K, capacity 648K, committed 768K, reserved 1048576K
}

Deoptimization events (0 events):
No events

Classes redefined (0 events):
No events

Internal exceptions (9 events):
Event: 0.126 Thread 0x0000000002294000 Exception <a 'java/lang/NoSuchMethodError': Method sun.misc.Unsafe.defineClass(Ljava/lang/String;[BII)Ljava/lang/Class; name or signature does not match> (0x0000000782f07cd8) thrown at [C:\re\workspace\8-2-build-windows-amd64-cygwin\jdk8u231\13620\hotspot
Event: 0.126 Thread 0x0000000002294000 Exception <a 'java/lang/NoSuchMethodError': Method sun.misc.Unsafe.prefetchRead(Ljava/lang/Object;J)V name or signature does not match> (0x0000000782f07fc0) thrown at [C:\re\workspace\8-2-build-windows-amd64-cygwin\jdk8u231\13620\hotspot\src\share\vm\prim
Event: 0.282 Thread 0x0000000002294000 Exception <a 'java/io/FileNotFoundException'> (0x0000000782f58a28) thrown at [C:\re\workspace\8-2-build-windows-amd64-cygwin\jdk8u231\13620\hotspot\src\share\vm\prims\jni.cpp, line 710]
Event: 0.565 Thread 0x0000000002294000 Exception <a 'java/security/PrivilegedActionException'> (0x000000078306d548) thrown at [C:\re\workspace\8-2-build-windows-amd64-cygwin\jdk8u231\13620\hotspot\src\share\vm\prims\jvm.cpp, line 1502]
Event: 0.565 Thread 0x0000000002294000 Exception <a 'java/security/PrivilegedActionException'> (0x000000078306d940) thrown at [C:\re\workspace\8-2-build-windows-amd64-cygwin\jdk8u231\13620\hotspot\src\share\vm\prims\jvm.cpp, line 1502]
Event: 0.570 Thread 0x0000000002294000 Exception <a 'java/security/PrivilegedActionException'> (0x0000000783071a38) thrown at [C:\re\workspace\8-2-build-windows-amd64-cygwin\jdk8u231\13620\hotspot\src\share\vm\prims\jvm.cpp, line 1502]
Event: 0.570 Thread 0x0000000002294000 Exception <a 'java/security/PrivilegedActionException'> (0x0000000783071e30) thrown at [C:\re\workspace\8-2-build-windows-amd64-cygwin\jdk8u231\13620\hotspot\src\share\vm\prims\jvm.cpp, line 1502]
Event: 0.592 Thread 0x0000000002294000 Exception <a 'java/security/PrivilegedActionException'> (0x0000000782f0b1f0) thrown at [C:\re\workspace\8-2-build-windows-amd64-cygwin\jdk8u231\13620\hotspot\src\share\vm\prims\jvm.cpp, line 1502]
Event: 0.592 Thread 0x0000000002294000 Exception <a 'java/security/PrivilegedActionException'> (0x0000000782f0b5e8) thrown at [C:\re\workspace\8-2-build-windows-amd64-cygwin\jdk8u231\13620\hotspot\src\share\vm\prims\jvm.cpp, line 1502]

Events (10 events):
Event: 1.401 loading class com/sun/tools/javac/comp/Attr$12
Event: 1.401 loading class com/sun/tools/javac/comp/Attr$12 done
Event: 1.408 loading class com/sun/tools/javac/code/Type$UnionClassType
Event: 1.408 loading class com/sun/tools/javac/code/Type$UnionClassType done
Event: 1.409 loading class javax/lang/model/type/UnionType
Event: 1.409 loading class javax/lang/model/type/UnionType done
Event: 1.415 loading class com/sun/tools/javac/comp/Attr$FunctionalReturnContext
Event: 1.415 loading class com/sun/tools/javac/comp/Attr$FunctionalReturnContext done
Event: 1.415 loading class com/sun/tools/javac/comp/Check$NestedCheckContext
Event: 1.415 loading class com/sun/tools/javac/comp/Check$NestedCheckContext done


Dynamic libraries:
0x00007ff776a10000 - 0x00007ff776a17000 	C:\Program Files\Java\jdk1.8.0_231\bin\javac.exe
0x00007ffa56ae0000 - 0x00007ffa56ccd000 	C:\Windows\SYSTEM32\ntdll.dll
0x00007ffa559b0000 - 0x00007ffa55a63000 	C:\Windows\System32\KERNEL32.DLL
0x00007ffa52df0000 - 0x00007ffa53083000 	C:\Windows\System32\KERNELBASE.dll
0x00007ffa47af0000 - 0x00007ffa47b1f000 	C:\Program Files\Java\jdk1.8.0_231\bin\jli.dll
0x00007ffa561d0000 - 0x00007ffa56273000 	C:\Windows\System32\ADVAPI32.dll
0x00007ffa55340000 - 0x00007ffa553de000 	C:\Windows\System32\msvcrt.dll
0x00007ffa55410000 - 0x00007ffa554ae000 	C:\Windows\System32\sechost.dll
0x00007ffa563f0000 - 0x00007ffa56512000 	C:\Windows\System32\RPCRT4.dll
0x00007ffa55790000 - 0x00007ffa55927000 	C:\Windows\System32\USER32.dll
0x00007ffa53b40000 - 0x00007ffa53b60000 	C:\Windows\System32\win32u.dll
0x00007ffa553e0000 - 0x00007ffa55409000 	C:\Windows\System32\GDI32.dll
0x00007ffa53b60000 - 0x00007ffa53cf9000 	C:\Windows\System32\gdi32full.dll
0x00007ffa52c10000 - 0x00007ffa52cb0000 	C:\Windows\System32\msvcp_win.dll
0x00007ffa53a40000 - 0x00007ffa53b3a000 	C:\Windows\System32\ucrtbase.dll
0x000000006c300000 - 0x000000006c3d2000 	C:\Program Files\Java\jdk1.8.0_231\bin\MSVCR100.dll
0x00007ffa46840000 - 0x00007ffa46ab9000 	C:\Windows\WinSxS\amd64_microsoft.windows.common-controls_6595b64144ccf1df_6.0.17763.864_none_05b3441807210760\COMCTL32.dll
0x00007ffa56720000 - 0x00007ffa56a4c000 	C:\Windows\System32\combase.dll
0x00007ffa539c0000 - 0x00007ffa53a3e000 	C:\Windows\System32\bcryptPrimitives.dll
0x00007ffa55a70000 - 0x00007ffa55a9e000 	C:\Windows\System32\IMM32.DLL
0x000000006a800000 - 0x000000006a8d2000 	C:\Program Files\Java\jdk1.8.0_231\jre\bin\msvcr100.dll
0x000000006a8e0000 - 0x000000006b186000 	C:\Program Files\Java\jdk1.8.0_231\jre\bin\server\jvm.dll
0x00007ffa53d00000 - 0x00007ffa53d08000 	C:\Windows\System32\PSAPI.DLL
0x00007ffa4f8c0000 - 0x00007ffa4f8c9000 	C:\Windows\SYSTEM32\WSOCK32.dll
0x00007ffa55940000 - 0x00007ffa559ad000 	C:\Windows\System32\WS2_32.dll
0x00007ffa4f860000 - 0x00007ffa4f884000 	C:\Windows\SYSTEM32\WINMM.dll
0x00007ffa4e4d0000 - 0x00007ffa4e4da000 	C:\Windows\SYSTEM32\VERSION.dll
0x00007ffa4f830000 - 0x00007ffa4f85d000 	C:\Windows\SYSTEM32\WINMMBASE.dll
0x00007ffa52bc0000 - 0x00007ffa52c0a000 	C:\Windows\System32\cfgmgr32.dll
0x00007ffa2c400000 - 0x00007ffa2c40f000 	C:\Program Files\Java\jdk1.8.0_231\jre\bin\verify.dll
0x00007ffa291e0000 - 0x00007ffa29209000 	C:\Program Files\Java\jdk1.8.0_231\jre\bin\java.dll
0x00007ffa298e0000 - 0x00007ffa298f6000 	C:\Program Files\Java\jdk1.8.0_231\jre\bin\zip.dll
0x00007ffa53de0000 - 0x00007ffa552d4000 	C:\Windows\System32\SHELL32.dll
0x00007ffa56670000 - 0x00007ffa56718000 	C:\Windows\System32\shcore.dll
0x00007ffa53090000 - 0x00007ffa537dd000 	C:\Windows\System32\windows.storage.dll
0x00007ffa52af0000 - 0x00007ffa52b14000 	C:\Windows\System32\profapi.dll
0x00007ffa52b40000 - 0x00007ffa52b9d000 	C:\Windows\System32\powrprof.dll
0x00007ffa56a50000 - 0x00007ffa56aa2000 	C:\Windows\System32\shlwapi.dll
0x00007ffa52b20000 - 0x00007ffa52b31000 	C:\Windows\System32\kernel.appcore.dll
0x00007ffa52ba0000 - 0x00007ffa52bb7000 	C:\Windows\System32\cryptsp.dll

VM Arguments:
jvm_args: -Dapplication.home=C:\Program Files\Java\jdk1.8.0_231 -Xms8m 
java_command: com.sun.tools.javac.Main -d C:\Users\Alexis\Documents\NetBeansProjects\DATAMAXREPOSITORY\Proyecto-DATAMAX-version2.0\build\classes -classpath C:\Users\Alexis\Documents\NetBeansProjects\DATAMAXREPOSITORY\Proyecto-DATAMAX-version2.0\build\classes;C:\Program Files\NetBeans 8.2\java\modules\ext\AbsoluteLayout.jar;C:\Users\Alexis\Documents\NetBeansProjects\DATAMAXREPOSITORY\Proyecto-DATAMAX-version2.0\libraries\AutoCompleter.jar;C:\Users\Alexis\Documents\NetBeansProjects\DATAMAXREPOSITORY\Proyecto-DATAMAX-version2.0\libraries\jcalendar-1.3.3.jar;C:\Users\Alexis\Documents\NetBeansProjects\DATAMAXREPOSITORY\Proyecto-DATAMAX-version2.0\libraries\swingx-all-1.6.4.jar;C:\Users\Alexis\Documents\NetBeansProjects\DATAMAXREPOSITORY\Proyecto-DATAMAX-version2.0\libraries\commons-collections-3.2.1.jar;C:\Users\Alexis\Documents\NetBeansProjects\DATAMAXREPOSITORY\Proyecto-DATAMAX-version2.0\libraries\AbsoluteLayout.jar;C:\Users\Alexis\Documents\NetBeansProjects\DATAMAXREPOSITORY\Proyecto-DATAMAX-version2.0\libraries\commons-digester-2.1.jar;C:\Users\Alexis\Documents\NetBeansProjects\DATAMAXREPOSITORY\Proyecto-DATAMAX-version2.0\libraries\commons-logging-1.3.jar;C:\Users\Alexis\Documents\NetBeansProjects\DATAMAXREPOSITORY\Proyecto-DATAMAX-version2.0\libraries\groovy-2.4.6.jar;C:\Users\Alexis\Documents\NetBeansProjects\DATAMAXREPOSITORY\Proyecto-DATAMAX-version2.0\libraries\itextpdf-5.5.4.jar;C:\Users\Alexis\Documents\NetBeansProjects\DATAMAXREPOSITORY\Proyecto-DATAMAX-version2.0\libraries\itext-pdfa-5.5.4.jar;C:\Users\Alexis\Documents\NetBeansProjects\DATAMAXREPOSITORY\Proyecto-DATAMAX-version2.0\libraries\jasperreports-6.0.0.jar;C:\Program Files\NetBeans 8.2\ide\modules\ext\mysql-connector-java-5.1.23-bin.jar;C:\Users\Alexis\Documents\NetBeansProjects\DATAMAXREPOSITORY\Proyecto-DATAMAX-version2.0\libraries\mysql-connector-java-5.1.46-bin.jar;C:\Users\Alexis\Downloads\RSTableMetro.jar -sourcepath C:\Users\Alexis\Documents\NetBeansProjects\DATAMAXREPOSITORY\Proyecto-DATA
java_class_path (initial): C:\Program Files\Java\jdk1.8.0_231/lib/tools.jar;C:\Program Files\Java\jdk1.8.0_231/classes
Launcher Type: SUN_STANDARD

Environment Variables:
PATH=C:\Program Files (x86)\Common Files\Oracle\Java\javapath;C:\app\Alexis\product\11.2.0\dbhome_1\bin;C:\Windows\system32;C:\Windows;C:\Windows\System32\Wbem;C:\Windows\System32\WindowsPowerShell\v1.0\;C:\Windows\System32\OpenSSH\;C:\Program Files\MySQL\MySQL Utilities 1.6\;C:\Users\Alexis\AppData\Local\Microsoft\WindowsApps;
USERNAME=Alexis
OS=Windows_NT
PROCESSOR_IDENTIFIER=AMD64 Family 21 Model 96 Stepping 1, AuthenticAMD



---------------  S Y S T E M  ---------------

OS: Windows 10.0 , 64 bit Build 17763 (10.0.17763.475)

CPU:total 4 (initial active 4) (4 cores per cpu, 1 threads per core) family 21 model 96 stepping 1, cmov, cx8, fxsr, mmx, sse, sse2, sse3, ssse3, sse4.1, sse4.2, popcnt, avx, avx2, aes, clmul, mmxext, 3dnowpref, lzcnt, sse4a, tsc, tscinvbit, tscinv, bmi1

Memory: 4k page, physical 12005560k(1323748k free), swap 49754296k(3144k free)

vm_info: Java HotSpot(TM) 64-Bit Server VM (25.231-b11) for windows-amd64 JRE (1.8.0_231-b11), built on Oct  5 2019 03:11:30 by "java_re" with MS VC++ 10.0 (VS2010)

time: Tue Nov 19 04:56:58 2019
timezone: Hora estándar central (México)
elapsed time: 1 seconds (0d 0h 0m 1s)

