#
# There is insufficient memory for the Java Runtime Environment to continue.
# Native memory allocation (malloc) failed to allocate 32744 bytes for ChunkPool::allocate
# Possible reasons:
#   The system is out of physical RAM or swap space
#   The process is running with CompressedOops enabled, and the Java Heap may be blocking the growth of the native heap
# Possible solutions:
#   Reduce memory load on the system
#   Increase physical memory or swap space
#   Check if swap backing store is full
#   Decrease Java heap size (-Xmx/-Xms)
#   Decrease number of Java threads
#   Decrease Java thread stack sizes (-Xss)
#   Set larger code cache with -XX:ReservedCodeCacheSize=
#   JVM is running with Zero Based Compressed Oops mode in which the Java heap is
#     placed in the first 32GB address space. The Java Heap base address is the
#     maximum limit for the native heap growth. Please use -XX:HeapBaseMinAddress
#     to set the Java Heap base and to place the Java Heap above 32GB virtual address.
# This output file may be truncated or incomplete.
#
#  Out of Memory Error (allocation.cpp:272), pid=10628, tid=0x0000000000000c50
#
# JRE version: Java(TM) SE Runtime Environment (8.0_231-b11) (build 1.8.0_231-b11)
# Java VM: Java HotSpot(TM) 64-Bit Server VM (25.231-b11 mixed mode windows-amd64 compressed oops)
# Failed to write core dump. Minidumps are not enabled by default on client versions of Windows
#

---------------  T H R E A D  ---------------

Current thread (0x00000000190b6000):  JavaThread "C2 CompilerThread0" daemon [_thread_in_native, id=3152, stack(0x000000001a730000,0x000000001a830000)]

Stack: [0x000000001a730000,0x000000001a830000]
[error occurred during error reporting (printing stack bounds), id 0xc0000005]

Native frames: (J=compiled Java code, j=interpreted, Vv=VM code, C=native code)


Current CompileTask:
C2:  63118 3675 %     4       si.menu_principal::run @ 4 (76 bytes)


---------------  P R O C E S S  ---------------

Java Threads: ( => current thread )
  0x00000000236e4000 JavaThread "Thread-3" [_thread_in_Java, id=3988, stack(0x00000000259d0000,0x0000000025ad0000)]
  0x000000001b67e000 JavaThread "D3D Screen Updater" daemon [_thread_blocked, id=2976, stack(0x0000000023df0000,0x0000000023ef0000)]
  0x000000001b320000 JavaThread "TimerQueue" daemon [_thread_blocked, id=10892, stack(0x0000000021a00000,0x0000000021b00000)]
  0x000000001b2a6800 JavaThread "Abandoned connection cleanup thread" daemon [_thread_blocked, id=6572, stack(0x0000000021500000,0x0000000021600000)]
  0x00000000005ee800 JavaThread "DestroyJavaVM" [_thread_blocked, id=11528, stack(0x0000000002250000,0x0000000002350000)]
  0x000000001b26e000 JavaThread "AWT-EventQueue-0" [_thread_in_native, id=840, stack(0x000000001c1c0000,0x000000001c2c0000)]
  0x000000001b215000 JavaThread "AWT-Windows" daemon [_thread_in_native, id=11328, stack(0x000000001bb90000,0x000000001bc90000)]
  0x000000001b212000 JavaThread "AWT-Shutdown" [_thread_blocked, id=9700, stack(0x000000001ba90000,0x000000001bb90000)]
  0x000000001b1bc800 JavaThread "Java2D Disposer" daemon [_thread_blocked, id=10284, stack(0x000000001b990000,0x000000001ba90000)]
  0x000000001910d800 JavaThread "Service Thread" daemon [_thread_blocked, id=10528, stack(0x000000001ae30000,0x000000001af30000)]
  0x0000000019108800 JavaThread "C1 CompilerThread2" daemon [_thread_in_vm, id=9524, stack(0x000000001ad30000,0x000000001ae30000)]
  0x00000000190bf000 JavaThread "C2 CompilerThread1" daemon [_thread_in_native, id=6564, stack(0x000000001a830000,0x000000001a930000)]
=>0x00000000190b6000 JavaThread "C2 CompilerThread0" daemon [_thread_in_native, id=3152, stack(0x000000001a730000,0x000000001a830000)]
  0x00000000190b4000 JavaThread "Attach Listener" daemon [_thread_blocked, id=8132, stack(0x000000001a630000,0x000000001a730000)]
  0x00000000190b3000 JavaThread "Signal Dispatcher" daemon [_thread_blocked, id=10188, stack(0x000000001a530000,0x000000001a630000)]
  0x000000000244b000 JavaThread "Finalizer" daemon [_thread_blocked, id=5444, stack(0x000000001a310000,0x000000001a410000)]
  0x0000000002442000 JavaThread "Reference Handler" daemon [_thread_blocked, id=352, stack(0x000000001a210000,0x000000001a310000)]

Other Threads:
  0x0000000019077800 VMThread [stack: 0x000000001a110000,0x000000001a210000] [id=11444]
  0x000000001a972800 WatcherThread [stack: 0x000000001b090000,0x000000001b190000] [id=9556]

VM state:not at safepoint (normal execution)

VM Mutex/Monitor currently owned by a thread: None

heap address: 0x0000000708c00000, size: 2932 MB, Compressed Oops mode: Zero based, Oop shift amount: 3
Narrow klass base: 0x0000000000000000, Narrow klass shift: 3
Compressed class space size: 1073741824 Address: 0x00000007c0000000

Heap:
 PSYoungGen      total 694784K, used 111164K [0x0000000782f00000, 0x00000007b4380000, 0x00000007c0000000)
  eden space 694272K, 15% used [0x0000000782f00000,0x0000000789b673e8,0x00000007ad500000)
  from space 512K, 31% used [0x00000007b4280000,0x00000007b42a8000,0x00000007b4300000)
  to   space 512K, 0% used [0x00000007b4300000,0x00000007b4300000,0x00000007b4380000)
 ParOldGen       total 125952K, used 11046K [0x0000000708c00000, 0x0000000710700000, 0x0000000782f00000)
  object space 125952K, 8% used [0x0000000708c00000,0x00000007096c9a30,0x0000000710700000)
 Metaspace       used 20493K, capacity 20752K, committed 21120K, reserved 1067008K
  class space    used 2579K, capacity 2660K, committed 2688K, reserved 1048576K

Card table byte_map: [0x0000000011810000,0x0000000011dd0000] byte_map_base: 0x000000000dfca000

Marking Bits: (ParMarkBitMap*) 0x0000000058846d90
 Begin Bits: [0x00000000125b0000, 0x0000000015380000)
 End Bits:   [0x0000000015380000, 0x0000000018150000)

Polling page: 0x00000000001f0000

CodeCache: size=245760Kb used=10712Kb max_used=10723Kb free=235047Kb
 bounds [0x0000000002450000, 0x0000000002ee0000, 0x0000000011450000]
 total_blobs=3963 nmethods=3344 adapters=530
 compilation: enabled

Compilation events (10 events):
Event: 62.934 Thread 0x0000000019108800 3671   !   3       javax.swing.JComponent::paintToOffscreen (108 bytes)
Event: 62.935 Thread 0x00000000190b6000 nmethod 3658 0x0000000002ed2c90 code [0x0000000002ed2e20, 0x0000000002ed30e8]
Event: 62.936 Thread 0x0000000019108800 nmethod 3671 0x0000000002ed3410 code [0x0000000002ed3600, 0x0000000002ed4068]
Event: 62.960 Thread 0x0000000019108800 3672       3       javax.swing.RepaintManager$PaintManager::endPaint (1 bytes)
Event: 62.960 Thread 0x0000000019108800 nmethod 3672 0x0000000002ed2990 code [0x0000000002ed2ae0, 0x0000000002ed2c30]
Event: 62.984 Thread 0x00000000190b6000 3673       4       sun.java2d.SurfaceData::getTransparency (8 bytes)
Event: 62.985 Thread 0x00000000190b6000 nmethod 3673 0x0000000002ed26d0 code [0x0000000002ed2820, 0x0000000002ed28b8]
Event: 62.985 Thread 0x00000000190b6000 3674       4       java.awt.geom.RoundRectIterator::currentSegment (144 bytes)
Event: 62.994 Thread 0x00000000190b6000 nmethod 3674 0x0000000002ed1fd0 code [0x0000000002ed2140, 0x0000000002ed2468]
Event: 62.995 Thread 0x00000000190b6000 3675 %     4       si.menu_principal::run @ 4 (76 bytes)

GC Heap History (10 events):
Event: 60.156 GC heap before
{Heap before GC invocations=69 (full 0):
 PSYoungGen      total 764416K, used 764064K [0x0000000782f00000, 0x00000007b4380000, 0x00000007c0000000)
  eden space 763904K, 100% used [0x0000000782f00000,0x00000007b1900000,0x00000007b1900000)
  from space 512K, 31% used [0x00000007b4300000,0x00000007b4328000,0x00000007b4380000)
  to   space 512K, 0% used [0x00000007b4280000,0x00000007b4280000,0x00000007b4300000)
 ParOldGen       total 125952K, used 10934K [0x0000000708c00000, 0x0000000710700000, 0x0000000782f00000)
  object space 125952K, 8% used [0x0000000708c00000,0x00000007096ada30,0x0000000710700000)
 Metaspace       used 20436K, capacity 20752K, committed 21120K, reserved 1067008K
  class space    used 2579K, capacity 2660K, committed 2688K, reserved 1048576K
Event: 60.171 GC heap after
Heap after GC invocations=69 (full 0):
 PSYoungGen      total 764416K, used 160K [0x0000000782f00000, 0x00000007b4380000, 0x00000007c0000000)
  eden space 763904K, 0% used [0x0000000782f00000,0x0000000782f00000,0x00000007b1900000)
  from space 512K, 31% used [0x00000007b4280000,0x00000007b42a8000,0x00000007b4300000)
  to   space 512K, 0% used [0x00000007b4300000,0x00000007b4300000,0x00000007b4380000)
 ParOldGen       total 125952K, used 10966K [0x0000000708c00000, 0x0000000710700000, 0x0000000782f00000)
  object space 125952K, 8% used [0x0000000708c00000,0x00000007096b5a30,0x0000000710700000)
 Metaspace       used 20436K, capacity 20752K, committed 21120K, reserved 1067008K
  class space    used 2579K, capacity 2660K, committed 2688K, reserved 1048576K
}
Event: 60.968 GC heap before
{Heap before GC invocations=70 (full 0):
 PSYoungGen      total 764416K, used 764064K [0x0000000782f00000, 0x00000007b4380000, 0x00000007c0000000)
  eden space 763904K, 100% used [0x0000000782f00000,0x00000007b1900000,0x00000007b1900000)
  from space 512K, 31% used [0x00000007b4280000,0x00000007b42a8000,0x00000007b4300000)
  to   space 512K, 0% used [0x00000007b4300000,0x00000007b4300000,0x00000007b4380000)
 ParOldGen       total 125952K, used 10966K [0x0000000708c00000, 0x0000000710700000, 0x0000000782f00000)
  object space 125952K, 8% used [0x0000000708c00000,0x00000007096b5a30,0x0000000710700000)
 Metaspace       used 20469K, capacity 20752K, committed 21120K, reserved 1067008K
  class space    used 2579K, capacity 2660K, committed 2688K, reserved 1048576K
Event: 60.971 GC heap after
Heap after GC invocations=70 (full 0):
 PSYoungGen      total 728576K, used 128K [0x0000000782f00000, 0x00000007b4380000, 0x00000007c0000000)
  eden space 728064K, 0% used [0x0000000782f00000,0x0000000782f00000,0x00000007af600000)
  from space 512K, 25% used [0x00000007b4300000,0x00000007b4320000,0x00000007b4380000)
  to   space 512K, 0% used [0x00000007b4280000,0x00000007b4280000,0x00000007b4300000)
 ParOldGen       total 125952K, used 10990K [0x0000000708c00000, 0x0000000710700000, 0x0000000782f00000)
  object space 125952K, 8% used [0x0000000708c00000,0x00000007096bba30,0x0000000710700000)
 Metaspace       used 20469K, capacity 20752K, committed 21120K, reserved 1067008K
  class space    used 2579K, capacity 2660K, committed 2688K, reserved 1048576K
}
Event: 61.585 GC heap before
{Heap before GC invocations=71 (full 0):
 PSYoungGen      total 728576K, used 728192K [0x0000000782f00000, 0x00000007b4380000, 0x00000007c0000000)
  eden space 728064K, 100% used [0x0000000782f00000,0x00000007af600000,0x00000007af600000)
  from space 512K, 25% used [0x00000007b4300000,0x00000007b4320000,0x00000007b4380000)
  to   space 512K, 0% used [0x00000007b4280000,0x00000007b4280000,0x00000007b4300000)
 ParOldGen       total 125952K, used 10990K [0x0000000708c00000, 0x0000000710700000, 0x0000000782f00000)
  object space 125952K, 8% used [0x0000000708c00000,0x00000007096bba30,0x0000000710700000)
 Metaspace       used 20474K, capacity 20752K, committed 21120K, reserved 1067008K
  class space    used 2579K, capacity 2660K, committed 2688K, reserved 1048576K
Event: 61.587 GC heap after
Heap after GC invocations=71 (full 0):
 PSYoungGen      total 694784K, used 160K [0x0000000782f00000, 0x00000007b4380000, 0x00000007c0000000)
  eden space 694272K, 0% used [0x0000000782f00000,0x0000000782f00000,0x00000007ad500000)
  from space 512K, 31% used [0x00000007b4280000,0x00000007b42a8000,0x00000007b4300000)
  to   space 512K, 0% used [0x00000007b4300000,0x00000007b4300000,0x00000007b4380000)
 ParOldGen       total 125952K, used 11022K [0x0000000708c00000, 0x0000000710700000, 0x0000000782f00000)
  object space 125952K, 8% used [0x0000000708c00000,0x00000007096c3a30,0x0000000710700000)
 Metaspace       used 20474K, capacity 20752K, committed 21120K, reserved 1067008K
  class space    used 2579K, capacity 2660K, committed 2688K, reserved 1048576K
}
Event: 62.173 GC heap before
{Heap before GC invocations=72 (full 0):
 PSYoungGen      total 694784K, used 694432K [0x0000000782f00000, 0x00000007b4380000, 0x00000007c0000000)
  eden space 694272K, 100% used [0x0000000782f00000,0x00000007ad500000,0x00000007ad500000)
  from space 512K, 31% used [0x00000007b4280000,0x00000007b42a8000,0x00000007b4300000)
  to   space 512K, 0% used [0x00000007b4300000,0x00000007b4300000,0x00000007b4380000)
 ParOldGen       total 125952K, used 11022K [0x0000000708c00000, 0x0000000710700000, 0x0000000782f00000)
  object space 125952K, 8% used [0x0000000708c00000,0x00000007096c3a30,0x0000000710700000)
 Metaspace       used 20477K, capacity 20752K, committed 21120K, reserved 1067008K
  class space    used 2579K, capacity 2660K, committed 2688K, reserved 1048576K
Event: 62.185 GC heap after
Heap after GC invocations=72 (full 0):
 PSYoungGen      total 694784K, used 128K [0x0000000782f00000, 0x00000007b4380000, 0x00000007c0000000)
  eden space 694272K, 0% used [0x0000000782f00000,0x0000000782f00000,0x00000007ad500000)
  from space 512K, 25% used [0x00000007b4300000,0x00000007b4320000,0x00000007b4380000)
  to   space 512K, 0% used [0x00000007b4280000,0x00000007b4280000,0x00000007b4300000)
 ParOldGen       total 125952K, used 11030K [0x0000000708c00000, 0x0000000710700000, 0x0000000782f00000)
  object space 125952K, 8% used [0x0000000708c00000,0x00000007096c5a30,0x0000000710700000)
 Metaspace       used 20477K, capacity 20752K, committed 21120K, reserved 1067008K
  class space    used 2579K, capacity 2660K, committed 2688K, reserved 1048576K
}
Event: 62.936 GC heap before
{Heap before GC invocations=73 (full 0):
 PSYoungGen      total 694784K, used 694400K [0x0000000782f00000, 0x00000007b4380000, 0x00000007c0000000)
  eden space 694272K, 100% used [0x0000000782f00000,0x00000007ad500000,0x00000007ad500000)
  from space 512K, 25% used [0x00000007b4300000,0x00000007b4320000,0x00000007b4380000)
  to   space 512K, 0% used [0x00000007b4280000,0x00000007b4280000,0x00000007b4300000)
 ParOldGen       total 125952K, used 11030K [0x0000000708c00000, 0x0000000710700000, 0x0000000782f00000)
  object space 125952K, 8% used [0x0000000708c00000,0x00000007096c5a30,0x0000000710700000)
 Metaspace       used 20492K, capacity 20752K, committed 21120K, reserved 1067008K
  class space    used 2579K, capacity 2660K, committed 2688K, reserved 1048576K
Event: 62.949 GC heap after
Heap after GC invocations=73 (full 0):
 PSYoungGen      total 694784K, used 160K [0x0000000782f00000, 0x00000007b4380000, 0x00000007c0000000)
  eden space 694272K, 0% used [0x0000000782f00000,0x0000000782f00000,0x00000007ad500000)
  from space 512K, 31% used [0x00000007b4280000,0x00000007b42a8000,0x00000007b4300000)
  to   space 512K, 0% used [0x00000007b4300000,0x00000007b4300000,0x00000007b4380000)
 ParOldGen       total 125952K, used 11046K [0x0000000708c00000, 0x0000000710700000, 0x0000000782f00000)
  object space 125952K, 8% used [0x0000000708c00000,0x00000007096c9a30,0x0000000710700000)
 Metaspace       used 20492K, capacity 20752K, committed 21120K, reserved 1067008K
  class space    used 2579K, capacity 2660K, committed 2688K, reserved 1048576K
}

Deoptimization events (10 events):
Event: 27.051 Thread 0x000000001b26e000 Uncommon trap: reason=unstable_if action=reinterpret pc=0x0000000002b19944 method=java.lang.ref.SoftReference.get()Ljava/lang/Object; @ 17
Event: 27.596 Thread 0x000000001b26e000 Uncommon trap: reason=bimorphic action=maybe_recompile pc=0x0000000002c3e014 method=javax.swing.JLabel.setText(Ljava/lang/String;)V @ 99
Event: 27.613 Thread 0x000000001b26e000 Uncommon trap: reason=bimorphic action=maybe_recompile pc=0x0000000002c3e014 method=javax.swing.JLabel.setText(Ljava/lang/String;)V @ 99
Event: 27.617 Thread 0x000000001b26e000 Uncommon trap: reason=bimorphic action=maybe_recompile pc=0x0000000002c3e014 method=javax.swing.JLabel.setText(Ljava/lang/String;)V @ 99
Event: 27.665 Thread 0x000000001b26e000 Uncommon trap: reason=bimorphic action=maybe_recompile pc=0x0000000002c3e014 method=javax.swing.JLabel.setText(Ljava/lang/String;)V @ 99
Event: 34.998 Thread 0x000000001b26e000 Uncommon trap: reason=unstable_if action=reinterpret pc=0x0000000002d14524 method=sun.font.CMap$CMapFormat4.getGlyph(I)C @ 181
Event: 40.474 Thread 0x000000001b26e000 Uncommon trap: reason=unstable_if action=reinterpret pc=0x0000000002c5c6f0 method=javax.swing.SwingUtilities.findDisplayedMnemonicIndex(Ljava/lang/String;I)I @ 1
Event: 40.480 Thread 0x000000001b26e000 Uncommon trap: reason=unstable_if action=reinterpret pc=0x0000000002c20f3c method=javax.swing.SwingUtilities.findDisplayedMnemonicIndex(Ljava/lang/String;I)I @ 1
Event: 62.891 Thread 0x00000000236e4000 Uncommon trap: reason=unstable_if action=reinterpret pc=0x0000000002c6f3e4 method=si.menu_principal.hora()V @ 164
Event: 62.893 Thread 0x00000000236e4000 Uncommon trap: reason=unstable_if action=reinterpret pc=0x0000000002c4ca54 method=si.menu_principal.hora()V @ 164

Classes redefined (0 events):
No events

Internal exceptions (10 events):
Event: 1.511 Thread 0x00000000005ee800 Exception <a 'java/lang/ClassNotFoundException': javax/swing/JTreeCell> (0x00000007833f8e68) thrown at [C:\re\workspace\8-2-build-windows-amd64-cygwin\jdk8u231\13620\hotspot\src\share\vm\classfile\systemDictionary.cpp, line 210]
Event: 1.512 Thread 0x00000000005ee800 Exception <a 'java/lang/ClassNotFoundException': TreeCell> (0x00000007833f92f0) thrown at [C:\re\workspace\8-2-build-windows-amd64-cygwin\jdk8u231\13620\hotspot\src\share\vm\classfile\systemDictionary.cpp, line 210]
Event: 1.513 Thread 0x00000000005ee800 Exception <a 'java/lang/ClassNotFoundException': RootPane> (0x00000007833f9d50) thrown at [C:\re\workspace\8-2-build-windows-amd64-cygwin\jdk8u231\13620\hotspot\src\share\vm\classfile\systemDictionary.cpp, line 210]
Event: 14.219 Thread 0x000000001b67e000 Implicit null exception at 0x000000000282f4b5 to 0x000000000282f55d
Event: 22.480 Thread 0x000000001b26e000 Implicit null exception at 0x0000000002992e5a to 0x000000000299316d
Event: 24.157 Thread 0x000000001b26e000 Implicit null exception at 0x0000000002a5723b to 0x0000000002a5aa89
Event: 40.474 Thread 0x000000001b26e000 Implicit null exception at 0x0000000002c5c131 to 0x0000000002c5c6c5
Event: 40.479 Thread 0x000000001b26e000 Implicit null exception at 0x0000000002c20bec to 0x0000000002c20f29
Event: 56.975 Thread 0x000000001b26e000 Implicit null exception at 0x0000000002602076 to 0x00000000026021a1
Event: 56.975 Thread 0x000000001b26e000 Exception <a 'java/lang/NullPointerException'> (0x000000079ea4a2c0) thrown at [C:\re\workspace\8-2-build-windows-amd64-cygwin\jdk8u231\13620\hotspot\src\share\vm\runtime\sharedRuntime.cpp, line 605]

Events (10 events):
Event: 62.173 Executing VM operation: ParallelGCFailedAllocation
Event: 62.186 Executing VM operation: ParallelGCFailedAllocation done
Event: 62.891 Thread 0x00000000236e4000 Uncommon trap: trap_request=0xffffff65 fr.pc=0x0000000002c6f3e4
Event: 62.891 Thread 0x00000000236e4000 DEOPT PACKING pc=0x0000000002c6f3e4 sp=0x0000000025acf250
Event: 62.891 Thread 0x00000000236e4000 DEOPT UNPACKING pc=0x000000000249583b sp=0x0000000025acf218 mode 2
Event: 62.893 Thread 0x00000000236e4000 Uncommon trap: trap_request=0xffffff65 fr.pc=0x0000000002c4ca54
Event: 62.893 Thread 0x00000000236e4000 DEOPT PACKING pc=0x0000000002c4ca54 sp=0x0000000025acf200
Event: 62.893 Thread 0x00000000236e4000 DEOPT UNPACKING pc=0x000000000249583b sp=0x0000000025acf208 mode 2
Event: 62.936 Executing VM operation: ParallelGCFailedAllocation
Event: 62.949 Executing VM operation: ParallelGCFailedAllocation done


Dynamic libraries:
0x00007ff6425e0000 - 0x00007ff642617000 	C:\Program Files\Java\jdk1.8.0_231\jre\bin\java.exe
0x00007ffdef7e0000 - 0x00007ffdef9cd000 	C:\Windows\SYSTEM32\ntdll.dll
0x00007ffdecf80000 - 0x00007ffded033000 	C:\Windows\System32\KERNEL32.DLL
0x00007ffdec760000 - 0x00007ffdec9f3000 	C:\Windows\System32\KERNELBASE.dll
0x00007ffdef330000 - 0x00007ffdef3d3000 	C:\Windows\System32\ADVAPI32.dll
0x00007ffdef5c0000 - 0x00007ffdef65e000 	C:\Windows\System32\msvcrt.dll
0x00007ffded7f0000 - 0x00007ffded88e000 	C:\Windows\System32\sechost.dll
0x00007ffded6c0000 - 0x00007ffded7e2000 	C:\Windows\System32\RPCRT4.dll
0x00007ffded4c0000 - 0x00007ffded657000 	C:\Windows\System32\USER32.dll
0x00007ffdebbe0000 - 0x00007ffdebc00000 	C:\Windows\System32\win32u.dll
0x00007ffded910000 - 0x00007ffded939000 	C:\Windows\System32\GDI32.dll
0x00007ffdeb8a0000 - 0x00007ffdeba39000 	C:\Windows\System32\gdi32full.dll
0x00007ffdeba40000 - 0x00007ffdebae0000 	C:\Windows\System32\msvcp_win.dll
0x00007ffdebae0000 - 0x00007ffdebbda000 	C:\Windows\System32\ucrtbase.dll
0x00007ffddd850000 - 0x00007ffdddac9000 	C:\Windows\WinSxS\amd64_microsoft.windows.common-controls_6595b64144ccf1df_6.0.17763.802_none_05b1445c0722d2cc\COMCTL32.dll
0x00007ffdedaa0000 - 0x00007ffdeddcc000 	C:\Windows\System32\combase.dll
0x00007ffdec420000 - 0x00007ffdec49e000 	C:\Windows\System32\bcryptPrimitives.dll
0x00007ffdef450000 - 0x00007ffdef47e000 	C:\Windows\System32\IMM32.DLL
0x0000000057f40000 - 0x0000000058012000 	C:\Program Files\Java\jdk1.8.0_231\jre\bin\msvcr100.dll
0x0000000058020000 - 0x00000000588c6000 	C:\Program Files\Java\jdk1.8.0_231\jre\bin\server\jvm.dll
0x00007ffdecd40000 - 0x00007ffdecd48000 	C:\Windows\System32\PSAPI.DLL
0x00007ffde93e0000 - 0x00007ffde9404000 	C:\Windows\SYSTEM32\WINMM.dll
0x00007ffde5d30000 - 0x00007ffde5d3a000 	C:\Windows\SYSTEM32\VERSION.dll
0x00007ffdca340000 - 0x00007ffdca349000 	C:\Windows\SYSTEM32\WSOCK32.dll
0x00007ffde93b0000 - 0x00007ffde93dd000 	C:\Windows\SYSTEM32\winmmbase.dll
0x00007ffdef3e0000 - 0x00007ffdef44d000 	C:\Windows\System32\WS2_32.dll
0x00007ffdebc00000 - 0x00007ffdebc4a000 	C:\Windows\System32\cfgmgr32.dll
0x00007ffdc3810000 - 0x00007ffdc381f000 	C:\Program Files\Java\jdk1.8.0_231\jre\bin\verify.dll
0x00007ffdc32d0000 - 0x00007ffdc32f9000 	C:\Program Files\Java\jdk1.8.0_231\jre\bin\java.dll
0x00007ffdc37f0000 - 0x00007ffdc3806000 	C:\Program Files\Java\jdk1.8.0_231\jre\bin\zip.dll
0x00007ffdeddd0000 - 0x00007ffdef2c4000 	C:\Windows\System32\SHELL32.dll
0x00007ffdecd60000 - 0x00007ffdece08000 	C:\Windows\System32\shcore.dll
0x00007ffdebcd0000 - 0x00007ffdec41d000 	C:\Windows\System32\windows.storage.dll
0x00007ffdeb810000 - 0x00007ffdeb834000 	C:\Windows\System32\profapi.dll
0x00007ffdeb840000 - 0x00007ffdeb89d000 	C:\Windows\System32\powrprof.dll
0x00007ffdecce0000 - 0x00007ffdecd32000 	C:\Windows\System32\shlwapi.dll
0x00007ffdeb7d0000 - 0x00007ffdeb7e1000 	C:\Windows\System32\kernel.appcore.dll
0x00007ffdebc50000 - 0x00007ffdebc67000 	C:\Windows\System32\cryptsp.dll
0x00007ffdbd190000 - 0x00007ffdbd32a000 	C:\Program Files\Java\jdk1.8.0_231\jre\bin\awt.dll
0x00007ffdef660000 - 0x00007ffdef724000 	C:\Windows\System32\OLEAUT32.dll
0x00007ffde9ac0000 - 0x00007ffde9b4c000 	C:\Windows\SYSTEM32\apphelp.dll
0x00007ffde9bf0000 - 0x00007ffde9c8c000 	C:\Windows\system32\uxtheme.dll
0x00007ffdece10000 - 0x00007ffdecf7b000 	C:\Windows\System32\MSCTF.dll
0x00007ffde9e70000 - 0x00007ffde9e9e000 	C:\Windows\system32\dwmapi.dll
0x00007ffdec4d0000 - 0x00007ffdec6ab000 	C:\Windows\System32\CRYPT32.dll
0x00007ffdeb7f0000 - 0x00007ffdeb802000 	C:\Windows\System32\MSASN1.dll
0x00007ffded940000 - 0x00007ffdeda95000 	C:\Windows\System32\ole32.dll
0x00007ffdbd6b0000 - 0x00007ffdbd6f9000 	C:\Program Files\Java\jdk1.8.0_231\jre\bin\fontmanager.dll
0x00007ffdc3160000 - 0x00007ffdc3287000 	C:\Windows\system32\opengl32.dll
0x00007ffdbd9d0000 - 0x00007ffdbd9fc000 	C:\Windows\SYSTEM32\GLU32.dll
0x00007ffdb8a40000 - 0x00007ffdb8bde000 	C:\Windows\system32\d3d9.dll
0x00007ffde5fa0000 - 0x00007ffde6104000 	C:\Windows\SYSTEM32\aticfx64.dll
0x00007ffdb8d90000 - 0x00007ffdb8db1000 	C:\Windows\SYSTEM32\atiu9p64.dll
0x00007ffdb81e0000 - 0x00007ffdb8a39000 	C:\Windows\SYSTEM32\atiumd64.dll
0x0000000058a30000 - 0x00000000592b8000 	C:\Windows\SYSTEM32\atiumd6a.dll
0x00007ffdc32b0000 - 0x00007ffdc32ca000 	C:\Program Files\Java\jdk1.8.0_231\jre\bin\net.dll
0x00007ffdeb040000 - 0x00007ffdeb0a7000 	C:\Windows\system32\mswsock.dll
0x00007ffdeada0000 - 0x00007ffdeae66000 	C:\Windows\SYSTEM32\DNSAPI.dll
0x00007ffdecd50000 - 0x00007ffdecd58000 	C:\Windows\System32\NSI.dll
0x00007ffdead60000 - 0x00007ffdead9d000 	C:\Windows\SYSTEM32\IPHLPAPI.DLL
0x00007ffdddb30000 - 0x00007ffdddb3a000 	C:\Windows\System32\rasadhlp.dll
0x00007ffdde8d0000 - 0x00007ffdde949000 	C:\Windows\System32\fwpuclnt.dll
0x00007ffdec4a0000 - 0x00007ffdec4c6000 	C:\Windows\System32\bcrypt.dll
0x00007ffddc3b0000 - 0x00007ffddc3e1000 	C:\Program Files\Java\jdk1.8.0_231\jre\bin\jpeg.dll
0x00007ffdc3290000 - 0x00007ffdc32a2000 	C:\Program Files\Java\jdk1.8.0_231\jre\bin\nio.dll
0x00007ffdbd660000 - 0x00007ffdbd6a2000 	C:\Program Files\Java\jdk1.8.0_231\jre\bin\t2k.dll
0x00007ffde1560000 - 0x00007ffde15f5000 	C:\Windows\System32\TextInputFramework.dll
0x00007ffde6390000 - 0x00007ffde66b2000 	C:\Windows\System32\CoreUIComponents.dll
0x00007ffde9840000 - 0x00007ffde9922000 	C:\Windows\System32\CoreMessaging.dll
0x00007ffde7660000 - 0x00007ffde77b3000 	C:\Windows\SYSTEM32\wintypes.dll
0x00007ffdea840000 - 0x00007ffdea871000 	C:\Windows\SYSTEM32\ntmarta.dll
0x00007ffdd32d0000 - 0x00007ffdd32fa000 	C:\Program Files\Java\jdk1.8.0_231\jre\bin\dcpr.dll
0x00007ffdef480000 - 0x00007ffdef522000 	C:\Windows\System32\clbcatq.dll
0x00007ffde61d0000 - 0x00007ffde6388000 	C:\Windows\SYSTEM32\WindowsCodecs.dll
0x00007ffdd2b60000 - 0x00007ffdd2bb6000 	C:\Windows\system32\dataexchange.dll
0x00007ffde89a0000 - 0x00007ffde8c1e000 	C:\Windows\system32\d3d11.dll
0x00007ffde91e0000 - 0x00007ffde93a3000 	C:\Windows\system32\dcomp.dll
0x00007ffdea500000 - 0x00007ffdea5c2000 	C:\Windows\system32\dxgi.dll
0x00007ffde9f50000 - 0x00007ffdea15d000 	C:\Windows\system32\twinapi.appcore.dll
0x00007ffdea160000 - 0x00007ffdea188000 	C:\Windows\system32\RMCLIENT.dll

VM Arguments:
jvm_args: -Dfile.encoding=UTF-8 
java_command: si.Cargainiciodelsistema
java_class_path (initial): C:\Program Files\NetBeans 8.2\java\modules\ext\AbsoluteLayout.jar;C:\Users\Alexis\Documents\NetBeansProjects\DATAMAXREPOSITORY\Proyecto-DATAMAX-version2.0\libraries\AutoCompleter.jar;C:\Users\Alexis\Documents\NetBeansProjects\DATAMAXREPOSITORY\Proyecto-DATAMAX-version2.0\libraries\jcalendar-1.3.3.jar;C:\Users\Alexis\Documents\NetBeansProjects\DATAMAXREPOSITORY\Proyecto-DATAMAX-version2.0\libraries\swingx-all-1.6.4.jar;C:\Users\Alexis\Documents\NetBeansProjects\DATAMAXREPOSITORY\Proyecto-DATAMAX-version2.0\libraries\commons-collections-3.2.1.jar;C:\Users\Alexis\Documents\NetBeansProjects\DATAMAXREPOSITORY\Proyecto-DATAMAX-version2.0\libraries\AbsoluteLayout.jar;C:\Users\Alexis\Documents\NetBeansProjects\DATAMAXREPOSITORY\Proyecto-DATAMAX-version2.0\libraries\commons-digester-2.1.jar;C:\Users\Alexis\Documents\NetBeansProjects\DATAMAXREPOSITORY\Proyecto-DATAMAX-version2.0\libraries\commons-logging-1.3.jar;C:\Users\Alexis\Documents\NetBeansProjects\DATAMAXREPOSITORY\Proyecto-DATAMAX-version2.0\libraries\groovy-2.4.6.jar;C:\Users\Alexis\Documents\NetBeansProjects\DATAMAXREPOSITORY\Proyecto-DATAMAX-version2.0\libraries\itextpdf-5.5.4.jar;C:\Users\Alexis\Documents\NetBeansProjects\DATAMAXREPOSITORY\Proyecto-DATAMAX-version2.0\libraries\itext-pdfa-5.5.4.jar;C:\Users\Alexis\Documents\NetBeansProjects\DATAMAXREPOSITORY\Proyecto-DATAMAX-version2.0\libraries\jasperreports-6.0.0.jar;C:\Program Files\NetBeans 8.2\ide\modules\ext\mysql-connector-java-5.1.23-bin.jar;C:\Users\Alexis\Documents\NetBeansProjects\DATAMAXREPOSITORY\Proyecto-DATAMAX-version2.0\libraries\mysql-connector-java-5.1.46-bin.jar;C:\Users\Alexis\Downloads\RSTableMetro.jar;C:\Users\Alexis\Documents\NetBeansProjects\DATAMAXREPOSITORY\Proyecto-DATAMAX-version2.0\build\classes
Launcher Type: SUN_STANDARD

Environment Variables:
PATH=C:\Program Files (x86)\Common Files\Oracle\Java\javapath;C:\app\Alexis\product\11.2.0\dbhome_1\bin;C:\Windows\system32;C:\Windows;C:\Windows\System32\Wbem;C:\Windows\System32\WindowsPowerShell\v1.0\;C:\Windows\System32\OpenSSH\;C:\Program Files\MySQL\MySQL Utilities 1.6\;C:\Users\Alexis\AppData\Local\Microsoft\WindowsApps;
USERNAME=Alexis
OS=Windows_NT
PROCESSOR_IDENTIFIER=AMD64 Family 21 Model 96 Stepping 1, AuthenticAMD



---------------  S Y S T E M  ---------------

OS: Windows 10.0 , 64 bit Build 17763 (10.0.17763.475)

CPU:total 4 (initial active 4) (4 cores per cpu, 1 threads per core) family 21 model 96 stepping 1, cmov, cx8, fxsr, mmx, sse, sse2, sse3, ssse3, sse4.1, sse4.2, popcnt, avx, avx2, aes, clmul, mmxext, 3dnowpref, lzcnt, sse4a, tsc, tscinvbit, tscinv, bmi1

Memory: 4k page, physical 12005560k(591612k free), swap 49754296k(4488k free)

vm_info: Java HotSpot(TM) 64-Bit Server VM (25.231-b11) for windows-amd64 JRE (1.8.0_231-b11), built on Oct  5 2019 03:11:30 by "java_re" with MS VC++ 10.0 (VS2010)

time: Sun Nov 10 11:42:00 2019
timezone: Hora estándar central (México)
elapsed time: 63 seconds (0d 0h 1m 3s)

