#
# There is insufficient memory for the Java Runtime Environment to continue.
# Native memory allocation (malloc) failed to allocate 32784 bytes for Chunk::new
# Possible reasons:
#   The system is out of physical RAM or swap space
#   The process is running with CompressedOops enabled, and the Java Heap may be blocking the growth of the native heap
# Possible solutions:
#   Reduce memory load on the system
#   Increase physical memory or swap space
#   Check if swap backing store is full
#   Decrease Java heap size (-Xmx/-Xms)
#   Decrease number of Java threads
#   Decrease Java thread stack sizes (-Xss)
#   Set larger code cache with -XX:ReservedCodeCacheSize=
#   JVM is running with Zero Based Compressed Oops mode in which the Java heap is
#     placed in the first 32GB address space. The Java Heap base address is the
#     maximum limit for the native heap growth. Please use -XX:HeapBaseMinAddress
#     to set the Java Heap base and to place the Java Heap above 32GB virtual address.
# This output file may be truncated or incomplete.
#
#  Out of Memory Error (allocation.cpp:389), pid=13288, tid=0x000000000000245c
#
# JRE version: Java(TM) SE Runtime Environment (8.0_231-b11) (build 1.8.0_231-b11)
# Java VM: Java HotSpot(TM) 64-Bit Server VM (25.231-b11 mixed mode windows-amd64 compressed oops)
# Failed to write core dump. Minidumps are not enabled by default on client versions of Windows
#

---------------  T H R E A D  ---------------

Current thread (0x0000000019ebb000):  JavaThread "C2 CompilerThread1" daemon [_thread_in_native, id=9308, stack(0x000000001b630000,0x000000001b730000)]

Stack: [0x000000001b630000,0x000000001b730000]
[error occurred during error reporting (printing stack bounds), id 0xc0000005]

Native frames: (J=compiled Java code, j=interpreted, Vv=VM code, C=native code)


Current CompileTask:
C2:  71402 2645       4       javax.swing.plaf.nimbus.NimbusStyle::get (240 bytes)


---------------  P R O C E S S  ---------------

Java Threads: ( => current thread )
  0x000000001c3f4000 JavaThread "Thread-3" [_thread_in_Java, id=8140, stack(0x00000000262a0000,0x00000000263a0000)]
  0x000000001c31a800 JavaThread "Abandoned connection cleanup thread" daemon [_thread_blocked, id=6772, stack(0x0000000023400000,0x0000000023500000)]
  0x000000001c0e5800 JavaThread "D3D Screen Updater" daemon [_thread_blocked, id=11600, stack(0x0000000022700000,0x0000000022800000)]
  0x000000001c070800 JavaThread "TimerQueue" daemon [_thread_blocked, id=1168, stack(0x0000000022200000,0x0000000022300000)]
  0x00000000016fe000 JavaThread "DestroyJavaVM" [_thread_blocked, id=2032, stack(0x0000000002f60000,0x0000000003060000)]
  0x000000001c046000 JavaThread "AWT-EventQueue-0" [_thread_blocked, id=13072, stack(0x000000001ca90000,0x000000001cb90000)]
  0x000000001bc29000 JavaThread "AWT-Windows" daemon [_thread_in_native, id=13112, stack(0x000000001c990000,0x000000001ca90000)]
  0x000000001bfed000 JavaThread "AWT-Shutdown" [_thread_blocked, id=8080, stack(0x000000001c890000,0x000000001c990000)]
  0x000000001bfec800 JavaThread "Java2D Disposer" daemon [_thread_blocked, id=4944, stack(0x000000001c790000,0x000000001c890000)]
  0x000000001b84a800 JavaThread "Service Thread" daemon [_thread_blocked, id=3036, stack(0x000000001bc30000,0x000000001bd30000)]
  0x0000000019ec2800 JavaThread "C1 CompilerThread2" daemon [_thread_blocked, id=9096, stack(0x000000001b730000,0x000000001b830000)]
=>0x0000000019ebb000 JavaThread "C2 CompilerThread1" daemon [_thread_in_native, id=9308, stack(0x000000001b630000,0x000000001b730000)]
  0x0000000019eb7000 JavaThread "C2 CompilerThread0" daemon [_thread_blocked, id=6912, stack(0x000000001b530000,0x000000001b630000)]
  0x0000000019eb5000 JavaThread "Attach Listener" daemon [_thread_blocked, id=9080, stack(0x000000001b430000,0x000000001b530000)]
  0x0000000019eb4000 JavaThread "Signal Dispatcher" daemon [_thread_blocked, id=228, stack(0x000000001b330000,0x000000001b430000)]
  0x0000000003246000 JavaThread "Finalizer" daemon [_thread_blocked, id=12076, stack(0x000000001b110000,0x000000001b210000)]
  0x0000000019e9a800 JavaThread "Reference Handler" daemon [_thread_blocked, id=9496, stack(0x000000001b010000,0x000000001b110000)]

Other Threads:
  0x0000000019e78800 VMThread [stack: 0x000000001af10000,0x000000001b010000] [id=11080]
  0x000000001b84b800 WatcherThread [stack: 0x000000001be90000,0x000000001bf90000] [id=12532]

VM state:not at safepoint (normal execution)

VM Mutex/Monitor currently owned by a thread: None

heap address: 0x0000000708c00000, size: 2932 MB, Compressed Oops mode: Zero based, Oop shift amount: 3
Narrow klass base: 0x0000000000000000, Narrow klass shift: 3
Compressed class space size: 1073741824 Address: 0x00000007c0000000

Heap:
 PSYoungGen      total 259072K, used 235287K [0x0000000782f00000, 0x00000007bb100000, 0x00000007c0000000)
  eden space 258560K, 90% used [0x0000000782f00000,0x00000007914bdd38,0x0000000792b80000)
  from space 512K, 6% used [0x00000007bb080000,0x00000007bb088000,0x00000007bb100000)
  to   space 512K, 0% used [0x00000007bb000000,0x00000007bb000000,0x00000007bb080000)
 ParOldGen       total 125952K, used 9390K [0x0000000708c00000, 0x0000000710700000, 0x0000000782f00000)
  object space 125952K, 7% used [0x0000000708c00000,0x000000070952baa8,0x0000000710700000)
 Metaspace       used 19620K, capacity 19882K, committed 20352K, reserved 1067008K
  class space    used 2472K, capacity 2563K, committed 2688K, reserved 1048576K

Card table byte_map: [0x0000000012610000,0x0000000012bd0000] byte_map_base: 0x000000000edca000

Marking Bits: (ParMarkBitMap*) 0x0000000059846d90
 Begin Bits: [0x00000000133b0000, 0x0000000016180000)
 End Bits:   [0x0000000016180000, 0x0000000018f50000)

Polling page: 0x0000000001690000

CodeCache: size=245760Kb used=8055Kb max_used=8055Kb free=237704Kb
 bounds [0x0000000003250000, 0x0000000003a40000, 0x0000000012250000]
 total_blobs=3040 nmethods=2434 adapters=517
 compilation: enabled

Compilation events (10 events):
Event: 70.672 Thread 0x0000000019ec2800 nmethod 2641 0x0000000003a2e750 code [0x0000000003a2e8a0, 0x0000000003a2e9b0]
Event: 70.691 Thread 0x0000000019ec2800 2642   !   3       java.awt.Container::findComponentAt (42 bytes)
Event: 70.692 Thread 0x0000000019ec2800 nmethod 2642 0x0000000003a30d90 code [0x0000000003a30f20, 0x0000000003a31538]
Event: 70.732 Thread 0x0000000019ec2800 2643       3       java.awt.LightweightDispatcher::retargetMouseEvent (372 bytes)
Event: 70.736 Thread 0x0000000019ec2800 nmethod 2643 0x0000000003a316d0 code [0x0000000003a31aa0, 0x0000000003a34908]
Event: 71.292 Thread 0x0000000019ec2800 2644       3       java.awt.Component::areInputMethodsEnabled (39 bytes)
Event: 71.293 Thread 0x0000000019ec2800 nmethod 2644 0x0000000003a2e310 code [0x0000000003a2e460, 0x0000000003a2e6d0]
Event: 71.295 Thread 0x0000000019ebb000 2645       4       javax.swing.plaf.nimbus.NimbusStyle::get (240 bytes)
Event: 71.296 Thread 0x0000000019ec2800 2646       3       javax.swing.plaf.synth.SynthContext::setComponentState (6 bytes)
Event: 71.296 Thread 0x0000000019ec2800 nmethod 2646 0x0000000003a35890 code [0x0000000003a359e0, 0x0000000003a35b30]

GC Heap History (10 events):
Event: 70.216 GC heap before
{Heap before GC invocations=182 (full 0):
 PSYoungGen      total 321536K, used 321152K [0x0000000782f00000, 0x00000007bb100000, 0x00000007c0000000)
  eden space 321024K, 100% used [0x0000000782f00000,0x0000000796880000,0x0000000796880000)
  from space 512K, 25% used [0x00000007bb000000,0x00000007bb020000,0x00000007bb080000)
  to   space 512K, 0% used [0x00000007bb080000,0x00000007bb080000,0x00000007bb100000)
 ParOldGen       total 125952K, used 9318K [0x0000000708c00000, 0x0000000710700000, 0x0000000782f00000)
  object space 125952K, 7% used [0x0000000708c00000,0x0000000709519aa8,0x0000000710700000)
 Metaspace       used 19591K, capacity 19882K, committed 20352K, reserved 1067008K
  class space    used 2472K, capacity 2563K, committed 2688K, reserved 1048576K
Event: 70.222 GC heap after
Heap after GC invocations=182 (full 0):
 PSYoungGen      total 307712K, used 96K [0x0000000782f00000, 0x00000007bb100000, 0x00000007c0000000)
  eden space 307200K, 0% used [0x0000000782f00000,0x0000000782f00000,0x0000000795b00000)
  from space 512K, 18% used [0x00000007bb080000,0x00000007bb098000,0x00000007bb100000)
  to   space 512K, 0% used [0x00000007bb000000,0x00000007bb000000,0x00000007bb080000)
 ParOldGen       total 125952K, used 9342K [0x0000000708c00000, 0x0000000710700000, 0x0000000782f00000)
  object space 125952K, 7% used [0x0000000708c00000,0x000000070951faa8,0x0000000710700000)
 Metaspace       used 19591K, capacity 19882K, committed 20352K, reserved 1067008K
  class space    used 2472K, capacity 2563K, committed 2688K, reserved 1048576K
}
Event: 70.479 GC heap before
{Heap before GC invocations=183 (full 0):
 PSYoungGen      total 307712K, used 307296K [0x0000000782f00000, 0x00000007bb100000, 0x00000007c0000000)
  eden space 307200K, 100% used [0x0000000782f00000,0x0000000795b00000,0x0000000795b00000)
  from space 512K, 18% used [0x00000007bb080000,0x00000007bb098000,0x00000007bb100000)
  to   space 512K, 0% used [0x00000007bb000000,0x00000007bb000000,0x00000007bb080000)
 ParOldGen       total 125952K, used 9342K [0x0000000708c00000, 0x0000000710700000, 0x0000000782f00000)
  object space 125952K, 7% used [0x0000000708c00000,0x000000070951faa8,0x0000000710700000)
 Metaspace       used 19591K, capacity 19882K, committed 20352K, reserved 1067008K
  class space    used 2472K, capacity 2563K, committed 2688K, reserved 1048576K
Event: 70.480 GC heap after
Heap after GC invocations=183 (full 0):
 PSYoungGen      total 294400K, used 64K [0x0000000782f00000, 0x00000007bb100000, 0x00000007c0000000)
  eden space 293888K, 0% used [0x0000000782f00000,0x0000000782f00000,0x0000000794e00000)
  from space 512K, 12% used [0x00000007bb000000,0x00000007bb010000,0x00000007bb080000)
  to   space 512K, 0% used [0x00000007bb080000,0x00000007bb080000,0x00000007bb100000)
 ParOldGen       total 125952K, used 9342K [0x0000000708c00000, 0x0000000710700000, 0x0000000782f00000)
  object space 125952K, 7% used [0x0000000708c00000,0x000000070951faa8,0x0000000710700000)
 Metaspace       used 19591K, capacity 19882K, committed 20352K, reserved 1067008K
  class space    used 2472K, capacity 2563K, committed 2688K, reserved 1048576K
}
Event: 70.726 GC heap before
{Heap before GC invocations=184 (full 0):
 PSYoungGen      total 294400K, used 293952K [0x0000000782f00000, 0x00000007bb100000, 0x00000007c0000000)
  eden space 293888K, 100% used [0x0000000782f00000,0x0000000794e00000,0x0000000794e00000)
  from space 512K, 12% used [0x00000007bb000000,0x00000007bb010000,0x00000007bb080000)
  to   space 512K, 0% used [0x00000007bb080000,0x00000007bb080000,0x00000007bb100000)
 ParOldGen       total 125952K, used 9342K [0x0000000708c00000, 0x0000000710700000, 0x0000000782f00000)
  object space 125952K, 7% used [0x0000000708c00000,0x000000070951faa8,0x0000000710700000)
 Metaspace       used 19615K, capacity 19882K, committed 20352K, reserved 1067008K
  class space    used 2472K, capacity 2563K, committed 2688K, reserved 1048576K
Event: 70.728 GC heap after
Heap after GC invocations=184 (full 0):
 PSYoungGen      total 282112K, used 96K [0x0000000782f00000, 0x00000007bb100000, 0x00000007c0000000)
  eden space 281600K, 0% used [0x0000000782f00000,0x0000000782f00000,0x0000000794200000)
  from space 512K, 18% used [0x00000007bb080000,0x00000007bb098000,0x00000007bb100000)
  to   space 512K, 0% used [0x00000007bb000000,0x00000007bb000000,0x00000007bb080000)
 ParOldGen       total 125952K, used 9342K [0x0000000708c00000, 0x0000000710700000, 0x0000000782f00000)
  object space 125952K, 7% used [0x0000000708c00000,0x000000070951faa8,0x0000000710700000)
 Metaspace       used 19615K, capacity 19882K, committed 20352K, reserved 1067008K
  class space    used 2472K, capacity 2563K, committed 2688K, reserved 1048576K
}
Event: 70.961 GC heap before
{Heap before GC invocations=185 (full 0):
 PSYoungGen      total 282112K, used 281696K [0x0000000782f00000, 0x00000007bb100000, 0x00000007c0000000)
  eden space 281600K, 100% used [0x0000000782f00000,0x0000000794200000,0x0000000794200000)
  from space 512K, 18% used [0x00000007bb080000,0x00000007bb098000,0x00000007bb100000)
  to   space 512K, 0% used [0x00000007bb000000,0x00000007bb000000,0x00000007bb080000)
 ParOldGen       total 125952K, used 9342K [0x0000000708c00000, 0x0000000710700000, 0x0000000782f00000)
  object space 125952K, 7% used [0x0000000708c00000,0x000000070951faa8,0x0000000710700000)
 Metaspace       used 19619K, capacity 19882K, committed 20352K, reserved 1067008K
  class space    used 2472K, capacity 2563K, committed 2688K, reserved 1048576K
Event: 70.962 GC heap after
Heap after GC invocations=185 (full 0):
 PSYoungGen      total 270336K, used 128K [0x0000000782f00000, 0x00000007bb100000, 0x00000007c0000000)
  eden space 269824K, 0% used [0x0000000782f00000,0x0000000782f00000,0x0000000793680000)
  from space 512K, 25% used [0x00000007bb000000,0x00000007bb020000,0x00000007bb080000)
  to   space 512K, 0% used [0x00000007bb080000,0x00000007bb080000,0x00000007bb100000)
 ParOldGen       total 125952K, used 9366K [0x0000000708c00000, 0x0000000710700000, 0x0000000782f00000)
  object space 125952K, 7% used [0x0000000708c00000,0x0000000709525aa8,0x0000000710700000)
 Metaspace       used 19619K, capacity 19882K, committed 20352K, reserved 1067008K
  class space    used 2472K, capacity 2563K, committed 2688K, reserved 1048576K
}
Event: 71.189 GC heap before
{Heap before GC invocations=186 (full 0):
 PSYoungGen      total 270336K, used 269952K [0x0000000782f00000, 0x00000007bb100000, 0x00000007c0000000)
  eden space 269824K, 100% used [0x0000000782f00000,0x0000000793680000,0x0000000793680000)
  from space 512K, 25% used [0x00000007bb000000,0x00000007bb020000,0x00000007bb080000)
  to   space 512K, 0% used [0x00000007bb080000,0x00000007bb080000,0x00000007bb100000)
 ParOldGen       total 125952K, used 9366K [0x0000000708c00000, 0x0000000710700000, 0x0000000782f00000)
  object space 125952K, 7% used [0x0000000708c00000,0x0000000709525aa8,0x0000000710700000)
 Metaspace       used 19619K, capacity 19882K, committed 20352K, reserved 1067008K
  class space    used 2472K, capacity 2563K, committed 2688K, reserved 1048576K
Event: 71.190 GC heap after
Heap after GC invocations=186 (full 0):
 PSYoungGen      total 259072K, used 32K [0x0000000782f00000, 0x00000007bb100000, 0x00000007c0000000)
  eden space 258560K, 0% used [0x0000000782f00000,0x0000000782f00000,0x0000000792b80000)
  from space 512K, 6% used [0x00000007bb080000,0x00000007bb088000,0x00000007bb100000)
  to   space 512K, 0% used [0x00000007bb000000,0x00000007bb000000,0x00000007bb080000)
 ParOldGen       total 125952K, used 9390K [0x0000000708c00000, 0x0000000710700000, 0x0000000782f00000)
  object space 125952K, 7% used [0x0000000708c00000,0x000000070952baa8,0x0000000710700000)
 Metaspace       used 19619K, capacity 19882K, committed 20352K, reserved 1067008K
  class space    used 2472K, capacity 2563K, committed 2688K, reserved 1048576K
}

Deoptimization events (10 events):
Event: 19.988 Thread 0x000000001c046000 Uncommon trap: reason=bimorphic action=maybe_recompile pc=0x00000000037946ec method=java.util.Hashtable.put(Ljava/lang/Object;Ljava/lang/Object;)Ljava/lang/Object; @ 60
Event: 19.988 Thread 0x000000001c046000 Uncommon trap: reason=bimorphic action=maybe_recompile pc=0x00000000037946ec method=java.util.Hashtable.put(Ljava/lang/Object;Ljava/lang/Object;)Ljava/lang/Object; @ 60
Event: 20.567 Thread 0x000000001c046000 Uncommon trap: reason=unstable_if action=reinterpret pc=0x0000000003892b04 method=java.lang.ref.SoftReference.get()Ljava/lang/Object; @ 17
Event: 20.602 Thread 0x000000001c046000 Uncommon trap: reason=unstable_if action=reinterpret pc=0x000000000377c4dc method=java.lang.ref.SoftReference.get()Ljava/lang/Object; @ 17
Event: 21.325 Thread 0x000000001c046000 Uncommon trap: reason=unstable_if action=reinterpret pc=0x0000000003780d3c method=java.lang.ref.SoftReference.get()Ljava/lang/Object; @ 17
Event: 21.411 Thread 0x000000001c046000 Uncommon trap: reason=predicate action=maybe_recompile pc=0x00000000034f343c method=java.awt.LinearGradientPaintContext.fillRaster([IIIIIII)V @ 56
Event: 21.412 Thread 0x000000001c046000 Uncommon trap: reason=unstable_if action=reinterpret pc=0x000000000346ab04 method=java.awt.MultipleGradientPaintContext.indexIntoGradientsArrays(F)I @ 93
Event: 21.412 Thread 0x000000001c046000 Uncommon trap: reason=unstable_if action=reinterpret pc=0x00000000034ee004 method=java.awt.MultipleGradientPaintContext.indexIntoGradientsArrays(F)I @ 93
Event: 21.455 Thread 0x000000001c3f4000 Uncommon trap: reason=unstable_if action=reinterpret pc=0x0000000003951654 method=ControladorVenta.Controladorventa.hora()V @ 159
Event: 21.455 Thread 0x000000001c3f4000 Uncommon trap: reason=unstable_if action=reinterpret pc=0x0000000003964670 method=ControladorVenta.Controladorventa.hora()V @ 159

Classes redefined (0 events):
No events

Internal exceptions (10 events):
Event: 0.802 Thread 0x00000000016fe000 Exception <a 'java/lang/ClassNotFoundException': javax/swing/JToolBarSeparator> (0x00000007833cd1c8) thrown at [C:\re\workspace\8-2-build-windows-amd64-cygwin\jdk8u231\13620\hotspot\src\share\vm\classfile\systemDictionary.cpp, line 210]
Event: 0.802 Thread 0x00000000016fe000 Exception <a 'java/lang/ClassNotFoundException': ToolBarSeparator> (0x00000007833cd660) thrown at [C:\re\workspace\8-2-build-windows-amd64-cygwin\jdk8u231\13620\hotspot\src\share\vm\classfile\systemDictionary.cpp, line 210]
Event: 0.802 Thread 0x00000000016fe000 Exception <a 'java/lang/ClassNotFoundException': ToolTip> (0x00000007833cdda0) thrown at [C:\re\workspace\8-2-build-windows-amd64-cygwin\jdk8u231\13620\hotspot\src\share\vm\classfile\systemDictionary.cpp, line 210]
Event: 0.805 Thread 0x00000000016fe000 Exception <a 'java/lang/ClassNotFoundException': Tree> (0x00000007833ce9c0) thrown at [C:\re\workspace\8-2-build-windows-amd64-cygwin\jdk8u231\13620\hotspot\src\share\vm\classfile\systemDictionary.cpp, line 210]
Event: 0.805 Thread 0x00000000016fe000 Exception <a 'java/lang/ClassNotFoundException': Tree> (0x00000007833cf100) thrown at [C:\re\workspace\8-2-build-windows-amd64-cygwin\jdk8u231\13620\hotspot\src\share\vm\classfile\systemDictionary.cpp, line 210]
Event: 0.805 Thread 0x00000000016fe000 Exception <a 'java/lang/ClassNotFoundException': javax/swing/JTreeCell> (0x00000007833cf480) thrown at [C:\re\workspace\8-2-build-windows-amd64-cygwin\jdk8u231\13620\hotspot\src\share\vm\classfile\systemDictionary.cpp, line 210]
Event: 0.805 Thread 0x00000000016fe000 Exception <a 'java/lang/ClassNotFoundException': TreeCell> (0x00000007833cf908) thrown at [C:\re\workspace\8-2-build-windows-amd64-cygwin\jdk8u231\13620\hotspot\src\share\vm\classfile\systemDictionary.cpp, line 210]
Event: 0.806 Thread 0x00000000016fe000 Exception <a 'java/lang/ClassNotFoundException': RootPane> (0x00000007833d0368) thrown at [C:\re\workspace\8-2-build-windows-amd64-cygwin\jdk8u231\13620\hotspot\src\share\vm\classfile\systemDictionary.cpp, line 210]
Event: 11.277 Thread 0x000000001c117800 Implicit null exception at 0x000000000357e235 to 0x000000000357e2dd
Event: 19.932 Thread 0x000000001c046000 Implicit null exception at 0x0000000003846533 to 0x0000000003849c6d

Events (10 events):
Event: 70.216 Executing VM operation: ParallelGCFailedAllocation
Event: 70.222 Executing VM operation: ParallelGCFailedAllocation done
Event: 70.479 Executing VM operation: ParallelGCFailedAllocation
Event: 70.481 Executing VM operation: ParallelGCFailedAllocation done
Event: 70.726 Executing VM operation: ParallelGCFailedAllocation
Event: 70.728 Executing VM operation: ParallelGCFailedAllocation done
Event: 70.961 Executing VM operation: ParallelGCFailedAllocation
Event: 70.962 Executing VM operation: ParallelGCFailedAllocation done
Event: 71.189 Executing VM operation: ParallelGCFailedAllocation
Event: 71.190 Executing VM operation: ParallelGCFailedAllocation done


Dynamic libraries:
0x00007ff6a71d0000 - 0x00007ff6a7207000 	C:\Program Files\Java\jdk1.8.0_231\jre\bin\java.exe
0x00007ffb02ce0000 - 0x00007ffb02ecd000 	C:\Windows\SYSTEM32\ntdll.dll
0x00007ffb02150000 - 0x00007ffb02203000 	C:\Windows\System32\KERNEL32.DLL
0x00007ffaff360000 - 0x00007ffaff5f3000 	C:\Windows\System32\KERNELBASE.dll
0x00007ffb003a0000 - 0x00007ffb00443000 	C:\Windows\System32\ADVAPI32.dll
0x00007ffb00990000 - 0x00007ffb00a2e000 	C:\Windows\System32\msvcrt.dll
0x00007ffb00790000 - 0x00007ffb0082e000 	C:\Windows\System32\sechost.dll
0x00007ffb02870000 - 0x00007ffb02992000 	C:\Windows\System32\RPCRT4.dll
0x00007ffb02620000 - 0x00007ffb027b7000 	C:\Windows\System32\USER32.dll
0x00007ffaffe20000 - 0x00007ffaffe40000 	C:\Windows\System32\win32u.dll
0x00007ffb025f0000 - 0x00007ffb02619000 	C:\Windows\System32\GDI32.dll
0x00007ffafeee0000 - 0x00007ffaff079000 	C:\Windows\System32\gdi32full.dll
0x00007ffaffe40000 - 0x00007ffaffee0000 	C:\Windows\System32\msvcp_win.dll
0x00007ffaff260000 - 0x00007ffaff35a000 	C:\Windows\System32\ucrtbase.dll
0x00007ffaf4b40000 - 0x00007ffaf4db9000 	C:\Windows\WinSxS\amd64_microsoft.windows.common-controls_6595b64144ccf1df_6.0.17763.864_none_05b3441807210760\COMCTL32.dll
0x00007ffb00460000 - 0x00007ffb0078c000 	C:\Windows\System32\combase.dll
0x00007ffaffd50000 - 0x00007ffaffdce000 	C:\Windows\System32\bcryptPrimitives.dll
0x00007ffb029a0000 - 0x00007ffb029ce000 	C:\Windows\System32\IMM32.DLL
0x0000000058f40000 - 0x0000000059012000 	C:\Program Files\Java\jdk1.8.0_231\jre\bin\msvcr100.dll
0x0000000059020000 - 0x00000000598c6000 	C:\Program Files\Java\jdk1.8.0_231\jre\bin\server\jvm.dll
0x00007ffb00450000 - 0x00007ffb00458000 	C:\Windows\System32\PSAPI.DLL
0x00007ffafb6a0000 - 0x00007ffafb6a9000 	C:\Windows\SYSTEM32\WSOCK32.dll
0x00007ffb02210000 - 0x00007ffb0227d000 	C:\Windows\System32\WS2_32.dll
0x00007ffafc700000 - 0x00007ffafc724000 	C:\Windows\SYSTEM32\WINMM.dll
0x00007ffaf9b00000 - 0x00007ffaf9b0a000 	C:\Windows\SYSTEM32\VERSION.dll
0x00007ffafc110000 - 0x00007ffafc13d000 	C:\Windows\SYSTEM32\WINMMBASE.dll
0x00007ffaffdd0000 - 0x00007ffaffe1a000 	C:\Windows\System32\cfgmgr32.dll
0x00007ffafb690000 - 0x00007ffafb69f000 	C:\Program Files\Java\jdk1.8.0_231\jre\bin\verify.dll
0x00007ffaf7920000 - 0x00007ffaf7949000 	C:\Program Files\Java\jdk1.8.0_231\jre\bin\java.dll
0x00007ffafad90000 - 0x00007ffafada6000 	C:\Program Files\Java\jdk1.8.0_231\jre\bin\zip.dll
0x00007ffb00a30000 - 0x00007ffb01f24000 	C:\Windows\System32\SHELL32.dll
0x00007ffb027c0000 - 0x00007ffb02868000 	C:\Windows\System32\shcore.dll
0x00007ffaff600000 - 0x00007ffaffd4d000 	C:\Windows\System32\windows.storage.dll
0x00007ffafed50000 - 0x00007ffafed74000 	C:\Windows\System32\profapi.dll
0x00007ffafecf0000 - 0x00007ffafed4d000 	C:\Windows\System32\powrprof.dll
0x00007ffb029d0000 - 0x00007ffb02a22000 	C:\Windows\System32\shlwapi.dll
0x00007ffafed80000 - 0x00007ffafed91000 	C:\Windows\System32\kernel.appcore.dll
0x00007ffaffee0000 - 0x00007ffaffef7000 	C:\Windows\System32\cryptsp.dll
0x00007ffae5a80000 - 0x00007ffae5c1a000 	C:\Program Files\Java\jdk1.8.0_231\jre\bin\awt.dll
0x00007ffb02a30000 - 0x00007ffb02af4000 	C:\Windows\System32\OLEAUT32.dll
0x00007ffafcf50000 - 0x00007ffafcfdc000 	C:\Windows\SYSTEM32\apphelp.dll
0x00007ffafd0f0000 - 0x00007ffafd18c000 	C:\Windows\system32\uxtheme.dll
0x00007ffb02480000 - 0x00007ffb025ec000 	C:\Windows\System32\MSCTF.dll
0x00007ffafd370000 - 0x00007ffafd39e000 	C:\Windows\system32\dwmapi.dll
0x00007ffaff080000 - 0x00007ffaff25b000 	C:\Windows\System32\CRYPT32.dll
0x00007ffafecd0000 - 0x00007ffafece2000 	C:\Windows\System32\MSASN1.dll
0x00007ffb00830000 - 0x00007ffb00985000 	C:\Windows\System32\ole32.dll
0x00007ffaf5380000 - 0x00007ffaf53c9000 	C:\Program Files\Java\jdk1.8.0_231\jre\bin\fontmanager.dll
0x00007ffae14e0000 - 0x00007ffae1607000 	C:\Windows\system32\opengl32.dll
0x00007ffaf70c0000 - 0x00007ffaf70ec000 	C:\Windows\SYSTEM32\GLU32.dll
0x00007ffaf53d0000 - 0x00007ffaf556e000 	C:\Windows\system32\d3d9.dll
0x00007ffaf9b10000 - 0x00007ffaf9c74000 	C:\Windows\SYSTEM32\aticfx64.dll
0x00007ffafa820000 - 0x00007ffafa841000 	C:\Windows\SYSTEM32\atiu9p64.dll
0x00007ffad31f0000 - 0x00007ffad3a49000 	C:\Windows\SYSTEM32\atiumd64.dll
0x0000000059a30000 - 0x000000005a2b8000 	C:\Windows\SYSTEM32\atiumd6a.dll
0x00007ffaf72a0000 - 0x00007ffaf72d1000 	C:\Program Files\Java\jdk1.8.0_231\jre\bin\jpeg.dll
0x00007ffaf9190000 - 0x00007ffaf91aa000 	C:\Program Files\Java\jdk1.8.0_231\jre\bin\net.dll
0x00007ffafe4e0000 - 0x00007ffafe547000 	C:\Windows\system32\mswsock.dll
0x00007ffaf7180000 - 0x00007ffaf7192000 	C:\Program Files\Java\jdk1.8.0_231\jre\bin\nio.dll
0x00007ffaf5330000 - 0x00007ffaf5372000 	C:\Program Files\Java\jdk1.8.0_231\jre\bin\t2k.dll
0x00007ffafa220000 - 0x00007ffafa2b5000 	C:\Windows\System32\TextInputFramework.dll
0x00007ffafa370000 - 0x00007ffafa692000 	C:\Windows\System32\CoreUIComponents.dll
0x00007ffafc9d0000 - 0x00007ffafcab2000 	C:\Windows\System32\CoreMessaging.dll
0x00007ffafdd40000 - 0x00007ffafdd71000 	C:\Windows\SYSTEM32\ntmarta.dll
0x00007ffafaae0000 - 0x00007ffafac33000 	C:\Windows\SYSTEM32\wintypes.dll
0x00007ffade680000 - 0x00007ffade6aa000 	C:\Program Files\Java\jdk1.8.0_231\jre\bin\dcpr.dll
0x00007ffafe240000 - 0x00007ffafe306000 	C:\Windows\SYSTEM32\DNSAPI.dll
0x00007ffb020e0000 - 0x00007ffb020e8000 	C:\Windows\System32\NSI.dll
0x00007ffafe200000 - 0x00007ffafe23d000 	C:\Windows\SYSTEM32\IPHLPAPI.DLL
0x00007ffaf2e60000 - 0x00007ffaf2e6a000 	C:\Windows\System32\rasadhlp.dll
0x00007ffaf14f0000 - 0x00007ffaf1569000 	C:\Windows\System32\fwpuclnt.dll
0x00007ffafeeb0000 - 0x00007ffafeed6000 	C:\Windows\System32\bcrypt.dll
0x00007ffb02300000 - 0x00007ffb023a2000 	C:\Windows\System32\clbcatq.dll
0x00007ffaf7a20000 - 0x00007ffaf7bd8000 	C:\Windows\SYSTEM32\WindowsCodecs.dll
0x00007ffaed570000 - 0x00007ffaed5c6000 	C:\Windows\system32\dataexchange.dll
0x00007ffafc800000 - 0x00007ffafc9c3000 	C:\Windows\system32\dcomp.dll
0x00007ffafbe90000 - 0x00007ffafc10e000 	C:\Windows\system32\d3d11.dll
0x00007ffafda00000 - 0x00007ffafdac2000 	C:\Windows\system32\dxgi.dll
0x00007ffafd450000 - 0x00007ffafd65d000 	C:\Windows\system32\twinapi.appcore.dll
0x00007ffafd660000 - 0x00007ffafd688000 	C:\Windows\system32\RMCLIENT.dll

VM Arguments:
jvm_args: -Dfile.encoding=UTF-8 
java_command: si.Cargainiciodelsistema
java_class_path (initial): C:\Users\Alexis\Documents\NetBeansProjects\DATAMAXREPOSITORY\Proyecto-DATAMAX-version2.0\libraries\jcalendar-1.3.3.jar;C:\Users\Alexis\Documents\NetBeansProjects\DATAMAXREPOSITORY\Proyecto-DATAMAX-version2.0\libraries\swingx-all-1.6.4.jar;C:\Users\Alexis\Documents\NetBeansProjects\DATAMAXREPOSITORY\Proyecto-DATAMAX-version2.0\libraries\commons-collections-3.2.1.jar;C:\Users\Alexis\Documents\NetBeansProjects\DATAMAXREPOSITORY\Proyecto-DATAMAX-version2.0\libraries\AbsoluteLayout.jar;C:\Users\Alexis\Documents\NetBeansProjects\DATAMAXREPOSITORY\Proyecto-DATAMAX-version2.0\libraries\commons-digester-2.1.jar;C:\Users\Alexis\Documents\NetBeansProjects\DATAMAXREPOSITORY\Proyecto-DATAMAX-version2.0\libraries\commons-logging-1.3.jar;C:\Users\Alexis\Documents\NetBeansProjects\DATAMAXREPOSITORY\Proyecto-DATAMAX-version2.0\libraries\groovy-2.4.6.jar;C:\Users\Alexis\Documents\NetBeansProjects\DATAMAXREPOSITORY\Proyecto-DATAMAX-version2.0\libraries\mysql-connector-java-5.1.46-bin.jar;C:\Users\Alexis\Downloads\RSTableMetro.jar;C:\Users\Alexis\Documents\NetBeansProjects\DATAMAXREPOSITORY\Proyecto-DATAMAX-version2.0\build\classes
Launcher Type: SUN_STANDARD

Environment Variables:
PATH=C:\Program Files (x86)\Common Files\Oracle\Java\javapath;C:\app\Alexis\product\11.2.0\dbhome_1\bin;C:\Windows\system32;C:\Windows;C:\Windows\System32\Wbem;C:\Windows\System32\WindowsPowerShell\v1.0\;C:\Windows\System32\OpenSSH\;C:\Program Files\MySQL\MySQL Utilities 1.6\;C:\Users\Alexis\AppData\Local\Microsoft\WindowsApps;
USERNAME=Alexis
OS=Windows_NT
PROCESSOR_IDENTIFIER=AMD64 Family 21 Model 96 Stepping 1, AuthenticAMD



---------------  S Y S T E M  ---------------

OS: Windows 10.0 , 64 bit Build 17763 (10.0.17763.475)

CPU:total 4 (initial active 4) (4 cores per cpu, 1 threads per core) family 21 model 96 stepping 1, cmov, cx8, fxsr, mmx, sse, sse2, sse3, ssse3, sse4.1, sse4.2, popcnt, avx, avx2, aes, clmul, mmxext, 3dnowpref, lzcnt, sse4a, tsc, tscinvbit, tscinv, bmi1

Memory: 4k page, physical 12005560k(2200424k free), swap 49754296k(8k free)

vm_info: Java HotSpot(TM) 64-Bit Server VM (25.231-b11) for windows-amd64 JRE (1.8.0_231-b11), built on Oct  5 2019 03:11:30 by "java_re" with MS VC++ 10.0 (VS2010)

time: Fri Dec 06 05:34:00 2019
timezone: Hora estándar central (México)
elapsed time: 71 seconds (0d 0h 1m 11s)

