#
# There is insufficient memory for the Java Runtime Environment to continue.
# Native memory allocation (malloc) failed to allocate 32744 bytes for ChunkPool::allocate
# Possible reasons:
#   The system is out of physical RAM or swap space
#   The process is running with CompressedOops enabled, and the Java Heap may be blocking the growth of the native heap
# Possible solutions:
#   Reduce memory load on the system
#   Increase physical memory or swap space
#   Check if swap backing store is full
#   Decrease Java heap size (-Xmx/-Xms)
#   Decrease number of Java threads
#   Decrease Java thread stack sizes (-Xss)
#   Set larger code cache with -XX:ReservedCodeCacheSize=
#   JVM is running with Zero Based Compressed Oops mode in which the Java heap is
#     placed in the first 32GB address space. The Java Heap base address is the
#     maximum limit for the native heap growth. Please use -XX:HeapBaseMinAddress
#     to set the Java Heap base and to place the Java Heap above 32GB virtual address.
# This output file may be truncated or incomplete.
#
#  Out of Memory Error (allocation.cpp:272), pid=10380, tid=0x00000000000003ec
#
# JRE version: Java(TM) SE Runtime Environment (8.0_231-b11) (build 1.8.0_231-b11)
# Java VM: Java HotSpot(TM) 64-Bit Server VM (25.231-b11 mixed mode windows-amd64 compressed oops)
# Failed to write core dump. Minidumps are not enabled by default on client versions of Windows
#

---------------  T H R E A D  ---------------

Current thread (0x0000000019987000):  JavaThread "C2 CompilerThread0" daemon [_thread_in_native, id=1004, stack(0x000000001b010000,0x000000001b110000)]

Stack: [0x000000001b010000,0x000000001b110000]
[error occurred during error reporting (printing stack bounds), id 0xc0000005]

Native frames: (J=compiled Java code, j=interpreted, Vv=VM code, C=native code)


Current CompileTask:
C2:   6120  835       4       java.lang.StringBuilder::append (8 bytes)


---------------  P R O C E S S  ---------------

Java Threads: ( => current thread )
  0x000000001be54800 JavaThread "Thread-2" [_thread_blocked, id=8620, stack(0x0000000023990000,0x0000000023a90000)]
  0x000000001bdcd000 JavaThread "Image Fetcher 0" daemon [_thread_blocked, id=5080, stack(0x0000000023690000,0x0000000023790000)]
  0x000000001bdcc000 JavaThread "TimerQueue" daemon [_thread_blocked, id=7188, stack(0x0000000023590000,0x0000000023690000)]
  0x000000001bcb9000 JavaThread "D3D Screen Updater" daemon [_thread_blocked, id=11888, stack(0x0000000022480000,0x0000000022580000)]
  0x000000001bba3800 JavaThread "Abandoned connection cleanup thread" daemon [_thread_blocked, id=13056, stack(0x0000000021d80000,0x0000000021e80000)]
  0x000000000129e800 JavaThread "DestroyJavaVM" [_thread_blocked, id=9808, stack(0x0000000002aa0000,0x0000000002ba0000)]
  0x000000001bb69000 JavaThread "AWT-EventQueue-0" [_thread_in_native, id=10856, stack(0x000000001caf0000,0x000000001cbf0000)]
  0x000000001bb0a800 JavaThread "AWT-Windows" daemon [_thread_in_native, id=8524, stack(0x000000001c470000,0x000000001c570000)]
  0x000000001bb09800 JavaThread "AWT-Shutdown" [_thread_blocked, id=12980, stack(0x000000001c370000,0x000000001c470000)]
  0x000000001bb08800 JavaThread "Java2D Disposer" daemon [_thread_blocked, id=8268, stack(0x000000001c270000,0x000000001c370000)]
  0x000000001b34b000 JavaThread "Service Thread" daemon [_thread_blocked, id=12420, stack(0x000000001b710000,0x000000001b810000)]
  0x0000000019990000 JavaThread "C1 CompilerThread2" daemon [_thread_blocked, id=4564, stack(0x000000001b210000,0x000000001b310000)]
  0x000000001998b000 JavaThread "C2 CompilerThread1" daemon [_thread_blocked, id=4928, stack(0x000000001b110000,0x000000001b210000)]
=>0x0000000019987000 JavaThread "C2 CompilerThread0" daemon [_thread_in_native, id=1004, stack(0x000000001b010000,0x000000001b110000)]
  0x0000000019985800 JavaThread "Attach Listener" daemon [_thread_blocked, id=12028, stack(0x000000001af10000,0x000000001b010000)]
  0x0000000019984800 JavaThread "Signal Dispatcher" daemon [_thread_blocked, id=1048, stack(0x000000001ae10000,0x000000001af10000)]
  0x0000000002d1c800 JavaThread "Finalizer" daemon [_thread_blocked, id=5328, stack(0x000000001abf0000,0x000000001acf0000)]
  0x0000000002d14000 JavaThread "Reference Handler" daemon [_thread_blocked, id=12256, stack(0x000000001aaf0000,0x000000001abf0000)]

Other Threads:
  0x0000000019947800 VMThread [stack: 0x000000001a9f0000,0x000000001aaf0000] [id=9852]
  0x00000000199de800 WatcherThread [stack: 0x000000001b970000,0x000000001ba70000] [id=12436]

VM state:not at safepoint (normal execution)

VM Mutex/Monitor currently owned by a thread: None

heap address: 0x0000000708c00000, size: 2932 MB, Compressed Oops mode: Zero based, Oop shift amount: 3
Narrow klass base: 0x0000000000000000, Narrow klass shift: 3
Compressed class space size: 1073741824 Address: 0x00000007c0000000

Heap:
 PSYoungGen      total 54784K, used 7254K [0x0000000782f00000, 0x0000000786c00000, 0x00000007c0000000)
  eden space 47104K, 15% used [0x0000000782f00000,0x0000000783615ad0,0x0000000785d00000)
  from space 7680K, 0% used [0x0000000785d00000,0x0000000785d00000,0x0000000786480000)
  to   space 7680K, 0% used [0x0000000786480000,0x0000000786480000,0x0000000786c00000)
 ParOldGen       total 86016K, used 3050K [0x0000000708c00000, 0x000000070e000000, 0x0000000782f00000)
  object space 86016K, 3% used [0x0000000708c00000,0x0000000708efa860,0x000000070e000000)
 Metaspace       used 14863K, capacity 15126K, committed 15232K, reserved 1067008K
  class space    used 1827K, capacity 1907K, committed 1920K, reserved 1048576K

Card table byte_map: [0x00000000120e0000,0x00000000126a0000] byte_map_base: 0x000000000e89a000

Marking Bits: (ParMarkBitMap*) 0x0000000075f16d90
 Begin Bits: [0x0000000012e80000, 0x0000000015c50000)
 End Bits:   [0x0000000015c50000, 0x0000000018a20000)

Polling page: 0x00000000009f0000

CodeCache: size=245760Kb used=3261Kb max_used=3261Kb free=242498Kb
 bounds [0x0000000002d20000, 0x0000000003060000, 0x0000000011d20000]
 total_blobs=1414 nmethods=849 adapters=479
 compilation: enabled

Compilation events (10 events):
Event: 6.059 Thread 0x0000000019990000  833       3       java.io.File::getCanonicalPath (31 bytes)
Event: 6.060 Thread 0x0000000019990000 nmethod 833 0x0000000003040a90 code [0x0000000003040c40, 0x0000000003040fd8]
Event: 6.060 Thread 0x0000000019990000  837       3       java.io.WinNTFileSystem::canonicalizeWithPrefix (30 bytes)
Event: 6.061 Thread 0x0000000019990000 nmethod 837 0x0000000003041110 code [0x0000000003041340, 0x0000000003041fd8]
Event: 6.061 Thread 0x0000000019990000  838       3       java.util.LinkedHashMap$LinkedHashIterator::hasNext (13 bytes)
Event: 6.061 Thread 0x0000000019990000 nmethod 838 0x0000000003042750 code [0x00000000030428a0, 0x0000000003042a50]
Event: 6.061 Thread 0x0000000019990000  839       3       java.util.LinkedHashMap$LinkedKeyIterator::next (8 bytes)
Event: 6.062 Thread 0x0000000019990000 nmethod 839 0x0000000003042ad0 code [0x0000000003042c40, 0x0000000003042ee8]
Event: 6.065 Thread 0x000000001998b000 nmethod 834 0x0000000003045f90 code [0x0000000003046100, 0x0000000003046508]
Event: 6.065 Thread 0x000000001998b000  836       4       java.io.WinNTFileSystem::normalize (143 bytes)

GC Heap History (4 events):
Event: 1.328 GC heap before
{Heap before GC invocations=1 (full 0):
 PSYoungGen      total 54784K, used 12593K [0x0000000782f00000, 0x0000000786c00000, 0x00000007c0000000)
  eden space 47104K, 26% used [0x0000000782f00000,0x0000000783b4c728,0x0000000785d00000)
  from space 7680K, 0% used [0x0000000786480000,0x0000000786480000,0x0000000786c00000)
  to   space 7680K, 0% used [0x0000000785d00000,0x0000000785d00000,0x0000000786480000)
 ParOldGen       total 125952K, used 0K [0x0000000708c00000, 0x0000000710700000, 0x0000000782f00000)
  object space 125952K, 0% used [0x0000000708c00000,0x0000000708c00000,0x0000000710700000)
 Metaspace       used 12114K, capacity 12288K, committed 12416K, reserved 1067008K
  class space    used 1446K, capacity 1541K, committed 1664K, reserved 1048576K
Event: 1.338 GC heap after
Heap after GC invocations=1 (full 0):
 PSYoungGen      total 54784K, used 3175K [0x0000000782f00000, 0x0000000786c00000, 0x00000007c0000000)
  eden space 47104K, 0% used [0x0000000782f00000,0x0000000782f00000,0x0000000785d00000)
  from space 7680K, 41% used [0x0000000785d00000,0x0000000786019fe8,0x0000000786480000)
  to   space 7680K, 0% used [0x0000000786480000,0x0000000786480000,0x0000000786c00000)
 ParOldGen       total 125952K, used 16K [0x0000000708c00000, 0x0000000710700000, 0x0000000782f00000)
  object space 125952K, 0% used [0x0000000708c00000,0x0000000708c04000,0x0000000710700000)
 Metaspace       used 12114K, capacity 12288K, committed 12416K, reserved 1067008K
  class space    used 1446K, capacity 1541K, committed 1664K, reserved 1048576K
}
Event: 1.338 GC heap before
{Heap before GC invocations=2 (full 1):
 PSYoungGen      total 54784K, used 3175K [0x0000000782f00000, 0x0000000786c00000, 0x00000007c0000000)
  eden space 47104K, 0% used [0x0000000782f00000,0x0000000782f00000,0x0000000785d00000)
  from space 7680K, 41% used [0x0000000785d00000,0x0000000786019fe8,0x0000000786480000)
  to   space 7680K, 0% used [0x0000000786480000,0x0000000786480000,0x0000000786c00000)
 ParOldGen       total 125952K, used 16K [0x0000000708c00000, 0x0000000710700000, 0x0000000782f00000)
  object space 125952K, 0% used [0x0000000708c00000,0x0000000708c04000,0x0000000710700000)
 Metaspace       used 12114K, capacity 12288K, committed 12416K, reserved 1067008K
  class space    used 1446K, capacity 1541K, committed 1664K, reserved 1048576K
Event: 1.370 GC heap after
Heap after GC invocations=2 (full 1):
 PSYoungGen      total 54784K, used 0K [0x0000000782f00000, 0x0000000786c00000, 0x00000007c0000000)
  eden space 47104K, 0% used [0x0000000782f00000,0x0000000782f00000,0x0000000785d00000)
  from space 7680K, 0% used [0x0000000785d00000,0x0000000785d00000,0x0000000786480000)
  to   space 7680K, 0% used [0x0000000786480000,0x0000000786480000,0x0000000786c00000)
 ParOldGen       total 86016K, used 3050K [0x0000000708c00000, 0x000000070e000000, 0x0000000782f00000)
  object space 86016K, 3% used [0x0000000708c00000,0x0000000708efa860,0x000000070e000000)
 Metaspace       used 12114K, capacity 12288K, committed 12416K, reserved 1064960K
  class space    used 1446K, capacity 1541K, committed 1664K, reserved 1048576K
}

Deoptimization events (10 events):
Event: 1.006 Thread 0x000000001bb69000 Uncommon trap: reason=unstable_if action=reinterpret pc=0x0000000002f14954 method=java.util.Properties$LineReader.readLine()I @ 252
Event: 1.006 Thread 0x000000001bb69000 Uncommon trap: reason=unstable_if action=reinterpret pc=0x0000000002f11c34 method=java.util.Properties.loadConvert([CII[C)Ljava/lang/String; @ 4
Event: 1.023 Thread 0x000000001bb69000 Uncommon trap: reason=unstable_if action=reinterpret pc=0x0000000002f51150 method=java.util.Properties$LineReader.readLine()I @ 377
Event: 1.315 Thread 0x000000001bb69000 Uncommon trap: reason=unstable_if action=reinterpret pc=0x0000000002f64328 method=java.util.HashMap.getNode(ILjava/lang/Object;)Ljava/util/HashMap$Node; @ 84
Event: 1.442 Thread 0x000000001bb69000 Uncommon trap: reason=bimorphic action=maybe_recompile pc=0x0000000002f19af0 method=java.util.HashMap.putVal(ILjava/lang/Object;Ljava/lang/Object;ZZ)Ljava/lang/Object; @ 152
Event: 1.614 Thread 0x000000001bb69000 Uncommon trap: reason=unstable_if action=reinterpret pc=0x0000000002f19a90 method=java.util.HashMap.putVal(ILjava/lang/Object;Ljava/lang/Object;ZZ)Ljava/lang/Object; @ 109
Event: 4.735 Thread 0x000000001bb69000 Uncommon trap: reason=class_check action=maybe_recompile pc=0x0000000002e988b4 method=java.lang.String.equals(Ljava/lang/Object;)Z @ 8
Event: 4.735 Thread 0x000000001bb69000 Uncommon trap: reason=class_check action=maybe_recompile pc=0x0000000002e988b4 method=java.lang.String.equals(Ljava/lang/Object;)Z @ 8
Event: 4.735 Thread 0x000000001bb69000 Uncommon trap: reason=class_check action=maybe_recompile pc=0x0000000002e988b4 method=java.lang.String.equals(Ljava/lang/Object;)Z @ 8
Event: 6.020 Thread 0x000000001bb69000 Uncommon trap: reason=class_check action=maybe_recompile pc=0x0000000002e988b4 method=java.lang.String.equals(Ljava/lang/Object;)Z @ 8

Classes redefined (0 events):
No events

Internal exceptions (10 events):
Event: 0.540 Thread 0x000000000129e800 Exception <a 'java/lang/ClassNotFoundException': javax/swing/JToolBarSeparator> (0x00000007833f6bb8) thrown at [C:\re\workspace\8-2-build-windows-amd64-cygwin\jdk8u231\13620\hotspot\src\share\vm\classfile\systemDictionary.cpp, line 210]
Event: 0.540 Thread 0x000000000129e800 Exception <a 'java/lang/ClassNotFoundException': ToolBarSeparator> (0x00000007833f7050) thrown at [C:\re\workspace\8-2-build-windows-amd64-cygwin\jdk8u231\13620\hotspot\src\share\vm\classfile\systemDictionary.cpp, line 210]
Event: 0.540 Thread 0x000000000129e800 Exception <a 'java/lang/ClassNotFoundException': ToolTip> (0x00000007833f7790) thrown at [C:\re\workspace\8-2-build-windows-amd64-cygwin\jdk8u231\13620\hotspot\src\share\vm\classfile\systemDictionary.cpp, line 210]
Event: 0.542 Thread 0x000000000129e800 Exception <a 'java/lang/ClassNotFoundException': Tree> (0x00000007833f83b0) thrown at [C:\re\workspace\8-2-build-windows-amd64-cygwin\jdk8u231\13620\hotspot\src\share\vm\classfile\systemDictionary.cpp, line 210]
Event: 0.542 Thread 0x000000000129e800 Exception <a 'java/lang/ClassNotFoundException': Tree> (0x00000007833f8af0) thrown at [C:\re\workspace\8-2-build-windows-amd64-cygwin\jdk8u231\13620\hotspot\src\share\vm\classfile\systemDictionary.cpp, line 210]
Event: 0.542 Thread 0x000000000129e800 Exception <a 'java/lang/ClassNotFoundException': javax/swing/JTreeCell> (0x00000007833f8e70) thrown at [C:\re\workspace\8-2-build-windows-amd64-cygwin\jdk8u231\13620\hotspot\src\share\vm\classfile\systemDictionary.cpp, line 210]
Event: 0.542 Thread 0x000000000129e800 Exception <a 'java/lang/ClassNotFoundException': TreeCell> (0x00000007833f92f8) thrown at [C:\re\workspace\8-2-build-windows-amd64-cygwin\jdk8u231\13620\hotspot\src\share\vm\classfile\systemDictionary.cpp, line 210]
Event: 0.543 Thread 0x000000000129e800 Exception <a 'java/lang/ClassNotFoundException': RootPane> (0x00000007833f9d58) thrown at [C:\re\workspace\8-2-build-windows-amd64-cygwin\jdk8u231\13620\hotspot\src\share\vm\classfile\systemDictionary.cpp, line 210]
Event: 1.290 Thread 0x000000001bb69000 Exception <a 'java/lang/NullPointerException'> (0x0000000783b1aa28) thrown at [C:\re\workspace\8-2-build-windows-amd64-cygwin\jdk8u231\13620\hotspot\src\share\vm\interpreter\linkResolver.cpp, line 1185]
Event: 1.292 Thread 0x000000001bb69000 Exception <a 'java/lang/reflect/InvocationTargetException'> (0x0000000783b1f188) thrown at [C:\re\workspace\8-2-build-windows-amd64-cygwin\jdk8u231\13620\hotspot\src\share\vm\runtime\reflection.cpp, line 1092]

Events (10 events):
Event: 5.106 loading class java/util/concurrent/ConcurrentHashMap$KeyIterator done
Event: 5.833 loading class java/io/RandomAccessFile$1
Event: 5.833 loading class java/io/RandomAccessFile$1 done
Event: 6.019 loading class sun/font/SunFontManager$10
Event: 6.019 loading class sun/font/SunFontManager$10 done
Event: 6.020 Thread 0x000000001bb69000 Uncommon trap: trap_request=0xffffffde fr.pc=0x0000000002e988b4
Event: 6.020 Thread 0x000000001bb69000 DEOPT PACKING pc=0x0000000002e988b4 sp=0x000000001cbeba30
Event: 6.020 Thread 0x000000001bb69000 DEOPT UNPACKING pc=0x0000000002d6583b sp=0x000000001cbeb9c0 mode 2
Event: 6.030 loading class sun/font/SunFontManager$11
Event: 6.030 loading class sun/font/SunFontManager$11 done


Dynamic libraries:
0x00007ff734240000 - 0x00007ff734277000 	C:\Program Files\Java\jdk1.8.0_231\jre\bin\java.exe
0x00007ffbf6820000 - 0x00007ffbf6a0d000 	C:\Windows\SYSTEM32\ntdll.dll
0x00007ffbf4e30000 - 0x00007ffbf4ee3000 	C:\Windows\System32\KERNEL32.DLL
0x00007ffbf3270000 - 0x00007ffbf3503000 	C:\Windows\System32\KERNELBASE.dll
0x00007ffbf4310000 - 0x00007ffbf43b3000 	C:\Windows\System32\ADVAPI32.dll
0x00007ffbf4080000 - 0x00007ffbf411e000 	C:\Windows\System32\msvcrt.dll
0x00007ffbf65e0000 - 0x00007ffbf667e000 	C:\Windows\System32\sechost.dll
0x00007ffbf4120000 - 0x00007ffbf4242000 	C:\Windows\System32\RPCRT4.dll
0x00007ffbf4a70000 - 0x00007ffbf4c07000 	C:\Windows\System32\USER32.dll
0x00007ffbf3920000 - 0x00007ffbf3940000 	C:\Windows\System32\win32u.dll
0x00007ffbf65b0000 - 0x00007ffbf65d9000 	C:\Windows\System32\GDI32.dll
0x00007ffbf35e0000 - 0x00007ffbf3779000 	C:\Windows\System32\gdi32full.dll
0x00007ffbf3880000 - 0x00007ffbf3920000 	C:\Windows\System32\msvcp_win.dll
0x00007ffbf3780000 - 0x00007ffbf387a000 	C:\Windows\System32\ucrtbase.dll
0x00007ffbe8c10000 - 0x00007ffbe8e89000 	C:\Windows\WinSxS\amd64_microsoft.windows.common-controls_6595b64144ccf1df_6.0.17763.864_none_05b3441807210760\COMCTL32.dll
0x00007ffbf4520000 - 0x00007ffbf484c000 	C:\Windows\System32\combase.dll
0x00007ffbf3940000 - 0x00007ffbf39be000 	C:\Windows\System32\bcryptPrimitives.dll
0x00007ffbf3a40000 - 0x00007ffbf3a6e000 	C:\Windows\System32\IMM32.DLL
0x0000000075610000 - 0x00000000756e2000 	C:\Program Files\Java\jdk1.8.0_231\jre\bin\msvcr100.dll
0x00000000756f0000 - 0x0000000075f96000 	C:\Program Files\Java\jdk1.8.0_231\jre\bin\server\jvm.dll
0x00007ffbf4c10000 - 0x00007ffbf4c18000 	C:\Windows\System32\PSAPI.DLL
0x00007ffbf0980000 - 0x00007ffbf09a4000 	C:\Windows\SYSTEM32\WINMM.dll
0x00007ffbed310000 - 0x00007ffbed31a000 	C:\Windows\SYSTEM32\VERSION.dll
0x00007ffbeb1c0000 - 0x00007ffbeb1c9000 	C:\Windows\SYSTEM32\WSOCK32.dll
0x00000000011f0000 - 0x000000000125d000 	C:\Windows\System32\ws2_32.DLL
0x00007ffbf0950000 - 0x00007ffbf097d000 	C:\Windows\SYSTEM32\WINMMBASE.dll
0x00007ffbf39c0000 - 0x00007ffbf3a0a000 	C:\Windows\System32\cfgmgr32.dll
0x00007ffbeb170000 - 0x00007ffbeb17f000 	C:\Program Files\Java\jdk1.8.0_231\jre\bin\verify.dll
0x00007ffbeb140000 - 0x00007ffbeb169000 	C:\Program Files\Java\jdk1.8.0_231\jre\bin\java.dll
0x00007ffbeb120000 - 0x00007ffbeb136000 	C:\Program Files\Java\jdk1.8.0_231\jre\bin\zip.dll
0x00007ffbf4ef0000 - 0x00007ffbf63e4000 	C:\Windows\System32\SHELL32.dll
0x00007ffbf4260000 - 0x00007ffbf4308000 	C:\Windows\System32\shcore.dll
0x00007ffbf2940000 - 0x00007ffbf308d000 	C:\Windows\System32\windows.storage.dll
0x00007ffbf28b0000 - 0x00007ffbf28d4000 	C:\Windows\System32\profapi.dll
0x00007ffbf2810000 - 0x00007ffbf286d000 	C:\Windows\System32\powrprof.dll
0x00007ffbf6550000 - 0x00007ffbf65a2000 	C:\Windows\System32\shlwapi.dll
0x00007ffbf2870000 - 0x00007ffbf2881000 	C:\Windows\System32\kernel.appcore.dll
0x00007ffbf3510000 - 0x00007ffbf3527000 	C:\Windows\System32\cryptsp.dll
0x00007ffbd8900000 - 0x00007ffbd8a9a000 	C:\Program Files\Java\jdk1.8.0_231\jre\bin\awt.dll
0x00007ffbf63f0000 - 0x00007ffbf64b4000 	C:\Windows\System32\OLEAUT32.dll
0x00007ffbf0a80000 - 0x00007ffbf0b0c000 	C:\Windows\SYSTEM32\apphelp.dll
0x00007ffbf0c30000 - 0x00007ffbf0ccc000 	C:\Windows\system32\uxtheme.dll
0x00007ffbf6680000 - 0x00007ffbf67ec000 	C:\Windows\System32\MSCTF.dll
0x00007ffbf0eb0000 - 0x00007ffbf0ede000 	C:\Windows\system32\dwmapi.dll
0x00007ffbf3090000 - 0x00007ffbf326b000 	C:\Windows\System32\CRYPT32.dll
0x00007ffbf2890000 - 0x00007ffbf28a2000 	C:\Windows\System32\MSASN1.dll
0x00007ffbf43c0000 - 0x00007ffbf4515000 	C:\Windows\System32\ole32.dll
0x00007ffbe9430000 - 0x00007ffbe9479000 	C:\Program Files\Java\jdk1.8.0_231\jre\bin\fontmanager.dll
0x00007ffbd0420000 - 0x00007ffbd0547000 	C:\Windows\system32\opengl32.dll
0x00007ffbe9640000 - 0x00007ffbe966c000 	C:\Windows\SYSTEM32\GLU32.dll
0x00007ffbbb370000 - 0x00007ffbbb50e000 	C:\Windows\system32\d3d9.dll
0x00007ffbed320000 - 0x00007ffbed484000 	C:\Windows\SYSTEM32\aticfx64.dll
0x00007ffbd4370000 - 0x00007ffbd4391000 	C:\Windows\SYSTEM32\atiu9p64.dll
0x00007ffbbab10000 - 0x00007ffbbb369000 	C:\Windows\SYSTEM32\atiumd64.dll
0x0000000076100000 - 0x0000000076988000 	C:\Windows\SYSTEM32\atiumd6a.dll
0x00007ffbeb100000 - 0x00007ffbeb11a000 	C:\Program Files\Java\jdk1.8.0_231\jre\bin\net.dll
0x00007ffbf2020000 - 0x00007ffbf2087000 	C:\Windows\system32\mswsock.dll
0x00007ffbf1d80000 - 0x00007ffbf1e46000 	C:\Windows\SYSTEM32\DNSAPI.dll
0x00007ffbf4a60000 - 0x00007ffbf4a68000 	C:\Windows\System32\NSI.dll
0x00007ffbf1d40000 - 0x00007ffbf1d7d000 	C:\Windows\SYSTEM32\IPHLPAPI.DLL
0x00007ffbe5e80000 - 0x00007ffbe5e8a000 	C:\Windows\System32\rasadhlp.dll
0x00007ffbe7030000 - 0x00007ffbe70a9000 	C:\Windows\System32\fwpuclnt.dll
0x00007ffbf3a10000 - 0x00007ffbf3a36000 	C:\Windows\System32\bcrypt.dll
0x00007ffbeb0e0000 - 0x00007ffbeb0f2000 	C:\Program Files\Java\jdk1.8.0_231\jre\bin\nio.dll
0x00007ffbdd6c0000 - 0x00007ffbdd702000 	C:\Program Files\Java\jdk1.8.0_231\jre\bin\t2k.dll
0x00007ffbe8fc0000 - 0x00007ffbe9055000 	C:\Windows\System32\TextInputFramework.dll
0x00007ffbeda90000 - 0x00007ffbeddb2000 	C:\Windows\System32\CoreUIComponents.dll
0x00007ffbf0290000 - 0x00007ffbf0372000 	C:\Windows\System32\CoreMessaging.dll
0x00007ffbf1880000 - 0x00007ffbf18b1000 	C:\Windows\SYSTEM32\ntmarta.dll
0x00007ffbee6f0000 - 0x00007ffbee843000 	C:\Windows\SYSTEM32\wintypes.dll
0x00007ffbdd690000 - 0x00007ffbdd6ba000 	C:\Program Files\Java\jdk1.8.0_231\jre\bin\dcpr.dll
0x00007ffbdbc40000 - 0x00007ffbdbc71000 	C:\Program Files\Java\jdk1.8.0_231\jre\bin\jpeg.dll

VM Arguments:
jvm_args: -Dfile.encoding=UTF-8 
java_command: si.Cargainiciodelsistema
java_class_path (initial): C:\Program Files\NetBeans 8.2\java\modules\ext\AbsoluteLayout.jar;C:\Users\Alexis\Documents\NetBeansProjects\DATAMAXREPOSITORY\Proyecto-DATAMAX-version2.0\libraries\AutoCompleter.jar;C:\Users\Alexis\Documents\NetBeansProjects\DATAMAXREPOSITORY\Proyecto-DATAMAX-version2.0\libraries\jcalendar-1.3.3.jar;C:\Users\Alexis\Documents\NetBeansProjects\DATAMAXREPOSITORY\Proyecto-DATAMAX-version2.0\libraries\swingx-all-1.6.4.jar;C:\Users\Alexis\Documents\NetBeansProjects\DATAMAXREPOSITORY\Proyecto-DATAMAX-version2.0\libraries\commons-collections-3.2.1.jar;C:\Users\Alexis\Documents\NetBeansProjects\DATAMAXREPOSITORY\Proyecto-DATAMAX-version2.0\libraries\AbsoluteLayout.jar;C:\Users\Alexis\Documents\NetBeansProjects\DATAMAXREPOSITORY\Proyecto-DATAMAX-version2.0\libraries\commons-digester-2.1.jar;C:\Users\Alexis\Documents\NetBeansProjects\DATAMAXREPOSITORY\Proyecto-DATAMAX-version2.0\libraries\commons-logging-1.3.jar;C:\Users\Alexis\Documents\NetBeansProjects\DATAMAXREPOSITORY\Proyecto-DATAMAX-version2.0\libraries\groovy-2.4.6.jar;C:\Users\Alexis\Documents\NetBeansProjects\DATAMAXREPOSITORY\Proyecto-DATAMAX-version2.0\libraries\itextpdf-5.5.4.jar;C:\Users\Alexis\Documents\NetBeansProjects\DATAMAXREPOSITORY\Proyecto-DATAMAX-version2.0\libraries\itext-pdfa-5.5.4.jar;C:\Users\Alexis\Documents\NetBeansProjects\DATAMAXREPOSITORY\Proyecto-DATAMAX-version2.0\libraries\jasperreports-6.0.0.jar;C:\Program Files\NetBeans 8.2\ide\modules\ext\mysql-connector-java-5.1.23-bin.jar;C:\Users\Alexis\Documents\NetBeansProjects\DATAMAXREPOSITORY\Proyecto-DATAMAX-version2.0\libraries\mysql-connector-java-5.1.46-bin.jar;C:\Users\Alexis\Downloads\RSTableMetro.jar;C:\Users\Alexis\Documents\NetBeansProjects\DATAMAXREPOSITORY\Proyecto-DATAMAX-version2.0\build\classes
Launcher Type: SUN_STANDARD

Environment Variables:
PATH=C:\Program Files (x86)\Common Files\Oracle\Java\javapath;C:\app\Alexis\product\11.2.0\dbhome_1\bin;C:\Windows\system32;C:\Windows;C:\Windows\System32\Wbem;C:\Windows\System32\WindowsPowerShell\v1.0\;C:\Windows\System32\OpenSSH\;C:\Program Files\MySQL\MySQL Utilities 1.6\;C:\Users\Alexis\AppData\Local\Microsoft\WindowsApps;
USERNAME=Alexis
OS=Windows_NT
PROCESSOR_IDENTIFIER=AMD64 Family 21 Model 96 Stepping 1, AuthenticAMD



---------------  S Y S T E M  ---------------

OS: Windows 10.0 , 64 bit Build 17763 (10.0.17763.475)

CPU:total 4 (initial active 4) (4 cores per cpu, 1 threads per core) family 21 model 96 stepping 1, cmov, cx8, fxsr, mmx, sse, sse2, sse3, ssse3, sse4.1, sse4.2, popcnt, avx, avx2, aes, clmul, mmxext, 3dnowpref, lzcnt, sse4a, tsc, tscinvbit, tscinv, bmi1

Memory: 4k page, physical 12005560k(2178972k free), swap 49754296k(3192k free)

vm_info: Java HotSpot(TM) 64-Bit Server VM (25.231-b11) for windows-amd64 JRE (1.8.0_231-b11), built on Oct  5 2019 03:11:30 by "java_re" with MS VC++ 10.0 (VS2010)

time: Sun Dec 01 15:26:20 2019
timezone: Hora estándar central (México)
elapsed time: 6 seconds (0d 0h 0m 6s)

