JvmtiExport can_access_local_variables 0
JvmtiExport can_hotswap_or_post_breakpoint 0
JvmtiExport can_post_on_exceptions 0
# 301 ciObject found
ciMethod java/lang/Object <init> ()V 4097 1 2152448 0 0
ciMethod java/lang/Object hashCode ()I 2049 1 256 0 -1
ciMethod java/lang/Object equals (Ljava/lang/Object;)Z 2073 1 5973 0 -1
ciMethod java/lang/Object toString ()Ljava/lang/String; 0 0 2 0 -1
ciMethod java/lang/Object notifyAll ()V 2049 1 256 0 -1
ciMethod java/lang/Object wait ()V 457 1 176 0 -1
ciMethod java/lang/String <init> ([CII)V 2961 1 5825 0 672
ciMethod java/lang/String length ()I 4097 1 50748 0 -1
ciMethod java/lang/String equals (Ljava/lang/Object;)Z 1873 16393 3054 0 -1
ciMethod java/lang/String endsWith (Ljava/lang/String;)Z 2057 1 18114 0 -1
ciMethod java/lang/String hashCode ()I 2801 32769 1186 0 320
ciMethod java/lang/String indexOf (I)I 2057 1 9000 0 -1
ciMethod java/lang/String indexOf (Ljava/lang/String;)I 2289 1 9011 0 -1
ciMethod java/lang/String substring (I)Ljava/lang/String; 3081 1 5507 0 864
ciMethod java/lang/String substring (II)Ljava/lang/String; 4097 1 6781 0 -1
ciMethod java/lang/String split (Ljava/lang/String;)[Ljava/lang/String; 105 1 147 0 -1
ciMethod java/lang/String trim ()Ljava/lang/String; 3097 1 610 0 -1
ciMethod java/lang/String toString ()Ljava/lang/String; 2065 1 8934 0 0
ciMethod java/lang/ClassLoader getSystemClassLoader ()Ljava/lang/ClassLoader; 433 1 56 0 -1
ciMethod java/lang/System arraycopy (Ljava/lang/Object;ILjava/lang/Object;II)V 6145 1 768 0 -1
ciMethod java/lang/ref/Reference get ()Ljava/lang/Object; 1025 1 128 0 -1
ciMethod java/util/Map containsKey (Ljava/lang/Object;)Z 0 0 1 0 -1
ciMethod java/util/Map get (Ljava/lang/Object;)Ljava/lang/Object; 0 0 1 0 -1
ciMethod java/util/Map put (Ljava/lang/Object;Ljava/lang/Object;)Ljava/lang/Object; 0 0 1 0 -1
ciMethod java/util/Map keySet ()Ljava/util/Set; 0 0 1 0 -1
ciMethod java/util/Hashtable get (Ljava/lang/Object;)Ljava/lang/Object; 2057 849 5609 0 1440
ciMethod java/util/Hashtable addEntry (ILjava/lang/Object;Ljava/lang/Object;I)V 4097 1 5196 0 -1
ciMethod java/util/Hashtable put (Ljava/lang/Object;Ljava/lang/Object;)Ljava/lang/Object; 3273 849 5570 0 3136
ciMethod java/util/Hashtable remove (Ljava/lang/Object;)Ljava/lang/Object; 369 169 4387 0 0
ciMethod java/lang/StringBuilder <init> ()V 1041 1 1426292 0 -1
ciMethod java/lang/StringBuilder append (Ljava/lang/String;)Ljava/lang/StringBuilder; 2081 1 3168024 0 -1
ciMethod java/lang/StringBuilder toString ()Ljava/lang/String; 1113 1 1427558 0 -1
ciMethod java/lang/Boolean booleanValue ()Z 1033 1 129 0 -1
ciMethod java/lang/Integer valueOf (I)Ljava/lang/Integer; 3049 1 4831 0 -1
ciMethod java/lang/Integer intValue ()I 1193 1 149 0 -1
ciMethod java/util/List size ()I 0 0 1 0 -1
ciMethod java/util/List iterator ()Ljava/util/Iterator; 0 0 1 0 -1
ciMethod java/util/List toArray ([Ljava/lang/Object;)[Ljava/lang/Object; 0 0 1 0 -1
ciMethod java/util/List add (Ljava/lang/Object;)Z 0 0 1 0 -1
ciMethod java/util/Vector size ()I 1025 1 128 0 -1
ciMethod java/util/Vector isEmpty ()Z 889 1 1650 0 0
ciMethod java/util/Vector get (I)Ljava/lang/Object; 33 1 4 0 -1
ciMethod java/util/ArrayList <init> ()V 1649 1 1769 0 -1
ciMethod java/util/Collections sort (Ljava/util/List;Ljava/util/Comparator;)V 33 1 33 0 -1
ciMethod java/util/Set iterator ()Ljava/util/Iterator; 0 0 1 0 -1
ciMethod java/util/HashMap hash (Ljava/lang/Object;)I 2225 1 29948 0 160
ciMethod java/util/HashMap comparableClassFor (Ljava/lang/Object;)Ljava/lang/Class; 2137 1 648 0 -1
ciMethod java/util/HashMap compareComparables (Ljava/lang/Class;Ljava/lang/Object;Ljava/lang/Object;)I 0 0 1 0 -1
ciMethod java/util/HashMap <init> ()V 1945 1 1846 0 -1
ciMethod java/util/HashMap get (Ljava/lang/Object;)Ljava/lang/Object; 2121 1 11940 0 640
ciMethod java/util/HashMap getNode (ILjava/lang/Object;)Ljava/util/HashMap$Node; 2049 25 11122 0 512
ciMethod java/lang/Math min (II)I 4097 1 57304 0 -1
ciMethod java/util/Enumeration hasMoreElements ()Z 0 0 1 0 -1
ciMethod java/util/Enumeration nextElement ()Ljava/lang/Object; 0 0 1 0 -1
ciMethod java/util/Iterator hasNext ()Z 0 0 1 0 -1
ciMethod java/util/Iterator next ()Ljava/lang/Object; 0 0 1 0 -1
ciMethod java/util/Arrays copyOfRange ([CII)[C 3081 1 5755 0 448
ciMethodData java/lang/Object <init> ()V 2 2152448 orig 264 104 163 96 89 0 0 0 0 128 4 81 25 0 0 0 0 32 1 0 0 0 0 0 0 0 0 0 0 0 0 0 0 0 0 0 0 0 0 0 0 0 0 0 0 0 0 0 0 0 0 0 0 0 0 0 0 0 0 0 0 0 0 0 0 0 0 0 0 0 0 0 0 0 0 0 0 0 0 0 0 77 68 79 32 101 120 116 114 97 32 100 97 116 97 32 108 111 99 107 0 0 0 0 0 0 0 0 0 0 0 0 0 0 0 0 0 0 0 0 0 0 0 0 0 0 0 0 0 0 0 0 0 0 0 0 0 0 0 0 0 0 0 0 0 0 0 0 0 0 0 0 0 0 0 0 0 0 0 0 0 0 0 0 0 0 0 0 0 0 0 0 0 0 0 0 0 0 0 0 0 0 0 0 0 1 0 0 0 0 0 0 0 1 0 0 0 0 0 0 0 1 0 0 0 0 0 0 0 0 0 0 0 0 0 0 0 0 2 0 0 1 176 6 1 1 0 0 0 0 0 0 0 0 0 0 0 2 0 0 0 0 0 3 0 1 0 0 0 0 0 0 0 255 255 255 255 0 0 0 0 0 0 0 0 data 0 oops 0
ciMethod java/util/Locale hashCode ()I 2049 1 51303 0 128
ciMethod java/util/Locale equals (Ljava/lang/Object;)Z 2065 1 882 0 0
ciMethod sun/util/locale/BaseLocale equals (Ljava/lang/Object;)Z 1929 1 617 0 0
ciMethod sun/util/locale/BaseLocale hashCode ()I 521 1 107 0 0
ciMethod java/util/HashMap$TreeNode root ()Ljava/util/HashMap$TreeNode; 0 0 1 0 0
ciMethod java/util/HashMap$TreeNode find (ILjava/lang/Object;Ljava/lang/Class;)Ljava/util/HashMap$TreeNode; 201 161 1106 0 0
ciMethod java/util/HashMap$TreeNode getTreeNode (ILjava/lang/Object;)Ljava/util/HashMap$TreeNode; 33 1 517 0 0
ciMethodData java/lang/String hashCode ()I 2 21075 orig 264 104 163 96 89 0 0 0 0 184 79 81 25 0 0 0 0 152 1 0 0 32 0 0 0 0 0 0 0 0 0 0 0 0 0 0 0 0 0 0 0 0 0 0 0 0 0 0 0 0 0 0 0 0 0 0 0 0 0 0 0 0 0 0 0 0 0 0 0 0 0 0 0 0 0 0 0 0 0 0 0 77 68 79 32 101 120 116 114 97 32 100 97 116 97 32 108 111 99 107 0 0 0 0 0 0 0 0 0 0 0 0 0 0 0 0 0 0 0 0 0 0 0 0 0 0 0 0 0 0 0 0 0 0 0 0 0 0 0 0 0 0 0 0 0 0 0 0 0 0 0 0 0 0 0 0 0 0 0 0 0 0 0 0 0 0 0 0 0 0 0 0 0 0 0 0 0 0 0 0 0 0 0 0 0 0 0 0 0 0 0 0 0 0 0 0 0 0 0 0 0 0 0 0 0 0 0 0 0 0 0 0 0 0 0 0 0 0 16 0 0 33 26 0 0 153 18 2 0 0 0 0 0 0 0 0 0 2 0 0 0 1 0 11 0 2 0 0 0 120 0 0 0 255 255 255 255 7 0 6 0 0 0 0 0 data 15 0x60007 0x1b1 0x78 0x193 0xe0007 0x9 0x58 0x18a 0x1e0007 0x18a 0x38 0x4233 0x2d0003 0x4233 0xffffffffffffffe0 oops 0
ciMethodData java/util/Arrays copyOfRange ([CII)[C 2 5755 orig 264 104 163 96 89 0 0 0 0 48 33 99 25 0 0 0 0 120 2 0 0 240 0 0 0 0 0 0 0 0 0 0 0 0 0 0 0 0 0 0 0 0 0 0 0 0 0 0 0 0 0 0 0 0 0 0 0 0 0 0 0 0 0 0 0 0 0 0 0 0 0 0 0 0 0 0 0 0 0 0 0 77 68 79 32 101 120 116 114 97 32 100 97 116 97 32 108 111 99 107 0 0 0 0 0 0 0 0 0 0 0 0 0 0 0 0 0 0 0 0 0 0 0 0 0 0 0 0 0 0 0 0 0 0 0 0 0 0 0 0 0 0 0 0 0 0 0 0 0 0 0 0 0 0 0 0 0 0 0 0 0 0 0 0 0 0 0 0 0 0 0 0 0 0 0 0 0 0 0 0 0 0 0 0 0 0 0 0 0 0 0 0 0 0 0 0 0 0 0 0 0 0 0 0 0 0 0 0 0 0 0 0 0 0 0 0 0 129 1 0 0 209 167 0 0 1 0 0 0 0 0 0 0 0 0 0 0 2 0 0 0 0 0 9 0 2 0 0 0 32 1 0 0 255 255 255 255 7 0 5 0 0 0 0 0 data 36 0x50007 0x14fa 0x100 0x0 0x100002 0x0 0x140005 0x0 0x0 0x0 0x0 0x0 0x190005 0x0 0x0 0x0 0x0 0x0 0x1d0005 0x0 0x0 0x0 0x0 0x0 0x200005 0x0 0x0 0x0 0x0 0x0 0x230002 0x0 0x360002 0x14fa 0x390002 0x14fa oops 0
ciMethodData java/lang/String <init> ([CII)V 2 5825 orig 264 104 163 96 89 0 0 0 0 88 49 81 25 0 0 0 0 80 2 0 0 208 0 0 0 0 0 0 0 0 0 0 0 0 0 0 0 0 0 0 0 0 0 0 0 0 0 0 0 0 0 0 0 0 0 0 0 0 0 0 0 0 0 0 0 0 0 0 0 0 0 0 0 0 0 0 0 0 0 0 0 77 68 79 32 101 120 116 114 97 32 100 97 116 97 32 108 111 99 107 0 0 0 0 0 0 0 0 0 0 0 0 0 0 0 0 0 0 0 0 0 0 0 0 0 0 0 0 0 0 0 0 0 0 0 0 0 0 0 0 0 0 0 0 0 0 0 0 0 0 0 0 0 0 0 0 0 0 0 0 0 0 0 0 0 0 0 0 0 0 0 0 0 0 0 0 0 0 0 0 0 0 0 0 0 0 0 0 0 0 0 0 0 0 0 0 0 0 0 0 0 0 0 0 0 0 0 0 0 0 0 0 0 0 0 0 0 114 1 0 0 121 170 0 0 1 0 0 0 0 0 0 0 0 0 0 0 2 0 0 0 0 0 14 0 2 0 0 0 240 0 0 0 255 255 255 255 2 0 1 0 0 0 0 0 data 30 0x10002 0x154f 0x50007 0x154f 0x30 0x0 0xd0002 0x0 0x120007 0x154d 0x70 0x2 0x160007 0x2 0x30 0x0 0x1e0002 0x0 0x250007 0x0 0x20 0x2 0x370007 0x154d 0x30 0x0 0x410002 0x0 0x4b0002 0x154d oops 0
ciMethodData java/util/HashMap hash (Ljava/lang/Object;)I 2 29948 orig 264 104 163 96 89 0 0 0 0 192 139 95 25 0 0 0 0 176 1 0 0 32 0 0 0 0 0 0 0 0 0 0 0 0 0 0 0 0 0 0 0 0 0 0 0 0 0 0 0 0 0 0 0 0 0 0 0 0 0 0 0 0 0 0 0 0 0 0 0 0 0 0 0 0 0 0 0 0 0 0 0 77 68 79 32 101 120 116 114 97 32 100 97 116 97 32 108 111 99 107 0 0 0 0 0 0 0 0 0 0 0 0 0 0 0 0 0 0 0 0 0 0 0 0 0 0 0 0 0 0 0 0 0 0 0 0 0 0 0 0 0 0 0 0 0 0 0 0 0 0 0 0 0 0 0 0 0 0 0 0 0 0 0 0 0 0 0 0 0 0 0 0 0 0 0 0 0 0 0 0 0 0 0 0 0 17 0 0 0 0 0 0 0 0 0 0 0 0 0 0 0 0 0 0 0 0 0 0 0 0 0 0 0 0 0 0 0 20 1 0 0 49 159 3 0 1 0 0 0 0 0 0 0 0 0 0 0 2 0 0 0 0 0 6 0 2 0 0 0 104 0 0 0 255 255 255 255 7 0 1 0 0 0 0 0 data 13 0x10007 0x6daa 0x38 0x63c 0x50003 0x63c 0x48 0x90005 0x3285 0x315a6b0 0x3b0e 0x3224380 0x17 oops 2 9 java/lang/String 11 java/io/File
ciMethod javax/swing/JComponent getClientProperty (Ljava/lang/Object;)Ljava/lang/Object; 2081 1 5422 0 -1
ciMethod sun/util/CoreResourceBundleControl getRBControlInstance (Ljava/lang/String;)Lsun/util/CoreResourceBundleControl; 33 1 4 0 -1
ciMethod java/util/ResourceBundle getObject (Ljava/lang/String;)Ljava/lang/Object; 2121 1 4072 0 -1
ciMethod java/util/ResourceBundle getBundle (Ljava/lang/String;Ljava/util/Locale;Ljava/util/ResourceBundle$Control;)Ljava/util/ResourceBundle; 121 1 17 0 -1
ciMethod java/util/ResourceBundle getBundle (Ljava/lang/String;Ljava/util/Locale;Ljava/lang/ClassLoader;)Ljava/util/ResourceBundle; 9 1 1 0 -1
ciMethod java/util/ResourceBundle getKeys ()Ljava/util/Enumeration; 0 0 1 0 -1
ciMethodData java/util/HashMap getNode (ILjava/lang/Object;)Ljava/util/HashMap$Node; 2 11122 orig 264 104 163 96 89 0 0 0 0 112 149 95 25 0 0 0 0 8 4 0 0 96 1 0 0 0 0 0 0 0 0 0 0 0 0 0 0 0 0 0 0 0 0 0 0 0 0 0 0 0 0 0 0 0 0 0 0 0 0 0 0 0 0 0 0 0 0 0 0 0 0 0 0 0 0 0 0 0 0 0 0 77 68 79 32 101 120 116 114 97 32 100 97 116 97 32 108 111 99 107 0 0 0 0 0 0 0 0 0 0 0 0 0 0 0 0 0 0 0 0 0 0 0 0 0 0 0 0 0 0 0 0 0 0 0 0 0 0 0 0 0 0 0 0 0 1 0 0 0 1 0 0 0 0 0 0 0 0 0 0 0 0 0 0 0 0 0 0 0 0 0 0 0 0 0 0 0 0 0 0 2 0 0 0 0 17 0 0 0 0 0 0 0 0 0 0 0 0 0 0 0 1 0 0 0 0 0 0 0 0 0 0 0 0 0 0 0 0 1 0 0 145 83 1 0 49 109 0 0 92 20 0 0 76 5 0 0 2 0 0 0 2 0 45 0 2 0 0 0 176 2 0 0 255 255 255 255 7 0 6 0 0 0 0 0 data 86 0x60007 0x6a 0x2b0 0x2a08 0xe0007 0x0 0x290 0x2a08 0x1c0007 0x551 0x270 0x24b7 0x250007 0xc59 0xb0 0x185e 0x310007 0x934 0x90 0xf2a 0x350007 0x0 0x70 0xf2a 0x3b0005 0x8b1 0x3224380 0x1 0x315a6b0 0x678 0x3e0007 0x2c7 0x20 0xc63 0x4c0007 0x264 0x1a0 0xcbc 0x510004 0xfffffffffffff3cb 0x1bad0220 0x103 0x19efb440 0x87 0x54e007 0xc35 0x80 0x89 0x590004 0x0 0x19efb440 0x89 0x0 0x0 0x5e0005 0xa 0x19efb440 0x7f 0x0 0x0 0x680007 0xaec 0xb0 0xde5 0x740007 0x171 0x90 0xc74 0x780007 0x0 0x70 0xc74 0x7e0005 0xa8b 0x3224380 0x1 0x315a6b0 0x1e8 0x810007 0x2ba 0x20 0x9ba 0x8f0007 0xc9c 0xffffffffffffff50 0x10a oops 8 26 java/io/File 28 java/lang/String 40 java/util/HashMap$Node 42 java/util/HashMap$TreeNode 50 java/util/HashMap$TreeNode 56 java/util/HashMap$TreeNode 74 java/io/File 76 java/lang/String
ciMethod javax/swing/UIManager getLAFState ()Ljavax/swing/UIManager$LAFState; 3153 1 5759 0 -1
ciMethod javax/swing/UIManager getLookAndFeel ()Ljavax/swing/LookAndFeel; 4097 1 9584 0 -1
ciMethod javax/swing/UIManager getDefaults ()Ljavax/swing/UIDefaults; 1553 1 3428 0 0
ciMethod javax/swing/UIManager get (Ljava/lang/Object;)Ljava/lang/Object; 529 1 917 0 0
ciMethod javax/swing/UIManager maybeInitialize ()V 4097 1 5747 0 -1
ciMethod javax/swing/plaf/nimbus/NimbusStyle$CacheKey <init> (Ljava/lang/Object;I)V 329 1 340 0 -1
ciMethodData java/util/HashMap get (Ljava/lang/Object;)Ljava/lang/Object; 2 11940 orig 264 104 163 96 89 0 0 0 0 64 148 95 25 0 0 0 0 200 1 0 0 16 0 0 0 0 0 0 0 0 0 0 0 0 0 0 0 0 0 0 0 0 0 0 0 0 0 0 0 0 0 0 0 0 0 0 0 0 0 0 0 0 0 0 0 0 0 0 0 0 0 0 0 0 0 0 0 0 0 0 0 77 68 79 32 101 120 116 114 97 32 100 97 116 97 32 108 111 99 107 0 0 0 0 0 0 0 0 0 0 0 0 0 0 0 0 0 0 0 0 0 0 0 0 0 0 0 0 0 0 0 0 0 0 0 0 0 0 0 0 0 0 0 0 0 1 0 0 0 0 0 0 0 0 0 0 0 0 0 0 0 0 0 0 0 0 0 0 0 0 0 0 0 0 0 0 0 0 0 0 0 0 0 0 0 17 0 0 0 0 0 0 0 0 0 0 0 0 0 0 0 1 0 0 0 0 0 0 0 0 0 0 0 0 0 0 0 8 1 0 0 217 108 1 0 1 0 0 0 119 20 0 0 0 0 0 0 2 0 0 0 0 0 10 0 2 0 0 0 120 0 0 0 255 255 255 255 2 0 2 0 0 0 0 0 data 15 0x20002 0x2d9b 0x60005 0x6f 0x1c2aa430 0x25b0 0x1c205d00 0x77c 0xb0007 0x1fb4 0x38 0xde8 0xf0003 0xde8 0x18 oops 2 4 java/util/HashMap 6 javax/swing/UIDefaults$TextAndMnemonicHashMap
ciMethod javax/swing/UIDefaults get (Ljava/lang/Object;)Ljava/lang/Object; 2993 1 10785 0 0
ciMethod javax/swing/UIDefaults getFromHashtable (Ljava/lang/Object;)Ljava/lang/Object; 11953 1 7015 0 0
ciMethod javax/swing/UIDefaults getFromResourceBundle (Ljava/lang/Object;Ljava/util/Locale;)Ljava/lang/Object; 1737 1 6222 0 0
ciMethod javax/swing/UIDefaults getResourceCache (Ljava/util/Locale;)Ljava/util/Map; 881 2145 1649 0 0
ciMethod javax/swing/UIDefaults put (Ljava/lang/Object;Ljava/lang/Object;)Ljava/lang/Object; 2569 1 1516 0 -1
ciMethod javax/swing/UIDefaults$LazyValue createValue (Ljavax/swing/UIDefaults;)Ljava/lang/Object; 0 0 1 0 -1
ciMethod javax/swing/UIDefaults$ActiveValue createValue (Ljavax/swing/UIDefaults;)Ljava/lang/Object; 0 0 1 0 -1
ciMethod javax/swing/plaf/nimbus/NimbusLookAndFeel getDefaultsForPrefix (Ljava/lang/String;)Ljava/util/Map; 33 8457 33 0 -1
ciMethod javax/swing/plaf/nimbus/NimbusLookAndFeel access$500 (Ljavax/swing/plaf/nimbus/NimbusLookAndFeel;)Ljavax/swing/UIDefaults; 1057 1 132 0 -1
ciMethod javax/swing/plaf/synth/SynthStyle get (Ljavax/swing/plaf/synth/SynthContext;Ljava/lang/Object;)Ljava/lang/Object; 0 0 1 0 -1
ciMethodData java/lang/String toString ()Ljava/lang/String; 2 8934 orig 264 104 163 96 89 0 0 0 0 248 109 81 25 0 0 0 0 32 1 0 0 0 0 0 0 0 0 0 0 0 0 0 0 0 0 0 0 0 0 0 0 0 0 0 0 0 0 0 0 0 0 0 0 0 0 0 0 0 0 0 0 0 0 0 0 0 0 0 0 0 0 0 0 0 0 0 0 0 0 0 0 77 68 79 32 101 120 116 114 97 32 100 97 116 97 32 108 111 99 107 0 0 0 0 0 0 0 0 0 0 0 0 0 0 0 0 0 0 0 0 0 0 0 0 0 0 0 0 0 0 0 0 0 0 0 0 0 0 0 0 0 0 0 0 0 0 0 0 0 0 0 0 0 0 0 0 0 0 0 0 0 0 0 0 0 0 0 0 0 0 0 0 0 0 0 0 0 0 0 0 0 0 0 0 0 0 0 0 0 0 0 0 0 0 0 0 0 0 0 0 0 0 0 0 0 0 0 0 0 0 0 0 0 0 0 0 0 2 1 0 0 33 15 1 0 1 0 0 0 0 0 0 0 0 0 0 0 2 0 0 0 0 0 3 0 1 0 0 0 0 0 0 0 255 255 255 255 0 0 0 0 0 0 0 0 data 0 oops 0
ciMethodData java/lang/String substring (I)Ljava/lang/String; 2 5507 orig 264 104 163 96 89 0 0 0 0 136 91 81 25 0 0 0 0 208 1 0 0 128 0 0 0 0 0 0 0 0 0 0 0 0 0 0 0 0 0 0 0 0 0 0 0 0 0 0 0 0 0 0 0 0 0 0 0 0 0 0 0 0 0 0 0 0 0 0 0 0 0 0 0 0 0 0 0 0 0 0 0 77 68 79 32 101 120 116 114 97 32 100 97 116 97 32 108 111 99 107 0 0 0 0 0 0 0 0 0 0 0 0 0 0 0 0 0 0 0 0 0 0 0 0 0 0 0 0 0 0 0 0 0 0 0 0 0 0 0 0 0 0 0 0 0 0 0 0 0 0 0 0 0 0 0 0 0 0 0 0 0 0 0 0 0 0 0 0 0 0 0 0 0 0 0 0 0 0 0 0 0 0 0 0 0 25 0 0 0 0 0 0 0 0 0 0 0 0 0 0 0 0 0 0 0 0 0 0 0 0 0 0 0 0 0 0 0 129 1 0 0 17 160 0 0 1 0 0 0 0 0 0 0 0 0 0 0 2 0 0 0 0 0 10 0 2 0 0 0 168 0 0 0 255 255 255 255 7 0 1 0 0 0 0 0 data 21 0x10007 0x1402 0x30 0x0 0x90002 0x0 0x160007 0x1402 0x30 0x0 0x1e0002 0x0 0x230007 0x9ea 0x38 0xa18 0x270003 0xa18 0x28 0x340002 0x9ea oops 0
ciMethod javax/swing/plaf/nimbus/NimbusStyle$CacheKey hashCode ()I 2073 1 7432 0 352
ciMethodData java/util/Hashtable get (Ljava/lang/Object;)Ljava/lang/Object; 2 5609 orig 264 104 163 96 89 0 0 0 0 56 139 84 25 0 0 0 0 40 2 0 0 0 0 0 0 0 0 0 0 0 0 0 0 0 0 0 0 0 0 0 0 0 0 0 0 0 0 0 0 0 0 0 0 0 0 0 0 0 0 0 0 0 0 0 0 0 0 0 0 0 0 0 0 0 0 0 0 0 0 0 0 77 68 79 32 101 120 116 114 97 32 100 97 116 97 32 108 111 99 107 0 0 0 0 0 0 0 0 0 0 0 0 0 0 0 0 0 0 0 0 0 0 0 0 0 0 0 0 0 0 0 0 0 0 0 0 0 0 0 0 0 0 0 0 0 0 0 0 0 0 0 0 0 0 0 0 0 0 0 0 0 0 0 0 0 0 0 0 0 0 0 0 0 0 0 0 0 0 0 0 0 0 0 0 0 17 0 0 0 0 0 0 0 0 0 0 0 0 0 0 0 1 0 0 0 0 0 0 0 0 0 0 0 0 0 0 0 1 1 0 0 65 167 0 0 41 28 0 0 0 0 0 0 0 0 0 0 2 0 0 0 1 0 11 0 2 0 0 0 216 0 0 0 255 255 255 255 5 0 6 0 0 0 0 0 data 27 0x60005 0x189 0x315a6b0 0x12b3 0x315a740 0xac 0x1b0007 0xee1 0xa8 0x98c 0x240007 0x385 0x70 0x607 0x2d0005 0xcd 0x315a6b0 0x498 0x3223fe0 0xa2 0x300007 0x0 0x20 0x607 0x400003 0x385 0xffffffffffffff70 oops 4 2 java/lang/String 4 java/lang/Class 16 java/lang/String 18 java/lang/StringBuffer
ciMethod javax/swing/UIDefaults$TextAndMnemonicHashMap get (Ljava/lang/Object;)Ljava/lang/Object; 2305 1 1913 0 -1
ciMethod javax/swing/UIDefaults$TextAndMnemonicHashMap composeKey (Ljava/lang/String;ILjava/lang/String;)Ljava/lang/String; 25 1 3 0 -1
ciMethod javax/swing/UIDefaults$TextAndMnemonicHashMap getTextFromProperty (Ljava/lang/String;)Ljava/lang/String; 0 0 1 0 -1
ciMethod javax/swing/UIDefaults$TextAndMnemonicHashMap getMnemonicFromProperty (Ljava/lang/String;)Ljava/lang/String; 0 0 1 0 -1
ciMethod javax/swing/UIDefaults$TextAndMnemonicHashMap getIndexFromProperty (Ljava/lang/String;)Ljava/lang/String; 0 0 1 0 -1
ciMethod javax/swing/UIDefaults$TextAndMnemonicHashMap <init> (Ljavax/swing/UIDefaults$1;)V 17 1 2 0 -1
ciMethod javax/swing/plaf/nimbus/State isInState (Ljavax/swing/JComponent;I)Z 2049 1 1022 0 -1
ciMethod javax/swing/plaf/nimbus/State getName ()Ljava/lang/String; 89 1 11 0 -1
ciMethod javax/swing/plaf/nimbus/State isStandardStateName (Ljava/lang/String;)Z 33 1 18 0 -1
ciMethod javax/swing/plaf/nimbus/State getStandardState (Ljava/lang/String;)Ljavax/swing/plaf/nimbus/State$StandardState; 17 1 14 0 -1
ciMethod javax/swing/plaf/nimbus/State$StandardState getState ()I 0 0 1 0 -1
ciMethod javax/swing/plaf/nimbus/NimbusLookAndFeel$2 createValue (Ljavax/swing/UIDefaults;)Ljava/lang/Object; 65 1 8 0 0
ciMethod javax/swing/plaf/nimbus/NimbusLookAndFeel$NimbusProperty createValue (Ljavax/swing/UIDefaults;)Ljava/lang/Object; 841 1 105 0 0
ciMethod javax/swing/plaf/nimbus/NimbusStyle$CacheKey init (Ljava/lang/Object;I)V 2049 1 8869 0 0
ciMethod javax/swing/plaf/nimbus/NimbusStyle$CacheKey equals (Ljava/lang/Object;)Z 3073 1 6554 0 416
ciMethod javax/swing/plaf/synth/SynthContext getComponent ()Ljavax/swing/JComponent; 1065 1 133 0 -1
ciMethod javax/swing/plaf/synth/SynthContext getComponentState ()I 1065 1 133 0 -1
ciMethod javax/swing/plaf/nimbus/NimbusStyle validate ()V 2049 817 9064 0 -1
ciMethod javax/swing/plaf/nimbus/NimbusStyle getPainter (Ljava/util/Map;Ljava/lang/String;)Ljavax/swing/Painter; 65 1 92 0 -1
ciMethod javax/swing/plaf/nimbus/NimbusStyle get (Ljavax/swing/plaf/synth/SynthContext;Ljava/lang/Object;)Ljava/lang/Object; 2049 121 7425 0 -1
ciMethod javax/swing/plaf/nimbus/NimbusStyle getValues (Ljavax/swing/plaf/synth/SynthContext;)Ljavax/swing/plaf/nimbus/NimbusStyle$Values; 2049 1 9249 0 64
ciMethod javax/swing/plaf/nimbus/NimbusStyle contains ([Ljava/lang/String;Ljava/lang/String;)Z 0 0 1 0 -1
ciMethod javax/swing/plaf/nimbus/NimbusStyle getExtendedState (Ljavax/swing/plaf/synth/SynthContext;Ljavax/swing/plaf/nimbus/NimbusStyle$Values;)I 2073 3297 7539 0 2272
ciMethod javax/swing/plaf/nimbus/NimbusStyle getNextState ([Ljavax/swing/plaf/nimbus/NimbusStyle$RuntimeState;[II)Ljavax/swing/plaf/nimbus/NimbusStyle$RuntimeState; 2049 3241 1552 0 0
ciMethod javax/swing/plaf/nimbus/NimbusStyle$Values <init> (Ljavax/swing/plaf/nimbus/NimbusStyle$1;)V 33 1 33 0 -1
ciMethod javax/swing/plaf/nimbus/NimbusStyle$RuntimeState <init> (Ljavax/swing/plaf/nimbus/NimbusStyle;ILjava/lang/String;Ljavax/swing/plaf/nimbus/NimbusStyle$1;)V 57 1 112 0 -1
ciMethodData javax/swing/UIDefaults get (Ljava/lang/Object;)Ljava/lang/Object; 2 10785 orig 264 104 163 96 89 0 0 0 0 0 98 162 25 0 0 0 0 128 1 0 0 48 0 0 0 0 0 0 0 0 0 0 0 0 0 0 0 0 0 0 0 0 0 0 0 0 0 0 0 0 0 0 0 0 0 0 0 0 0 0 0 0 0 0 0 0 0 0 0 0 0 0 0 0 0 0 0 0 0 0 0 77 68 79 32 101 120 116 114 97 32 100 97 116 97 32 108 111 99 107 0 0 0 0 0 0 0 0 0 0 0 0 0 0 0 0 0 0 0 0 0 0 0 0 0 0 0 0 0 0 0 0 0 0 0 0 0 0 0 0 0 0 0 0 0 0 0 0 0 0 0 0 0 0 0 0 0 0 0 0 0 0 0 0 0 0 0 0 0 0 0 0 0 0 0 0 0 0 0 0 0 0 0 0 0 0 0 0 0 0 0 0 0 0 0 0 0 0 0 0 0 0 0 0 0 0 0 0 0 0 0 0 0 0 0 0 0 118 1 0 0 89 69 1 0 1 0 0 0 0 0 0 0 0 0 0 0 2 0 0 0 0 0 6 0 2 0 0 0 88 0 0 0 255 255 255 255 2 0 2 0 0 0 0 0 data 11 0x20002 0x28ab 0x70007 0x1775 0x38 0x1136 0xb0003 0x1136 0x28 0x110002 0x1775 oops 0
ciMethodData javax/swing/UIDefaults getFromHashtable (Ljava/lang/Object;)Ljava/lang/Object; 2 7015 orig 264 104 163 96 89 0 0 0 0 0 100 162 25 0 0 0 0 40 6 0 0 240 1 0 0 0 0 0 0 0 0 0 0 0 0 0 0 0 0 0 0 0 0 0 0 0 0 0 0 0 0 0 0 0 0 0 0 0 0 0 0 0 0 0 0 0 0 0 0 0 0 0 0 0 0 0 0 0 0 0 0 77 68 79 32 101 120 116 114 97 32 100 97 116 97 32 108 111 99 107 0 0 0 0 0 0 0 0 0 0 0 0 0 0 0 0 0 0 0 0 0 0 0 0 0 0 0 0 0 0 0 0 0 0 0 0 0 0 0 0 0 0 0 0 0 1 0 0 0 0 0 0 0 0 0 0 0 0 0 0 0 0 0 0 0 4 0 0 0 0 0 0 0 0 0 0 0 0 0 0 0 0 0 0 0 0 0 0 0 0 0 0 0 0 0 0 0 0 0 0 0 0 0 0 0 0 0 0 0 0 0 0 0 0 0 0 0 118 1 0 0 137 172 0 0 1 0 0 0 0 0 0 0 0 0 0 0 2 0 0 0 1 0 35 0 2 0 0 0 216 4 0 0 255 255 255 255 2 0 2 0 0 0 0 0 data 155 0x20002 0x1591 0xa0007 0x0 0xc0 0x1591 0xe0104 0xfffffffffffff7b3 0x1b9b1990 0x1 0x1b9b1a40 0x4d 0x110007 0x4e 0x70 0x1543 0x150104 0xfffffffffffff7e3 0x1b9b1990 0x1 0x1b9b1af0 0x10 0x180007 0x30 0x20 0x1513 0x230002 0x7e 0x2b0007 0x7e 0x98 0x0 0x2f0005 0x0 0x0 0x0 0x0 0x0 0x320003 0x0 0x18 0x390002 0x0 0x410007 0x0 0xffffffffffffffa8 0x0 0x490004 0xffffffffffffffb2 0x1b9b1af0 0x10 0x1b9b1bd0 0x4 0x4c0007 0x4e 0x48 0x30 0x540002 0x30 0x580003 0x30 0x68 0x5cc004 0x0 0x1b9b1a40 0x4d 0x1b9b1c80 0x5 0x5f0007 0x52 0x20 0x0 0x680003 0x82 0x18 0x730004 0xffffffffffffffae 0x1b9b1af0 0x10 0x1b9b1bd0 0x4 0x760007 0x52 0x1f0 0x30 0x7a0004 0x0 0x1b9b1af0 0x10 0x1b9b1bd0 0x4 0x7e0005 0x1c 0x1b9b1af0 0x10 0x1b9b1bd0 0x4 0x890007 0x30 0x48 0x0 0x8e0002 0x0 0x920003 0x0 0x28 0x980002 0x30 0x9d0005 0x0 0x1c2aa4e0 0x30 0x0 0x0 0xa20003 0x30 0x18 0xac0003 0x30 0xb8 0xb70007 0x0 0x48 0x0 0xbc0002 0x0 0xc00003 0x0 0x28 0xc60002 0x0 0xcb0005 0x0 0x0 0x0 0x0 0x0 0xd10003 0x0 0x18 0xdf0003 0x30 0x78 0xe30004 0x0 0x1b9b1a40 0x4d 0x1b9b1c80 0x5 0xe70005 0x0 0x1b9b1a40 0x4d 0x1b9b1c80 0x5 oops 19 8 javax/swing/plaf/DimensionUIResource 10 javax/swing/plaf/nimbus/NimbusLookAndFeel$NimbusProperty 18 javax/swing/plaf/DimensionUIResource 20 javax/swing/UIDefaults$LazyInputMap 49 javax/swing/UIDefaults$LazyInputMap 51 javax/swing/JTable$$Lambda$22 64 javax/swing/plaf/nimbus/NimbusLookAndFeel$NimbusProperty 66 javax/swing/plaf/nimbus/NimbusLookAndFeel$2 77 javax/swing/UIDefaults$LazyInputMap 79 javax/swing/JTable$$Lambda$22 87 javax/swing/UIDefaults$LazyInputMap 89 javax/swing/JTable$$Lambda$22 93 javax/swing/UIDefaults$LazyInputMap 95 javax/swing/JTable$$Lambda$22 110 javax/swing/UIDefaults 145 javax/swing/plaf/nimbus/NimbusLookAndFeel$NimbusProperty 147 javax/swing/plaf/nimbus/NimbusLookAndFeel$2 151 javax/swing/plaf/nimbus/NimbusLookAndFeel$NimbusProperty 153 javax/swing/plaf/nimbus/NimbusLookAndFeel$2
ciMethodData javax/swing/UIDefaults getFromResourceBundle (Ljava/lang/Object;Ljava/util/Locale;)Ljava/lang/Object; 2 6222 orig 264 104 163 96 89 0 0 0 0 152 101 162 25 0 0 0 0 152 2 0 0 224 0 0 0 0 0 0 0 0 0 0 0 0 0 0 0 0 0 0 0 0 0 0 0 0 0 0 0 0 0 0 0 0 0 0 0 0 0 0 0 0 0 0 0 0 0 0 0 0 0 0 0 0 0 0 0 0 0 0 0 77 68 79 32 101 120 116 114 97 32 100 97 116 97 32 108 111 99 107 0 0 0 0 0 0 0 0 0 0 0 0 0 0 0 0 0 0 0 0 0 0 0 0 0 0 0 0 0 0 0 0 0 0 0 0 0 0 0 0 0 0 0 0 0 0 0 0 0 0 0 0 0 0 0 0 0 0 0 0 0 0 0 0 0 0 0 0 0 0 0 0 0 0 0 0 0 0 0 0 0 0 0 0 0 0 0 0 0 0 0 0 0 0 0 0 0 0 0 0 0 0 0 0 0 0 0 0 0 0 0 0 0 0 0 0 0 217 0 0 0 169 187 0 0 1 0 0 0 0 0 0 0 0 0 0 0 2 0 0 0 0 0 24 0 2 0 0 0 64 1 0 0 255 255 255 255 7 0 4 0 0 0 0 0 data 40 0x40007 0x1137 0xc0 0x63e 0xb0005 0x0 0x251a9440 0x63e 0x0 0x0 0xe0007 0x0 0x70 0x63e 0x120004 0x0 0x315a6b0 0x63e 0x0 0x0 0x150007 0x63e 0x20 0x0 0x1b0007 0x0 0x40 0x63e 0x220007 0x63e 0x20 0x0 0x320002 0x63e 0x360005 0x0 0x1c205d00 0x63e 0x0 0x0 oops 3 6 java/util/Vector 16 java/lang/String 36 javax/swing/UIDefaults$TextAndMnemonicHashMap
ciMethodData java/util/Locale equals (Ljava/lang/Object;)Z 1 882 orig 264 104 163 96 89 0 0 0 0 40 85 106 25 0 0 0 0 40 3 0 0 96 1 0 0 0 0 0 0 0 0 0 0 0 0 0 0 0 0 0 0 0 0 0 0 0 0 0 0 0 0 0 0 0 0 0 0 0 0 0 0 0 0 0 0 0 0 0 0 0 0 0 0 0 0 0 0 0 0 0 0 77 68 79 32 101 120 116 114 97 32 100 97 116 97 32 108 111 99 107 0 0 0 0 0 0 0 0 0 0 0 0 0 0 0 0 0 0 0 0 0 0 0 0 0 0 0 0 0 0 0 0 0 0 0 0 0 0 0 0 0 0 0 0 0 0 0 0 0 0 0 0 0 0 0 0 0 0 0 0 0 0 0 0 0 0 0 0 0 0 0 0 0 0 0 0 0 0 0 0 0 0 0 0 0 0 0 0 0 0 0 0 0 0 0 0 0 0 0 0 0 0 0 0 0 0 0 0 0 0 0 0 0 0 0 0 0 2 1 0 0 129 19 0 0 1 0 0 0 0 0 0 0 0 0 0 0 2 0 0 0 0 0 14 0 2 0 0 0 216 1 0 0 255 255 255 255 7 0 2 0 0 0 0 0 data 59 0x20007 0x150 0x20 0x120 0x80004 0x0 0x24d34210 0x150 0x0 0x0 0xb0007 0x150 0x20 0x0 0x110004 0x0 0x24d34210 0x150 0x0 0x0 0x1d0005 0x0 0x1c30fab0 0x150 0x0 0x0 0x200007 0x0 0x20 0x150 0x290007 0x0 0x88 0x0 0x2d0004 0x0 0x0 0x0 0x0 0x0 0x330007 0x0 0x38 0x0 0x370003 0x0 0x18 0x410004 0x0 0x0 0x0 0x0 0x0 0x470005 0x0 0x0 0x0 0x0 0x0 oops 3 6 java/util/Locale 16 java/util/Locale 22 sun/util/locale/BaseLocale
ciMethodData javax/swing/plaf/nimbus/NimbusStyle$CacheKey init (Ljava/lang/Object;I)V 2 8884 orig 264 104 163 96 89 0 0 0 0 72 235 194 25 0 0 0 0 136 1 0 0 0 0 0 0 0 0 0 0 0 0 0 0 0 0 0 0 0 0 0 0 0 0 0 0 0 0 0 0 0 0 0 0 0 0 0 0 0 0 0 0 0 0 0 0 0 0 0 0 0 0 0 0 0 0 0 0 0 0 0 0 77 68 79 32 101 120 116 114 97 32 100 97 116 97 32 108 111 99 107 0 0 0 0 0 0 0 0 0 0 0 0 0 0 0 0 0 0 0 0 0 0 0 0 0 0 0 0 0 0 0 0 0 0 0 0 0 0 0 0 0 0 0 0 0 0 0 0 0 0 0 0 0 0 0 0 0 0 0 0 0 0 0 0 0 0 0 0 0 0 0 0 0 0 0 0 0 0 0 0 0 0 0 0 0 0 0 0 0 0 0 0 0 0 0 0 0 0 0 0 0 0 0 0 0 0 0 0 0 0 0 0 0 0 0 0 0 0 1 0 0 161 13 1 0 1 0 0 0 0 0 0 0 0 0 0 0 2 0 0 0 0 0 3 0 2 0 0 0 48 0 0 0 255 255 255 255 5 0 2 0 0 0 0 0 data 6 0x20005 0x0 0x315a6b0 0x21b4 0x0 0x0 oops 1 2 java/lang/String
ciMethodData javax/swing/plaf/nimbus/NimbusStyle$CacheKey hashCode ()I 2 7432 orig 264 104 163 96 89 0 0 0 0 144 235 184 25 0 0 0 0 120 1 0 0 0 0 0 0 0 0 0 0 0 0 0 0 0 0 0 0 0 0 0 0 0 0 0 0 0 0 0 0 0 0 0 0 0 0 0 0 0 0 0 0 0 0 0 0 0 0 0 0 0 0 0 0 0 0 0 0 0 0 0 0 77 68 79 32 101 120 116 114 97 32 100 97 116 97 32 108 111 99 107 0 0 0 0 0 0 0 0 0 0 0 0 0 0 0 0 0 0 0 0 0 0 0 0 0 0 0 0 0 0 0 0 0 0 0 0 0 0 0 0 0 0 0 0 0 0 0 0 0 0 0 0 0 0 0 0 0 0 0 0 0 0 0 0 0 0 0 0 0 0 0 0 0 0 0 0 0 0 0 0 0 0 0 0 0 0 0 0 0 0 0 0 0 0 0 0 0 0 0 0 0 0 0 0 0 0 0 0 0 0 0 0 0 0 0 0 0 3 1 0 0 41 224 0 0 1 0 0 0 0 0 0 0 0 0 0 0 2 0 0 0 0 0 3 0 2 0 0 0 48 0 0 0 255 255 255 255 5 0 10 0 0 0 0 0 data 6 0xa0005 0x2 0x315a6b0 0x1c03 0x0 0x0 oops 1 2 java/lang/String
ciMethodData javax/swing/plaf/nimbus/NimbusStyle getValues (Ljavax/swing/plaf/synth/SynthContext;)Ljavax/swing/plaf/nimbus/NimbusStyle$Values; 2 9256 orig 264 104 163 96 89 0 0 0 0 16 222 199 25 0 0 0 0 56 1 0 0 0 0 0 0 0 0 0 0 0 0 0 0 0 0 0 0 0 0 0 0 0 0 0 0 0 0 0 0 0 0 0 0 0 0 0 0 0 0 0 0 0 0 0 0 0 0 0 0 0 0 0 0 0 0 0 0 0 0 0 0 77 68 79 32 101 120 116 114 97 32 100 97 116 97 32 108 111 99 107 0 0 0 0 0 0 0 0 0 0 0 0 0 0 0 0 0 0 0 0 0 0 0 0 0 0 0 0 0 0 0 0 0 0 0 0 0 0 0 0 0 0 0 0 0 0 0 0 0 0 0 0 0 0 0 0 0 0 0 0 0 0 0 0 0 0 0 0 0 0 0 0 0 0 0 0 0 0 0 0 0 0 0 0 0 0 0 0 0 0 0 0 0 0 0 0 0 0 0 0 0 0 0 0 0 0 0 0 0 0 0 0 0 0 0 0 0 0 1 0 0 65 25 1 0 1 0 0 0 0 0 0 0 0 0 0 0 2 0 0 0 0 0 3 0 2 0 0 0 16 0 0 0 255 255 255 255 2 0 1 0 0 0 0 0 data 2 0x10002 0x2328 oops 0
ciMethodData javax/swing/plaf/nimbus/NimbusStyle getNextState ([Ljavax/swing/plaf/nimbus/NimbusStyle$RuntimeState;[II)Ljavax/swing/plaf/nimbus/NimbusStyle$RuntimeState; 2 3802 orig 264 104 163 96 89 0 0 0 0 72 226 199 25 0 0 0 0 112 3 0 0 224 1 0 0 0 0 0 0 0 0 0 0 0 0 0 0 0 0 0 0 0 0 0 0 0 0 0 0 0 0 0 0 0 0 0 0 0 0 0 0 0 0 0 0 0 0 0 0 0 0 0 0 0 0 0 0 0 0 0 0 77 68 79 32 101 120 116 114 97 32 100 97 116 97 32 108 111 99 107 0 0 0 0 0 0 0 0 0 0 0 0 0 0 0 0 0 0 0 0 0 0 0 0 0 0 0 0 0 0 0 0 0 0 0 0 0 0 0 0 0 0 0 0 0 0 0 0 0 0 0 0 0 0 0 0 0 0 0 0 0 0 0 0 0 0 0 0 0 0 0 0 0 0 0 0 0 0 0 0 0 0 0 0 0 0 0 0 0 0 0 0 0 0 0 0 0 0 0 0 0 0 0 0 0 0 0 0 0 0 0 0 0 0 0 0 0 149 1 0 0 177 40 0 0 41 106 0 0 0 0 0 0 0 0 0 0 2 0 0 0 2 0 37 0 2 0 0 0 32 2 0 0 255 255 255 255 7 0 1 0 0 0 0 0 data 68 0x10007 0x0 0x220 0x516 0x60007 0x12d 0x200 0x3e9 0x130007 0x3e9 0x78 0x0 0x1e0007 0x0 0x58 0x0 0x280007 0x0 0x20 0x0 0x380003 0x0 0xffffffffffffffc0 0x420007 0x0 0x40 0x3e9 0x490007 0x1ba 0x38 0x22f 0x4e0003 0x22f 0x18 0x5e0007 0x3e9 0xd0 0xd45 0x6c0007 0xd45 0x58 0x0 0x720007 0x0 0x78 0x0 0x790003 0x0 0x58 0x820007 0xaf0 0x40 0x255 0xd00007 0x7e 0x20 0x1d7 0xde0003 0xd45 0xffffffffffffff48 0xe40007 0x212 0x20 0x1d7 0xf40007 0x212 0x20 0x0 oops 0
ciMethodData javax/swing/plaf/nimbus/NimbusStyle get (Ljavax/swing/plaf/synth/SynthContext;Ljava/lang/Object;)Ljava/lang/Object; 2 7426 orig 264 104 163 96 89 0 0 0 0 232 217 199 25 0 0 0 0 40 5 0 0 104 3 0 0 0 0 0 0 0 0 0 0 0 0 0 0 0 0 0 0 0 0 0 0 0 0 0 0 0 0 0 0 0 0 0 0 0 0 0 0 0 0 0 0 0 0 0 0 0 0 0 0 0 0 0 0 0 0 0 0 77 68 79 32 101 120 116 114 97 32 100 97 116 97 32 108 111 99 107 0 0 0 0 0 0 0 0 0 0 0 0 0 0 0 0 0 0 0 0 0 0 0 0 0 0 0 0 0 0 0 0 0 0 0 0 0 0 0 0 0 0 0 0 0 0 0 0 0 0 0 0 0 0 0 0 0 0 0 0 0 0 0 0 0 0 0 0 0 0 0 0 0 0 0 0 0 0 0 0 0 0 0 0 0 0 0 0 0 0 0 0 0 0 0 0 0 0 0 0 0 0 0 0 0 0 0 0 0 0 0 0 0 0 0 0 0 0 1 0 0 17 224 0 0 177 6 0 0 0 0 0 0 0 0 0 0 2 0 0 0 1 0 34 0 2 0 0 0 208 3 0 0 255 255 255 255 2 0 2 0 0 0 0 0 data 122 0x20002 0x1c02 0x70005 0x0 0x315a6b0 0x1c02 0x0 0x0 0x120005 0x2 0x315a6b0 0x1c00 0x0 0x0 0x170005 0x2 0x315a6b0 0x1c00 0x0 0x0 0x220002 0x1c02 0x2f0005 0x2 0x1c2aa380 0x1c00 0x0 0x0 0x3a0005 0x0 0x1c2aa430 0x1c02 0x0 0x0 0x430007 0xfc 0x38 0x1b06 0x470003 0x1b06 0x18 0x4f0007 0x1b06 0x250 0xfc 0x600007 0xb 0x98 0x1c7 0x6c0002 0x1c7 0x720007 0xf1 0x68 0xd6 0x7c0005 0x0 0x1c2aa4e0 0xd6 0x0 0x0 0x810003 0xd6 0xffffffffffffff80 0x860007 0xb 0x70 0xf1 0x8d0007 0x0 0x50 0xf1 0x960005 0x0 0x1c2aa4e0 0xf1 0x0 0x0 0x9d0007 0x6d 0x30 0x8f 0xa20002 0x8f 0xa90007 0x95 0x80 0x67 0xb00005 0x0 0x315a6b0 0x67 0x0 0x0 0xb30007 0x66 0x30 0x1 0xba0002 0x1 0xcb0002 0xfc 0xd00007 0x95 0x38 0x67 0xd60003 0x67 0x18 0xdb0005 0x0 0x1c2aa430 0xfc 0x0 0x0 0xe60007 0xfcb 0x38 0xc37 0xea0003 0xc37 0x18 oops 9 4 java/lang/String 10 java/lang/String 16 java/lang/String 24 javax/swing/plaf/nimbus/NimbusStyle$CacheKey 30 java/util/HashMap 57 javax/swing/UIDefaults 74 javax/swing/UIDefaults 90 java/lang/String 111 java/util/HashMap
ciMethodData javax/swing/UIManager get (Ljava/lang/Object;)Ljava/lang/Object; 1 917 orig 264 104 163 96 89 0 0 0 0 112 99 148 25 0 0 0 0 136 1 0 0 0 0 0 0 0 0 0 0 0 0 0 0 0 0 0 0 0 0 0 0 0 0 0 0 0 0 0 0 0 0 0 0 0 0 0 0 0 0 0 0 0 0 0 0 0 0 0 0 0 0 0 0 0 0 0 0 0 0 0 0 77 68 79 32 101 120 116 114 97 32 100 97 116 97 32 108 111 99 107 0 0 0 0 0 0 0 0 0 0 0 0 0 0 0 0 0 0 0 0 0 0 0 0 0 0 0 0 0 0 0 0 0 0 0 0 0 0 0 0 0 0 0 0 0 0 0 0 0 0 0 0 0 0 0 0 0 0 0 0 0 0 0 0 0 0 0 0 0 0 0 0 0 0 0 0 0 0 0 0 0 0 0 0 0 0 0 0 0 0 0 0 0 0 0 0 0 0 0 0 0 0 0 0 0 0 0 0 0 0 0 0 0 0 0 0 0 66 0 0 0 153 26 0 0 1 0 0 0 0 0 0 0 0 0 0 0 2 0 0 0 0 0 3 0 2 0 0 0 64 0 0 0 255 255 255 255 2 0 0 0 0 0 0 0 data 8 0x2 0x353 0x40005 0x0 0x1bbf8f70 0x353 0x0 0x0 oops 1 4 javax/swing/MultiUIDefaults
ciMethodData java/util/Vector isEmpty ()Z 2 1650 orig 264 104 163 96 89 0 0 0 0 8 60 93 25 0 0 0 0 88 1 0 0 0 0 0 0 0 0 0 0 0 0 0 0 0 0 0 0 0 0 0 0 0 0 0 0 0 0 0 0 0 0 0 0 0 0 0 0 0 0 0 0 0 0 0 0 0 0 0 0 0 0 0 0 0 0 0 0 0 0 0 0 77 68 79 32 101 120 116 114 97 32 100 97 116 97 32 108 111 99 107 0 0 0 0 0 0 0 0 0 0 0 0 0 0 0 0 0 0 0 0 0 0 0 0 0 0 0 0 0 0 0 0 0 0 0 0 0 0 0 0 0 0 0 0 0 0 0 0 0 0 0 0 0 0 0 0 0 0 0 0 0 0 0 0 0 0 0 0 0 0 0 0 0 0 0 0 0 0 0 0 0 0 0 0 0 0 0 0 0 0 0 0 0 0 0 0 0 0 0 0 0 0 0 0 0 0 0 0 0 0 0 0 0 0 0 0 0 111 0 0 0 25 48 0 0 1 0 0 0 0 0 0 0 0 0 0 0 2 0 0 0 0 0 0 0 0 0 0 0 56 0 0 0 255 255 255 255 7 0 4 0 0 0 0 0 data 7 0x40007 0x603 0x38 0x0 0x80003 0x0 0x18 oops 0
ciMethodData javax/swing/UIDefaults getResourceCache (Ljava/util/Locale;)Ljava/util/Map; 2 1649 orig 264 104 163 96 89 0 0 0 0 8 103 162 25 0 0 0 0 16 5 0 0 144 0 0 0 0 0 0 0 0 0 0 0 0 0 0 0 0 0 0 0 0 0 0 0 0 0 0 0 0 0 0 0 0 0 0 0 0 0 0 0 0 0 0 0 0 0 0 0 0 0 0 0 0 0 0 0 0 0 0 0 77 68 79 32 101 120 116 114 97 32 100 97 116 97 32 108 111 99 107 0 0 0 0 0 0 0 0 0 0 0 0 0 0 0 0 0 0 0 0 0 0 0 0 0 0 0 0 0 0 0 0 0 0 0 0 0 0 0 0 0 0 0 0 0 0 0 0 0 0 0 0 0 0 0 0 0 0 0 0 0 0 0 0 0 0 0 0 0 0 0 0 0 0 0 0 0 0 0 0 0 0 0 0 0 0 0 0 0 0 0 0 0 0 0 0 0 0 0 0 0 0 0 0 0 0 0 0 0 0 0 0 0 0 0 0 0 12 1 0 0 25 48 0 0 1 0 0 0 0 0 0 0 0 0 0 0 2 0 0 0 3 0 70 0 2 0 0 0 192 3 0 0 255 255 255 255 5 0 5 0 0 0 0 0 data 120 0x50005 0x0 0x1c2aa430 0x603 0x0 0x0 0xa0004 0x0 0x1c205d00 0x603 0x0 0x0 0xf0007 0x603 0x360 0x0 0x170002 0x0 0x1f0005 0x0 0x0 0x0 0x0 0x0 0x260007 0x0 0x2d0 0x0 0x2e0005 0x0 0x0 0x0 0x0 0x0 0x310004 0x0 0x0 0x0 0x0 0x0 0x380002 0x0 0x3f0007 0x0 0x48 0x0 0x470002 0x0 0x4c0003 0x0 0x38 0x520002 0x0 0x550002 0x0 0x5c0005 0x0 0x0 0x0 0x0 0x0 0x630005 0x0 0x0 0x0 0x0 0x0 0x680007 0x0 0x148 0x0 0x6d0005 0x0 0x0 0x0 0x0 0x0 0x720004 0x0 0x0 0x0 0x0 0x0 0x7a0005 0x0 0x0 0x0 0x0 0x0 0x7f0007 0x0 0x80 0x0 0x860005 0x0 0x0 0x0 0x0 0x0 0x900005 0x0 0x0 0x0 0x0 0x0 0x960003 0x0 0xfffffffffffffea0 0x990003 0x0 0x18 0xa10003 0x0 0xfffffffffffffd48 0xaa0005 0x0 0x0 0x0 0x0 0x0 oops 2 2 java/util/HashMap 8 javax/swing/UIDefaults$TextAndMnemonicHashMap
ciMethodData javax/swing/plaf/nimbus/NimbusStyle$CacheKey equals (Ljava/lang/Object;)Z 2 6554 orig 264 104 163 96 89 0 0 0 0 160 235 194 25 0 0 0 0 16 2 0 0 80 0 0 0 0 0 0 0 0 0 0 0 0 0 0 0 0 0 0 0 0 0 0 0 0 0 0 0 0 0 0 0 0 0 0 0 0 0 0 0 0 0 0 0 0 0 0 0 0 0 0 0 0 0 0 0 0 0 0 0 77 68 79 32 101 120 116 114 97 32 100 97 116 97 32 108 111 99 107 0 0 0 0 0 0 0 0 0 0 0 0 0 0 0 0 0 0 0 0 0 0 0 0 0 0 0 0 0 0 0 0 0 0 0 0 0 0 0 0 0 0 0 0 0 0 0 0 0 0 0 0 0 0 0 0 0 0 0 0 0 0 0 0 0 0 0 0 0 0 0 0 0 0 0 0 0 0 0 0 0 0 0 0 0 0 0 0 0 0 0 0 0 0 0 0 0 0 0 0 0 0 0 0 0 0 0 0 0 0 0 0 0 0 0 0 0 128 1 0 0 209 192 0 0 1 0 0 0 0 0 0 0 0 0 0 0 2 0 0 0 0 0 9 0 2 0 0 0 192 0 0 0 255 255 255 255 4 0 1 0 0 0 0 0 data 24 0x10004 0x0 0x1c2aa380 0x181a 0x0 0x0 0x60007 0x181a 0x20 0x0 0x130007 0x181a 0x20 0x0 0x200005 0x0 0x315a6b0 0x181a 0x0 0x0 0x230007 0x181a 0x20 0x0 oops 2 2 javax/swing/plaf/nimbus/NimbusStyle$CacheKey 16 java/lang/String
ciMethodData java/util/Locale hashCode ()I 2 51303 orig 264 104 163 96 89 0 0 0 0 64 84 106 25 0 0 0 0 232 1 0 0 0 0 0 0 0 0 0 0 0 0 0 0 0 0 0 0 0 0 0 0 0 0 0 0 0 0 0 0 0 0 0 0 0 0 0 0 0 0 0 0 0 0 0 0 0 0 0 0 0 0 0 0 0 0 0 0 0 0 0 0 77 68 79 32 101 120 116 114 97 32 100 97 116 97 32 108 111 99 107 0 0 0 0 0 0 0 0 0 0 0 0 0 0 0 0 0 0 0 0 0 0 0 0 0 0 0 0 0 0 0 0 0 0 0 0 0 0 0 0 0 0 0 0 0 0 0 0 0 0 0 0 0 0 0 0 0 0 0 0 0 0 0 0 0 0 0 0 0 0 0 0 0 0 0 0 0 0 0 0 0 0 0 0 0 0 0 0 0 0 0 0 0 0 0 0 0 0 0 0 0 0 0 0 0 0 0 0 0 0 0 0 0 0 0 0 0 0 1 0 0 57 59 6 0 1 0 0 0 0 0 0 0 0 0 0 0 2 0 0 0 0 0 9 0 2 0 0 0 160 0 0 0 255 255 255 255 7 0 6 0 0 0 0 0 data 20 0x60007 0xc766 0xa0 0x1 0xd0005 0x0 0x1c30fab0 0x1 0x0 0x0 0x150007 0x1 0x50 0x0 0x1d0005 0x0 0x0 0x0 0x0 0x0 oops 1 6 sun/util/locale/BaseLocale
ciMethodData java/util/HashMap$TreeNode getTreeNode (ILjava/lang/Object;)Ljava/util/HashMap$TreeNode; 1 517 orig 264 104 163 96 89 0 0 0 0 176 84 108 25 0 0 0 0 240 1 0 0 80 0 0 0 0 0 0 0 0 0 0 0 0 0 0 0 0 0 0 0 0 0 0 0 0 0 0 0 0 0 0 0 0 0 0 0 0 0 0 0 0 0 0 0 0 0 0 0 0 0 0 0 0 0 0 0 0 0 0 0 77 68 79 32 101 120 116 114 97 32 100 97 116 97 32 108 111 99 107 0 0 0 0 0 0 0 0 0 0 0 0 0 0 0 0 0 0 0 0 0 0 0 0 0 0 0 0 0 0 0 0 0 0 0 0 0 0 0 0 0 0 0 0 0 0 0 0 0 0 0 0 0 0 0 0 0 0 0 0 0 0 0 0 0 0 0 0 0 0 0 0 0 0 0 0 0 0 0 0 0 0 0 0 0 0 0 0 0 0 0 0 0 0 0 0 0 0 0 0 0 0 0 0 0 0 0 0 0 0 0 0 0 0 0 0 0 4 0 0 0 9 16 0 0 1 0 0 0 0 0 0 0 0 0 0 0 2 0 0 0 1 0 10 0 2 0 0 0 152 0 0 0 255 255 255 255 7 0 4 0 0 0 0 0 data 19 0x40007 0x201 0x68 0x0 0x80005 0x0 0x0 0x0 0x0 0x0 0xb0003 0x0 0x18 0x120005 0xa8 0x19efb440 0x159 0x0 0x0 oops 1 15 java/util/HashMap$TreeNode
ciMethod javax/swing/plaf/nimbus/TableScrollPaneCorner <init> ()V 65 1 8 0 -1
instanceKlass sun/java2d/pipe/RegionSpanIterator
instanceKlass javax/swing/plaf/nimbus/EffectUtils
instanceKlass javax/swing/plaf/nimbus/Effect$ArrayCache
instanceKlass javax/swing/plaf/nimbus/Effect
instanceKlass sun/java2d/pipe/ShapeSpanIterator
instanceKlass sun/java2d/pipe/SpanIterator
instanceKlass java/awt/geom/RectIterator
instanceKlass Modeloventa/Modeloventa$1
instanceKlass com/mysql/jdbc/PreparedStatement$BatchVisitor
instanceKlass com/mysql/jdbc/PreparedStatement$ParseInfo
instanceKlass java/sql/ParameterMetaData
instanceKlass com/mysql/jdbc/ParameterBindings
instanceKlass java/io/FileOutputStream$1
instanceKlass Modeloventa/Modeloventa
instanceKlass javax/swing/JComponent$$Lambda$29
instanceKlass ControladorVenta/Controladorventa
instanceKlass javax/swing/JTable$4
instanceKlass javax/swing/JTable$5
instanceKlass javax/swing/JTable$2
instanceKlass javax/swing/JTable$Resizable3
instanceKlass javax/swing/JTable$Resizable2
instanceKlass javax/swing/plaf/basic/BasicGraphicsUtils
instanceKlass java/util/Vector$1
instanceKlass javax/swing/plaf/synth/SynthGraphicsUtils$SynthIconWrapper
instanceKlass javax/swing/KeyboardManager$ComponentKeyStrokePair
instanceKlass si/menu_principal$86
instanceKlass si/menu_principal$85
instanceKlass si/menu_principal$82
instanceKlass si/menu_principal$81
instanceKlass si/menu_principal$80
instanceKlass si/menu_principal$75
instanceKlass si/menu_principal$74
instanceKlass si/menu_principal$69
instanceKlass javax/swing/table/TableColumn
instanceKlass si/menu_principal$66
instanceKlass javax/accessibility/AccessibleExtendedComponent
instanceKlass javax/accessibility/AccessibleSelection
instanceKlass si/menu_principal$65
instanceKlass si/menu_principal$64
instanceKlass si/menu_principal$63
instanceKlass si/menu_principal$62
instanceKlass si/menu_principal$61
instanceKlass si/menu_principal$60
instanceKlass si/menu_principal$59
instanceKlass si/menu_principal$58
instanceKlass si/menu_principal$57
instanceKlass si/menu_principal$56
instanceKlass si/menu_principal$55
instanceKlass si/menu_principal$54
instanceKlass si/menu_principal$53
instanceKlass si/menu_principal$52
instanceKlass si/menu_principal$51
instanceKlass si/menu_principal$50
instanceKlass si/menu_principal$49
instanceKlass si/menu_principal$48
instanceKlass si/menu_principal$47
instanceKlass si/menu_principal$46
instanceKlass si/menu_principal$45
instanceKlass si/menu_principal$44
instanceKlass si/menu_principal$43
instanceKlass si/menu_principal$42
instanceKlass si/menu_principal$41
instanceKlass si/menu_principal$40
instanceKlass si/menu_principal$39
instanceKlass si/menu_principal$38
instanceKlass si/menu_principal$37
instanceKlass si/menu_principal$36
instanceKlass si/menu_principal$35
instanceKlass si/menu_principal$34
instanceKlass si/menu_principal$33
instanceKlass si/menu_principal$32
instanceKlass si/menu_principal$31
instanceKlass si/menu_principal$30
instanceKlass javax/accessibility/AccessibleRelationSet
instanceKlass javax/accessibility/AccessibleContext$1
instanceKlass sun/awt/AWTAccessor$AccessibleContextAccessor
instanceKlass javax/accessibility/AccessibleComponent
instanceKlass si/menu_principal$29
instanceKlass si/menu_principal$28
instanceKlass si/menu_principal$27
instanceKlass si/menu_principal$26
instanceKlass si/menu_principal$25
instanceKlass si/menu_principal$24
instanceKlass si/menu_principal$23
instanceKlass si/menu_principal$22
instanceKlass si/menu_principal$21
instanceKlass si/menu_principal$20
instanceKlass si/menu_principal$19
instanceKlass si/menu_principal$18
instanceKlass si/menu_principal$17
instanceKlass si/menu_principal$16
instanceKlass si/menu_principal$15
instanceKlass si/menu_principal$14
instanceKlass si/menu_principal$13
instanceKlass si/menu_principal$12
instanceKlass si/menu_principal$11
instanceKlass si/menu_principal$10
instanceKlass si/menu_principal$9
instanceKlass si/menu_principal$8
instanceKlass si/menu_principal$7
instanceKlass si/menu_principal$6
instanceKlass si/menu_principal$3
instanceKlass com/toedter/calendar/JDateChooser$3
instanceKlass sun/awt/image/GifFrame
instanceKlass java/awt/GridLayout
instanceKlass javax/swing/plaf/basic/BasicComboBoxUI$DefaultKeySelectionManager
instanceKlass javax/swing/JComboBox$KeySelectionManager
instanceKlass javax/swing/plaf/basic/BasicComboBoxUI$Handler
instanceKlass javax/swing/plaf/synth/SynthComboBoxUI$EditorFocusHandler
instanceKlass javax/swing/plaf/basic/BasicComboBoxEditor
instanceKlass javax/swing/ComboBoxEditor
instanceKlass java/awt/event/ComponentAdapter
instanceKlass javax/swing/plaf/basic/BasicComboPopup$Handler
instanceKlass javax/swing/plaf/basic/BasicListUI$Handler
instanceKlass javax/swing/ListCellRenderer
instanceKlass javax/swing/plaf/basic/BasicPopupMenuUI$MenuKeyboardHelper
instanceKlass javax/swing/MenuSelectionManager
instanceKlass javax/swing/plaf/basic/BasicPopupMenuUI$MouseGrabber
instanceKlass javax/swing/plaf/basic/BasicPopupMenuUI$BasicMenuKeyListener
instanceKlass javax/swing/event/MenuKeyListener
instanceKlass javax/swing/plaf/basic/BasicPopupMenuUI$BasicPopupMenuListener
instanceKlass javax/swing/BoxLayout
instanceKlass javax/swing/plaf/basic/BasicLookAndFeel$1
instanceKlass javax/swing/plaf/basic/BasicLookAndFeel$AWTEventHelper
instanceKlass javax/swing/plaf/basic/BasicComboPopup$EmptyListModelClass
instanceKlass javax/swing/plaf/basic/ComboPopup
instanceKlass javax/swing/event/PopupMenuListener
instanceKlass javax/swing/AncestorNotifier
instanceKlass javax/swing/JComboBox$1
instanceKlass javax/swing/AbstractListModel
instanceKlass javax/swing/MutableComboBoxModel
instanceKlass javax/swing/ComboBoxModel
instanceKlass javax/swing/ListModel
instanceKlass javax/swing/plaf/basic/BasicSpinnerUI$Handler
instanceKlass javax/swing/plaf/synth/SynthSpinnerUI$SpinnerLayout
instanceKlass javax/swing/plaf/synth/SynthSpinnerUI$EditorFocusHandler
instanceKlass javax/swing/JSpinner$ModelListener
instanceKlass javax/swing/text/NavigationFilter$FilterBypass
instanceKlass javax/swing/text/NavigationFilter
instanceKlass javax/swing/text/DocumentFilter
instanceKlass javax/swing/JFormattedTextField$AbstractFormatterFactory
instanceKlass javax/swing/JFormattedTextField$AbstractFormatter
instanceKlass javax/swing/AbstractSpinnerModel
instanceKlass javax/swing/SpinnerModel
instanceKlass sun/util/calendar/Era
instanceKlass com/toedter/calendar/DateUtil
instanceKlass javax/swing/JFormattedTextField$DocumentHandler
instanceKlass javax/swing/event/CaretListener
instanceKlass com/toedter/calendar/IDateEditor
instanceKlass rojerusan/necesario/EstiloTablaHeader
instanceKlass javax/swing/plaf/basic/BasicTableUI$Handler
instanceKlass javax/swing/AbstractCellEditor
instanceKlass javax/swing/tree/TreeCellEditor
instanceKlass javax/swing/table/TableCellEditor
instanceKlass javax/swing/CellEditor
instanceKlass javax/swing/plaf/basic/BasicTableHeaderUI$MouseInputHandler
instanceKlass javax/swing/plaf/basic/BasicTableHeaderUI$1
instanceKlass sun/swing/table/DefaultTableCellHeaderRenderer$EmptyIcon
instanceKlass java/awt/event/KeyAdapter
instanceKlass java/awt/event/MouseMotionAdapter
instanceKlass javax/swing/ToolTipManager$stillInsideTimerAction
instanceKlass javax/swing/ToolTipManager$outsideTimerAction
instanceKlass javax/swing/ToolTipManager$insideTimerAction
instanceKlass javax/swing/JTable$$Lambda$28
instanceKlass javax/swing/JTable$$Lambda$27
instanceKlass javax/swing/JTable$$Lambda$26
instanceKlass javax/swing/JTable$$Lambda$25
instanceKlass javax/swing/JTable$$Lambda$24
instanceKlass javax/swing/JTable$$Lambda$23
instanceKlass javax/swing/JTable$$Lambda$22
instanceKlass javax/swing/JTable$$Lambda$21
instanceKlass javax/swing/JTable$$Lambda$20
instanceKlass javax/swing/JTable$$Lambda$19
instanceKlass javax/swing/JTable$$Lambda$18
instanceKlass javax/swing/table/AbstractTableModel
instanceKlass javax/swing/DefaultListSelectionModel
instanceKlass javax/swing/ListSelectionModel
instanceKlass javax/swing/table/DefaultTableColumnModel
instanceKlass javax/swing/table/TableColumnModel
instanceKlass javax/swing/table/TableCellRenderer
instanceKlass javax/swing/plaf/synth/SynthScrollPaneUI$ViewportViewFocusHandler
instanceKlass javax/swing/plaf/basic/BasicScrollPaneUI$Handler
instanceKlass javax/swing/plaf/basic/BasicScrollBarUI$ScrollListener
instanceKlass javax/swing/plaf/basic/BasicScrollBarUI$Handler
instanceKlass javax/swing/plaf/basic/BasicScrollBarUI$ModelListener
instanceKlass javax/swing/JScrollBar$ModelListener
instanceKlass javax/swing/ViewportLayout
instanceKlass javax/swing/ScrollPaneLayout
instanceKlass javax/swing/plaf/synth/SynthTabbedPaneUI$1
instanceKlass javax/swing/plaf/basic/BasicTabbedPaneUI$Handler
instanceKlass javax/swing/plaf/basic/BasicTabbedPaneUI$TabbedPaneLayout
instanceKlass javax/swing/JTabbedPane$ModelListener
instanceKlass javax/swing/DefaultSingleSelectionModel
instanceKlass javax/swing/SingleSelectionModel
instanceKlass javax/swing/table/TableModel
instanceKlass sun/security/util/ManifestEntryVerifier
instanceKlass sun/security/util/DisabledAlgorithmConstraints$1
instanceKlass sun/security/util/DisabledAlgorithmConstraints$Constraint
instanceKlass sun/security/util/DisabledAlgorithmConstraints$Constraints
instanceKlass sun/security/util/AbstractAlgorithmConstraints$1
instanceKlass java/util/regex/ASCII
instanceKlass sun/security/util/AlgorithmDecomposer
instanceKlass sun/security/util/AbstractAlgorithmConstraints
instanceKlass java/security/AlgorithmConstraints
instanceKlass sun/security/util/SignatureFileVerifier
instanceKlass javax/swing/JComponent$ActionStandin
instanceKlass sun/awt/ModalExclude
instanceKlass javax/swing/KeyboardManager
instanceKlass javax/swing/JComponent$IntVector
instanceKlass javax/swing/JComponent$KeyboardState
instanceKlass java/awt/KeyboardFocusManager$5
instanceKlass javax/swing/Autoscroller
instanceKlass javax/swing/RepaintManager$3
instanceKlass javax/swing/text/AbstractDocument$UndoRedoDocumentEvent
instanceKlass javax/swing/text/GapContent$UndoPosRef
instanceKlass javax/swing/text/JTextComponent$InputMethodRequestsHandler
instanceKlass javax/swing/text/DefaultCaret$1
instanceKlass java/awt/AWTEvent$2
instanceKlass java/awt/Toolkit$SelectiveAWTEventListener
instanceKlass java/awt/LightweightDispatcher$1
instanceKlass java/awt/Container$MouseEventTargetFilter
instanceKlass java/awt/Container$EventTargetFilter
instanceKlass java/awt/Cursor$CursorDisposer
instanceKlass java/awt/event/MouseEvent$1
instanceKlass sun/awt/AWTAccessor$MouseEventAccessor
instanceKlass java/awt/geom/RoundRectIterator
instanceKlass javax/swing/plaf/nimbus/ImageScalingHelper
instanceKlass com/mysql/jdbc/ProfilerEventHandlerFactory
instanceKlass java/awt/event/FocusAdapter
instanceKlass javax/swing/event/UndoableEditListener
instanceKlass javax/swing/event/DocumentEvent$ElementChange
instanceKlass sun/font/SunFontManager$5
instanceKlass javax/swing/text/SegmentCache
instanceKlass javax/swing/text/Utilities
instanceKlass javax/swing/text/Segment
instanceKlass javax/swing/event/DocumentEvent$EventType
instanceKlass javax/swing/event/DocumentEvent
instanceKlass javax/swing/undo/AbstractUndoableEdit
instanceKlass javax/swing/undo/UndoableEdit
instanceKlass si/SI_Inicio$2
instanceKlass si/SI_Inicio$1
instanceKlass sun/awt/image/PNGImageDecoder$Chromaticities
instanceKlass javax/swing/JTextField$ScrollRepainter
instanceKlass javax/swing/text/JTextComponent$DefaultKeymap
instanceKlass javax/swing/text/Keymap
instanceKlass javax/swing/text/TabExpander
instanceKlass javax/swing/text/StyleContext$KeyEnumeration
instanceKlass javax/swing/text/GapContent$StickyPosition
instanceKlass javax/swing/text/Position
instanceKlass javax/swing/text/AbstractDocument$1
instanceKlass javax/swing/text/AbstractDocument$AbstractElement
instanceKlass javax/swing/tree/TreeNode
instanceKlass javax/swing/text/Element
instanceKlass java/util/Collections$3
instanceKlass javax/swing/text/StyleContext$SmallAttributeSet
instanceKlass java/util/Collections$EmptyEnumeration
instanceKlass javax/swing/text/StyleContext$NamedStyle
instanceKlass javax/swing/text/Style
instanceKlass javax/swing/text/SimpleAttributeSet$EmptyAttributeSet
instanceKlass javax/swing/text/SimpleAttributeSet
instanceKlass javax/swing/text/MutableAttributeSet
instanceKlass javax/swing/text/AttributeSet
instanceKlass javax/swing/text/StyleContext$FontKey
instanceKlass javax/swing/text/AttributeSet$ParagraphAttribute
instanceKlass javax/swing/text/AttributeSet$ColorAttribute
instanceKlass javax/swing/text/AttributeSet$FontAttribute
instanceKlass javax/swing/text/AttributeSet$CharacterAttribute
instanceKlass javax/swing/text/StyleConstants
instanceKlass javax/swing/text/StyleContext
instanceKlass javax/swing/text/AbstractDocument$AttributeContext
instanceKlass javax/swing/text/GapVector
instanceKlass javax/swing/text/AbstractDocument$Content
instanceKlass javax/swing/text/AbstractDocument
instanceKlass javax/swing/TransferHandler$TransferSupport
instanceKlass javax/swing/TransferHandler$DropHandler
instanceKlass java/awt/datatransfer/SystemFlavorMap$SoftCache
instanceKlass java/awt/datatransfer/SystemFlavorMap
instanceKlass java/awt/datatransfer/FlavorTable
instanceKlass java/awt/datatransfer/FlavorMap
instanceKlass java/awt/dnd/DropTargetContext
instanceKlass javax/swing/ClientPropertyKey$1
instanceKlass sun/awt/AWTAccessor$ClientPropertyKeyAccessor
instanceKlass javax/swing/text/DefaultHighlighter$SafeDamager
instanceKlass javax/swing/text/LayeredHighlighter$LayerPainter
instanceKlass javax/swing/text/Highlighter$HighlightPainter
instanceKlass javax/swing/text/Highlighter$Highlight
instanceKlass javax/swing/text/LayeredHighlighter
instanceKlass javax/swing/text/Highlighter
instanceKlass javax/swing/text/Document
instanceKlass javax/swing/text/DefaultCaret$Handler
instanceKlass java/awt/datatransfer/ClipboardOwner
instanceKlass javax/swing/text/Caret
instanceKlass javax/swing/plaf/synth/SynthTextFieldUI$Handler
instanceKlass java/awt/event/MouseAdapter
instanceKlass javax/swing/event/MouseInputListener
instanceKlass javax/swing/plaf/basic/DragRecognitionSupport$BeforeDrag
instanceKlass javax/swing/plaf/basic/BasicTextUI$UpdateHandler
instanceKlass javax/swing/event/DocumentListener
instanceKlass javax/swing/text/View
instanceKlass javax/swing/text/Position$Bias
instanceKlass sun/swing/UIAction
instanceKlass javax/swing/TransferHandler
instanceKlass javax/swing/text/EditorKit
instanceKlass javax/swing/text/ViewFactory
instanceKlass sun/reflect/ClassDefiner$1
instanceKlass sun/reflect/ClassDefiner
instanceKlass sun/reflect/MethodAccessorGenerator$1
instanceKlass sun/reflect/Label$PatchInfo
instanceKlass sun/reflect/Label
instanceKlass sun/reflect/UTF8
instanceKlass sun/reflect/ClassFileAssembler
instanceKlass sun/reflect/ByteVectorImpl
instanceKlass sun/reflect/ByteVector
instanceKlass sun/reflect/ByteVectorFactory
instanceKlass sun/reflect/AccessorGenerator
instanceKlass sun/reflect/ClassFileConstants
instanceKlass java/beans/VetoableChangeListener
instanceKlass javax/swing/event/AncestorListener
instanceKlass javax/swing/plaf/basic/BasicButtonListener
instanceKlass javax/swing/AbstractButton$Handler
instanceKlass javax/swing/DefaultButtonModel
instanceKlass javax/swing/ButtonModel
instanceKlass java/awt/AWTEventMulticaster
instanceKlass java/awt/event/TextListener
instanceKlass java/awt/event/AdjustmentListener
instanceKlass java/awt/event/ItemListener
instanceKlass java/awt/event/WindowStateListener
instanceKlass java/awt/event/WindowFocusListener
instanceKlass java/awt/event/ContainerListener
instanceKlass java/awt/LightweightDispatcher$2
instanceKlass sun/awt/SunToolkit$1
instanceKlass java/awt/KeyboardFocusManager$2
instanceKlass java/awt/EventQueue$1AWTInvocationLock
instanceKlass java/awt/Window$1DisposeAction
instanceKlass java/util/Collections$UnmodifiableMap$UnmodifiableEntrySet$UnmodifiableEntry
instanceKlass java/util/Collections$UnmodifiableMap$UnmodifiableEntrySet$1
instanceKlass com/mysql/jdbc/EscapeProcessor
instanceKlass com/mysql/jdbc/NetworkResources
instanceKlass com/mysql/jdbc/LicenseConfiguration
instanceKlass com/mysql/jdbc/ResultSetMetaData
instanceKlass sun/misc/FDBigInteger
instanceKlass java/sql/ResultSetMetaData
instanceKlass com/mysql/jdbc/RowDataStatic
instanceKlass com/mysql/jdbc/Constants
instanceKlass com/mysql/jdbc/MysqlDefs
instanceKlass com/mysql/jdbc/Field
instanceKlass java/util/TimerTask
instanceKlass com/mysql/jdbc/SingleByteCharsetConverter
instanceKlass com/mysql/jdbc/authentication/MysqlClearPasswordPlugin
instanceKlass com/mysql/jdbc/authentication/MysqlNativePasswordPlugin
instanceKlass com/mysql/jdbc/authentication/MysqlOldPasswordPlugin
instanceKlass java/net/Socket$3
instanceKlass java/net/Socket$2
instanceKlass sun/net/NetHooks
instanceKlass java/net/Proxy
instanceKlass sun/net/spi/DefaultProxySelector$3
instanceKlass sun/net/spi/DefaultProxySelector$NonProxyInfo
instanceKlass java/net/URI$Parser
instanceKlass java/net/URI
instanceKlass sun/net/NetProperties$1
instanceKlass sun/net/NetProperties
instanceKlass sun/net/spi/DefaultProxySelector$1
instanceKlass java/net/ProxySelector
instanceKlass java/net/SocksSocketImpl$3
instanceKlass java/net/InetSocketAddress$InetSocketAddressHolder
instanceKlass java/net/PlainSocketImpl$1
instanceKlass java/net/AbstractPlainSocketImpl$1
instanceKlass java/net/SocketImpl
instanceKlass java/net/SocketOptions
instanceKlass java/net/SocksConsts
instanceKlass java/net/Socket
instanceKlass java/net/InetAddress$CacheEntry
instanceKlass sun/net/InetAddressCachePolicy$2
instanceKlass java/security/Security$1
instanceKlass java/security/Security
instanceKlass sun/net/InetAddressCachePolicy$1
instanceKlass sun/net/InetAddressCachePolicy
instanceKlass java/net/Inet4AddressImpl
instanceKlass com/mysql/jdbc/ResultSetImpl
instanceKlass com/mysql/jdbc/StreamingNotifiable
instanceKlass com/mysql/jdbc/authentication/Sha256PasswordPlugin
instanceKlass com/mysql/jdbc/AuthenticationPlugin
instanceKlass com/mysql/jdbc/Buffer
instanceKlass com/mysql/jdbc/MysqlIO
instanceKlass java/lang/StringCoding$StringEncoder
instanceKlass com/mysql/jdbc/RowData
instanceKlass com/mysql/jdbc/ResultSetRow
instanceKlass com/mysql/jdbc/DatabaseMetaData$IteratorWithCleanup
instanceKlass com/mysql/jdbc/DatabaseMetaData
instanceKlass java/io/Console
instanceKlass com/mysql/jdbc/TimeUtil
instanceKlass com/mysql/jdbc/log/LogFactory
instanceKlass com/mysql/jdbc/Collation
instanceKlass java/nio/charset/Charset$ExtendedProviderHolder$1
instanceKlass java/nio/charset/Charset$ExtendedProviderHolder
instanceKlass com/mysql/jdbc/MysqlCharset
instanceKlass com/mysql/jdbc/CharsetMapping
instanceKlass java/net/SocketAddress
instanceKlass com/mysql/jdbc/StandardSocketFactory
instanceKlass com/mysql/jdbc/SocketMetadata
instanceKlass com/mysql/jdbc/SocketFactory
instanceKlass com/mysql/jdbc/PerConnectionLRUFactory
instanceKlass com/mysql/jdbc/PerVmServerConfigCacheFactory
instanceKlass com/mysql/jdbc/CacheAdapterFactory
instanceKlass javax/naming/RefAddr
instanceKlass java/util/Random
instanceKlass java/sql/SQLXML
instanceKlass java/sql/Blob
instanceKlass com/mysql/jdbc/JDBC4MySQLConnection
instanceKlass com/mysql/jdbc/log/NullLogger
instanceKlass com/mysql/jdbc/ConnectionPropertiesImpl$ConnectionProperty
instanceKlass com/mysql/jdbc/log/StandardLogger
instanceKlass com/mysql/jdbc/log/Log
instanceKlass com/mysql/jdbc/ExceptionInterceptor
instanceKlass java/sql/DatabaseMetaData
instanceKlass java/sql/CallableStatement
instanceKlass com/mysql/jdbc/StatementImpl
instanceKlass com/mysql/jdbc/Statement
instanceKlass com/mysql/jdbc/Wrapper
instanceKlass java/sql/PreparedStatement
instanceKlass java/sql/Statement
instanceKlass java/sql/Savepoint
instanceKlass com/mysql/jdbc/IterateBlock
instanceKlass com/mysql/jdbc/ResultSetInternalMethods
instanceKlass java/sql/ResultSet
instanceKlass com/mysql/jdbc/StatementInterceptorV2
instanceKlass com/mysql/jdbc/Extension
instanceKlass com/mysql/jdbc/ConnectionPropertiesImpl
instanceKlass com/mysql/jdbc/MySQLConnection
instanceKlass com/mysql/jdbc/Connection
instanceKlass com/mysql/jdbc/ConnectionProperties
instanceKlass com/mysql/jdbc/MultiHostConnectionProxy
instanceKlass java/lang/reflect/InvocationHandler
instanceKlass java/lang/Throwable$PrintStreamOrWriter
instanceKlass java/util/zip/ZipFile$ZipEntryIterator
instanceKlass java/util/jar/JarFile$JarEntryIterator
instanceKlass com/mysql/jdbc/Messages
instanceKlass java/sql/SQLType
instanceKlass java/sql/NClob
instanceKlass java/sql/Clob
instanceKlass com/mysql/jdbc/Util
instanceKlass java/net/URLEncoder
instanceKlass java/net/URLDecoder
instanceKlass java/math/MathContext
instanceKlass com/mysql/jdbc/StringUtils
instanceKlass java/util/concurrent/CopyOnWriteArrayList$COWIterator
instanceKlass java/sql/DriverInfo
instanceKlass java/sql/DriverManager$2
instanceKlass java/sql/DriverManager$1
instanceKlass java/util/concurrent/CopyOnWriteArrayList
instanceKlass java/sql/DriverManager
instanceKlass java/util/concurrent/LinkedBlockingQueue$Node
instanceKlass java/util/concurrent/ThreadPoolExecutor$AbortPolicy
instanceKlass java/util/concurrent/RejectedExecutionHandler
instanceKlass java/util/concurrent/AbstractExecutorService
instanceKlass java/util/concurrent/ExecutorService
instanceKlass java/util/concurrent/Executor
instanceKlass java/util/concurrent/Executors
instanceKlass com/mysql/jdbc/AbandonedConnectionCleanupThread$1
instanceKlass java/util/concurrent/ThreadFactory
instanceKlass com/mysql/jdbc/AbandonedConnectionCleanupThread
instanceKlass java/sql/Connection
instanceKlass java/sql/Wrapper
instanceKlass com/mysql/jdbc/NonRegisteringDriver
instanceKlass java/sql/Driver
instanceKlass sun/java2d/loops/FontInfo
instanceKlass java/awt/PrintGraphics
instanceKlass sun/font/SunFontManager$4
instanceKlass java/io/RandomAccessFile$1
instanceKlass java/util/concurrent/ConcurrentHashMap$Traverser
instanceKlass sun/font/SunFontManager$FamilyDescription
instanceKlass java/awt/geom/Path2D$Iterator
instanceKlass java/awt/geom/PathIterator
instanceKlass java/text/AttributedString$AttributedStringIterator
instanceKlass java/text/AttributedCharacterIterator
instanceKlass java/text/CharacterIterator
instanceKlass java/text/AttributedString
instanceKlass sun/awt/im/CompositionAreaHandler
instanceKlass sun/util/locale/InternalLocaleBuilder$CaseInsensitiveChar
instanceKlass sun/util/locale/InternalLocaleBuilder
instanceKlass sun/util/locale/StringTokenIterator
instanceKlass sun/util/locale/ParseStatus
instanceKlass sun/awt/im/InputMethodAdapter
instanceKlass java/awt/im/spi/InputMethod
instanceKlass java/awt/event/WindowListener
instanceKlass java/awt/im/spi/InputMethodContext
instanceKlass java/awt/im/InputMethodRequests
instanceKlass java/awt/im/InputContext
instanceKlass java/awt/KeyboardFocusManager$3
instanceKlass java/awt/KeyboardFocusManager$LightweightFocusRequest
instanceKlass java/awt/DefaultKeyboardFocusManager$TypeAheadMarker
instanceKlass java/awt/KeyboardFocusManager$HeavyweightFocusRequest
instanceKlass sun/java2d/pipe/AlphaPaintPipe$TileContext
instanceKlass java/awt/MultipleGradientPaintContext
instanceKlass java/awt/PaintContext
instanceKlass sun/dc/pr/Rasterizer$ConsumerDisposer
instanceKlass sun/dc/pr/PathDasher$1
instanceKlass sun/dc/pr/PathDasher
instanceKlass sun/awt/geom/PathConsumer2D
instanceKlass sun/dc/pr/PathStroker$1
instanceKlass sun/dc/pr/PathStroker
instanceKlass sun/dc/pr/PathFiller$1
instanceKlass sun/dc/pr/PathFiller
instanceKlass sun/dc/path/PathConsumer
instanceKlass sun/dc/pr/Rasterizer
instanceKlass sun/java2d/pipe/AATileGenerator
instanceKlass sun/java2d/d3d/D3DPaints
instanceKlass java/awt/GradientPaint
instanceKlass java/awt/MultipleGradientPaint
instanceKlass sun/java2d/cmm/CMSManager
instanceKlass java/awt/print/PrinterGraphics
instanceKlass javax/swing/plaf/nimbus/ImageCache
instanceKlass sun/awt/SunGraphicsCallback
instanceKlass sun/java2d/d3d/D3DScreenUpdateManager$$Lambda$17
instanceKlass sun/java2d/pipe/BufferedPaints
instanceKlass sun/java2d/d3d/D3DSurfaceData$1
instanceKlass sun/java2d/d3d/D3DSurfaceData$1Status
instanceKlass javax/swing/RepaintManager$4
instanceKlass javax/swing/RepaintManager$2$1
instanceKlass java/awt/EventQueue$4
instanceKlass sun/awt/GlobalCursorManager$NativeUpdater
instanceKlass sun/awt/GlobalCursorManager
instanceKlass java/awt/SequencedEvent$1
instanceKlass sun/awt/AWTAccessor$SequencedEventAccessor
instanceKlass java/awt/SplashScreen
instanceKlass javax/swing/SwingHeavyWeight
instanceKlass sun/java2d/StateTrackableDelegate$1
instanceKlass sun/java2d/d3d/D3DBlitLoops
instanceKlass sun/java2d/loops/ProcessPath$DrawHandler
instanceKlass sun/java2d/pipe/BufferedRenderPipe$AAParallelogramPipe
instanceKlass sun/java2d/pipe/BufferedRenderPipe
instanceKlass sun/java2d/pipe/hw/AccelSurface
instanceKlass javax/swing/RepaintManager$2
instanceKlass sun/awt/windows/WComponentPeer$2
instanceKlass javax/swing/LayoutStyle
instanceKlass javax/swing/GroupLayout$SpringDelta
instanceKlass javax/swing/GroupLayout$1
instanceKlass javax/swing/GroupLayout$AutoPreferredGapMatch
instanceKlass java/text/FieldPosition$Delegate
instanceKlass java/util/Locale$1
instanceKlass sun/font/CMap
instanceKlass sun/font/T2KFontScaler$1
instanceKlass sun/font/FontScaler
instanceKlass sun/font/TrueTypeFont$DirectoryEntry
instanceKlass java/nio/DirectByteBuffer$Deallocator
instanceKlass sun/nio/ch/Util$BufferCache
instanceKlass sun/nio/ch/Util$2
instanceKlass sun/nio/ch/Util
instanceKlass sun/nio/ch/IOStatus
instanceKlass sun/nio/ch/NativeThread
instanceKlass java/nio/channels/spi/AbstractInterruptibleChannel$1
instanceKlass sun/nio/ch/FileDispatcherImpl$1
instanceKlass sun/nio/ch/NativeDispatcher
instanceKlass sun/nio/ch/NativeThreadSet
instanceKlass java/net/Inet6Address$Inet6AddressHolder
instanceKlass java/net/InetAddress$2
instanceKlass sun/net/spi/nameservice/NameService
instanceKlass java/net/Inet6AddressImpl
instanceKlass java/net/InetAddressImpl
instanceKlass java/net/InetAddressImplFactory
instanceKlass java/net/InetAddress$Cache
instanceKlass java/net/InetAddress$InetAddressHolder
instanceKlass java/net/InetAddress$1
instanceKlass java/net/InetAddress
instanceKlass sun/nio/ch/IOUtil$1
instanceKlass sun/nio/ch/IOUtil
instanceKlass java/nio/file/attribute/FileAttribute
instanceKlass java/nio/channels/spi/AbstractInterruptibleChannel
instanceKlass java/nio/channels/InterruptibleChannel
instanceKlass java/nio/channels/ScatteringByteChannel
instanceKlass java/nio/channels/GatheringByteChannel
instanceKlass java/nio/channels/SeekableByteChannel
instanceKlass java/nio/channels/ByteChannel
instanceKlass java/nio/channels/WritableByteChannel
instanceKlass java/nio/channels/ReadableByteChannel
instanceKlass java/nio/channels/Channel
instanceKlass java/io/RandomAccessFile
instanceKlass java/io/DataOutput
instanceKlass sun/font/TrueTypeFont$1
instanceKlass sun/font/TrueTypeFont$TTDisposerRecord
instanceKlass sun/font/StrikeCache$DisposableStrike
instanceKlass sun/font/FontStrikeDisposer
instanceKlass sun/java2d/Disposer$PollDisposable
instanceKlass sun/font/FontStrikeDesc
instanceKlass sun/font/FontDesignMetrics$MetricsKey
instanceKlass java/awt/FontMetrics
instanceKlass sun/awt/NullComponentPeer
instanceKlass java/awt/peer/LightweightPeer
instanceKlass sun/awt/im/ExecutableInputMethodManager$3
instanceKlass sun/awt/im/InputMethodLocator
instanceKlass sun/awt/windows/WInputMethodDescriptor
instanceKlass java/awt/im/spi/InputMethodDescriptor
instanceKlass sun/awt/im/InputMethodManager
instanceKlass sun/awt/image/BufImgSurfaceData$ICMColorData
instanceKlass sun/awt/FontConfiguration$2
instanceKlass sun/awt/NativeLibLoader$1
instanceKlass sun/awt/NativeLibLoader
instanceKlass sun/awt/PlatformFont
instanceKlass java/awt/peer/FontPeer
instanceKlass sun/awt/windows/WColor
instanceKlass sun/java2d/StateTracker$2
instanceKlass sun/java2d/StateTracker$1
instanceKlass sun/java2d/StateTracker
instanceKlass sun/java2d/SurfaceDataProxy
instanceKlass sun/awt/image/SurfaceManager$FlushableCacheData
instanceKlass sun/java2d/DefaultDisposerRecord
instanceKlass sun/java2d/loops/GraphicsPrimitiveMgr$PrimitiveSpec
instanceKlass sun/java2d/loops/RenderLoops
instanceKlass sun/java2d/windows/GDIRenderer
instanceKlass sun/java2d/loops/GraphicsPrimitiveMgr$2
instanceKlass sun/java2d/loops/GraphicsPrimitiveMgr$1
instanceKlass sun/java2d/loops/GeneralRenderer
instanceKlass sun/java2d/loops/CustomComponent
instanceKlass sun/java2d/pipe/ValidatePipe
instanceKlass java/awt/BasicStroke
instanceKlass java/awt/Stroke
instanceKlass java/awt/AlphaComposite
instanceKlass java/awt/Graphics
instanceKlass sun/awt/ConstrainableGraphics
instanceKlass sun/java2d/loops/CompositeType
instanceKlass sun/java2d/loops/GraphicsPrimitiveMgr
instanceKlass sun/java2d/loops/GraphicsPrimitive
instanceKlass sun/java2d/loops/XORComposite
instanceKlass java/awt/Composite
instanceKlass sun/java2d/d3d/D3DScreenUpdateManager$$Lambda$16
instanceKlass sun/java2d/d3d/D3DScreenUpdateManager$$Lambda$15
instanceKlass sun/java2d/ScreenUpdateManager
instanceKlass sun/awt/im/InputMethodWindow
instanceKlass sun/awt/ExtendedKeyCodes
instanceKlass sun/awt/RepaintArea
instanceKlass sun/awt/windows/WWindowPeer$GuiDisposedListener
instanceKlass sun/awt/windows/WWindowPeer$ActiveWindowListener
instanceKlass java/awt/peer/CanvasPeer
instanceKlass java/awt/peer/PanelPeer
instanceKlass java/awt/peer/FramePeer
instanceKlass java/awt/peer/WindowPeer
instanceKlass java/awt/peer/ContainerPeer
instanceKlass org/netbeans/lib/awtextra/AbsoluteConstraints
instanceKlass javax/swing/GroupLayout$ComponentInfo
instanceKlass javax/swing/GroupLayout
instanceKlass java/awt/image/BufferedImage$1
instanceKlass java/awt/image/WritableRenderedImage
instanceKlass java/awt/image/RenderedImage
instanceKlass javax/swing/Timer$1
instanceKlass java/awt/image/SampleModel
instanceKlass java/awt/image/DataBuffer$1
instanceKlass sun/awt/image/SunWritableRaster$DataStealer
instanceKlass java/awt/image/DataBuffer
instanceKlass java/awt/image/Raster
instanceKlass java/lang/invoke/LambdaForm$MH
instanceKlass java/lang/invoke/LambdaForm$DMH
instanceKlass sun/awt/image/ImageWatched$WeakLink$$Lambda$14
instanceKlass java/lang/invoke/LambdaForm$DMH
instanceKlass sun/awt/image/JPEGImageDecoder$1
instanceKlass sun/awt/image/ImageDecoder
instanceKlass java/text/DontCareFieldPosition$1
instanceKlass java/text/Format$FieldDelegate
instanceKlass java/text/DigitList
instanceKlass java/text/FieldPosition
instanceKlass java/util/Currency$CurrencyNameGetter
instanceKlass java/util/Currency$1
instanceKlass java/util/Currency
instanceKlass java/text/DecimalFormatSymbols
instanceKlass java/util/concurrent/atomic/AtomicMarkableReference$Pair
instanceKlass java/util/concurrent/atomic/AtomicMarkableReference
instanceKlass java/text/DateFormatSymbols
instanceKlass sun/util/calendar/CalendarUtils
instanceKlass sun/util/calendar/CalendarDate
instanceKlass java/util/Collections$EmptyIterator
instanceKlass sun/util/locale/LanguageTag
instanceKlass sun/util/resources/LocaleData$1
instanceKlass sun/util/resources/LocaleData
instanceKlass sun/util/locale/provider/LocaleResources
instanceKlass sun/util/locale/provider/CalendarDataUtility$CalendarWeekParameterGetter
instanceKlass sun/util/locale/provider/LocaleServiceProviderPool$LocalizedObjectGetter
instanceKlass sun/util/locale/provider/SPILocaleProviderAdapter$1
instanceKlass sun/util/locale/provider/LocaleServiceProviderPool
instanceKlass sun/util/locale/provider/CalendarDataUtility
instanceKlass java/util/Calendar$Builder
instanceKlass sun/util/locale/provider/JRELocaleProviderAdapter$1
instanceKlass sun/util/locale/provider/LocaleDataMetaInfo
instanceKlass sun/util/locale/provider/AvailableLanguageTags
instanceKlass sun/util/locale/provider/LocaleProviderAdapter$1
instanceKlass sun/util/locale/provider/ResourceBundleBasedAdapter
instanceKlass sun/util/locale/provider/LocaleProviderAdapter
instanceKlass java/util/spi/LocaleServiceProvider
instanceKlass java/util/Calendar
instanceKlass java/util/TimeZone$1
instanceKlass java/util/zip/CRC32
instanceKlass java/util/zip/Checksum
instanceKlass sun/util/calendar/ZoneInfoFile$ZoneOffsetTransitionRule
instanceKlass sun/util/calendar/ZoneInfoFile$1
instanceKlass sun/util/calendar/ZoneInfoFile
instanceKlass java/util/TimeZone
instanceKlass java/text/Format
instanceKlass java/net/URLConnection$1
instanceKlass sun/net/www/MimeEntry
instanceKlass sun/net/www/MimeTable$DefaultInstanceHolder$1
instanceKlass sun/net/www/MimeTable$DefaultInstanceHolder
instanceKlass sun/net/www/MimeTable$1
instanceKlass sun/net/www/MimeTable
instanceKlass java/net/FileNameMap
instanceKlass sun/net/DefaultProgressMeteringPolicy
instanceKlass sun/net/ProgressMeteringPolicy
instanceKlass sun/net/ProgressMonitor
instanceKlass sun/awt/image/ImageFetcher$1
instanceKlass sun/awt/image/FetcherInfo
instanceKlass sun/awt/image/ImageConsumerQueue
instanceKlass sun/awt/image/ImageWatched$Link
instanceKlass sun/awt/image/ImageWatched
instanceKlass java/awt/image/ImageConsumer
instanceKlass sun/awt/image/MultiResolutionImage
instanceKlass java/awt/MediaEntry
instanceKlass java/awt/MediaTracker
instanceKlass javax/accessibility/AccessibleContext
instanceKlass java/awt/event/InputMethodListener
instanceKlass java/awt/event/MouseWheelListener
instanceKlass java/awt/event/MouseMotionListener
instanceKlass java/awt/event/MouseListener
instanceKlass java/awt/event/KeyListener
instanceKlass java/awt/event/HierarchyBoundsListener
instanceKlass java/awt/event/FocusListener
instanceKlass java/awt/event/ComponentListener
instanceKlass java/awt/dnd/DropTarget
instanceKlass java/awt/dnd/DropTargetListener
instanceKlass java/awt/image/BufferStrategy
instanceKlass javax/swing/ImageIcon$2
instanceKlass javax/swing/ImageIcon$1
instanceKlass javax/swing/ImageIcon
instanceKlass org/netbeans/lib/awtextra/AbsoluteLayout
instanceKlass sun/awt/image/NativeLibLoader$1
instanceKlass sun/awt/image/NativeLibLoader
instanceKlass sun/awt/image/InputStreamImageSource
instanceKlass sun/awt/image/ImageFetchable
instanceKlass java/awt/image/ImageProducer
instanceKlass javax/swing/plaf/basic/BasicProgressBarUI$Handler
instanceKlass java/awt/event/HierarchyListener
instanceKlass java/util/ArrayList$SubList$1
instanceKlass javax/swing/JProgressBar$ModelListener
instanceKlass javax/swing/event/ChangeListener
instanceKlass javax/swing/DefaultBoundedRangeModel
instanceKlass javax/swing/BoundedRangeModel
instanceKlass javax/swing/plaf/basic/BasicHTML
instanceKlass java/util/concurrent/locks/LockSupport
instanceKlass javax/swing/TimerQueue$DelayedTimer
instanceKlass java/util/concurrent/Delayed
instanceKlass javax/swing/TimerQueue$1
instanceKlass java/util/concurrent/BlockingQueue
instanceKlass javax/swing/TimerQueue
instanceKlass javax/swing/Timer$DoPostEvent
instanceKlass si/Cargainiciodelsistema$1
instanceKlass si/SI
instanceKlass javax/swing/ActionMap
instanceKlass java/awt/event/KeyEvent$1
instanceKlass sun/awt/AWTAccessor$KeyEventAccessor
instanceKlass java/awt/VKCollection
instanceKlass javax/swing/InputMap
instanceKlass javax/swing/LayoutComparator
instanceKlass java/util/function/IntBinaryOperator
instanceKlass java/util/function/LongBinaryOperator
instanceKlass java/util/function/DoubleBinaryOperator
instanceKlass java/util/function/BinaryOperator
instanceKlass java/util/function/BiFunction
instanceKlass java/util/function/IntToDoubleFunction
instanceKlass java/util/function/IntToLongFunction
instanceKlass java/util/function/IntUnaryOperator
instanceKlass java/util/function/IntFunction
instanceKlass java/util/stream/LongStream
instanceKlass java/util/stream/DoubleStream
instanceKlass java/util/stream/Stream
instanceKlass java/util/stream/IntStream
instanceKlass java/util/stream/BaseStream
instanceKlass java/util/Spliterator$OfDouble
instanceKlass java/util/Spliterator$OfInt
instanceKlass java/util/Spliterator$OfLong
instanceKlass java/util/Spliterator$OfPrimitive
instanceKlass java/util/Spliterator
instanceKlass javax/swing/SortingFocusTraversalPolicy$1
instanceKlass javax/swing/RepaintManager$PaintManager
instanceKlass javax/swing/JRootPane$RootLayout
instanceKlass javax/swing/plaf/synth/ColorType
instanceKlass com/sun/java/swing/SwingUtilities3
instanceKlass javax/swing/RepaintManager$ProcessingRunnable
instanceKlass javax/swing/plaf/nimbus/NimbusStyle$RuntimeState
instanceKlass java/util/TimSort
instanceKlass javax/swing/plaf/nimbus/NimbusStyle$Values
instanceKlass javax/swing/plaf/synth/SynthPainter
instanceKlass javax/swing/plaf/nimbus/NimbusStyle$CacheKey
instanceKlass javax/swing/plaf/nimbus/NimbusStyle$1
instanceKlass java/util/concurrent/ConcurrentLinkedQueue$Node
instanceKlass javax/swing/plaf/synth/SynthContext
instanceKlass javax/swing/plaf/synth/SynthUI
instanceKlass javax/swing/plaf/synth/SynthConstants
instanceKlass sun/reflect/misc/Trampoline
instanceKlass sun/net/www/protocol/jar/JarFileFactory
instanceKlass sun/net/www/protocol/jar/URLJarFile$URLJarFileCloseController
instanceKlass sun/reflect/misc/MethodUtil$1
instanceKlass java/awt/FlowLayout
instanceKlass javax/swing/event/EventListenerList
instanceKlass java/awt/Window$WindowDisposerRecord
instanceKlass java/awt/BorderLayout
instanceKlass java/awt/LayoutManager2
instanceKlass java/awt/GraphicsConfiguration
instanceKlass sun/awt/image/SurfaceManager$ProxiedGraphicsConfig
instanceKlass sun/java2d/pipe/hw/AccelGraphicsConfig
instanceKlass sun/java2d/pipe/hw/BufferedContextProvider
instanceKlass sun/java2d/pipe/BufferedContext
instanceKlass sun/java2d/pipe/hw/ContextCapabilities
instanceKlass sun/java2d/d3d/D3DGraphicsDevice$1
instanceKlass sun/java2d/d3d/D3DGraphicsDevice$1Result
instanceKlass sun/java2d/d3d/D3DRenderQueue$1
instanceKlass sun/java2d/pipe/RenderBuffer
instanceKlass sun/java2d/pipe/RenderQueue
instanceKlass sun/misc/PerfCounter$WindowsClientCounters
instanceKlass java/awt/GraphicsDevice
instanceKlass java/awt/Cursor$1
instanceKlass sun/awt/AWTAccessor$CursorAccessor
instanceKlass java/awt/Cursor
instanceKlass javax/swing/Timer
instanceKlass java/awt/Component$3
instanceKlass java/awt/ComponentOrientation
instanceKlass java/awt/TrayIcon
instanceKlass java/awt/MenuComponent
instanceKlass java/awt/EventQueue$3
instanceKlass sun/awt/dnd/SunDragSourceContextPeer
instanceKlass java/awt/dnd/peer/DragSourceContextPeer
instanceKlass sun/awt/EventQueueDelegate
instanceKlass java/awt/ModalEventFilter
instanceKlass java/awt/EventDispatchThread$HierarchyEventFilter
instanceKlass java/awt/EventFilter
instanceKlass java/awt/EventDispatchThread$1
instanceKlass java/awt/Conditional
instanceKlass sun/awt/EventQueueItem
instanceKlass java/awt/EventQueue$5
instanceKlass java/awt/event/InvocationEvent$1
instanceKlass sun/awt/AWTAccessor$InvocationEventAccessor
instanceKlass java/awt/ActiveEvent
instanceKlass si/Cargainiciodelsistema$2
instanceKlass java/lang/StrictMath
instanceKlass javax/swing/plaf/nimbus/NimbusLookAndFeel$LinkProperty
instanceKlass javax/swing/plaf/nimbus/NimbusLookAndFeel$NimbusProperty
instanceKlass javax/swing/plaf/nimbus/NimbusLookAndFeel$2
instanceKlass javax/swing/plaf/nimbus/AbstractRegionPainter
instanceKlass javax/swing/Painter
instanceKlass sun/swing/plaf/WindowsKeybindings
instanceKlass javax/swing/plaf/nimbus/NimbusDefaults$PainterBorder
instanceKlass javax/swing/BorderFactory
instanceKlass javax/swing/plaf/BorderUIResource
instanceKlass javax/swing/plaf/nimbus/State
instanceKlass sun/swing/plaf/synth/SynthIcon
instanceKlass javax/swing/plaf/nimbus/AbstractRegionPainter$PaintContext
instanceKlass javax/swing/plaf/nimbus/NimbusDefaults$LazyPainter
instanceKlass javax/swing/plaf/nimbus/NimbusDefaults$DerivedFont
instanceKlass sun/util/ResourceBundleEnumeration
instanceKlass java/util/ResourceBundle$RBClassLoader$1
instanceKlass javax/swing/plaf/ComponentUI
instanceKlass javax/swing/ArrayTable
instanceKlass javax/swing/AbstractAction
instanceKlass com/sun/beans/util/Cache$CacheEntry
instanceKlass com/sun/beans/util/Cache
instanceKlass javax/swing/text/JTextComponent$1
instanceKlass sun/swing/SwingAccessor$JTextComponentAccessor
instanceKlass javax/swing/event/RowSorterListener
instanceKlass javax/swing/event/CellEditorListener
instanceKlass javax/swing/event/ListSelectionListener
instanceKlass javax/swing/event/TableColumnModelListener
instanceKlass javax/swing/event/TableModelListener
instanceKlass javax/swing/JSpinner$DisabledAction
instanceKlass javax/swing/Action
instanceKlass javax/swing/ScrollPaneConstants
instanceKlass java/awt/Adjustable
instanceKlass javax/swing/MenuElement
instanceKlass javax/swing/Scrollable
instanceKlass java/util/LinkedList$ListItr
instanceKlass javax/swing/event/ListDataListener
instanceKlass java/awt/ItemSelectable
instanceKlass java/util/regex/Matcher
instanceKlass java/util/regex/MatchResult
instanceKlass java/util/regex/Pattern$TreeInfo
instanceKlass java/util/regex/Pattern$Node
instanceKlass java/util/regex/Pattern
instanceKlass javax/swing/plaf/nimbus/NimbusDefaults$LazyStyle$Part
instanceKlass javax/swing/plaf/nimbus/NimbusDefaults$LazyStyle
instanceKlass javax/swing/plaf/synth/Region
instanceKlass javax/swing/plaf/synth/SynthGraphicsUtils
instanceKlass javax/swing/plaf/synth/SynthStyle
instanceKlass sun/awt/Win32FontManager$2
instanceKlass sun/font/SunFontManager$3
instanceKlass sun/font/FontFamily
instanceKlass sun/font/Font2DHandle
instanceKlass sun/font/CompositeFontDescriptor
instanceKlass java/io/DataInput
instanceKlass sun/awt/FontDescriptor
instanceKlass sun/awt/FontConfiguration
instanceKlass sun/font/SunFontManager$FontRegistrationInfo
instanceKlass sun/font/SunFontManager$2
instanceKlass sun/awt/Win32FontManager$1
instanceKlass sun/font/GlyphList
instanceKlass sun/font/StrikeCache$1
instanceKlass sun/font/StrikeCache
instanceKlass sun/font/FontStrike
instanceKlass sun/font/CharToGlyphMapper
instanceKlass java/awt/geom/Path2D
instanceKlass java/awt/geom/RectangularShape
instanceKlass java/awt/Shape
instanceKlass sun/font/StrikeMetrics
instanceKlass java/awt/geom/Point2D
instanceKlass sun/font/Font2D
instanceKlass sun/font/FontManagerNativeLibrary$1
instanceKlass sun/font/FontManagerNativeLibrary
instanceKlass sun/font/SunFontManager$1
instanceKlass sun/font/SunFontManager$T1Filter
instanceKlass sun/font/SunFontManager$TTFilter
instanceKlass java/io/FilenameFilter
instanceKlass sun/font/SunFontManager
instanceKlass sun/font/FontManagerForSGE
instanceKlass sun/font/FontManager
instanceKlass sun/java2d/FontSupport
instanceKlass sun/font/FontManagerFactory$1
instanceKlass sun/font/FontManagerFactory
instanceKlass sun/font/FontUtilities$1
instanceKlass sun/font/FontUtilities
instanceKlass javax/swing/plaf/nimbus/NimbusDefaults$DefaultsListener
instanceKlass javax/swing/plaf/nimbus/NimbusDefaults$ColorTree$Node
instanceKlass javax/swing/plaf/nimbus/NimbusDefaults$ColorTree
instanceKlass javax/swing/plaf/nimbus/NimbusDefaults
instanceKlass javax/swing/plaf/nimbus/NimbusLookAndFeel$DefaultsListener
instanceKlass javax/swing/plaf/synth/SynthLookAndFeel$Handler
instanceKlass javax/swing/plaf/synth/SynthStyleFactory
instanceKlass javax/swing/JComponent$1
instanceKlass javax/swing/UIManager$2
instanceKlass sun/awt/KeyboardFocusManagerPeerImpl
instanceKlass java/awt/peer/KeyboardFocusManagerPeer
instanceKlass java/awt/FocusTraversalPolicy
instanceKlass java/awt/DefaultKeyboardFocusManager$1
instanceKlass sun/awt/AWTAccessor$DefaultKeyboardFocusManagerAccessor
instanceKlass java/awt/AWTKeyStroke$1
instanceKlass java/awt/AWTKeyStroke
instanceKlass java/awt/KeyboardFocusManager$1
instanceKlass sun/awt/AWTAccessor$KeyboardFocusManagerAccessor
instanceKlass java/awt/KeyboardFocusManager
instanceKlass java/awt/KeyEventPostProcessor
instanceKlass java/awt/KeyEventDispatcher
instanceKlass sun/awt/PaintEventDispatcher
instanceKlass sun/swing/SwingAccessor
instanceKlass javax/swing/RepaintManager$1
instanceKlass sun/swing/SwingAccessor$RepaintManagerAccessor
instanceKlass javax/swing/RepaintManager$DisplayChangedHandler
instanceKlass javax/swing/RepaintManager
instanceKlass javax/swing/plaf/metal/OceanTheme$6
instanceKlass javax/swing/plaf/metal/OceanTheme$5
instanceKlass javax/swing/plaf/metal/OceanTheme$4
instanceKlass javax/swing/plaf/metal/OceanTheme$3
instanceKlass javax/swing/plaf/metal/OceanTheme$2
instanceKlass javax/swing/plaf/metal/OceanTheme$1
instanceKlass java/util/EventListenerProxy
instanceKlass sun/swing/SwingUtilities2$AATextInfo
instanceKlass sun/misc/FloatingDecimal$ASCIIToBinaryBuffer
instanceKlass sun/misc/FloatingDecimal$PreparedASCIIToBinaryBuffer
instanceKlass sun/misc/FloatingDecimal$ASCIIToBinaryConverter
instanceKlass sun/misc/FloatingDecimal$BinaryToASCIIBuffer
instanceKlass sun/misc/FloatingDecimal$ExceptionalBinaryToASCIIBuffer
instanceKlass sun/misc/FloatingDecimal$BinaryToASCIIConverter
instanceKlass sun/misc/FloatingDecimal
instanceKlass sun/java2d/SunGraphicsEnvironment$1
instanceKlass sun/awt/SunDisplayChanger
instanceKlass sun/java2d/SurfaceManagerFactory
instanceKlass javax/swing/plaf/metal/MetalLookAndFeel$$Lambda$13
instanceKlass javax/swing/plaf/metal/MetalLookAndFeel$$Lambda$12
instanceKlass javax/swing/plaf/metal/MetalLookAndFeel$$Lambda$11
instanceKlass javax/swing/plaf/metal/MetalLookAndFeel$$Lambda$10
instanceKlass javax/swing/plaf/metal/MetalLookAndFeel$$Lambda$9
instanceKlass javax/swing/plaf/metal/MetalLookAndFeel$FontActiveValue
instanceKlass javax/swing/plaf/metal/MetalLookAndFeel$$Lambda$8
instanceKlass javax/swing/plaf/metal/MetalLookAndFeel$$Lambda$7
instanceKlass javax/swing/UIDefaults$LazyInputMap
instanceKlass javax/swing/plaf/basic/BasicLookAndFeel$2
instanceKlass sun/swing/SwingUtilities2$2
instanceKlass javax/swing/border/AbstractBorder
instanceKlass javax/swing/border/Border
instanceKlass javax/swing/UIDefaults$ActiveValue
instanceKlass sun/swing/SwingLazyValue
instanceKlass javax/swing/UIDefaults$LazyValue
instanceKlass javax/swing/plaf/metal/DefaultMetalTheme$FontDelegate
instanceKlass javax/swing/plaf/UIResource
instanceKlass javax/swing/plaf/metal/MetalTheme
instanceKlass sun/swing/DefaultLookup
instanceKlass javax/swing/LookAndFeel
instanceKlass javax/swing/UIManager$1
instanceKlass javax/swing/UIManager$LAFState
instanceKlass javax/swing/SwingUtilities
instanceKlass sun/swing/SwingUtilities2$LSBCacheEntry
instanceKlass sun/swing/StringUIClientPropertyKey
instanceKlass sun/swing/UIClientPropertyKey
instanceKlass java/awt/font/FontRenderContext
instanceKlass sun/swing/SwingUtilities2
instanceKlass java/util/IdentityHashMap$IdentityHashMapIterator
instanceKlass sun/awt/PostEventQueue
instanceKlass sun/awt/MostRecentKeyValue
instanceKlass java/awt/Queue
instanceKlass java/awt/EventQueue$2
instanceKlass sun/awt/AWTAccessor$EventQueueAccessor
instanceKlass java/awt/EventQueue$1
instanceKlass java/awt/EventQueue
instanceKlass sun/awt/AppContext$1
instanceKlass sun/awt/AppContext$2
instanceKlass sun/awt/AppContext$3
instanceKlass sun/awt/AppContext$6
instanceKlass sun/misc/JavaAWTAccess
instanceKlass sun/awt/AppContext$GetAppContextLock
instanceKlass sun/awt/AppContext
instanceKlass java/awt/Toolkit$DesktopPropertyChangeSupport$1
instanceKlass java/util/ComparableTimSort
instanceKlass java/util/Arrays$LegacyMergeSort
instanceKlass sun/java2d/windows/WindowsFlags$1
instanceKlass sun/java2d/windows/WindowsFlags
instanceKlass sun/awt/SunHints$Value
instanceKlass java/awt/RenderingHints$Key
instanceKlass sun/awt/SunHints
instanceKlass java/awt/RenderingHints
instanceKlass sun/awt/windows/WDesktopProperties$WinPlaySound
instanceKlass java/awt/Color
instanceKlass java/awt/Paint
instanceKlass java/util/concurrent/locks/ReentrantReadWriteLock$WriteLock
instanceKlass java/util/concurrent/locks/ReentrantReadWriteLock$ReadLock
instanceKlass sun/nio/ch/Interruptible
instanceKlass java/util/concurrent/locks/ReentrantReadWriteLock
instanceKlass java/util/concurrent/locks/ReadWriteLock
instanceKlass sun/awt/windows/ThemeReader
instanceKlass sun/awt/windows/WDesktopProperties
instanceKlass java/lang/Shutdown$Lock
instanceKlass java/lang/Shutdown
instanceKlass java/lang/ApplicationShutdownHooks$1
instanceKlass java/lang/ApplicationShutdownHooks
instanceKlass sun/awt/windows/WToolkit$$Lambda$6
instanceKlass java/lang/invoke/LambdaForm$DMH
instanceKlass java/lang/invoke/LambdaForm$MH
instanceKlass sun/awt/windows/WToolkit$$Lambda$5
instanceKlass sun/awt/windows/WToolkit$$Lambda$4
instanceKlass sun/awt/windows/WToolkit$$Lambda$3
instanceKlass sun/awt/AWTAutoShutdown
instanceKlass sun/misc/ThreadGroupUtils
instanceKlass sun/java2d/Disposer$$Lambda$2
instanceKlass java/lang/invoke/LambdaForm$DMH
instanceKlass sun/java2d/Disposer$1
instanceKlass sun/java2d/Disposer
instanceKlass sun/awt/windows/WToolkit$ToolkitDisposer
instanceKlass sun/java2d/DisposerRecord
instanceKlass sun/misc/PerformanceLogger$TimeData
instanceKlass sun/misc/PerformanceLogger
instanceKlass sun/awt/SunToolkit$ModalityListenerList
instanceKlass sun/awt/ModalityListener
instanceKlass java/beans/PropertyChangeListener
instanceKlass java/beans/ChangeListenerMap
instanceKlass java/beans/PropertyChangeSupport
instanceKlass sun/awt/windows/WToolkit$2
instanceKlass sun/awt/DisplayChangedListener
instanceKlass sun/awt/image/SurfaceManager
instanceKlass sun/awt/image/SurfaceManager$ImageAccessor
instanceKlass java/awt/ImageCapabilities
instanceKlass sun/java2d/DestSurfaceProvider
instanceKlass sun/java2d/loops/RenderCache$Entry
instanceKlass sun/java2d/loops/RenderCache
instanceKlass sun/java2d/pipe/DrawImage
instanceKlass sun/java2d/pipe/GeneralCompositePipe
instanceKlass sun/java2d/pipe/SpanShapeRenderer
instanceKlass sun/java2d/pipe/AlphaPaintPipe
instanceKlass sun/java2d/pipe/AAShapePipe
instanceKlass sun/java2d/pipe/RegionIterator
instanceKlass sun/java2d/pipe/Region
instanceKlass sun/java2d/pipe/SpanClipRenderer
instanceKlass sun/java2d/pipe/PixelToShapeConverter
instanceKlass sun/java2d/pipe/AlphaColorPipe
instanceKlass sun/java2d/pipe/CompositePipe
instanceKlass sun/java2d/pipe/GlyphListPipe
instanceKlass sun/java2d/pipe/OutlineTextRenderer
instanceKlass sun/java2d/pipe/RenderingEngine$1
instanceKlass sun/java2d/pipe/RenderingEngine
instanceKlass sun/java2d/pipe/LoopPipe
instanceKlass sun/java2d/pipe/LoopBasedPipe
instanceKlass sun/java2d/pipe/ParallelogramPipe
instanceKlass sun/java2d/pipe/NullPipe
instanceKlass sun/java2d/pipe/DrawImagePipe
instanceKlass sun/java2d/pipe/TextPipe
instanceKlass sun/java2d/pipe/ShapeDrawPipe
instanceKlass sun/java2d/pipe/PixelFillPipe
instanceKlass sun/java2d/pipe/PixelDrawPipe
instanceKlass sun/java2d/StateTrackableDelegate$2
instanceKlass sun/java2d/StateTrackableDelegate
instanceKlass java/awt/color/ICC_Profile$1
instanceKlass sun/java2d/cmm/ProfileActivator
instanceKlass sun/java2d/cmm/ProfileDeferralMgr
instanceKlass java/awt/color/ICC_Profile
instanceKlass java/awt/color/ColorSpace
instanceKlass java/awt/image/ColorModel$1
instanceKlass java/awt/image/ColorModel
instanceKlass sun/awt/image/PixelConverter
instanceKlass sun/java2d/loops/SurfaceType
instanceKlass sun/java2d/SurfaceData
instanceKlass sun/java2d/Surface
instanceKlass sun/java2d/StateTrackable
instanceKlass sun/java2d/DisposerTarget
instanceKlass java/awt/Transparency
instanceKlass sun/awt/windows/WToolkit$1
instanceKlass java/util/Collections$SynchronizedMap
instanceKlass java/util/concurrent/locks/AbstractQueuedSynchronizer$ConditionObject
instanceKlass java/util/concurrent/locks/Condition
instanceKlass java/util/concurrent/locks/AbstractQueuedSynchronizer$Node
instanceKlass java/util/concurrent/locks/AbstractOwnableSynchronizer
instanceKlass sun/awt/KeyboardFocusManagerPeerProvider
instanceKlass sun/awt/InputMethodSupport
instanceKlass sun/awt/ComponentFactory
instanceKlass sun/awt/WindowClosingListener
instanceKlass sun/awt/WindowClosingSupport
instanceKlass java/awt/Toolkit$2
instanceKlass sun/awt/OSInfo$1
instanceKlass sun/awt/OSInfo$WindowsVersion
instanceKlass sun/awt/OSInfo
